#
# A fatal error has been detected by the Java Runtime Environment:
#
#  SIGSEGV (0xb) at pc=0x00000001114020cc, pid=61181, tid=775
#
# JRE version: Java(TM) SE Runtime Environment (9.0+11) (build 9.0.1+11)
# Java VM: Java HotSpot(TM) 64-Bit Server VM (9.0.1+11, mixed mode, tiered, compressed oops, g1 gc, bsd-amd64)
# Problematic frame:
# C  [libosxapp.dylib+0x20cc]  -[NSApplicationAWT sendEvent:]+0x179
#
# No core dump will be written. Core dumps have been disabled. To enable core dumping, try "ulimit -c unlimited" before starting Java again
#
# If you would like to submit a bug report, please visit:
#   http://bugreport.java.com/bugreport/crash.jsp
# The crash happened outside the Java Virtual Machine in native code.
# See problematic frame for where to report the bug.
#

---------------  S U M M A R Y ------------

Command Line: -Xmx512m -Dnativewindow.awt.nohidpi=true -DlanguageId_xjal=en0qq4jn -DFlowchartCountersVisible_xjal=true -DTileCachePath_xjal=/Applications/AnyLogic.app/Contents/Resources/Java/plugins/com.anylogic.gis_8.2.3.201712291404/tiles -DFlowchartPortStateAnimated_xjal=true -DuseProxy_xjal=false -Djava.library.path=/Applications/AnyLogic.app/Contents/Resources/Java/plugins/org.j3d.opengl.swt.carbon.osx_0.7.0:/Applications/AnyLogic.app/Contents/Resources/Java/plugins/org.j3d.opengl.swt.carbon.osx_0.7.0 -Dfile.encoding=UTF-8 com.anylogic.ms.MS project1.Simulation 1839e6a

Host: MacBookPro14,1 x86_64 2300 MHz, 4 cores, 16G, Darwin 17.5.0
Time: Thu Apr 19 19:09:52 2018 EDT elapsed time: 230 seconds (0d 0h 3m 50s)

---------------  T H R E A D  ---------------

Current thread (0x00007f881c83e000):  JavaThread "AppKit Thread" daemon [_thread_in_native, id=775, stack(0x00007ffeea46f000,0x00007ffeeac6f000)]

Stack: [0x00007ffeea46f000,0x00007ffeeac6f000],  sp=0x00007ffeeac6a980,  free space=8174k
Native frames: (J=compiled Java code, A=aot compiled Java code, j=interpreted, Vv=VM code, C=native code)
C  [libosxapp.dylib+0x20cc]  -[NSApplicationAWT sendEvent:]+0x179
C  [AppKit+0x368b5]  -[NSApplication run]+0x32c
C  [libosxapp.dylib+0x1d3a]  +[NSApplicationAWT runAWTLoopWithApp:]+0x9d
C  [libawt_lwawt.dylib+0x3a544]  +[AWTStarter starter:headless:]+0x342
C  [JavaNativeFoundation+0x6f4a]  +[JNFRunLoop _performCopiedBlock:]+0x11
C  [Foundation+0x682b5]  __NSThreadPerformPerform+0x14e
C  [CoreFoundation+0xa3a61]  __CFRUNLOOP_IS_CALLING_OUT_TO_A_SOURCE0_PERFORM_FUNCTION__+0x11
C  [CoreFoundation+0x15d47c]  __CFRunLoopDoSource0+0x6c
C  [CoreFoundation+0x864c0]  __CFRunLoopDoSources0+0xd0
C  [CoreFoundation+0x8593d]  __CFRunLoopRun+0x50d
C  [CoreFoundation+0x851a3]  CFRunLoopRunSpecific+0x1e3
C  [java+0x6b2e]  CreateExecutionEnvironment+0x35c
C  [java+0x2c65]  JLI_Launch+0x5a9
C  [java+0x1b62]  main+0x186
C  [java+0x19d4]  start+0x34
C  0x0000000000000010


siginfo: si_signo: 11 (SIGSEGV), si_code: 1 (SEGV_MAPERR), si_addr: 0x0000000000000010

Register to memory mapping:

RAX=0x0000000000000000 is an unknown value
RBX=0x0000000000000000 is an unknown value
RCX=0x000000000021e000 is an unknown value
RDX=0x000000000021e000 is an unknown value
RSP=0x00007ffeeac6a980 is pointing into the stack for thread: 0x00007f881c83e000
RBP=0x00007ffeeac6a9b0 is pointing into the stack for thread: 0x00007f881c83e000
RSI=0x00007fff3a6cc1e5: .str.41.llvm.DC87FEEF+0x4a728 in /System/Library/Frameworks/AppKit.framework/Versions/C/AppKit at 0x00007fff399eb000
RDI=0x0000000000000000 is an unknown value
R8 =0x00000000000001ff is an unknown value
R9 =0x00007f882075c550 is an unknown value
R10=0x00007fff95ff2728: OBJC_CLASS_$_NSEvent+0 in /System/Library/Frameworks/AppKit.framework/Versions/C/AppKit at 0x00007fff399eb000
R11=0x00007f881ba1fe50 is an unknown value
R12=0x00007f882075c550 is an unknown value
R13=0x00007f881b55f270 is an unknown value
R14=0x00007fff63b7fe80: objc_msgSend+0 in /usr/lib/libobjc.A.dylib at 0x00007fff63b79000
R15=0x00007f881b74afe0 is an unknown value


Registers:
RAX=0x0000000000000000, RBX=0x0000000000000000, RCX=0x000000000021e000, RDX=0x000000000021e000
RSP=0x00007ffeeac6a980, RBP=0x00007ffeeac6a9b0, RSI=0x00007fff3a6cc1e5, RDI=0x0000000000000000
R8 =0x00000000000001ff, R9 =0x00007f882075c550, R10=0x00007fff95ff2728, R11=0x00007f881ba1fe50
R12=0x00007f882075c550, R13=0x00007f881b55f270, R14=0x00007fff63b7fe80, R15=0x00007f881b74afe0
RIP=0x00000001114020cc, EFLAGS=0x0000000000010246, ERR=0x0000000000000004
  TRAPNO=0x000000000000000e

Top of Stack: (sp=0x00007ffeeac6a980)
0x00007ffeeac6a980:   00007ffeeac6a9a0 ffff8077df8a3ab0
0x00007ffeeac6a990:   00007fff63b7fe80 00007fff63b7fe80
0x00007ffeeac6a9a0:   0000000000000001 00007f881b74afe0
0x00007ffeeac6a9b0:   00007ffeeac6aa60 00007fff39a218b5
0x00007ffeeac6a9c0:   00007fff3a6c5211 00007f881b74afe0
0x00007ffeeac6a9d0:   00007fff3a6bdee0 00007fff3a6c60fe
0x00007ffeeac6a9e0:   00007fff965aa178 00007fff3a6bcb3d
0x00007ffeeac6a9f0:   00007fff3a6bc813 0000000000000010
0x00007ffeeac6aa00:   00007fff3a6bc003 00007fff3a6cc1eb
0x00007ffeeac6aa10:   00007fff3a6bbe91 00007fff3a6bc82d
0x00007ffeeac6aa20:   00007fff3a6bc859 0000000000000062
0x00007ffeeac6aa30:   00007fff3a6bc937 00007f881b74afe0
0x00007ffeeac6aa40:   00007fff63b7fe80 0000000111406690
0x00007ffeeac6aa50:   00007fff3a6c5211 00000001114066b0
0x00007ffeeac6aa60:   00007ffeeac6aaa0 0000000111401d3a
0x00007ffeeac6aa70:   0000000000000000 00007f881b4980d0
0x00007ffeeac6aa80:   00007fff63b7fe80 00007f881b74afe0
0x00007ffeeac6aa90:   00007f881b611170 0000000000000000
0x00007ffeeac6aaa0:   00007ffeeac6aaf0 0000000120d6d544
0x00007ffeeac6aab0:   00007f881b74afe0 0000000000000000
0x00007ffeeac6aac0:   00007f881b611170 00007f881b47b320
0x00007ffeeac6aad0:   00007f881b409170 00007fff3a6bbe91
0x00007ffeeac6aae0:   00007f881b47b550 0000000000000000
0x00007ffeeac6aaf0:   00007ffeeac6ab10 00007fff401a0f4a
0x00007ffeeac6ab00:   0000000000000018 0000000000000001
0x00007ffeeac6ab10:   00007ffeeac6ab90 00007fff3e5c82b5
0x00007ffeeac6ab20:   0000000000000001 00007fff3a6bbf70
0x00007ffeeac6ab30:   00007f881b409170 00007f881b47b830
0x00007ffeeac6ab40:   00007fff3a6c3372 00007fff3a7163b7
0x00007ffeeac6ab50:   00007fff3a6c3377 00007fff3a6bc003
0x00007ffeeac6ab60:   00007ffeeac6aba0 00007fff3e5c8167
0x00007ffeeac6ab70:   0000000300002e88 0000000000000000 

Instructions: (pc=0x00000001114020cc)
0x00000001114020ac:   41 5f 5d c3 48 8b 35 51 58 00 00 4c 8b 35 ca 3f
0x00000001114020bc:   00 00 48 89 df 41 ff d6 48 89 c3 31 c0 48 89 df
0x00000001114020cc:   ff 53 10 48 8b 35 1a 56 00 00 48 89 df 4c 89 f0
0x00000001114020dc:   48 83 c4 18 5b 41 5e 41 5f 5d ff e0 55 48 89 e5 


---------------  P R O C E S S  ---------------

Java Threads: ( => current thread )
  0x00007f881fb5f800 JavaThread "Thread-5" [_thread_blocked, id=78707, stack(0x000070000e1c0000,0x000070000e2c0000)]
  0x00007f881c6f9800 JavaThread "Xj3D Content Loader" [_thread_blocked, id=68611, stack(0x0000700010ac4000,0x0000700010bc4000)]
  0x00007f881cf6b800 JavaThread "Xj3D Content Loader" [_thread_blocked, id=68867, stack(0x00007000109c1000,0x0000700010ac1000)]
  0x00007f881ca98800 JavaThread "Xj3D Content Loader" [_thread_blocked, id=69171, stack(0x00007000108be000,0x00007000109be000)]
  0x00007f881d791000 JavaThread "AV3D Runtime" [_thread_blocked, id=61971, stack(0x0000700010738000,0x0000700010838000)]
  0x00007f881bd3a000 JavaThread "AnyLogic presentation frame manager" daemon [_thread_blocked, id=60687, stack(0x0000700010532000,0x0000700010632000)]
  0x00007f881d4ba000 JavaThread "TimerQueue" daemon [_thread_blocked, id=73219, stack(0x000070001042f000,0x000070001052f000)]
  0x00007f881b80b800 JavaThread "DestroyJavaVM" [_thread_blocked, id=6147, stack(0x000070000e349000,0x000070000e449000)]
  0x00007f881fb2e800 JavaThread "AnyLogic simulation performance monitor" [_thread_blocked, id=59911, stack(0x000070001032c000,0x000070001042c000)]
  0x00007f881c6e2000 JavaThread "AWT-EventQueue-0" [_thread_in_native, id=58627, stack(0x0000700010126000,0x0000700010226000)]
  0x00007f881d222800 JavaThread "Java2D Disposer" daemon [_thread_blocked, id=77071, stack(0x000070000fe1d000,0x000070000ff1d000)]
  0x00007f881d30b800 JavaThread "Java2D Queue Flusher" daemon [_thread_blocked, id=82299, stack(0x000070000fd1a000,0x000070000fe1a000)]
  0x00007f881b97c000 JavaThread "AWT-Shutdown" [_thread_blocked, id=35371, stack(0x000070000fa8e000,0x000070000fb8e000)]
=>0x00007f881c83e000 JavaThread "AppKit Thread" daemon [_thread_in_native, id=775, stack(0x00007ffeea46f000,0x00007ffeeac6f000)]
  0x00007f881d0c3800 JavaThread "Service Thread" daemon [_thread_blocked, id=41731, stack(0x000070000f888000,0x000070000f988000)]
  0x00007f881d00f000 JavaThread "Common-Cleaner" daemon [_thread_blocked, id=42243, stack(0x000070000f785000,0x000070000f885000)]
  0x00007f881c80c800 JavaThread "Sweeper thread" daemon [_thread_blocked, id=42755, stack(0x000070000f682000,0x000070000f782000)]
  0x00007f881c80c000 JavaThread "C1 CompilerThread2" daemon [_thread_blocked, id=43011, stack(0x000070000f57f000,0x000070000f67f000)]
  0x00007f881c809000 JavaThread "C2 CompilerThread1" daemon [_thread_blocked, id=22531, stack(0x000070000f47c000,0x000070000f57c000)]
  0x00007f881b8d1000 JavaThread "C2 CompilerThread0" daemon [_thread_blocked, id=22019, stack(0x000070000f379000,0x000070000f479000)]
  0x00007f881c027800 JavaThread "Signal Dispatcher" daemon [_thread_blocked, id=16135, stack(0x000070000f276000,0x000070000f376000)]
  0x00007f881c807000 JavaThread "Finalizer" daemon [_thread_blocked, id=14339, stack(0x000070000f173000,0x000070000f273000)]
  0x00007f881c804800 JavaThread "Reference Handler" daemon [_thread_blocked, id=13827, stack(0x000070000f070000,0x000070000f170000)]

Other Threads:
  0x00007f881b8d9800 VMThread "VM Thread" [stack: 0x000070000ef6d000,0x000070000f06d000] [id=17923]
  0x00007f881b8d7000 WatcherThread [stack: 0x000070000f98b000,0x000070000fa8b000] [id=41219]
  0x00007f881b819000 GCTaskThread "GC Thread#0" [stack: 0x000070000e44c000,0x000070000e54c000] [id=11011]
  0x00007f881b81a000 GCTaskThread "GC Thread#1" [stack: 0x000070000e54f000,0x000070000e64f000] [id=21507]
  0x00007f881b81a800 GCTaskThread "GC Thread#2" [stack: 0x000070000e652000,0x000070000e752000] [id=11523]
  0x00007f881b81b000 GCTaskThread "GC Thread#3" [stack: 0x000070000e755000,0x000070000e855000] [id=11779]
  0x00007f881c82f000 ConcurrentGCThread "G1 Main Marker" [stack: 0x000070000ed67000,0x000070000ee67000] [id=18947]
  0x00007f881c82f800 ConcurrentGCThread "G1 Marker#0" [stack: 0x000070000ee6a000,0x000070000ef6a000] [id=18179]
  0x00007f881b81e000 ConcurrentGCThread "G1 Refine#0" [stack: 0x000070000eb61000,0x000070000ec61000] [id=19971]
  0x00007f881b81d000 ConcurrentGCThread "G1 Refine#1" [stack: 0x000070000ea5e000,0x000070000eb5e000] [id=12547]
  0x00007f881b81c800 ConcurrentGCThread "G1 Refine#2" [stack: 0x000070000e95b000,0x000070000ea5b000] [id=20483]
  0x00007f881b81b800 ConcurrentGCThread "G1 Refine#3" [stack: 0x000070000e858000,0x000070000e958000] [id=20739]
  0x00007f881d00c000 ConcurrentGCThread "G1 Young RemSet Sampling" [stack: 0x000070000ec64000,0x000070000ed64000] [id=19459]

Threads with active compile tasks:

VM state:not at safepoint (normal execution)

VM Mutex/Monitor currently owned by a thread: None

Heap address: 0x00000007a0000000, size: 512 MB, Compressed Oops mode: Zero based, Oop shift amount: 3
Narrow klass base: 0x0000000000000000, Narrow klass shift: 3
Compressed class space size: 1073741824 Address: 0x00000007c0000000

Heap:
 garbage-first heap   total 121856K, used 37312K [0x00000007a0000000, 0x00000007a01003b8, 0x00000007c0000000)
  region size 1024K, 2 young (2048K), 0 survivors (0K)
 Metaspace       used 38025K, capacity 39173K, committed 39544K, reserved 1083392K
  class space    used 4746K, capacity 4969K, committed 4984K, reserved 1048576K
Heap Regions: E=young(eden), S=young(survivor), O=old, HS=humongous(starts), HC=humongous(continues), CS=collection set, F=free, A=archive, TS=gc time stamp, AC=allocation context, TAMS=top-at-mark-start (previous, next)
|   0|0x00000007a0000000, 0x00000007a00ffff0, 0x00000007a0100000| 99%| O|  |TS  0|AC  0|TAMS 0x00000007a0000000, 0x00000007a0000000|
|   1|0x00000007a0100000, 0x00000007a0200000, 0x00000007a0200000|100%| O|  |TS  0|AC  0|TAMS 0x00000007a0100000, 0x00000007a0100000|
|   2|0x00000007a0200000, 0x00000007a0300000, 0x00000007a0300000|100%| O|  |TS  0|AC  0|TAMS 0x00000007a0200000, 0x00000007a0200000|
|   3|0x00000007a0300000, 0x00000007a03ffef0, 0x00000007a0400000| 99%| O|  |TS  0|AC  0|TAMS 0x00000007a0300000, 0x00000007a0300000|
|   4|0x00000007a0400000, 0x00000007a0500000, 0x00000007a0500000|100%|HS|  |TS  0|AC  0|TAMS 0x00000007a0400000, 0x00000007a0400000|
|   5|0x00000007a0500000, 0x00000007a0600000, 0x00000007a0600000|100%|HC|  |TS  0|AC  0|TAMS 0x00000007a0500000, 0x00000007a0500000|
|   6|0x00000007a0600000, 0x00000007a0700000, 0x00000007a0700000|100%|HC|  |TS  0|AC  0|TAMS 0x00000007a0600000, 0x00000007a0600000|
|   7|0x00000007a0700000, 0x00000007a07ffff0, 0x00000007a0800000| 99%| O|  |TS  0|AC  0|TAMS 0x00000007a0700000, 0x00000007a0700000|
|   8|0x00000007a0800000, 0x00000007a08bdb98, 0x00000007a0900000| 74%| O|  |TS  0|AC  0|TAMS 0x00000007a0800000, 0x00000007a0800000|
|   9|0x00000007a0900000, 0x00000007a09f6d98, 0x00000007a0a00000| 96%| O|  |TS  0|AC  0|TAMS 0x00000007a0900000, 0x00000007a0900000|
|  10|0x00000007a0a00000, 0x00000007a0b00000, 0x00000007a0b00000|100%|HS|  |TS  0|AC  0|TAMS 0x00000007a0a00000, 0x00000007a0a00000|
|  11|0x00000007a0b00000, 0x00000007a0c00000, 0x00000007a0c00000|100%|HC|  |TS  0|AC  0|TAMS 0x00000007a0b00000, 0x00000007a0b00000|
|  12|0x00000007a0c00000, 0x00000007a0d00000, 0x00000007a0d00000|100%|HC|  |TS  0|AC  0|TAMS 0x00000007a0c00000, 0x00000007a0c00000|
|  13|0x00000007a0d00000, 0x00000007a0e00000, 0x00000007a0e00000|100%|HS|  |TS  0|AC  0|TAMS 0x00000007a0d00000, 0x00000007a0d00000|
|  14|0x00000007a0e00000, 0x00000007a0f00000, 0x00000007a0f00000|100%|HC|  |TS  0|AC  0|TAMS 0x00000007a0e00000, 0x00000007a0e00000|
|  15|0x00000007a0f00000, 0x00000007a1000000, 0x00000007a1000000|100%|HC|  |TS  0|AC  0|TAMS 0x00000007a0f00000, 0x00000007a0f00000|
|  16|0x00000007a1000000, 0x00000007a10ffed0, 0x00000007a1100000| 99%| O|  |TS  0|AC  0|TAMS 0x00000007a1000000, 0x00000007a1000000|
|  17|0x00000007a1100000, 0x00000007a11ffe98, 0x00000007a1200000| 99%| O|  |TS  0|AC  0|TAMS 0x00000007a1100000, 0x00000007a1100000|
|  18|0x00000007a1200000, 0x00000007a12fff48, 0x00000007a1300000| 99%| O|  |TS  0|AC  0|TAMS 0x00000007a1200000, 0x00000007a1200000|
|  19|0x00000007a1300000, 0x00000007a13fffa0, 0x00000007a1400000| 99%| O|  |TS  0|AC  0|TAMS 0x00000007a1300000, 0x00000007a1300000|
|  20|0x00000007a1400000, 0x00000007a14ffe70, 0x00000007a1500000| 99%| O|  |TS  0|AC  0|TAMS 0x00000007a1400000, 0x00000007a1400000|
|  21|0x00000007a1500000, 0x00000007a1600000, 0x00000007a1600000|100%| O|  |TS  0|AC  0|TAMS 0x00000007a1500000, 0x00000007a1500000|
|  22|0x00000007a1600000, 0x00000007a16ffff8, 0x00000007a1700000| 99%| O|  |TS  0|AC  0|TAMS 0x00000007a1600000, 0x00000007a1600000|
|  23|0x00000007a1700000, 0x00000007a17f64d0, 0x00000007a1800000| 96%| O|  |TS  0|AC  0|TAMS 0x00000007a1700000, 0x00000007a1700000|
|  24|0x00000007a1800000, 0x00000007a1900000, 0x00000007a1900000|100%| O|  |TS  0|AC  0|TAMS 0x00000007a1800000, 0x00000007a1800000|
|  25|0x00000007a1900000, 0x00000007a19fffb8, 0x00000007a1a00000| 99%| O|  |TS  0|AC  0|TAMS 0x00000007a1900000, 0x00000007a1900000|
|  26|0x00000007a1a00000, 0x00000007a1b00000, 0x00000007a1b00000|100%| O|  |TS  0|AC  0|TAMS 0x00000007a1a00000, 0x00000007a1a00000|
|  27|0x00000007a1b00000, 0x00000007a1bfead0, 0x00000007a1c00000| 99%| O|  |TS  0|AC  0|TAMS 0x00000007a1b00000, 0x00000007a1b00000|
|  28|0x00000007a1c00000, 0x00000007a1cfcca0, 0x00000007a1d00000| 98%| O|  |TS  0|AC  0|TAMS 0x00000007a1c00000, 0x00000007a1c00000|
|  29|0x00000007a1d00000, 0x00000007a1dfd020, 0x00000007a1e00000| 98%| O|  |TS  0|AC  0|TAMS 0x00000007a1d00000, 0x00000007a1d00000|
|  30|0x00000007a1e00000, 0x00000007a1efd1c0, 0x00000007a1f00000| 98%| O|  |TS  0|AC  0|TAMS 0x00000007a1e00000, 0x00000007a1e00000|
|  31|0x00000007a1f00000, 0x00000007a1ffffe0, 0x00000007a2000000| 99%| O|  |TS  0|AC  0|TAMS 0x00000007a1f00000, 0x00000007a1f00000|
|  32|0x00000007a2000000, 0x00000007a20fdc90, 0x00000007a2100000| 99%| O|  |TS  0|AC  0|TAMS 0x00000007a2000000, 0x00000007a2000000|
|  33|0x00000007a2100000, 0x00000007a21fe060, 0x00000007a2200000| 99%| O|  |TS  0|AC  0|TAMS 0x00000007a2100000, 0x00000007a2100000|
|  34|0x00000007a2200000, 0x00000007a22fe050, 0x00000007a2300000| 99%| O|  |TS  0|AC  0|TAMS 0x00000007a2200000, 0x00000007a2200000|
|  35|0x00000007a2300000, 0x00000007a23d6640, 0x00000007a2400000| 83%| O|  |TS  0|AC  0|TAMS 0x00000007a2300000, 0x00000007a2300000|
|  36|0x00000007a2400000, 0x00000007a2400000, 0x00000007a2500000|  0%| F|  |TS  0|AC  0|TAMS 0x00000007a2400000, 0x00000007a2400000|
|  37|0x00000007a2500000, 0x00000007a2500000, 0x00000007a2600000|  0%| F|  |TS  0|AC  0|TAMS 0x00000007a2500000, 0x00000007a2500000|
|  38|0x00000007a2600000, 0x00000007a2600000, 0x00000007a2700000|  0%| F|  |TS  0|AC  0|TAMS 0x00000007a2600000, 0x00000007a2600000|
|  39|0x00000007a2700000, 0x00000007a2700000, 0x00000007a2800000|  0%| F|  |TS  0|AC  0|TAMS 0x00000007a2700000, 0x00000007a2700000|
|  40|0x00000007a2800000, 0x00000007a2800000, 0x00000007a2900000|  0%| F|  |TS  0|AC  0|TAMS 0x00000007a2800000, 0x00000007a2800000|
|  41|0x00000007a2900000, 0x00000007a2900000, 0x00000007a2a00000|  0%| F|  |TS  0|AC  0|TAMS 0x00000007a2900000, 0x00000007a2900000|
|  42|0x00000007a2a00000, 0x00000007a2a00000, 0x00000007a2b00000|  0%| F|  |TS  0|AC  0|TAMS 0x00000007a2a00000, 0x00000007a2a00000|
|  43|0x00000007a2b00000, 0x00000007a2b00000, 0x00000007a2c00000|  0%| F|  |TS  0|AC  0|TAMS 0x00000007a2b00000, 0x00000007a2b00000|
|  44|0x00000007a2c00000, 0x00000007a2c00000, 0x00000007a2d00000|  0%| F|  |TS  0|AC  0|TAMS 0x00000007a2c00000, 0x00000007a2c00000|
|  45|0x00000007a2d00000, 0x00000007a2d00000, 0x00000007a2e00000|  0%| F|  |TS  0|AC  0|TAMS 0x00000007a2d00000, 0x00000007a2d00000|
|  46|0x00000007a2e00000, 0x00000007a2e00000, 0x00000007a2f00000|  0%| F|  |TS  0|AC  0|TAMS 0x00000007a2e00000, 0x00000007a2e00000|
|  47|0x00000007a2f00000, 0x00000007a2f00000, 0x00000007a3000000|  0%| F|  |TS  0|AC  0|TAMS 0x00000007a2f00000, 0x00000007a2f00000|
|  48|0x00000007a3000000, 0x00000007a3000000, 0x00000007a3100000|  0%| F|  |TS  0|AC  0|TAMS 0x00000007a3000000, 0x00000007a3000000|
|  49|0x00000007a3100000, 0x00000007a3100000, 0x00000007a3200000|  0%| F|  |TS  0|AC  0|TAMS 0x00000007a3100000, 0x00000007a3100000|
|  50|0x00000007a3200000, 0x00000007a3200000, 0x00000007a3300000|  0%| F|  |TS  0|AC  0|TAMS 0x00000007a3200000, 0x00000007a3200000|
|  51|0x00000007a3300000, 0x00000007a3300000, 0x00000007a3400000|  0%| F|  |TS  0|AC  0|TAMS 0x00000007a3300000, 0x00000007a3300000|
|  52|0x00000007a3400000, 0x00000007a3400000, 0x00000007a3500000|  0%| F|  |TS  0|AC  0|TAMS 0x00000007a3400000, 0x00000007a3400000|
|  53|0x00000007a3500000, 0x00000007a3500000, 0x00000007a3600000|  0%| F|  |TS  0|AC  0|TAMS 0x00000007a3500000, 0x00000007a3500000|
|  54|0x00000007a3600000, 0x00000007a3600000, 0x00000007a3700000|  0%| F|  |TS  0|AC  0|TAMS 0x00000007a3600000, 0x00000007a3600000|
|  55|0x00000007a3700000, 0x00000007a3700000, 0x00000007a3800000|  0%| F|  |TS  0|AC  0|TAMS 0x00000007a3700000, 0x00000007a3700000|
|  56|0x00000007a3800000, 0x00000007a3800000, 0x00000007a3900000|  0%| F|  |TS  0|AC  0|TAMS 0x00000007a3800000, 0x00000007a3800000|
|  57|0x00000007a3900000, 0x00000007a3900000, 0x00000007a3a00000|  0%| F|  |TS  0|AC  0|TAMS 0x00000007a3900000, 0x00000007a3900000|
|  58|0x00000007a3a00000, 0x00000007a3a00000, 0x00000007a3b00000|  0%| F|  |TS  0|AC  0|TAMS 0x00000007a3a00000, 0x00000007a3a00000|
|  59|0x00000007a3b00000, 0x00000007a3b00000, 0x00000007a3c00000|  0%| F|  |TS  0|AC  0|TAMS 0x00000007a3b00000, 0x00000007a3b00000|
|  60|0x00000007a3c00000, 0x00000007a3c00000, 0x00000007a3d00000|  0%| F|  |TS  0|AC  0|TAMS 0x00000007a3c00000, 0x00000007a3c00000|
|  61|0x00000007a3d00000, 0x00000007a3d00000, 0x00000007a3e00000|  0%| F|  |TS  0|AC  0|TAMS 0x00000007a3d00000, 0x00000007a3d00000|
|  62|0x00000007a3e00000, 0x00000007a3e00000, 0x00000007a3f00000|  0%| F|  |TS  0|AC  0|TAMS 0x00000007a3e00000, 0x00000007a3e00000|
|  63|0x00000007a3f00000, 0x00000007a3f00000, 0x00000007a4000000|  0%| F|  |TS  0|AC  0|TAMS 0x00000007a3f00000, 0x00000007a3f00000|
|  64|0x00000007a4000000, 0x00000007a4000000, 0x00000007a4100000|  0%| F|  |TS  0|AC  0|TAMS 0x00000007a4000000, 0x00000007a4000000|
|  65|0x00000007a4100000, 0x00000007a4100000, 0x00000007a4200000|  0%| F|  |TS  0|AC  0|TAMS 0x00000007a4100000, 0x00000007a4100000|
|  66|0x00000007a4200000, 0x00000007a4200000, 0x00000007a4300000|  0%| F|  |TS  0|AC  0|TAMS 0x00000007a4200000, 0x00000007a4200000|
|  67|0x00000007a4300000, 0x00000007a4300000, 0x00000007a4400000|  0%| F|  |TS  0|AC  0|TAMS 0x00000007a4300000, 0x00000007a4300000|
|  68|0x00000007a4400000, 0x00000007a4400000, 0x00000007a4500000|  0%| F|  |TS  0|AC  0|TAMS 0x00000007a4400000, 0x00000007a4400000|
|  69|0x00000007a4500000, 0x00000007a4500000, 0x00000007a4600000|  0%| F|  |TS  0|AC  0|TAMS 0x00000007a4500000, 0x00000007a4500000|
|  70|0x00000007a4600000, 0x00000007a4600000, 0x00000007a4700000|  0%| F|  |TS  0|AC  0|TAMS 0x00000007a4600000, 0x00000007a4600000|
|  71|0x00000007a4700000, 0x00000007a4700000, 0x00000007a4800000|  0%| F|  |TS  0|AC  0|TAMS 0x00000007a4700000, 0x00000007a4700000|
|  72|0x00000007a4800000, 0x00000007a4800000, 0x00000007a4900000|  0%| F|  |TS  0|AC  0|TAMS 0x00000007a4800000, 0x00000007a4800000|
|  73|0x00000007a4900000, 0x00000007a4900000, 0x00000007a4a00000|  0%| F|  |TS  0|AC  0|TAMS 0x00000007a4900000, 0x00000007a4900000|
|  74|0x00000007a4a00000, 0x00000007a4a00000, 0x00000007a4b00000|  0%| F|  |TS  0|AC  0|TAMS 0x00000007a4a00000, 0x00000007a4a00000|
|  75|0x00000007a4b00000, 0x00000007a4b00000, 0x00000007a4c00000|  0%| F|  |TS  0|AC  0|TAMS 0x00000007a4b00000, 0x00000007a4b00000|
|  76|0x00000007a4c00000, 0x00000007a4c00000, 0x00000007a4d00000|  0%| F|  |TS  0|AC  0|TAMS 0x00000007a4c00000, 0x00000007a4c00000|
|  77|0x00000007a4d00000, 0x00000007a4d00000, 0x00000007a4e00000|  0%| F|  |TS  0|AC  0|TAMS 0x00000007a4d00000, 0x00000007a4d00000|
|  78|0x00000007a4e00000, 0x00000007a4e00000, 0x00000007a4f00000|  0%| F|  |TS  0|AC  0|TAMS 0x00000007a4e00000, 0x00000007a4e00000|
|  79|0x00000007a4f00000, 0x00000007a4f00000, 0x00000007a5000000|  0%| F|  |TS  0|AC  0|TAMS 0x00000007a4f00000, 0x00000007a4f00000|
|  80|0x00000007a5000000, 0x00000007a5000000, 0x00000007a5100000|  0%| F|  |TS  0|AC  0|TAMS 0x00000007a5000000, 0x00000007a5000000|
|  81|0x00000007a5100000, 0x00000007a5100000, 0x00000007a5200000|  0%| F|  |TS  0|AC  0|TAMS 0x00000007a5100000, 0x00000007a5100000|
|  82|0x00000007a5200000, 0x00000007a5200000, 0x00000007a5300000|  0%| F|  |TS  0|AC  0|TAMS 0x00000007a5200000, 0x00000007a5200000|
|  83|0x00000007a5300000, 0x00000007a5300000, 0x00000007a5400000|  0%| F|  |TS  0|AC  0|TAMS 0x00000007a5300000, 0x00000007a5300000|
|  84|0x00000007a5400000, 0x00000007a5400000, 0x00000007a5500000|  0%| F|  |TS  0|AC  0|TAMS 0x00000007a5400000, 0x00000007a5400000|
|  85|0x00000007a5500000, 0x00000007a5500000, 0x00000007a5600000|  0%| F|  |TS  0|AC  0|TAMS 0x00000007a5500000, 0x00000007a5500000|
|  86|0x00000007a5600000, 0x00000007a5600000, 0x00000007a5700000|  0%| F|  |TS  0|AC  0|TAMS 0x00000007a5600000, 0x00000007a5600000|
|  87|0x00000007a5700000, 0x00000007a5700000, 0x00000007a5800000|  0%| F|  |TS  0|AC  0|TAMS 0x00000007a5700000, 0x00000007a5700000|
|  88|0x00000007a5800000, 0x00000007a5800000, 0x00000007a5900000|  0%| F|  |TS  0|AC  0|TAMS 0x00000007a5800000, 0x00000007a5800000|
|  89|0x00000007a5900000, 0x00000007a5900000, 0x00000007a5a00000|  0%| F|  |TS  0|AC  0|TAMS 0x00000007a5900000, 0x00000007a5900000|
|  90|0x00000007a5a00000, 0x00000007a5a00000, 0x00000007a5b00000|  0%| F|  |TS  0|AC  0|TAMS 0x00000007a5a00000, 0x00000007a5a00000|
|  91|0x00000007a5b00000, 0x00000007a5b00000, 0x00000007a5c00000|  0%| F|  |TS  0|AC  0|TAMS 0x00000007a5b00000, 0x00000007a5b00000|
|  92|0x00000007a5c00000, 0x00000007a5c00000, 0x00000007a5d00000|  0%| F|  |TS  0|AC  0|TAMS 0x00000007a5c00000, 0x00000007a5c00000|
|  93|0x00000007a5d00000, 0x00000007a5d00000, 0x00000007a5e00000|  0%| F|  |TS  0|AC  0|TAMS 0x00000007a5d00000, 0x00000007a5d00000|
|  94|0x00000007a5e00000, 0x00000007a5e00000, 0x00000007a5f00000|  0%| F|  |TS  0|AC  0|TAMS 0x00000007a5e00000, 0x00000007a5e00000|
|  95|0x00000007a5f00000, 0x00000007a5f00000, 0x00000007a6000000|  0%| F|  |TS  0|AC  0|TAMS 0x00000007a5f00000, 0x00000007a5f00000|
|  96|0x00000007a6000000, 0x00000007a6000000, 0x00000007a6100000|  0%| F|  |TS  0|AC  0|TAMS 0x00000007a6000000, 0x00000007a6000000|
|  97|0x00000007a6100000, 0x00000007a6100000, 0x00000007a6200000|  0%| F|  |TS  0|AC  0|TAMS 0x00000007a6100000, 0x00000007a6100000|
|  98|0x00000007a6200000, 0x00000007a6200000, 0x00000007a6300000|  0%| F|  |TS  0|AC  0|TAMS 0x00000007a6200000, 0x00000007a6200000|
|  99|0x00000007a6300000, 0x00000007a6300000, 0x00000007a6400000|  0%| F|  |TS  0|AC  0|TAMS 0x00000007a6300000, 0x00000007a6300000|
| 100|0x00000007a6400000, 0x00000007a6400000, 0x00000007a6500000|  0%| F|  |TS  0|AC  0|TAMS 0x00000007a6400000, 0x00000007a6400000|
| 101|0x00000007a6500000, 0x00000007a6500000, 0x00000007a6600000|  0%| F|  |TS  0|AC  0|TAMS 0x00000007a6500000, 0x00000007a6500000|
| 102|0x00000007a6600000, 0x00000007a6600000, 0x00000007a6700000|  0%| F|  |TS  0|AC  0|TAMS 0x00000007a6600000, 0x00000007a6600000|
| 103|0x00000007a6700000, 0x00000007a6700000, 0x00000007a6800000|  0%| F|  |TS  0|AC  0|TAMS 0x00000007a6700000, 0x00000007a6700000|
| 104|0x00000007a6800000, 0x00000007a6800000, 0x00000007a6900000|  0%| F|  |TS  0|AC  0|TAMS 0x00000007a6800000, 0x00000007a6800000|
| 105|0x00000007a6900000, 0x00000007a6900000, 0x00000007a6a00000|  0%| F|  |TS  0|AC  0|TAMS 0x00000007a6900000, 0x00000007a6900000|
| 106|0x00000007a6a00000, 0x00000007a6a00000, 0x00000007a6b00000|  0%| F|  |TS  0|AC  0|TAMS 0x00000007a6a00000, 0x00000007a6a00000|
| 107|0x00000007a6b00000, 0x00000007a6b00000, 0x00000007a6c00000|  0%| F|  |TS  0|AC  0|TAMS 0x00000007a6b00000, 0x00000007a6b00000|
| 108|0x00000007a6c00000, 0x00000007a6c00000, 0x00000007a6d00000|  0%| F|  |TS  0|AC  0|TAMS 0x00000007a6c00000, 0x00000007a6c00000|
| 109|0x00000007a6d00000, 0x00000007a6d00000, 0x00000007a6e00000|  0%| F|  |TS  0|AC  0|TAMS 0x00000007a6d00000, 0x00000007a6d00000|
| 110|0x00000007a6e00000, 0x00000007a6e00000, 0x00000007a6f00000|  0%| F|  |TS  0|AC  0|TAMS 0x00000007a6e00000, 0x00000007a6e00000|
| 111|0x00000007a6f00000, 0x00000007a6f00000, 0x00000007a7000000|  0%| F|  |TS  0|AC  0|TAMS 0x00000007a6f00000, 0x00000007a6f00000|
| 112|0x00000007a7000000, 0x00000007a7000000, 0x00000007a7100000|  0%| F|  |TS  0|AC  0|TAMS 0x00000007a7000000, 0x00000007a7000000|
| 113|0x00000007a7100000, 0x00000007a7100000, 0x00000007a7200000|  0%| F|  |TS  0|AC  0|TAMS 0x00000007a7100000, 0x00000007a7100000|
| 114|0x00000007a7200000, 0x00000007a7200000, 0x00000007a7300000|  0%| F|  |TS  0|AC  0|TAMS 0x00000007a7200000, 0x00000007a7200000|
| 115|0x00000007a7300000, 0x00000007a7300000, 0x00000007a7400000|  0%| F|  |TS  0|AC  0|TAMS 0x00000007a7300000, 0x00000007a7300000|
| 116|0x00000007a7400000, 0x00000007a7400000, 0x00000007a7500000|  0%| F|  |TS  0|AC  0|TAMS 0x00000007a7400000, 0x00000007a7400000|
| 117|0x00000007a7500000, 0x00000007a75b45f0, 0x00000007a7600000| 70%| E|  |TS  0|AC  0|TAMS 0x00000007a7500000, 0x00000007a7500000|
| 118|0x00000007a7600000, 0x00000007a7700000, 0x00000007a7700000|100%| E|CS|TS  0|AC  0|TAMS 0x00000007a7600000, 0x00000007a7600000|

Card table byte_map: [0x000000010d99c000,0x000000010da9c000] byte_map_base: 0x0000000109c9c000

Marking Bits (Prev, Next): (CMBitMap*) 0x00007f881c82e270, (CMBitMap*) 0x00007f881c82e2a8
 Prev Bits: [0x000000010db9c000, 0x000000010e39c000)
 Next Bits: [0x000000010e39c000, 0x000000010eb9c000)

Polling page: 0x0000000104fd2000

CodeHeap 'non-profiled nmethods': size=120032Kb used=6888Kb max_used=8259Kb free=113143Kb
 bounds [0x0000000118ffb000, 0x000000011981b000, 0x0000000120533000]
CodeHeap 'profiled nmethods': size=120032Kb used=11344Kb max_used=18291Kb free=108687Kb
 bounds [0x0000000111ac3000, 0x0000000112ca3000, 0x0000000118ffb000]
CodeHeap 'non-nmethods': size=5696Kb used=1731Kb max_used=1792Kb free=3964Kb
 bounds [0x0000000111533000, 0x00000001117a3000, 0x0000000111ac3000]
 total_blobs=12744 nmethods=6206 adapters=1109
 compilation: enabled

Compilation events (10 events):
Event: 230.485 Thread 0x00007f881c80c000 8119       3       sun.java2d.marlin.Renderer::curveBreakIntoLinesAndAdd (461 bytes)
Event: 230.487 Thread 0x00007f881c80c000 nmethod 8119 0x0000000111b20d90 code [0x0000000111b210e0, 0x0000000111b21c08]
Event: 230.487 Thread 0x00007f881c80c000 8115       3       java.awt.Component::updateZOrder (14 bytes)
Event: 230.487 Thread 0x00007f881c80c000 nmethod 8115 0x0000000111b04210 code [0x0000000111b043e0, 0x0000000111b046b8]
Event: 230.487 Thread 0x00007f881c80c000 8116       3       sun.awt.ComponentFactory::createComponent (4 bytes)
Event: 230.487 Thread 0x00007f881c80c000 nmethod 8116 0x0000000111b09790 code [0x0000000111b09940, 0x0000000111b09a90]
Event: 230.487 Thread 0x00007f881c80c000 8117       3       sun.awt.NullComponentPeer::setZOrder (1 bytes)
Event: 230.487 Thread 0x00007f881c80c000 nmethod 8117 0x0000000111b09410 code [0x0000000111b095c0, 0x0000000111b09710]
Event: 230.488 Thread 0x00007f881c809000 8120       4       sun.java2d.pipe.Region::isEmpty (28 bytes)
Event: 230.488 Thread 0x00007f881c809000 nmethod 8120 0x0000000119066d10 code [0x0000000119066ea0, 0x0000000119066f38]

GC Heap History (10 events):
Event: 46.121 GC heap before
{Heap before GC invocations=15 (full 0):
 garbage-first heap   total 262144K, used 201963K [0x00000007a0000000, 0x00000007a0100800, 0x00000007c0000000)
  region size 1024K, 153 young (156672K), 12 survivors (12288K)
 Metaspace       used 37822K, capacity 39021K, committed 39288K, reserved 1083392K
  class space    used 4729K, capacity 4965K, committed 4984K, reserved 1048576K
}
Event: 46.127 GC heap after
{Heap after GC invocations=16 (full 0):
 garbage-first heap   total 262144K, used 57393K [0x00000007a0000000, 0x00000007a0100800, 0x00000007c0000000)
  region size 1024K, 12 young (12288K), 12 survivors (12288K)
 Metaspace       used 37822K, capacity 39021K, committed 39288K, reserved 1083392K
  class space    used 4729K, capacity 4965K, committed 4984K, reserved 1048576K
}
Event: 77.829 GC heap before
{Heap before GC invocations=16 (full 0):
 garbage-first heap   total 262144K, used 201777K [0x00000007a0000000, 0x00000007a0100800, 0x00000007c0000000)
  region size 1024K, 153 young (156672K), 12 survivors (12288K)
 Metaspace       used 37855K, capacity 39021K, committed 39288K, reserved 1083392K
  class space    used 4730K, capacity 4965K, committed 4984K, reserved 1048576K
}
Event: 77.834 GC heap after
{Heap after GC invocations=17 (full 0):
 garbage-first heap   total 262144K, used 58051K [0x00000007a0000000, 0x00000007a0100800, 0x00000007c0000000)
  region size 1024K, 12 young (12288K), 12 survivors (12288K)
 Metaspace       used 37855K, capacity 39021K, committed 39288K, reserved 1083392K
  class space    used 4730K, capacity 4965K, committed 4984K, reserved 1048576K
}
Event: 152.306 GC heap before
{Heap before GC invocations=17 (full 0):
 garbage-first heap   total 262144K, used 202435K [0x00000007a0000000, 0x00000007a0100800, 0x00000007c0000000)
  region size 1024K, 153 young (156672K), 12 survivors (12288K)
 Metaspace       used 37877K, capacity 39021K, committed 39288K, reserved 1083392K
  class space    used 4730K, capacity 4965K, committed 4984K, reserved 1048576K
}
Event: 152.313 GC heap after
{Heap after GC invocations=18 (full 0):
 garbage-first heap   total 262144K, used 58739K [0x00000007a0000000, 0x00000007a0100800, 0x00000007c0000000)
  region size 1024K, 11 young (11264K), 11 survivors (11264K)
 Metaspace       used 37877K, capacity 39021K, committed 39288K, reserved 1083392K
  class space    used 4730K, capacity 4965K, committed 4984K, reserved 1048576K
}
Event: 227.343 GC heap before
{Heap before GC invocations=18 (full 0):
 garbage-first heap   total 262144K, used 204147K [0x00000007a0000000, 0x00000007a0100800, 0x00000007c0000000)
  region size 1024K, 153 young (156672K), 11 survivors (11264K)
 Metaspace       used 37890K, capacity 39085K, committed 39288K, reserved 1083392K
  class space    used 4730K, capacity 4965K, committed 4984K, reserved 1048576K
}
Event: 227.349 GC heap after
{Heap after GC invocations=19 (full 0):
 garbage-first heap   total 262144K, used 58154K [0x00000007a0000000, 0x00000007a0100800, 0x00000007c0000000)
  region size 1024K, 10 young (10240K), 10 survivors (10240K)
 Metaspace       used 37890K, capacity 39085K, committed 39288K, reserved 1083392K
  class space    used 4730K, capacity 4965K, committed 4984K, reserved 1048576K
}
Event: 230.337 GC heap before
{Heap before GC invocations=19 (full 0):
 garbage-first heap   total 262144K, used 65322K [0x00000007a0000000, 0x00000007a0100800, 0x00000007c0000000)
  region size 1024K, 18 young (18432K), 10 survivors (10240K)
 Metaspace       used 37944K, capacity 39103K, committed 39544K, reserved 1083392K
  class space    used 4741K, capacity 4968K, committed 4984K, reserved 1048576K
}
Event: 230.441 GC heap after
{Heap after GC invocations=20 (full 1):
 garbage-first heap   total 121856K, used 36288K [0x00000007a0000000, 0x00000007a01003b8, 0x00000007c0000000)
  region size 1024K, 0 young (0K), 0 survivors (0K)
 Metaspace       used 37944K, capacity 39103K, committed 39544K, reserved 1083392K
  class space    used 4741K, capacity 4968K, committed 4984K, reserved 1048576K
}

Deoptimization events (10 events):
Event: 230.455 Thread 0x00007f881c6e2000 Uncommon trap: reason=class_check action=maybe_recompile pc=0x0000000119197938 method=sun.java2d.pipe.AlphaColorPipe.renderPathTile(Ljava/lang/Object;[BIIIIII)V @ 35 c2
Event: 230.455 Thread 0x00007f881c6e2000 Uncommon trap: reason=class_check action=maybe_recompile pc=0x0000000119197938 method=sun.java2d.pipe.AlphaColorPipe.renderPathTile(Ljava/lang/Object;[BIIIIII)V @ 35 c2
Event: 230.455 Thread 0x00007f881c6e2000 Uncommon trap: reason=unstable_if action=reinterpret pc=0x000000011938e58c method=sun.font.FontStrikeDesc.hashCode()I @ 4 c2
Event: 230.458 Thread 0x00007f881c6e2000 Uncommon trap: reason=unstable_if action=reinterpret pc=0x0000000119789d48 method=javax.swing.SwingUtilities.getValidateRoot(Ljava/awt/Container;Z)Ljava/awt/Container; @ 10 c2
Event: 230.481 Thread 0x00007f881c6e2000 Uncommon trap: reason=unstable_if action=reinterpret pc=0x00000001193a843c method=sun.java2d.opengl.OGLRenderer.validateContext(Lsun/java2d/SunGraphics2D;)V @ 10 c2
Event: 230.481 Thread 0x00007f881c6e2000 Uncommon trap: reason=bimorphic_or_optimized_type_check action=maybe_recompile pc=0x00000001192a5500 method=sun.java2d.pipe.PixelToParallelogramConverter.fill(Lsun/java2d/SunGraphics2D;Ljava/awt/Shape;)V @ 70 c2
Event: 230.481 Thread 0x00007f881c6e2000 Uncommon trap: reason=unstable_if action=reinterpret pc=0x00000001191e93ec method=sun.java2d.pipe.Region.appendSpan([I)V @ 44 c2
Event: 230.484 Thread 0x00007f881c6e2000 Uncommon trap: reason=bimorphic_or_optimized_type_check action=maybe_recompile pc=0x00000001192a5500 method=sun.java2d.pipe.PixelToParallelogramConverter.fill(Lsun/java2d/SunGraphics2D;Ljava/awt/Shape;)V @ 70 c2
Event: 230.489 Thread 0x00007f881c83e000 Uncommon trap: reason=class_check action=maybe_recompile pc=0x00000001190479b4 method=com.jogamp.common.util.RunnableTask.run()V @ 24 c2
Event: 230.489 Thread 0x00007f881c83e000 Uncommon trap: reason=unstable_if action=reinterpret pc=0x000000011903a21c method=jogamp.nativewindow.macosx.OSXUtil.RunOnMainThread(ZZLjava/lang/Runnable;)V @ 3 c2

Classes redefined (0 events):
No events

Internal exceptions (10 events):
Event: 3.958 Thread 0x00007f881bd02000 Exception <a 'java/lang/NoSuchMethodError'{0x00000007af8b11d8}: java.lang.invoke.DirectMethodHandle$Holder.invokeStaticInit(Ljava/lang/Object;Ljava/lang/Object;Ljava/lang/Object;)V> (0x00000007af8b11d8) thrown at [/scratch/mesos/slaves/5af44a71-976a-41b7-
Event: 4.395 Thread 0x00007f881c6e2000 Exception <a 'java/lang/NoSuchMethodError'{0x00000007ae1919d0}: java.lang.Object.lambda$negate$3(I)Z> (0x00000007ae1919d0) thrown at [/scratch/mesos/slaves/5af44a71-976a-41b7-81de-5773b84ec572-S38393/frameworks/1735e8a2-a1db-478c-8104-60c8b0af87dd-0196/ex
Event: 4.422 Thread 0x00007f881c6e2000 Exception <a 'sun/nio/fs/UnixException'{0x00000007adfc4288}> (0x00000007adfc4288) thrown at [/scratch/mesos/slaves/5af44a71-976a-41b7-81de-5773b84ec572-S38393/frameworks/1735e8a2-a1db-478c-8104-60c8b0af87dd-0196/executors/8b855640-c399-41ea-b65f-52272e574
Event: 4.431 Thread 0x00007f881c6e2000 Exception <a 'sun/nio/fs/UnixException'{0x00000007adebd2b0}> (0x00000007adebd2b0) thrown at [/scratch/mesos/slaves/5af44a71-976a-41b7-81de-5773b84ec572-S38393/frameworks/1735e8a2-a1db-478c-8104-60c8b0af87dd-0196/executors/8b855640-c399-41ea-b65f-52272e574
Event: 5.150 Thread 0x00007f881bd3a000 Exception <a 'java/io/FileNotFoundException'{0x00000007afb76728}> (0x00000007afb76728) thrown at [/scratch/mesos/slaves/5af44a71-976a-41b7-81de-5773b84ec572-S38393/frameworks/1735e8a2-a1db-478c-8104-60c8b0af87dd-0196/executors/8b855640-c399-41ea-b65f-5227
Event: 5.154 Thread 0x00007f881cc0e000 Implicit null exception at 0x00000001190faa13 to 0x00000001190faffd
Event: 5.154 Thread 0x00007f881cc0e000 Implicit null exception at 0x00000001190ca494 to 0x00000001190caab5
Event: 5.346 Thread 0x00007f881d791000 Exception <a 'java/io/FileNotFoundException'{0x00000007af5d56f8}> (0x00000007af5d56f8) thrown at [/scratch/mesos/slaves/5af44a71-976a-41b7-81de-5773b84ec572-S38393/frameworks/1735e8a2-a1db-478c-8104-60c8b0af87dd-0196/executors/8b855640-c399-41ea-b65f-5227
Event: 43.308 Thread 0x00007f881bd3a000 Implicit null exception at 0x00000001194d88b3 to 0x00000001194d9c69
Event: 230.454 Thread 0x00007f881c6e2000 Implicit null exception at 0x00000001193532df to 0x00000001193547ed

Events (10 events):
Event: 230.489 loading class jogamp/opengl/macosx/cgl/MacOSXCGLContext$NSOpenGLImpl$DetachGLLayerCmd
Event: 230.489 loading class jogamp/opengl/macosx/cgl/MacOSXCGLContext$NSOpenGLImpl$DetachGLLayerCmd done
Event: 230.489 Thread 0x00007f881c83e000 Uncommon trap: trap_request=0xffffffde fr.pc=0x00000001190479b4 relative=0x00000000000000f4
Event: 230.489 Thread 0x00007f881c83e000 DEOPT PACKING pc=0x00000001190479b4 sp=0x00007ffeeac68e20
Event: 230.489 Thread 0x00007f881c83e000 DEOPT UNPACKING pc=0x0000000111580c9f sp=0x00007ffeeac68dc0 mode 2
Event: 230.489 loading class jogamp/nativewindow/jawt/macosx/MacOSXJAWTWindow$4
Event: 230.489 loading class jogamp/nativewindow/jawt/macosx/MacOSXJAWTWindow$4 done
Event: 230.489 Thread 0x00007f881c83e000 Uncommon trap: trap_request=0xffffff5d fr.pc=0x000000011903a21c relative=0x00000000000002dc
Event: 230.489 Thread 0x00007f881c83e000 DEOPT PACKING pc=0x000000011903a21c sp=0x00007ffeeac68c00
Event: 230.489 Thread 0x00007f881c83e000 DEOPT UNPACKING pc=0x0000000111580c9f sp=0x00007ffeeac68ba0 mode 2


Dynamic libraries:
0x00007fff3bc57000 	/System/Library/Frameworks/Cocoa.framework/Versions/A/Cocoa
0x00007fff4822e000 	/System/Library/Frameworks/Security.framework/Versions/A/Security
0x00007fff3a89b000 	/System/Library/Frameworks/ApplicationServices.framework/Versions/A/ApplicationServices
0x00007fff6458f000 	/usr/lib/libz.1.dylib
0x00007fff624ca000 	/usr/lib/libSystem.B.dylib
0x00007fff3c40c000 	/System/Library/Frameworks/CoreFoundation.framework/Versions/A/CoreFoundation
0x00007fff3e560000 	/System/Library/Frameworks/Foundation.framework/Versions/C/Foundation
0x00007fff63b79000 	/usr/lib/libobjc.A.dylib
0x00007fff399eb000 	/System/Library/Frameworks/AppKit.framework/Versions/C/AppKit
0x00007fff3bfcf000 	/System/Library/Frameworks/CoreData.framework/Versions/A/CoreData
0x00007fff5be1e000 	/System/Library/PrivateFrameworks/RemoteViewServices.framework/Versions/A/RemoteViewServices
0x00007fff6056f000 	/System/Library/PrivateFrameworks/UIFoundation.framework/Versions/A/UIFoundation
0x00007fff50c80000 	/System/Library/PrivateFrameworks/DFRFoundation.framework/Versions/A/DFRFoundation
0x00007fff40ba4000 	/System/Library/Frameworks/Metal.framework/Versions/A/Metal
0x00007fff50e1d000 	/System/Library/PrivateFrameworks/DesktopServicesPriv.framework/Versions/A/DesktopServicesPriv
0x00007fff630cf000 	/usr/lib/libenergytrace.dylib
0x00007fff5e5e4000 	/System/Library/PrivateFrameworks/SkyLight.framework/Versions/A/SkyLight
0x00007fff3c8af000 	/System/Library/Frameworks/CoreGraphics.framework/Versions/A/CoreGraphics
0x00007fff624c5000 	/usr/lib/libScreenReader.dylib
0x00007fff38986000 	/System/Library/Frameworks/Accelerate.framework/Versions/A/Accelerate
0x00007fff3ecd9000 	/System/Library/Frameworks/IOSurface.framework/Versions/A/IOSurface
0x00007fff3ade5000 	/System/Library/Frameworks/AudioToolbox.framework/Versions/A/AudioToolbox
0x00007fff3b074000 	/System/Library/Frameworks/AudioUnit.framework/Versions/A/AudioUnit
0x00007fff50d18000 	/System/Library/PrivateFrameworks/DataDetectorsCore.framework/Versions/A/DataDetectorsCore
0x00007fff3b74a000 	/System/Library/Frameworks/Carbon.framework/Versions/A/Frameworks/HIToolbox.framework/Versions/A/HIToolbox
0x00007fff63229000 	/usr/lib/libicucore.A.dylib
0x00007fff477af000 	/System/Library/Frameworks/QuartzCore.framework/Versions/A/QuartzCore
0x00007fff5d89b000 	/System/Library/PrivateFrameworks/SignpostNotification.framework/Versions/A/SignpostNotification
0x00007fff3bb30000 	/System/Library/Frameworks/Carbon.framework/Versions/A/Frameworks/SpeechRecognition.framework/Versions/A/SpeechRecognition
0x00007fff62626000 	/usr/lib/libauto.dylib
0x00007fff6447e000 	/usr/lib/libxml2.2.dylib
0x00007fff508d3000 	/System/Library/PrivateFrameworks/CoreUI.framework/Versions/A/CoreUI
0x00007fff3beab000 	/System/Library/Frameworks/CoreAudio.framework/Versions/A/CoreAudio
0x00007fff3e39a000 	/System/Library/Frameworks/DiskArbitration.framework/Versions/A/DiskArbitration
0x00007fff6349d000 	/usr/lib/liblangid.dylib
0x00007fff5832e000 	/System/Library/PrivateFrameworks/MultitouchSupport.framework/Versions/A/MultitouchSupport
0x00007fff3ec3c000 	/System/Library/Frameworks/IOKit.framework/Versions/A/IOKit
0x00007fff62154000 	/usr/lib/libDiagnosticMessagesClient.dylib
0x00007fff3d578000 	/System/Library/Frameworks/CoreServices.framework/Versions/A/CoreServices
0x00007fff59e5c000 	/System/Library/PrivateFrameworks/PerformanceAnalysis.framework/Versions/A/PerformanceAnalysis
0x00007fff46951000 	/System/Library/Frameworks/OpenGL.framework/Versions/A/OpenGL
0x00007fff3bc65000 	/System/Library/Frameworks/ColorSync.framework/Versions/A/ColorSync
0x00007fff3cec1000 	/System/Library/Frameworks/CoreImage.framework/Versions/A/CoreImage
0x00007fff3df08000 	/System/Library/Frameworks/CoreText.framework/Versions/A/CoreText
0x00007fff3ed37000 	/System/Library/Frameworks/ImageIO.framework/Versions/A/ImageIO
0x00007fff4d01b000 	/System/Library/PrivateFrameworks/Backup.framework/Versions/A/Backup
0x00007fff62576000 	/usr/lib/libarchive.2.dylib
0x00007fff3b396000 	/System/Library/Frameworks/CFNetwork.framework/Versions/A/CFNetwork
0x00007fff489be000 	/System/Library/Frameworks/SystemConfiguration.framework/Versions/A/SystemConfiguration
0x00007fff6207d000 	/usr/lib/libCRFSuite.dylib
0x00007fff626ff000 	/usr/lib/libc++.1.dylib
0x00007fff62756000 	/usr/lib/libc++abi.dylib
0x00007fff6463d000 	/usr/lib/system/libcache.dylib
0x00007fff64642000 	/usr/lib/system/libcommonCrypto.dylib
0x00007fff6464d000 	/usr/lib/system/libcompiler_rt.dylib
0x00007fff64655000 	/usr/lib/system/libcopyfile.dylib
0x00007fff6465f000 	/usr/lib/system/libcorecrypto.dylib
0x00007fff6476c000 	/usr/lib/system/libdispatch.dylib
0x00007fff647a6000 	/usr/lib/system/libdyld.dylib
0x00007fff647c4000 	/usr/lib/system/libkeymgr.dylib
0x00007fff647d2000 	/usr/lib/system/liblaunch.dylib
0x00007fff647d3000 	/usr/lib/system/libmacho.dylib
0x00007fff647d8000 	/usr/lib/system/libquarantine.dylib
0x00007fff647db000 	/usr/lib/system/libremovefile.dylib
0x00007fff647dd000 	/usr/lib/system/libsystem_asl.dylib
0x00007fff647f5000 	/usr/lib/system/libsystem_blocks.dylib
0x00007fff647f6000 	/usr/lib/system/libsystem_c.dylib
0x00007fff64880000 	/usr/lib/system/libsystem_configuration.dylib
0x00007fff64884000 	/usr/lib/system/libsystem_coreservices.dylib
0x00007fff64888000 	/usr/lib/system/libsystem_darwin.dylib
0x00007fff6488a000 	/usr/lib/system/libsystem_dnssd.dylib
0x00007fff64891000 	/usr/lib/system/libsystem_info.dylib
0x00007fff64902000 	/usr/lib/system/libsystem_m.dylib
0x00007fff6494e000 	/usr/lib/system/libsystem_malloc.dylib
0x00007fff6496e000 	/usr/lib/system/libsystem_network.dylib
0x00007fff64a9f000 	/usr/lib/system/libsystem_networkextension.dylib
0x00007fff64aaa000 	/usr/lib/system/libsystem_notify.dylib
0x00007fff64ac8000 	/usr/lib/system/libsystem_sandbox.dylib
0x00007fff64acc000 	/usr/lib/system/libsystem_secinit.dylib
0x00007fff648db000 	/usr/lib/system/libsystem_kernel.dylib
0x00007fff64ab4000 	/usr/lib/system/libsystem_platform.dylib
0x00007fff64abc000 	/usr/lib/system/libsystem_pthread.dylib
0x00007fff64ace000 	/usr/lib/system/libsystem_symptoms.dylib
0x00007fff64ad6000 	/usr/lib/system/libsystem_trace.dylib
0x00007fff64aeb000 	/usr/lib/system/libunwind.dylib
0x00007fff64af1000 	/usr/lib/system/libxpc.dylib
0x00007fff61f90000 	/usr/lib/closure/libclosured.dylib
0x00007fff626e0000 	/usr/lib/libbsm.0.dylib
0x00007fff647c5000 	/usr/lib/system/libkxld.dylib
0x00007fff6238e000 	/usr/lib/libOpenScriptingUtil.dylib
0x00007fff62a4e000 	/usr/lib/libcoretls.dylib
0x00007fff62a67000 	/usr/lib/libcoretls_cfhelpers.dylib
0x00007fff63f7a000 	/usr/lib/libpam.2.dylib
0x00007fff640a1000 	/usr/lib/libsqlite3.dylib
0x00007fff6446d000 	/usr/lib/libxar.1.dylib
0x00007fff626f1000 	/usr/lib/libbz2.1.0.dylib
0x00007fff6349f000 	/usr/lib/liblzma.5.dylib
0x00007fff63980000 	/usr/lib/libnetwork.dylib
0x00007fff6255f000 	/usr/lib/libapple_nghttp2.dylib
0x00007fff63f81000 	/usr/lib/libpcap.A.dylib
0x00007fff62627000 	/usr/lib/libboringssl.dylib
0x00007fff64408000 	/usr/lib/libusrtcp.dylib
0x00007fff6255e000 	/usr/lib/libapple_crypto.dylib
0x00007fff3d8fb000 	/System/Library/Frameworks/CoreServices.framework/Versions/A/Frameworks/FSEvents.framework/Versions/A/FSEvents
0x00007fff3d5ee000 	/System/Library/Frameworks/CoreServices.framework/Versions/A/Frameworks/CarbonCore.framework/Versions/A/CarbonCore
0x00007fff3dac2000 	/System/Library/Frameworks/CoreServices.framework/Versions/A/Frameworks/Metadata.framework/Versions/A/Metadata
0x00007fff3db73000 	/System/Library/Frameworks/CoreServices.framework/Versions/A/Frameworks/OSServices.framework/Versions/A/OSServices
0x00007fff3dbd4000 	/System/Library/Frameworks/CoreServices.framework/Versions/A/Frameworks/SearchKit.framework/Versions/A/SearchKit
0x00007fff3d579000 	/System/Library/Frameworks/CoreServices.framework/Versions/A/Frameworks/AE.framework/Versions/A/AE
0x00007fff3d904000 	/System/Library/Frameworks/CoreServices.framework/Versions/A/Frameworks/LaunchServices.framework/Versions/A/LaunchServices
0x00007fff3d8c6000 	/System/Library/Frameworks/CoreServices.framework/Versions/A/Frameworks/DictionaryServices.framework/Versions/A/DictionaryServices
0x00007fff3dc43000 	/System/Library/Frameworks/CoreServices.framework/Versions/A/Frameworks/SharedFileList.framework/Versions/A/SharedFileList
0x00007fff41dda000 	/System/Library/Frameworks/NetFS.framework/Versions/A/NetFS
0x00007fff585bf000 	/System/Library/PrivateFrameworks/NetAuth.framework/Versions/A/NetAuth
0x00007fff61e27000 	/System/Library/PrivateFrameworks/login.framework/Versions/A/Frameworks/loginsupport.framework/Versions/A/loginsupport
0x00007fff601f0000 	/System/Library/PrivateFrameworks/TCC.framework/Versions/A/TCC
0x00007fff63580000 	/usr/lib/libmecabra.dylib
0x00007fff3a89c000 	/System/Library/Frameworks/ApplicationServices.framework/Versions/A/Frameworks/ATS.framework/Versions/A/ATS
0x00007fff3ac4a000 	/System/Library/Frameworks/ApplicationServices.framework/Versions/A/Frameworks/ColorSyncLegacy.framework/Versions/A/ColorSyncLegacy
0x00007fff3acee000 	/System/Library/Frameworks/ApplicationServices.framework/Versions/A/Frameworks/HIServices.framework/Versions/A/HIServices
0x00007fff3ad41000 	/System/Library/Frameworks/ApplicationServices.framework/Versions/A/Frameworks/LangAnalysis.framework/Versions/A/LangAnalysis
0x00007fff3ad50000 	/System/Library/Frameworks/ApplicationServices.framework/Versions/A/Frameworks/PrintCore.framework/Versions/A/PrintCore
0x00007fff3ad9d000 	/System/Library/Frameworks/ApplicationServices.framework/Versions/A/Frameworks/QD.framework/Versions/A/QD
0x00007fff3add8000 	/System/Library/Frameworks/ApplicationServices.framework/Versions/A/Frameworks/SpeechSynthesis.framework/Versions/A/SpeechSynthesis
0x00007fff3c326000 	/System/Library/Frameworks/CoreDisplay.framework/Versions/A/CoreDisplay
0x00007fff3899e000 	/System/Library/Frameworks/Accelerate.framework/Versions/A/Frameworks/vImage.framework/Versions/A/vImage
0x00007fff396f8000 	/System/Library/Frameworks/Accelerate.framework/Versions/A/Frameworks/vecLib.framework/Versions/A/vecLib
0x00007fff39498000 	/System/Library/Frameworks/Accelerate.framework/Versions/A/Frameworks/vecLib.framework/Versions/A/libvDSP.dylib
0x00007fff38ff8000 	/System/Library/Frameworks/Accelerate.framework/Versions/A/Frameworks/vecLib.framework/Versions/A/libBNNS.dylib
0x00007fff393fd000 	/System/Library/Frameworks/Accelerate.framework/Versions/A/Frameworks/vecLib.framework/Versions/A/libQuadrature.dylib
0x00007fff39646000 	/System/Library/Frameworks/Accelerate.framework/Versions/A/Frameworks/vecLib.framework/Versions/A/libvMisc.dylib
0x00007fff39027000 	/System/Library/Frameworks/Accelerate.framework/Versions/A/Frameworks/vecLib.framework/Versions/A/libLAPACK.dylib
0x00007fff38e9d000 	/System/Library/Frameworks/Accelerate.framework/Versions/A/Frameworks/vecLib.framework/Versions/A/libBLAS.dylib
0x00007fff393e7000 	/System/Library/Frameworks/Accelerate.framework/Versions/A/Frameworks/vecLib.framework/Versions/A/libLinearAlgebra.dylib
0x00007fff39403000 	/System/Library/Frameworks/Accelerate.framework/Versions/A/Frameworks/vecLib.framework/Versions/A/libSparse.dylib
0x00007fff39484000 	/System/Library/Frameworks/Accelerate.framework/Versions/A/Frameworks/vecLib.framework/Versions/A/libSparseBLAS.dylib
0x00007fff55459000 	/System/Library/PrivateFrameworks/GPUWrangler.framework/Versions/A/GPUWrangler
0x00007fff56bd6000 	/System/Library/PrivateFrameworks/IOAccelerator.framework/Versions/A/IOAccelerator
0x00007fff56be1000 	/System/Library/PrivateFrameworks/IOPresentment.framework/Versions/A/IOPresentment
0x00007fff50c92000 	/System/Library/PrivateFrameworks/DSExternalDisplay.framework/Versions/A/DSExternalDisplay
0x00007fff45dd1000 	/System/Library/Frameworks/OpenGL.framework/Versions/A/Libraries/libCoreFSCache.dylib
0x00007fff3e059000 	/System/Library/Frameworks/CoreVideo.framework/Versions/A/CoreVideo
0x00007fff561d4000 	/System/Library/PrivateFrameworks/GraphVisualizer.framework/Versions/A/GraphVisualizer
0x00007fff40ddb000 	/System/Library/Frameworks/MetalPerformanceShaders.framework/Versions/A/MetalPerformanceShaders
0x00007fff6218c000 	/usr/lib/libFosl_dynamic.dylib
0x00007fff51d63000 	/System/Library/PrivateFrameworks/FaceCore.framework/Versions/A/FaceCore
0x00007fff44bd8000 	/System/Library/Frameworks/OpenCL.framework/Versions/A/OpenCL
0x00007fff6278d000 	/usr/lib/libcompression.dylib
0x00007fff3a99b000 	/System/Library/Frameworks/ApplicationServices.framework/Versions/A/Frameworks/ATS.framework/Versions/A/Resources/libFontParser.dylib
0x00007fff3aabe000 	/System/Library/Frameworks/ApplicationServices.framework/Versions/A/Frameworks/ATS.framework/Versions/A/Resources/libFontRegistry.dylib
0x00007fff3ef9e000 	/System/Library/Frameworks/ImageIO.framework/Versions/A/Resources/libJPEG.dylib
0x00007fff3f2c7000 	/System/Library/Frameworks/ImageIO.framework/Versions/A/Resources/libTIFF.dylib
0x00007fff3f29d000 	/System/Library/Frameworks/ImageIO.framework/Versions/A/Resources/libPng.dylib
0x00007fff3eeb1000 	/System/Library/Frameworks/ImageIO.framework/Versions/A/Resources/libGIF.dylib
0x00007fff3eeb6000 	/System/Library/Frameworks/ImageIO.framework/Versions/A/Resources/libJP2.dylib
0x00007fff3f2c4000 	/System/Library/Frameworks/ImageIO.framework/Versions/A/Resources/libRadiance.dylib
0x00007fff4c748000 	/System/Library/PrivateFrameworks/AppleJPEG.framework/Versions/A/AppleJPEG
0x00007fff40c42000 	/System/Library/Frameworks/MetalPerformanceShaders.framework/Frameworks/MPSCore.framework/Versions/A/MPSCore
0x00007fff40c5e000 	/System/Library/Frameworks/MetalPerformanceShaders.framework/Frameworks/MPSImage.framework/Versions/A/MPSImage
0x00007fff40cf3000 	/System/Library/Frameworks/MetalPerformanceShaders.framework/Frameworks/MPSNeuralNetwork.framework/Versions/A/MPSNeuralNetwork
0x00007fff40cce000 	/System/Library/Frameworks/MetalPerformanceShaders.framework/Frameworks/MPSMatrix.framework/Versions/A/MPSMatrix
0x00007fff580a4000 	/System/Library/PrivateFrameworks/MetalTools.framework/Versions/A/MetalTools
0x00007fff45f9b000 	/System/Library/Frameworks/OpenGL.framework/Versions/A/Libraries/libGLU.dylib
0x00007fff45ddc000 	/System/Library/Frameworks/OpenGL.framework/Versions/A/Libraries/libGFXShared.dylib
0x00007fff45de6000 	/System/Library/Frameworks/OpenGL.framework/Versions/A/Libraries/libGL.dylib
0x00007fff45df2000 	/System/Library/Frameworks/OpenGL.framework/Versions/A/Libraries/libGLImage.dylib
0x00007fff45dce000 	/System/Library/Frameworks/OpenGL.framework/Versions/A/Libraries/libCVMSPluginSupport.dylib
0x00007fff45dd7000 	/System/Library/Frameworks/OpenGL.framework/Versions/A/Libraries/libCoreVMClient.dylib
0x00007fff62f39000 	/usr/lib/libcups.2.dylib
0x00007fff401b1000 	/System/Library/Frameworks/Kerberos.framework/Versions/A/Kerberos
0x00007fff3e996000 	/System/Library/Frameworks/GSS.framework/Versions/A/GSS
0x00007fff64034000 	/usr/lib/libresolv.9.dylib
0x00007fff63137000 	/usr/lib/libiconv.2.dylib
0x00007fff56266000 	/System/Library/PrivateFrameworks/Heimdal.framework/Versions/A/Heimdal
0x00007fff63106000 	/usr/lib/libheimdal-asn1.dylib
0x00007fff44c44000 	/System/Library/Frameworks/OpenDirectory.framework/Versions/A/OpenDirectory
0x00007fff4ea58000 	/System/Library/PrivateFrameworks/CommonAuth.framework/Versions/A/CommonAuth
0x00007fff44c27000 	/System/Library/Frameworks/OpenDirectory.framework/Versions/A/Frameworks/CFOpenDirectory.framework/Versions/A/CFOpenDirectory
0x00007fff48557000 	/System/Library/Frameworks/SecurityFoundation.framework/Versions/A/SecurityFoundation
0x00007fff4b91f000 	/System/Library/PrivateFrameworks/APFS.framework/Versions/A/APFS
0x00007fff64469000 	/usr/lib/libutil.dylib
0x00007fff4c7cb000 	/System/Library/PrivateFrameworks/AppleSauce.framework/Versions/A/AppleSauce
0x00007fff573be000 	/System/Library/PrivateFrameworks/LinguisticData.framework/Versions/A/LinguisticData
0x00007fff634b9000 	/usr/lib/libmarisa.dylib
0x00007fff57378000 	/System/Library/PrivateFrameworks/Lexicon.framework/Versions/A/Lexicon
0x00007fff620b7000 	/usr/lib/libChineseTokenizer.dylib
0x00007fff6277c000 	/usr/lib/libcmph.dylib
0x00007fff57282000 	/System/Library/PrivateFrameworks/LanguageModeling.framework/Versions/A/LanguageModeling
0x00007fff4f564000 	/System/Library/PrivateFrameworks/CoreEmoji.framework/Versions/A/CoreEmoji
0x00007fff48615000 	/System/Library/Frameworks/ServiceManagement.framework/Versions/A/ServiceManagement
0x00007fff4d013000 	/System/Library/PrivateFrameworks/BackgroundTaskManagement.framework/Versions/A/BackgroundTaskManagement
0x00007fff64566000 	/usr/lib/libxslt.1.dylib
0x00007fff3ba5a000 	/System/Library/Frameworks/Carbon.framework/Versions/A/Frameworks/Ink.framework/Versions/A/Ink
0x00007fff60405000 	/System/Library/PrivateFrameworks/TextureIO.framework/Versions/A/TextureIO
0x00007fff625a1000 	/usr/lib/libate.dylib
0x00007fff50bf2000 	/System/Library/PrivateFrameworks/CrashReporterSupport.framework/Versions/A/CrashReporterSupport
0x00007fff5d75e000 	/System/Library/PrivateFrameworks/Sharing.framework/Versions/A/Sharing
0x00007fff56fc4000 	/System/Library/PrivateFrameworks/IconServices.framework/Versions/A/IconServices
0x00007fff4c5cd000 	/System/Library/PrivateFrameworks/Apple80211.framework/Versions/A/Apple80211
0x00007fff50a08000 	/System/Library/PrivateFrameworks/CoreUtils.framework/Versions/A/CoreUtils
0x00007fff3e094000 	/System/Library/Frameworks/CoreWLAN.framework/Versions/A/CoreWLAN
0x00007fff3ead8000 	/System/Library/Frameworks/IOBluetooth.framework/Versions/A/IOBluetooth
0x00007fff5bc2a000 	/System/Library/PrivateFrameworks/ProtocolBuffer.framework/Versions/A/ProtocolBuffer
0x00007fff50b8d000 	/System/Library/PrivateFrameworks/CoreWiFi.framework/Versions/A/CoreWiFi
0x00007fff3bfa5000 	/System/Library/Frameworks/CoreBluetooth.framework/Versions/A/CoreBluetooth
0x00007fff50ddc000 	/System/Library/PrivateFrameworks/DebugSymbols.framework/Versions/A/DebugSymbols
0x00007fff507bf000 	/System/Library/PrivateFrameworks/CoreSymbolication.framework/Versions/A/CoreSymbolication
0x00007fff5fbf7000 	/System/Library/PrivateFrameworks/Symbolication.framework/Versions/A/Symbolication
0x00007fff4c5f7000 	/System/Library/PrivateFrameworks/AppleFSCompression.framework/Versions/A/AppleFSCompression
0x00007fff5f046000 	/System/Library/PrivateFrameworks/SpeechRecognitionCore.framework/Versions/A/SpeechRecognitionCore
0x0000000105800000 	/Applications/AnyLogic.app/Contents/jre/lib/server/libjvm.dylib
0x00007fff64336000 	/usr/lib/libstdc++.6.0.9.dylib
0x0000000104fc4000 	/Applications/AnyLogic.app/Contents/jre/lib/libverify.dylib
0x00000001064a2000 	/Applications/AnyLogic.app/Contents/jre/lib/libjava.dylib
0x0000000104fdb000 	/Applications/AnyLogic.app/Contents/jre/lib/libzip.dylib
0x0000000104fe3000 	/Applications/AnyLogic.app/Contents/jre/lib/libjimage.dylib
0x00000001110b9000 	/Applications/AnyLogic.app/Contents/jre/lib/libnio.dylib
0x00000001110c9000 	/Applications/AnyLogic.app/Contents/jre/lib/./libnet.dylib
0x00000001112ed000 	/Applications/AnyLogic.app/Contents/jre/lib/libawt.dylib
0x0000000111392000 	/Applications/AnyLogic.app/Contents/jre/lib/./libmlib_image.dylib
0x00007fff4019a000 	/System/Library/Frameworks/JavaVM.framework/Versions/A/Frameworks/JavaNativeFoundation.framework/Versions/A/JavaNativeFoundation
0x00007fff401a3000 	/System/Library/Frameworks/JavaVM.framework/Versions/A/Frameworks/JavaRuntimeSupport.framework/Versions/A/JavaRuntimeSupport
0x00007fff401ac000 	/System/Library/Frameworks/JavaVM.framework/Versions/A/JavaVM
0x00007fff57184000 	/System/Library/PrivateFrameworks/JavaLaunching.framework/Versions/A/JavaLaunching
0x00007fff3b745000 	/System/Library/Frameworks/Carbon.framework/Versions/A/Carbon
0x00007fff3b746000 	/System/Library/Frameworks/Carbon.framework/Versions/A/Frameworks/CommonPanels.framework/Versions/A/CommonPanels
0x00007fff3ba50000 	/System/Library/Frameworks/Carbon.framework/Versions/A/Frameworks/Help.framework/Versions/A/Help
0x00007fff3ba54000 	/System/Library/Frameworks/Carbon.framework/Versions/A/Frameworks/ImageCapture.framework/Versions/A/ImageCapture
0x00007fff3baf0000 	/System/Library/Frameworks/Carbon.framework/Versions/A/Frameworks/OpenScripting.framework/Versions/A/OpenScripting
0x00007fff3bb2b000 	/System/Library/Frameworks/Carbon.framework/Versions/A/Frameworks/Print.framework/Versions/A/Print
0x00007fff3bb2d000 	/System/Library/Frameworks/Carbon.framework/Versions/A/Frameworks/SecurityHI.framework/Versions/A/SecurityHI
0x0000000120d33000 	/Applications/AnyLogic.app/Contents/jre/lib/libawt_lwawt.dylib
0x0000000111400000 	/Applications/AnyLogic.app/Contents/jre/lib/./libosxapp.dylib
0x00007fff3e539000 	/System/Library/Frameworks/ExceptionHandling.framework/Versions/A/ExceptionHandling
0x0000000120f17000 	/Applications/AnyLogic.app/Contents/jre/lib/libfontmanager.dylib
0x00007fff50452000 	/System/Library/PrivateFrameworks/CoreServicesInternal.framework/Versions/A/CoreServicesInternal
0x00007fff349c5000 	/System/Library/CoreServices/RawCamera.bundle/Contents/MacOS/RawCamera
0x00007fff58116000 	/System/Library/PrivateFrameworks/MobileAsset.framework/Versions/A/MobileAsset
0x00007fff5f4fe000 	/System/Library/PrivateFrameworks/StreamingZip.framework/Versions/A/StreamingZip
0x00007fff4053b000 	/System/Library/Frameworks/MediaToolbox.framework/Versions/A/MediaToolbox
0x00007fff4f1a6000 	/System/Library/PrivateFrameworks/CoreAVCHD.framework/Versions/A/CoreAVCHD
0x00007fff40488000 	/System/Library/Frameworks/MediaAccessibility.framework/Versions/A/MediaAccessibility
0x00007fff57bc4000 	/System/Library/PrivateFrameworks/Mangrove.framework/Versions/A/Mangrove
0x00007fff3d43f000 	/System/Library/Frameworks/CoreMedia.framework/Versions/A/CoreMedia
0x00007fff48be3000 	/System/Library/Frameworks/VideoToolbox.framework/Versions/A/VideoToolbox
0x00007fff4ed9d000 	/System/Library/PrivateFrameworks/CoreAUC.framework/Versions/A/CoreAUC
0x00007fff6409f000 	/usr/lib/libspindump.dylib
0x00007fff4c8c0000 	/System/Library/PrivateFrameworks/AppleVA.framework/Versions/A/AppleVA
0x00007fff38987000 	/System/Library/Frameworks/Accelerate.framework/Versions/A/Frameworks/vImage.framework/Versions/A/Libraries/libCGInterfaces.dylib
0x00007fff3abad000 	/System/Library/Frameworks/ApplicationServices.framework/Versions/A/Frameworks/ATS.framework/Versions/A/Resources/libTrueTypeScaler.dylib
0x00007fff363a8000 	/System/Library/Extensions/AppleIntelKBLGraphicsMTLDriver.bundle/Contents/MacOS/AppleIntelKBLGraphicsMTLDriver
0x00007fff53ded000 	/System/Library/PrivateFrameworks/GPUCompiler.framework/Versions/3802/Libraries/libmetal_timestamp.dylib
0x00000001112c8000 	/Applications/AnyLogic.app/Contents/jre/lib/libosxui.dylib
0x00007fff46961000 	/System/Library/Frameworks/OpenGL.framework/Versions/A/Resources/GLEngine.bundle/GLEngine
0x00007fff45e2e000 	/System/Library/Frameworks/OpenGL.framework/Versions/A/Libraries/libGLProgrammability.dylib
0x0000000125c21000 	/System/Library/Extensions/AppleIntelKBLGraphicsGLDriver.bundle/Contents/MacOS/AppleIntelKBLGraphicsGLDriver
0x00007fff5544d000 	/System/Library/PrivateFrameworks/GPUSupport.framework/Versions/A/Libraries/libGPUSupportMercury.dylib
0x00007fff46af9000 	/System/Library/Frameworks/OpenGL.framework/Versions/A/Resources/GLRendererFloat.bundle/GLRendererFloat
0x00007fff44bcf000 	/System/Library/Frameworks/OpenCL.framework/Versions/A/Libraries/libcldcpuengine.dylib
0x00007fff62c01000 	/usr/lib/libcrypto.35.dylib
0x00007fff60568000 	/System/Library/PrivateFrameworks/TrustEvaluationAgent.framework/Versions/A/TrustEvaluationAgent
0x00007fff613f3000 	/System/Library/PrivateFrameworks/ViewBridge.framework/Versions/A/ViewBridge
0x0000000127526000 	/Applications/AnyLogic.app/Contents/Resources/Java/plugins/org.j3d.opengl.swt.carbon.osx_0.7.0/libgluegen-rt.jnilib
0x000000012752a000 	/Applications/AnyLogic.app/Contents/Resources/Java/plugins/org.j3d.opengl.swt.carbon.osx_0.7.0/libnativewindow_awt.jnilib
0x000000012752d000 	/Applications/AnyLogic.app/Contents/jre/lib/libjawt.dylib
0x0000000127530000 	/Applications/AnyLogic.app/Contents/Resources/Java/plugins/org.j3d.opengl.swt.carbon.osx_0.7.0/libnativewindow_macosx.jnilib
0x000000015486c000 	/Applications/AnyLogic.app/Contents/Resources/Java/plugins/org.j3d.opengl.swt.carbon.osx_0.7.0/libjogl_desktop.jnilib

VM Arguments:
jvm_args: -Xmx512m -Dnativewindow.awt.nohidpi=true -DlanguageId_xjal=en0qq4jn -DFlowchartCountersVisible_xjal=true -DTileCachePath_xjal=/Applications/AnyLogic.app/Contents/Resources/Java/plugins/com.anylogic.gis_8.2.3.201712291404/tiles -DFlowchartPortStateAnimated_xjal=true -DuseProxy_xjal=false -Djava.library.path=/Applications/AnyLogic.app/Contents/Resources/Java/plugins/org.j3d.opengl.swt.carbon.osx_0.7.0:/Applications/AnyLogic.app/Contents/Resources/Java/plugins/org.j3d.opengl.swt.carbon.osx_0.7.0 -Dfile.encoding=UTF-8 
java_command: com.anylogic.ms.MS project1.Simulation 1839e6a
java_class_path (initial): /Users/crazylurtmain/.AnyLogicPLE/Workspace8/Project1_BUILD/classes:/Applications/AnyLogic.app/Contents/Resources/Java/plugins/com.anylogic.engine_8.2.3.201712291404/com.anylogic.engine.jar:/Applications/AnyLogic.app/Contents/Resources/Java/plugins/com.anylogic.engine_8.2.3.201712291404/com.anylogic.engine.al3d.jar:/Applications/AnyLogic.app/Contents/Resources/Java/plugins/com.anylogic.engine_8.2.3.201712291404/com.anylogic.engine.resources.jar:/Applications/AnyLogic.app/Contents/Resources/Java/plugins/com.anylogic.engine_8.2.3.201712291404/com.anylogic.engine.nl.jar:/Applications/AnyLogic.app/Contents/Resources/Java/plugins/com.anylogic.optimizer_8.2.3.201712291404/lib/OptQuest.jar:/Applications/AnyLogic.app/Contents/Resources/Java/plugins/com.anylogic.third_party_libraries_8.2.3.201712291404/lib/database/hsqldb.jar:/Applications/AnyLogic.app/Contents/Resources/Java/plugins/com.anylogic.third_party_libraries_8.2.3.201712291404/lib/database/querydsl/querydsl-core-3.6.3.jar:/Applications/AnyLogic.app/Contents/Resources/Java/plugins/com.anylogic.third_party_libraries_8.2.3.201712291404/lib/database/querydsl/querydsl-sql-codegen-3.6.3.jar:/Applications/AnyLogic.app/Contents/Resources/Java/plugins/com.anylogic.third_party_libraries_8.2.3.201712291404/lib/database/querydsl/querydsl-sql-3.6.3.jar:/Applications/AnyLogic.app/Contents/Resources/Java/plugins/com.anylogic.core_8.2.3.201712291404/com.anylogic.ms.jar:/Applications/AnyLogic.app/Contents/Resources/Java/plugins/com.anylogic.process_modeling_library_8.2.3.201712291404/lib/ProcessModelingLibrary.jar:/Applications/AnyLogic.app/Contents/Resources/Java/plugins/com.anylogic.pedestrian_library_8.2.3.201712291404/lib/PedestrianLibrary.jar:/Applications/AnyLogic.app/Contents/Resources/Java/plugins/com.anylogic.rail_library_8.2.3.201712291404/lib/RailLibrary.jar:/Applications/AnyLogic.app/Contents/Resources/Java/plugins/com.anylogic.graphics3d_8.2.3.201712291404/lib/javax.vecmath_1.5.0.jar:/Appli
Launcher Type: SUN_STANDARD

Logging:
Log output configuration:
#0: stdout all=warning uptime,level,tags
#1: stderr all=off uptime,level,tags

Environment Variables:
PATH=/usr/bin:/bin:/usr/sbin:/sbin
SHELL=/bin/bash

Signal Handlers:
SIGSEGV: [libjvm.dylib+0x73e2dc], sa_mask[0]=11111111011111110111111111111111, sa_flags=SA_ONSTACK|SA_RESTART|SA_SIGINFO
SIGBUS: [libjvm.dylib+0x73e2dc], sa_mask[0]=11111111011111110111111111111111, sa_flags=SA_RESTART|SA_SIGINFO
SIGFPE: [libjvm.dylib+0x73e2dc], sa_mask[0]=11111111011111110111111111111111, sa_flags=SA_RESTART|SA_SIGINFO
SIGPIPE: [libjvm.dylib+0x5f15ac], sa_mask[0]=11111111011111110111111111111111, sa_flags=SA_RESTART|SA_SIGINFO
SIGXFSZ: [libjvm.dylib+0x5f15ac], sa_mask[0]=11111111011111110111111111111111, sa_flags=SA_RESTART|SA_SIGINFO
SIGILL: [libjvm.dylib+0x73e2dc], sa_mask[0]=11111111011111110111111111111111, sa_flags=SA_RESTART|SA_SIGINFO
SIGUSR2: [libjvm.dylib+0x5f1e3c], sa_mask[0]=00100000000000000000000000000000, sa_flags=SA_RESTART|SA_SIGINFO
SIGHUP: [libjvm.dylib+0x5f0679], sa_mask[0]=11111111011111110111111111111111, sa_flags=SA_RESTART|SA_SIGINFO
SIGINT: [libjvm.dylib+0x5f0679], sa_mask[0]=11111111011111110111111111111111, sa_flags=SA_RESTART|SA_SIGINFO
SIGTERM: [libjvm.dylib+0x5f0679], sa_mask[0]=11111111011111110111111111111111, sa_flags=SA_RESTART|SA_SIGINFO
SIGQUIT: [libjvm.dylib+0x5f0679], sa_mask[0]=11111111011111110111111111111111, sa_flags=SA_RESTART|SA_SIGINFO


---------------  S Y S T E M  ---------------

OS:uname:Darwin 17.5.0 Darwin Kernel Version 17.5.0: Mon Mar  5 22:24:32 PST 2018; root:xnu-4570.51.1~1/RELEASE_X86_64 x86_64
rlimit: STACK 8192k, CORE 0k, NPROC 1418, NOFILE 10240, AS infinity
load average:2.21 2.31 2.01

CPU:total 4 (initial active 4) (2 cores per cpu, 2 threads per core) family 6 model 142 stepping 9, cmov, cx8, fxsr, mmx, sse, sse2, sse3, ssse3, sse4.1, sse4.2, popcnt, avx, avx2, aes, clmul, erms, rtm, 3dnowpref, lzcnt, ht, tsc, tscinvbit, bmi1, bmi2, adx, fma

Memory: 4k page, physical 16777216k(233776k free)

vm_info: Java HotSpot(TM) 64-Bit Server VM (9.0.1+11) for bsd-amd64 JRE (9.0.1+11), built on Sep 28 2017 03:49:57 by "mach5one" with gcc 4.2.1 Compatible Apple LLVM 6.1.0 (clang-602.0.49)

END.
