#
# A fatal error has been detected by the Java Runtime Environment:
#
#  SIGSEGV (0xb) at pc=0x000000010fc140cc, pid=17340, tid=775
#
# JRE version: Java(TM) SE Runtime Environment (9.0+11) (build 9.0.1+11)
# Java VM: Java HotSpot(TM) 64-Bit Server VM (9.0.1+11, mixed mode, tiered, compressed oops, g1 gc, bsd-amd64)
# Problematic frame:
# C  [libosxapp.dylib+0x20cc]  -[NSApplicationAWT sendEvent:]+0x179
#
# No core dump will be written. Core dumps have been disabled. To enable core dumping, try "ulimit -c unlimited" before starting Java again
#
# If you would like to submit a bug report, please visit:
#   http://bugreport.java.com/bugreport/crash.jsp
# The crash happened outside the Java Virtual Machine in native code.
# See problematic frame for where to report the bug.
#

---------------  S U M M A R Y ------------

Command Line: -Xmx512m -Dnativewindow.awt.nohidpi=true -DlanguageId_xjal=en0uepab -DFlowchartCountersVisible_xjal=true -DTileCachePath_xjal=/Applications/AnyLogic.app/Contents/Resources/Java/plugins/com.anylogic.gis_8.2.3.201712291404/tiles -DFlowchartPortStateAnimated_xjal=true -DuseProxy_xjal=false -Djava.library.path=/Applications/AnyLogic.app/Contents/Resources/Java/plugins/org.j3d.opengl.swt.carbon.osx_0.7.0:/Applications/AnyLogic.app/Contents/Resources/Java/plugins/org.j3d.opengl.swt.carbon.osx_0.7.0 -Dfile.encoding=UTF-8 com.anylogic.ms.MS project1.Simulation 18355a1

Host: MacBookPro14,1 x86_64 2300 MHz, 4 cores, 16G, Darwin 17.4.0
Time: Fri Apr  6 20:34:49 2018 EDT elapsed time: 80 seconds (0d 0h 1m 20s)

---------------  T H R E A D  ---------------

Current thread (0x00007f9efc232800):  JavaThread "AppKit Thread" daemon [_thread_in_native, id=775, stack(0x00007ffee5729000,0x00007ffee5f29000)]

Stack: [0x00007ffee5729000,0x00007ffee5f29000],  sp=0x00007ffee5f24980,  free space=8174k
Native frames: (J=compiled Java code, A=aot compiled Java code, j=interpreted, Vv=VM code, C=native code)
C  [libosxapp.dylib+0x20cc]  -[NSApplicationAWT sendEvent:]+0x179
C  [AppKit+0x36d9d]  -[NSApplication run]+0x32c
C  [libosxapp.dylib+0x1d3a]  +[NSApplicationAWT runAWTLoopWithApp:]+0x9d
C  [libawt_lwawt.dylib+0x3a544]  +[AWTStarter starter:headless:]+0x342
C  [JavaNativeFoundation+0x6f4a]  +[JNFRunLoop _performCopiedBlock:]+0x11
C  [Foundation+0x681c5]  __NSThreadPerformPerform+0x14e
C  [CoreFoundation+0xa3721]  __CFRUNLOOP_IS_CALLING_OUT_TO_A_SOURCE0_PERFORM_FUNCTION__+0x11
C  [CoreFoundation+0x15d0ac]  __CFRunLoopDoSource0+0x6c
C  [CoreFoundation+0x86260]  __CFRunLoopDoSources0+0xd0
C  [CoreFoundation+0x856dd]  __CFRunLoopRun+0x50d
C  [CoreFoundation+0x84f43]  CFRunLoopRunSpecific+0x1e3
C  [java+0x6b2e]  CreateExecutionEnvironment+0x35c
C  [java+0x2c65]  JLI_Launch+0x5a9
C  [java+0x1b62]  main+0x186
C  [java+0x19d4]  start+0x34
C  0x0000000000000010


siginfo: si_signo: 11 (SIGSEGV), si_code: 1 (SEGV_MAPERR), si_addr: 0x0000000000000010

Register to memory mapping:

RAX=0x0000000000000000 is an unknown value
RBX=0x0000000000000000 is an unknown value
RCX=0x000000000021e000 is an unknown value
RDX=0x000000000021e000 is an unknown value
RSP=0x00007ffee5f24980 is pointing into the stack for thread: 0x00007f9efc232800
RBP=0x00007ffee5f249b0 is pointing into the stack for thread: 0x00007f9efc232800
RSI=0x00007fff52ee23ac: .str.41.llvm.371263A9+0x4a636 in /System/Library/Frameworks/AppKit.framework/Versions/C/AppKit at 0x00007fff52202000
RDI=0x0000000000000000 is an unknown value
R8 =0x00000000000001ff is an unknown value
R9 =0x00007f9f010780c0 is an unknown value
R10=0x00007fffae93f1b8: OBJC_CLASS_$_NSEvent+0 in /System/Library/Frameworks/AppKit.framework/Versions/C/AppKit at 0x00007fff52202000
R11=0x00007f9efba692c0 is an unknown value
R12=0x00007f9f010780c0 is an unknown value
R13=0x00007f9efe9bb550 is an unknown value
R14=0x00007fff7b98ae80: objc_msgSend+0 in /usr/lib/libobjc.A.dylib at 0x00007fff7b984000
R15=0x00007f9efa720fd0 is an unknown value


Registers:
RAX=0x0000000000000000, RBX=0x0000000000000000, RCX=0x000000000021e000, RDX=0x000000000021e000
RSP=0x00007ffee5f24980, RBP=0x00007ffee5f249b0, RSI=0x00007fff52ee23ac, RDI=0x0000000000000000
R8 =0x00000000000001ff, R9 =0x00007f9f010780c0, R10=0x00007fffae93f1b8, R11=0x00007f9efba692c0
R12=0x00007f9f010780c0, R13=0x00007f9efe9bb550, R14=0x00007fff7b98ae80, R15=0x00007f9efa720fd0
RIP=0x000000010fc140cc, EFLAGS=0x0000000000010246, ERR=0x0000000000000004
  TRAPNO=0x000000000000000e

Top of Stack: (sp=0x00007ffee5f24980)
0x00007ffee5f24980:   00007ffee5f249a0 ffff8060fef87f40
0x00007ffee5f24990:   00007fff7b98ae80 00007fff7b98ae80
0x00007ffee5f249a0:   0000000000000001 00007f9efa720fd0
0x00007ffee5f249b0:   00007ffee5f24a60 00007fff52238d9d
0x00007ffee5f249c0:   00007fff52edb3d8 00007f9efa720fd0
0x00007ffee5f249d0:   00007fff52ed40a7 00007fff52edc2c5
0x00007ffee5f249e0:   00007fffaeeef178 00007fff52ed2d04
0x00007ffee5f249f0:   00007fff52ed29da 0000000000000010
0x00007ffee5f24a00:   00007fff52ed21ca 00007fff52ee23b2
0x00007ffee5f24a10:   00007fff52ed2058 00007fff52ed29f4
0x00007ffee5f24a20:   00007fff52ed2a20 0000000000000062
0x00007ffee5f24a30:   00007fff52ed2afe 00007f9efa720fd0
0x00007ffee5f24a40:   00007fff7b98ae80 000000010fc18690
0x00007ffee5f24a50:   00007fff52edb3d8 000000010fc186b0
0x00007ffee5f24a60:   00007ffee5f24aa0 000000010fc13d3a
0x00007ffee5f24a70:   0000000000000000 00007f9efa7217f0
0x00007ffee5f24a80:   00007fff7b98ae80 00007f9efa720fd0
0x00007ffee5f24a90:   00007f9efa511a60 0000000000000000
0x00007ffee5f24aa0:   00007ffee5f24af0 000000010fb8c544
0x00007ffee5f24ab0:   00007f9efa720fd0 0000000000000000
0x00007ffee5f24ac0:   00007f9efa511a60 00007f9efa71ed90
0x00007ffee5f24ad0:   00007f9efa509aa0 00007fff52ed2058
0x00007ffee5f24ae0:   00007f9efa432e40 0000000000000000
0x00007ffee5f24af0:   00007ffee5f24b10 00007fff58840f4a
0x00007ffee5f24b00:   0000000000000018 0000000000000001
0x00007ffee5f24b10:   00007ffee5f24b90 00007fff56d7a1c5
0x00007ffee5f24b20:   0000000000000001 00007fff52ed2137
0x00007ffee5f24b30:   00007f9efa509aa0 00007f9efa433090
0x00007ffee5f24b40:   00007fff52ed9539 00007fff52f2c513
0x00007ffee5f24b50:   00007fff52ed953e 00007fff52ed21ca
0x00007ffee5f24b60:   00007ffee5f24ba0 00007fff56d7a077
0x00007ffee5f24b70:   0000000300002e88 0000000000000000 

Instructions: (pc=0x000000010fc140cc)
0x000000010fc140ac:   41 5f 5d c3 48 8b 35 51 58 00 00 4c 8b 35 ca 3f
0x000000010fc140bc:   00 00 48 89 df 41 ff d6 48 89 c3 31 c0 48 89 df
0x000000010fc140cc:   ff 53 10 48 8b 35 1a 56 00 00 48 89 df 4c 89 f0
0x000000010fc140dc:   48 83 c4 18 5b 41 5e 41 5f 5d ff e0 55 48 89 e5 


---------------  P R O C E S S  ---------------

Java Threads: ( => current thread )
  0x00007f9efa859000 JavaThread "Thread-5" [_thread_blocked, id=73251, stack(0x000070000e11f000,0x000070000e21f000)]
  0x00007f9efbb3c800 JavaThread "Xj3D Content Loader" [_thread_blocked, id=61699, stack(0x000070000eb3d000,0x000070000ec3d000)]
  0x00007f9efb5c0000 JavaThread "Xj3D Content Loader" [_thread_blocked, id=71427, stack(0x000070000ea3a000,0x000070000eb3a000)]
  0x00007f9efbcd6800 JavaThread "Xj3D Content Loader" [_thread_blocked, id=72967, stack(0x000070000e937000,0x000070000ea37000)]
  0x00007f9eff92a000 JavaThread "AV3D Runtime" [_thread_blocked, id=71703, stack(0x000070000e834000,0x000070000e934000)]
  0x00007f9efbe29800 JavaThread "AnyLogic presentation frame manager" daemon [_thread_blocked, id=74023, stack(0x000070000e62e000,0x000070000e72e000)]
  0x00007f9efae7f000 JavaThread "DestroyJavaVM" [_thread_blocked, id=9475, stack(0x000070000c548000,0x000070000c648000)]
  0x00007f9efb583000 JavaThread "TimerQueue" daemon [_thread_blocked, id=73731, stack(0x000070000e52b000,0x000070000e62b000)]
  0x00007f9efbe2c800 JavaThread "AnyLogic simulation performance monitor" [_thread_blocked, id=59655, stack(0x000070000e428000,0x000070000e528000)]
  0x00007f9efc3ac800 JavaThread "AWT-EventQueue-0" [_thread_in_Java, id=75255, stack(0x000070000e222000,0x000070000e322000)]
  0x00007f9efacae800 JavaThread "AWT-Shutdown" [_thread_blocked, id=35391, stack(0x000070000dc8d000,0x000070000dd8d000)]
  0x00007f9efb2f9000 JavaThread "Java2D Disposer" daemon [_thread_blocked, id=55311, stack(0x000070000e01c000,0x000070000e11c000)]
  0x00007f9efba88800 JavaThread "Java2D Queue Flusher" daemon [_thread_blocked, id=83579, stack(0x000070000df19000,0x000070000e019000)]
=>0x00007f9efc232800 JavaThread "AppKit Thread" daemon [_thread_in_native, id=775, stack(0x00007ffee5729000,0x00007ffee5f29000)]
  0x00007f9efb14d800 JavaThread "Service Thread" daemon [_thread_blocked, id=41731, stack(0x000070000da87000,0x000070000db87000)]
  0x00007f9efc01d000 JavaThread "Common-Cleaner" daemon [_thread_blocked, id=42243, stack(0x000070000d984000,0x000070000da84000)]
  0x00007f9efc01c800 JavaThread "Sweeper thread" daemon [_thread_blocked, id=22787, stack(0x000070000d881000,0x000070000d981000)]
  0x00007f9efc025800 JavaThread "C1 CompilerThread2" daemon [_thread_in_native, id=22531, stack(0x000070000d77e000,0x000070000d87e000)]
  0x00007f9efb0c9800 JavaThread "C2 CompilerThread1" daemon [_thread_in_native, id=43011, stack(0x000070000d67b000,0x000070000d77b000)]
  0x00007f9efa810000 JavaThread "C2 CompilerThread0" daemon [_thread_blocked, id=22275, stack(0x000070000d578000,0x000070000d678000)]
  0x00007f9efb0c8800 JavaThread "Signal Dispatcher" daemon [_thread_blocked, id=21763, stack(0x000070000d475000,0x000070000d575000)]
  0x00007f9efb820800 JavaThread "Finalizer" daemon [_thread_blocked, id=15363, stack(0x000070000d372000,0x000070000d472000)]
  0x00007f9efa80c800 JavaThread "Reference Handler" daemon [_thread_blocked, id=15107, stack(0x000070000d26f000,0x000070000d36f000)]

Other Threads:
  0x00007f9efc025000 VMThread "VM Thread" [stack: 0x000070000d16c000,0x000070000d26c000] [id=14851]
  0x00007f9efb151800 WatcherThread [stack: 0x000070000db8a000,0x000070000dc8a000] [id=41219]
  0x00007f9efb80b000 GCTaskThread "GC Thread#0" [stack: 0x000070000c64b000,0x000070000c74b000] [id=11011]
  0x00007f9efb80b800 GCTaskThread "GC Thread#1" [stack: 0x000070000c74e000,0x000070000c84e000] [id=11523]
  0x00007f9efb817000 GCTaskThread "GC Thread#2" [stack: 0x000070000c851000,0x000070000c951000] [id=21507]
  0x00007f9efb00c000 GCTaskThread "GC Thread#3" [stack: 0x000070000c954000,0x000070000ca54000] [id=12291]
  0x00007f9efb02b800 ConcurrentGCThread "G1 Main Marker" [stack: 0x000070000cf66000,0x000070000d066000] [id=14083]
  0x00007f9efb02c000 ConcurrentGCThread "G1 Marker#0" [stack: 0x000070000d069000,0x000070000d169000] [id=19459]
  0x00007f9efb00f000 ConcurrentGCThread "G1 Refine#0" [stack: 0x000070000cd60000,0x000070000ce60000] [id=20227]
  0x00007f9efb00e800 ConcurrentGCThread "G1 Refine#1" [stack: 0x000070000cc5d000,0x000070000cd5d000] [id=20483]
  0x00007f9efb00d800 ConcurrentGCThread "G1 Refine#2" [stack: 0x000070000cb5a000,0x000070000cc5a000] [id=12803]
  0x00007f9efb00d000 ConcurrentGCThread "G1 Refine#3" [stack: 0x000070000ca57000,0x000070000cb57000] [id=21251]
  0x00007f9efb010000 ConcurrentGCThread "G1 Young RemSet Sampling" [stack: 0x000070000ce63000,0x000070000cf63000] [id=13571]

Threads with active compile tasks:
C2 CompilerThread18043       4       com.anylogic.engine.presentation.ShapeAgentGroup_xjal::remove (55 bytes)

VM state:not at safepoint (normal execution)

VM Mutex/Monitor currently owned by a thread: None

Heap address: 0x00000007a0000000, size: 512 MB, Compressed Oops mode: Zero based, Oop shift amount: 3
Narrow klass base: 0x0000000000000000, Narrow klass shift: 3
Compressed class space size: 1073741824 Address: 0x00000007c0000000

Heap:
 garbage-first heap   total 174080K, used 56107K [0x00000007a0000000, 0x00000007a0100550, 0x00000007c0000000)
  region size 1024K, 5 young (5120K), 0 survivors (0K)
 Metaspace       used 37971K, capacity 39189K, committed 39680K, reserved 1083392K
  class space    used 4724K, capacity 4997K, committed 5120K, reserved 1048576K
Heap Regions: E=young(eden), S=young(survivor), O=old, HS=humongous(starts), HC=humongous(continues), CS=collection set, F=free, A=archive, TS=gc time stamp, AC=allocation context, TAMS=top-at-mark-start (previous, next)
|   0|0x00000007a0000000, 0x00000007a00fffd8, 0x00000007a0100000| 99%| O|  |TS  0|AC  0|TAMS 0x00000007a0000000, 0x00000007a0000000|
|   1|0x00000007a0100000, 0x00000007a01fffd8, 0x00000007a0200000| 99%| O|  |TS  0|AC  0|TAMS 0x00000007a0100000, 0x00000007a0100000|
|   2|0x00000007a0200000, 0x00000007a02ffdb0, 0x00000007a0300000| 99%| O|  |TS  0|AC  0|TAMS 0x00000007a0200000, 0x00000007a0200000|
|   3|0x00000007a0300000, 0x00000007a03ffff8, 0x00000007a0400000| 99%| O|  |TS  0|AC  0|TAMS 0x00000007a0300000, 0x00000007a0300000|
|   4|0x00000007a0400000, 0x00000007a0500000, 0x00000007a0500000|100%|HS|  |TS  0|AC  0|TAMS 0x00000007a0400000, 0x00000007a0400000|
|   5|0x00000007a0500000, 0x00000007a0600000, 0x00000007a0600000|100%|HC|  |TS  0|AC  0|TAMS 0x00000007a0500000, 0x00000007a0500000|
|   6|0x00000007a0600000, 0x00000007a0700000, 0x00000007a0700000|100%|HC|  |TS  0|AC  0|TAMS 0x00000007a0600000, 0x00000007a0600000|
|   7|0x00000007a0700000, 0x00000007a07fffa8, 0x00000007a0800000| 99%| O|  |TS  0|AC  0|TAMS 0x00000007a0700000, 0x00000007a0700000|
|   8|0x00000007a0800000, 0x00000007a08fff18, 0x00000007a0900000| 99%| O|  |TS  0|AC  0|TAMS 0x00000007a0800000, 0x00000007a0800000|
|   9|0x00000007a0900000, 0x00000007a09fbed8, 0x00000007a0a00000| 98%| O|  |TS  0|AC  0|TAMS 0x00000007a0900000, 0x00000007a0900000|
|  10|0x00000007a0a00000, 0x00000007a0b00000, 0x00000007a0b00000|100%|HS|  |TS  0|AC  0|TAMS 0x00000007a0a00000, 0x00000007a0a00000|
|  11|0x00000007a0b00000, 0x00000007a0c00000, 0x00000007a0c00000|100%|HC|  |TS  0|AC  0|TAMS 0x00000007a0b00000, 0x00000007a0b00000|
|  12|0x00000007a0c00000, 0x00000007a0d00000, 0x00000007a0d00000|100%|HC|  |TS  0|AC  0|TAMS 0x00000007a0c00000, 0x00000007a0c00000|
|  13|0x00000007a0d00000, 0x00000007a0e00000, 0x00000007a0e00000|100%|HS|  |TS  0|AC  0|TAMS 0x00000007a0d00000, 0x00000007a0d00000|
|  14|0x00000007a0e00000, 0x00000007a0f00000, 0x00000007a0f00000|100%|HC|  |TS  0|AC  0|TAMS 0x00000007a0e00000, 0x00000007a0e00000|
|  15|0x00000007a0f00000, 0x00000007a1000000, 0x00000007a1000000|100%|HC|  |TS  0|AC  0|TAMS 0x00000007a0f00000, 0x00000007a0f00000|
|  16|0x00000007a1000000, 0x00000007a10ffff0, 0x00000007a1100000| 99%| O|  |TS  0|AC  0|TAMS 0x00000007a1000000, 0x00000007a1000000|
|  17|0x00000007a1100000, 0x00000007a11ffc88, 0x00000007a1200000| 99%| O|  |TS  0|AC  0|TAMS 0x00000007a1100000, 0x00000007a1100000|
|  18|0x00000007a1200000, 0x00000007a12fffe0, 0x00000007a1300000| 99%| O|  |TS  0|AC  0|TAMS 0x00000007a1200000, 0x00000007a1200000|
|  19|0x00000007a1300000, 0x00000007a13ffff8, 0x00000007a1400000| 99%| O|  |TS  0|AC  0|TAMS 0x00000007a1300000, 0x00000007a1300000|
|  20|0x00000007a1400000, 0x00000007a14fffe8, 0x00000007a1500000| 99%| O|  |TS  0|AC  0|TAMS 0x00000007a1400000, 0x00000007a1400000|
|  21|0x00000007a1500000, 0x00000007a15fe7b0, 0x00000007a1600000| 99%| O|  |TS  0|AC  0|TAMS 0x00000007a1500000, 0x00000007a1500000|
|  22|0x00000007a1600000, 0x00000007a16ffdd8, 0x00000007a1700000| 99%| O|  |TS  0|AC  0|TAMS 0x00000007a1600000, 0x00000007a1600000|
|  23|0x00000007a1700000, 0x00000007a1800000, 0x00000007a1800000|100%| O|  |TS  0|AC  0|TAMS 0x00000007a1700000, 0x00000007a1700000|
|  24|0x00000007a1800000, 0x00000007a1900000, 0x00000007a1900000|100%| O|  |TS  0|AC  0|TAMS 0x00000007a1800000, 0x00000007a1800000|
|  25|0x00000007a1900000, 0x00000007a19fffe8, 0x00000007a1a00000| 99%| O|  |TS  0|AC  0|TAMS 0x00000007a1900000, 0x00000007a1900000|
|  26|0x00000007a1a00000, 0x00000007a1affff8, 0x00000007a1b00000| 99%| O|  |TS  0|AC  0|TAMS 0x00000007a1a00000, 0x00000007a1a00000|
|  27|0x00000007a1b00000, 0x00000007a1bfffd0, 0x00000007a1c00000| 99%| O|  |TS  0|AC  0|TAMS 0x00000007a1b00000, 0x00000007a1b00000|
|  28|0x00000007a1c00000, 0x00000007a1d00000, 0x00000007a1d00000|100%| O|  |TS  0|AC  0|TAMS 0x00000007a1c00000, 0x00000007a1c00000|
|  29|0x00000007a1d00000, 0x00000007a1dfffb8, 0x00000007a1e00000| 99%| O|  |TS  0|AC  0|TAMS 0x00000007a1d00000, 0x00000007a1d00000|
|  30|0x00000007a1e00000, 0x00000007a1effff0, 0x00000007a1f00000| 99%| O|  |TS  0|AC  0|TAMS 0x00000007a1e00000, 0x00000007a1e00000|
|  31|0x00000007a1f00000, 0x00000007a1fffff8, 0x00000007a2000000| 99%| O|  |TS  0|AC  0|TAMS 0x00000007a1f00000, 0x00000007a1f00000|
|  32|0x00000007a2000000, 0x00000007a20ea8b8, 0x00000007a2100000| 91%| O|  |TS  0|AC  0|TAMS 0x00000007a2000000, 0x00000007a2000000|
|  33|0x00000007a2100000, 0x00000007a21ffff8, 0x00000007a2200000| 99%| O|  |TS  0|AC  0|TAMS 0x00000007a2100000, 0x00000007a2100000|
|  34|0x00000007a2200000, 0x00000007a22ffff0, 0x00000007a2300000| 99%| O|  |TS  0|AC  0|TAMS 0x00000007a2200000, 0x00000007a2200000|
|  35|0x00000007a2300000, 0x00000007a23fffc0, 0x00000007a2400000| 99%| O|  |TS  0|AC  0|TAMS 0x00000007a2300000, 0x00000007a2300000|
|  36|0x00000007a2400000, 0x00000007a24ffff8, 0x00000007a2500000| 99%| O|  |TS  0|AC  0|TAMS 0x00000007a2400000, 0x00000007a2400000|
|  37|0x00000007a2500000, 0x00000007a25fffb0, 0x00000007a2600000| 99%| O|  |TS  0|AC  0|TAMS 0x00000007a2500000, 0x00000007a2500000|
|  38|0x00000007a2600000, 0x00000007a26fffb0, 0x00000007a2700000| 99%| O|  |TS  0|AC  0|TAMS 0x00000007a2600000, 0x00000007a2600000|
|  39|0x00000007a2700000, 0x00000007a2800000, 0x00000007a2800000|100%| O|  |TS  0|AC  0|TAMS 0x00000007a2700000, 0x00000007a2700000|
|  40|0x00000007a2800000, 0x00000007a2900000, 0x00000007a2900000|100%| O|  |TS  0|AC  0|TAMS 0x00000007a2800000, 0x00000007a2800000|
|  41|0x00000007a2900000, 0x00000007a29fb888, 0x00000007a2a00000| 98%| O|  |TS  0|AC  0|TAMS 0x00000007a2900000, 0x00000007a2900000|
|  42|0x00000007a2a00000, 0x00000007a2afdd48, 0x00000007a2b00000| 99%| O|  |TS  0|AC  0|TAMS 0x00000007a2a00000, 0x00000007a2a00000|
|  43|0x00000007a2b00000, 0x00000007a2bfe068, 0x00000007a2c00000| 99%| O|  |TS  0|AC  0|TAMS 0x00000007a2b00000, 0x00000007a2b00000|
|  44|0x00000007a2c00000, 0x00000007a2cfe570, 0x00000007a2d00000| 99%| O|  |TS  0|AC  0|TAMS 0x00000007a2c00000, 0x00000007a2c00000|
|  45|0x00000007a2d00000, 0x00000007a2dfcae0, 0x00000007a2e00000| 98%| O|  |TS  0|AC  0|TAMS 0x00000007a2d00000, 0x00000007a2d00000|
|  46|0x00000007a2e00000, 0x00000007a2efe020, 0x00000007a2f00000| 99%| O|  |TS  0|AC  0|TAMS 0x00000007a2e00000, 0x00000007a2e00000|
|  47|0x00000007a2f00000, 0x00000007a2ffeaf0, 0x00000007a3000000| 99%| O|  |TS  0|AC  0|TAMS 0x00000007a2f00000, 0x00000007a2f00000|
|  48|0x00000007a3000000, 0x00000007a30fb078, 0x00000007a3100000| 98%| O|  |TS  0|AC  0|TAMS 0x00000007a3000000, 0x00000007a3000000|
|  49|0x00000007a3100000, 0x00000007a31f41d0, 0x00000007a3200000| 95%| O|  |TS  0|AC  0|TAMS 0x00000007a3100000, 0x00000007a3100000|
|  50|0x00000007a3200000, 0x00000007a32fffe8, 0x00000007a3300000| 99%| O|  |TS  0|AC  0|TAMS 0x00000007a3200000, 0x00000007a3200000|
|  51|0x00000007a3300000, 0x00000007a3308740, 0x00000007a3400000|  3%| O|  |TS  0|AC  0|TAMS 0x00000007a3300000, 0x00000007a3300000|
|  52|0x00000007a3400000, 0x00000007a3400000, 0x00000007a3500000|  0%| F|  |TS  0|AC  0|TAMS 0x00000007a3400000, 0x00000007a3400000|
|  53|0x00000007a3500000, 0x00000007a3500000, 0x00000007a3600000|  0%| F|  |TS  0|AC  0|TAMS 0x00000007a3500000, 0x00000007a3500000|
|  54|0x00000007a3600000, 0x00000007a3600000, 0x00000007a3700000|  0%| F|  |TS  0|AC  0|TAMS 0x00000007a3600000, 0x00000007a3600000|
|  55|0x00000007a3700000, 0x00000007a3700000, 0x00000007a3800000|  0%| F|  |TS  0|AC  0|TAMS 0x00000007a3700000, 0x00000007a3700000|
|  56|0x00000007a3800000, 0x00000007a3800000, 0x00000007a3900000|  0%| F|  |TS  0|AC  0|TAMS 0x00000007a3800000, 0x00000007a3800000|
|  57|0x00000007a3900000, 0x00000007a3900000, 0x00000007a3a00000|  0%| F|  |TS  0|AC  0|TAMS 0x00000007a3900000, 0x00000007a3900000|
|  58|0x00000007a3a00000, 0x00000007a3a00000, 0x00000007a3b00000|  0%| F|  |TS  0|AC  0|TAMS 0x00000007a3a00000, 0x00000007a3a00000|
|  59|0x00000007a3b00000, 0x00000007a3b00000, 0x00000007a3c00000|  0%| F|  |TS  0|AC  0|TAMS 0x00000007a3b00000, 0x00000007a3b00000|
|  60|0x00000007a3c00000, 0x00000007a3c00000, 0x00000007a3d00000|  0%| F|  |TS  0|AC  0|TAMS 0x00000007a3c00000, 0x00000007a3c00000|
|  61|0x00000007a3d00000, 0x00000007a3d00000, 0x00000007a3e00000|  0%| F|  |TS  0|AC  0|TAMS 0x00000007a3d00000, 0x00000007a3d00000|
|  62|0x00000007a3e00000, 0x00000007a3e00000, 0x00000007a3f00000|  0%| F|  |TS  0|AC  0|TAMS 0x00000007a3e00000, 0x00000007a3e00000|
|  63|0x00000007a3f00000, 0x00000007a3f00000, 0x00000007a4000000|  0%| F|  |TS  0|AC  0|TAMS 0x00000007a3f00000, 0x00000007a3f00000|
|  64|0x00000007a4000000, 0x00000007a4000000, 0x00000007a4100000|  0%| F|  |TS  0|AC  0|TAMS 0x00000007a4000000, 0x00000007a4000000|
|  65|0x00000007a4100000, 0x00000007a4100000, 0x00000007a4200000|  0%| F|  |TS  0|AC  0|TAMS 0x00000007a4100000, 0x00000007a4100000|
|  66|0x00000007a4200000, 0x00000007a4200000, 0x00000007a4300000|  0%| F|  |TS  0|AC  0|TAMS 0x00000007a4200000, 0x00000007a4200000|
|  67|0x00000007a4300000, 0x00000007a4300000, 0x00000007a4400000|  0%| F|  |TS  0|AC  0|TAMS 0x00000007a4300000, 0x00000007a4300000|
|  68|0x00000007a4400000, 0x00000007a4400000, 0x00000007a4500000|  0%| F|  |TS  0|AC  0|TAMS 0x00000007a4400000, 0x00000007a4400000|
|  69|0x00000007a4500000, 0x00000007a4500000, 0x00000007a4600000|  0%| F|  |TS  0|AC  0|TAMS 0x00000007a4500000, 0x00000007a4500000|
|  70|0x00000007a4600000, 0x00000007a4600000, 0x00000007a4700000|  0%| F|  |TS  0|AC  0|TAMS 0x00000007a4600000, 0x00000007a4600000|
|  71|0x00000007a4700000, 0x00000007a4700000, 0x00000007a4800000|  0%| F|  |TS  0|AC  0|TAMS 0x00000007a4700000, 0x00000007a4700000|
|  72|0x00000007a4800000, 0x00000007a4800000, 0x00000007a4900000|  0%| F|  |TS  0|AC  0|TAMS 0x00000007a4800000, 0x00000007a4800000|
|  73|0x00000007a4900000, 0x00000007a4900000, 0x00000007a4a00000|  0%| F|  |TS  0|AC  0|TAMS 0x00000007a4900000, 0x00000007a4900000|
|  74|0x00000007a4a00000, 0x00000007a4a00000, 0x00000007a4b00000|  0%| F|  |TS  0|AC  0|TAMS 0x00000007a4a00000, 0x00000007a4a00000|
|  75|0x00000007a4b00000, 0x00000007a4b00000, 0x00000007a4c00000|  0%| F|  |TS  0|AC  0|TAMS 0x00000007a4b00000, 0x00000007a4b00000|
|  76|0x00000007a4c00000, 0x00000007a4c00000, 0x00000007a4d00000|  0%| F|  |TS  0|AC  0|TAMS 0x00000007a4c00000, 0x00000007a4c00000|
|  77|0x00000007a4d00000, 0x00000007a4d00000, 0x00000007a4e00000|  0%| F|  |TS  0|AC  0|TAMS 0x00000007a4d00000, 0x00000007a4d00000|
|  78|0x00000007a4e00000, 0x00000007a4e00000, 0x00000007a4f00000|  0%| F|  |TS  0|AC  0|TAMS 0x00000007a4e00000, 0x00000007a4e00000|
|  79|0x00000007a4f00000, 0x00000007a4f00000, 0x00000007a5000000|  0%| F|  |TS  0|AC  0|TAMS 0x00000007a4f00000, 0x00000007a4f00000|
|  80|0x00000007a5000000, 0x00000007a5000000, 0x00000007a5100000|  0%| F|  |TS  0|AC  0|TAMS 0x00000007a5000000, 0x00000007a5000000|
|  81|0x00000007a5100000, 0x00000007a5100000, 0x00000007a5200000|  0%| F|  |TS  0|AC  0|TAMS 0x00000007a5100000, 0x00000007a5100000|
|  82|0x00000007a5200000, 0x00000007a5200000, 0x00000007a5300000|  0%| F|  |TS  0|AC  0|TAMS 0x00000007a5200000, 0x00000007a5200000|
|  83|0x00000007a5300000, 0x00000007a5300000, 0x00000007a5400000|  0%| F|  |TS  0|AC  0|TAMS 0x00000007a5300000, 0x00000007a5300000|
|  84|0x00000007a5400000, 0x00000007a5400000, 0x00000007a5500000|  0%| F|  |TS  0|AC  0|TAMS 0x00000007a5400000, 0x00000007a5400000|
|  85|0x00000007a5500000, 0x00000007a5500000, 0x00000007a5600000|  0%| F|  |TS  0|AC  0|TAMS 0x00000007a5500000, 0x00000007a5500000|
|  86|0x00000007a5600000, 0x00000007a5600000, 0x00000007a5700000|  0%| F|  |TS  0|AC  0|TAMS 0x00000007a5600000, 0x00000007a5600000|
|  87|0x00000007a5700000, 0x00000007a5700000, 0x00000007a5800000|  0%| F|  |TS  0|AC  0|TAMS 0x00000007a5700000, 0x00000007a5700000|
|  88|0x00000007a5800000, 0x00000007a5800000, 0x00000007a5900000|  0%| F|  |TS  0|AC  0|TAMS 0x00000007a5800000, 0x00000007a5800000|
|  89|0x00000007a5900000, 0x00000007a5900000, 0x00000007a5a00000|  0%| F|  |TS  0|AC  0|TAMS 0x00000007a5900000, 0x00000007a5900000|
|  90|0x00000007a5a00000, 0x00000007a5a00000, 0x00000007a5b00000|  0%| F|  |TS  0|AC  0|TAMS 0x00000007a5a00000, 0x00000007a5a00000|
|  91|0x00000007a5b00000, 0x00000007a5b00000, 0x00000007a5c00000|  0%| F|  |TS  0|AC  0|TAMS 0x00000007a5b00000, 0x00000007a5b00000|
|  92|0x00000007a5c00000, 0x00000007a5c00000, 0x00000007a5d00000|  0%| F|  |TS  0|AC  0|TAMS 0x00000007a5c00000, 0x00000007a5c00000|
|  93|0x00000007a5d00000, 0x00000007a5d00000, 0x00000007a5e00000|  0%| F|  |TS  0|AC  0|TAMS 0x00000007a5d00000, 0x00000007a5d00000|
|  94|0x00000007a5e00000, 0x00000007a5e00000, 0x00000007a5f00000|  0%| F|  |TS  0|AC  0|TAMS 0x00000007a5e00000, 0x00000007a5e00000|
|  95|0x00000007a5f00000, 0x00000007a5f00000, 0x00000007a6000000|  0%| F|  |TS  0|AC  0|TAMS 0x00000007a5f00000, 0x00000007a5f00000|
|  96|0x00000007a6000000, 0x00000007a6000000, 0x00000007a6100000|  0%| F|  |TS  0|AC  0|TAMS 0x00000007a6000000, 0x00000007a6000000|
|  97|0x00000007a6100000, 0x00000007a6100000, 0x00000007a6200000|  0%| F|  |TS  0|AC  0|TAMS 0x00000007a6100000, 0x00000007a6100000|
|  98|0x00000007a6200000, 0x00000007a6200000, 0x00000007a6300000|  0%| F|  |TS  0|AC  0|TAMS 0x00000007a6200000, 0x00000007a6200000|
|  99|0x00000007a6300000, 0x00000007a6300000, 0x00000007a6400000|  0%| F|  |TS  0|AC  0|TAMS 0x00000007a6300000, 0x00000007a6300000|
| 100|0x00000007a6400000, 0x00000007a6400000, 0x00000007a6500000|  0%| F|  |TS  0|AC  0|TAMS 0x00000007a6400000, 0x00000007a6400000|
| 101|0x00000007a6500000, 0x00000007a6500000, 0x00000007a6600000|  0%| F|  |TS  0|AC  0|TAMS 0x00000007a6500000, 0x00000007a6500000|
| 102|0x00000007a6600000, 0x00000007a6600000, 0x00000007a6700000|  0%| F|  |TS  0|AC  0|TAMS 0x00000007a6600000, 0x00000007a6600000|
| 103|0x00000007a6700000, 0x00000007a6700000, 0x00000007a6800000|  0%| F|  |TS  0|AC  0|TAMS 0x00000007a6700000, 0x00000007a6700000|
| 104|0x00000007a6800000, 0x00000007a6800000, 0x00000007a6900000|  0%| F|  |TS  0|AC  0|TAMS 0x00000007a6800000, 0x00000007a6800000|
| 105|0x00000007a6900000, 0x00000007a6900000, 0x00000007a6a00000|  0%| F|  |TS  0|AC  0|TAMS 0x00000007a6900000, 0x00000007a6900000|
| 106|0x00000007a6a00000, 0x00000007a6a00000, 0x00000007a6b00000|  0%| F|  |TS  0|AC  0|TAMS 0x00000007a6a00000, 0x00000007a6a00000|
| 107|0x00000007a6b00000, 0x00000007a6b00000, 0x00000007a6c00000|  0%| F|  |TS  0|AC  0|TAMS 0x00000007a6b00000, 0x00000007a6b00000|
| 108|0x00000007a6c00000, 0x00000007a6c00000, 0x00000007a6d00000|  0%| F|  |TS  0|AC  0|TAMS 0x00000007a6c00000, 0x00000007a6c00000|
| 109|0x00000007a6d00000, 0x00000007a6d00000, 0x00000007a6e00000|  0%| F|  |TS  0|AC  0|TAMS 0x00000007a6d00000, 0x00000007a6d00000|
| 110|0x00000007a6e00000, 0x00000007a6e00000, 0x00000007a6f00000|  0%| F|  |TS  0|AC  0|TAMS 0x00000007a6e00000, 0x00000007a6e00000|
| 111|0x00000007a6f00000, 0x00000007a6f00000, 0x00000007a7000000|  0%| F|  |TS  0|AC  0|TAMS 0x00000007a6f00000, 0x00000007a6f00000|
| 112|0x00000007a7000000, 0x00000007a7000000, 0x00000007a7100000|  0%| F|  |TS  0|AC  0|TAMS 0x00000007a7000000, 0x00000007a7000000|
| 113|0x00000007a7100000, 0x00000007a7100000, 0x00000007a7200000|  0%| F|  |TS  0|AC  0|TAMS 0x00000007a7100000, 0x00000007a7100000|
| 114|0x00000007a7200000, 0x00000007a7200000, 0x00000007a7300000|  0%| F|  |TS  0|AC  0|TAMS 0x00000007a7200000, 0x00000007a7200000|
| 115|0x00000007a7300000, 0x00000007a7300000, 0x00000007a7400000|  0%| F|  |TS  0|AC  0|TAMS 0x00000007a7300000, 0x00000007a7300000|
| 116|0x00000007a7400000, 0x00000007a7400000, 0x00000007a7500000|  0%| F|  |TS  0|AC  0|TAMS 0x00000007a7400000, 0x00000007a7400000|
| 117|0x00000007a7500000, 0x00000007a7500000, 0x00000007a7600000|  0%| F|  |TS  0|AC  0|TAMS 0x00000007a7500000, 0x00000007a7500000|
| 118|0x00000007a7600000, 0x00000007a7600000, 0x00000007a7700000|  0%| F|  |TS  0|AC  0|TAMS 0x00000007a7600000, 0x00000007a7600000|
| 119|0x00000007a7700000, 0x00000007a7700000, 0x00000007a7800000|  0%| F|  |TS  0|AC  0|TAMS 0x00000007a7700000, 0x00000007a7700000|
| 120|0x00000007a7800000, 0x00000007a7800000, 0x00000007a7900000|  0%| F|  |TS  0|AC  0|TAMS 0x00000007a7800000, 0x00000007a7800000|
| 121|0x00000007a7900000, 0x00000007a7900000, 0x00000007a7a00000|  0%| F|  |TS  0|AC  0|TAMS 0x00000007a7900000, 0x00000007a7900000|
| 122|0x00000007a7a00000, 0x00000007a7a00000, 0x00000007a7b00000|  0%| F|  |TS  0|AC  0|TAMS 0x00000007a7a00000, 0x00000007a7a00000|
| 123|0x00000007a7b00000, 0x00000007a7b00000, 0x00000007a7c00000|  0%| F|  |TS  0|AC  0|TAMS 0x00000007a7b00000, 0x00000007a7b00000|
| 124|0x00000007a7c00000, 0x00000007a7c00000, 0x00000007a7d00000|  0%| F|  |TS  0|AC  0|TAMS 0x00000007a7c00000, 0x00000007a7c00000|
| 125|0x00000007a7d00000, 0x00000007a7d00000, 0x00000007a7e00000|  0%| F|  |TS  0|AC  0|TAMS 0x00000007a7d00000, 0x00000007a7d00000|
| 126|0x00000007a7e00000, 0x00000007a7e00000, 0x00000007a7f00000|  0%| F|  |TS  0|AC  0|TAMS 0x00000007a7e00000, 0x00000007a7e00000|
| 127|0x00000007a7f00000, 0x00000007a7f00000, 0x00000007a8000000|  0%| F|  |TS  0|AC  0|TAMS 0x00000007a7f00000, 0x00000007a7f00000|
| 128|0x00000007a8000000, 0x00000007a8000000, 0x00000007a8100000|  0%| F|  |TS  0|AC  0|TAMS 0x00000007a8000000, 0x00000007a8000000|
| 129|0x00000007a8100000, 0x00000007a8100000, 0x00000007a8200000|  0%| F|  |TS  0|AC  0|TAMS 0x00000007a8100000, 0x00000007a8100000|
| 130|0x00000007a8200000, 0x00000007a8200000, 0x00000007a8300000|  0%| F|  |TS  0|AC  0|TAMS 0x00000007a8200000, 0x00000007a8200000|
| 131|0x00000007a8300000, 0x00000007a8300000, 0x00000007a8400000|  0%| F|  |TS  0|AC  0|TAMS 0x00000007a8300000, 0x00000007a8300000|
| 132|0x00000007a8400000, 0x00000007a8400000, 0x00000007a8500000|  0%| F|  |TS  0|AC  0|TAMS 0x00000007a8400000, 0x00000007a8400000|
| 133|0x00000007a8500000, 0x00000007a8500000, 0x00000007a8600000|  0%| F|  |TS  0|AC  0|TAMS 0x00000007a8500000, 0x00000007a8500000|
| 134|0x00000007a8600000, 0x00000007a8600000, 0x00000007a8700000|  0%| F|  |TS  0|AC  0|TAMS 0x00000007a8600000, 0x00000007a8600000|
| 135|0x00000007a8700000, 0x00000007a8700000, 0x00000007a8800000|  0%| F|  |TS  0|AC  0|TAMS 0x00000007a8700000, 0x00000007a8700000|
| 136|0x00000007a8800000, 0x00000007a8800000, 0x00000007a8900000|  0%| F|  |TS  0|AC  0|TAMS 0x00000007a8800000, 0x00000007a8800000|
| 137|0x00000007a8900000, 0x00000007a8900000, 0x00000007a8a00000|  0%| F|  |TS  0|AC  0|TAMS 0x00000007a8900000, 0x00000007a8900000|
| 138|0x00000007a8a00000, 0x00000007a8a00000, 0x00000007a8b00000|  0%| F|  |TS  0|AC  0|TAMS 0x00000007a8a00000, 0x00000007a8a00000|
| 139|0x00000007a8b00000, 0x00000007a8b00000, 0x00000007a8c00000|  0%| F|  |TS  0|AC  0|TAMS 0x00000007a8b00000, 0x00000007a8b00000|
| 140|0x00000007a8c00000, 0x00000007a8c00000, 0x00000007a8d00000|  0%| F|  |TS  0|AC  0|TAMS 0x00000007a8c00000, 0x00000007a8c00000|
| 141|0x00000007a8d00000, 0x00000007a8d00000, 0x00000007a8e00000|  0%| F|  |TS  0|AC  0|TAMS 0x00000007a8d00000, 0x00000007a8d00000|
| 142|0x00000007a8e00000, 0x00000007a8e00000, 0x00000007a8f00000|  0%| F|  |TS  0|AC  0|TAMS 0x00000007a8e00000, 0x00000007a8e00000|
| 143|0x00000007a8f00000, 0x00000007a8f00000, 0x00000007a9000000|  0%| F|  |TS  0|AC  0|TAMS 0x00000007a8f00000, 0x00000007a8f00000|
| 144|0x00000007a9000000, 0x00000007a9000000, 0x00000007a9100000|  0%| F|  |TS  0|AC  0|TAMS 0x00000007a9000000, 0x00000007a9000000|
| 145|0x00000007a9100000, 0x00000007a9100000, 0x00000007a9200000|  0%| F|  |TS  0|AC  0|TAMS 0x00000007a9100000, 0x00000007a9100000|
| 146|0x00000007a9200000, 0x00000007a9200000, 0x00000007a9300000|  0%| F|  |TS  0|AC  0|TAMS 0x00000007a9200000, 0x00000007a9200000|
| 147|0x00000007a9300000, 0x00000007a9300000, 0x00000007a9400000|  0%| F|  |TS  0|AC  0|TAMS 0x00000007a9300000, 0x00000007a9300000|
| 148|0x00000007a9400000, 0x00000007a9400000, 0x00000007a9500000|  0%| F|  |TS  0|AC  0|TAMS 0x00000007a9400000, 0x00000007a9400000|
| 149|0x00000007a9500000, 0x00000007a9500000, 0x00000007a9600000|  0%| F|  |TS  0|AC  0|TAMS 0x00000007a9500000, 0x00000007a9500000|
| 150|0x00000007a9600000, 0x00000007a9600000, 0x00000007a9700000|  0%| F|  |TS  0|AC  0|TAMS 0x00000007a9600000, 0x00000007a9600000|
| 151|0x00000007a9700000, 0x00000007a9700000, 0x00000007a9800000|  0%| F|  |TS  0|AC  0|TAMS 0x00000007a9700000, 0x00000007a9700000|
| 152|0x00000007a9800000, 0x00000007a9800000, 0x00000007a9900000|  0%| F|  |TS  0|AC  0|TAMS 0x00000007a9800000, 0x00000007a9800000|
| 153|0x00000007a9900000, 0x00000007a9900000, 0x00000007a9a00000|  0%| F|  |TS  0|AC  0|TAMS 0x00000007a9900000, 0x00000007a9900000|
| 154|0x00000007a9a00000, 0x00000007a9a00000, 0x00000007a9b00000|  0%| F|  |TS  0|AC  0|TAMS 0x00000007a9a00000, 0x00000007a9a00000|
| 155|0x00000007a9b00000, 0x00000007a9b00000, 0x00000007a9c00000|  0%| F|  |TS  0|AC  0|TAMS 0x00000007a9b00000, 0x00000007a9b00000|
| 156|0x00000007a9c00000, 0x00000007a9c00000, 0x00000007a9d00000|  0%| F|  |TS  0|AC  0|TAMS 0x00000007a9c00000, 0x00000007a9c00000|
| 157|0x00000007a9d00000, 0x00000007a9d00000, 0x00000007a9e00000|  0%| F|  |TS  0|AC  0|TAMS 0x00000007a9d00000, 0x00000007a9d00000|
| 158|0x00000007a9e00000, 0x00000007a9e00000, 0x00000007a9f00000|  0%| F|  |TS  0|AC  0|TAMS 0x00000007a9e00000, 0x00000007a9e00000|
| 159|0x00000007a9f00000, 0x00000007a9f00000, 0x00000007aa000000|  0%| F|  |TS  0|AC  0|TAMS 0x00000007a9f00000, 0x00000007a9f00000|
| 160|0x00000007aa000000, 0x00000007aa000000, 0x00000007aa100000|  0%| F|  |TS  0|AC  0|TAMS 0x00000007aa000000, 0x00000007aa000000|
| 161|0x00000007aa100000, 0x00000007aa100000, 0x00000007aa200000|  0%| F|  |TS  0|AC  0|TAMS 0x00000007aa100000, 0x00000007aa100000|
| 162|0x00000007aa200000, 0x00000007aa200000, 0x00000007aa300000|  0%| F|  |TS  0|AC  0|TAMS 0x00000007aa200000, 0x00000007aa200000|
| 163|0x00000007aa300000, 0x00000007aa300000, 0x00000007aa400000|  0%| F|  |TS  0|AC  0|TAMS 0x00000007aa300000, 0x00000007aa300000|
| 164|0x00000007aa400000, 0x00000007aa400000, 0x00000007aa500000|  0%| F|  |TS  0|AC  0|TAMS 0x00000007aa400000, 0x00000007aa400000|
| 165|0x00000007aa500000, 0x00000007aa600000, 0x00000007aa600000|100%| E|  |TS  0|AC  0|TAMS 0x00000007aa500000, 0x00000007aa500000|
| 166|0x00000007aa600000, 0x00000007aa700000, 0x00000007aa700000|100%| E|CS|TS  0|AC  0|TAMS 0x00000007aa600000, 0x00000007aa600000|
| 167|0x00000007aa700000, 0x00000007aa800000, 0x00000007aa800000|100%| E|CS|TS  0|AC  0|TAMS 0x00000007aa700000, 0x00000007aa700000|
| 168|0x00000007aa800000, 0x00000007aa900000, 0x00000007aa900000|100%| E|CS|TS  0|AC  0|TAMS 0x00000007aa800000, 0x00000007aa800000|
| 169|0x00000007aa900000, 0x00000007aaa00000, 0x00000007aaa00000|100%| E|CS|TS  0|AC  0|TAMS 0x00000007aa900000, 0x00000007aa900000|

Card table byte_map: [0x000000010ba78000,0x000000010bb78000] byte_map_base: 0x0000000107d78000

Marking Bits (Prev, Next): (CMBitMap*) 0x00007f9efb02aca8, (CMBitMap*) 0x00007f9efb02ac70
 Prev Bits: [0x000000010c478000, 0x000000010cc78000)
 Next Bits: [0x000000010bc78000, 0x000000010c478000)

Polling page: 0x0000000109d4c000

CodeHeap 'non-profiled nmethods': size=120032Kb used=6754Kb max_used=6762Kb free=113278Kb
 bounds [0x000000011e6de000, 0x000000011ed7e000, 0x0000000125c16000]
CodeHeap 'profiled nmethods': size=120032Kb used=18097Kb max_used=18097Kb free=101934Kb
 bounds [0x00000001171a6000, 0x0000000118366000, 0x000000011e6de000]
CodeHeap 'non-nmethods': size=5696Kb used=1735Kb max_used=1791Kb free=3960Kb
 bounds [0x0000000116c16000, 0x0000000116e86000, 0x00000001171a6000]
 total_blobs=12118 nmethods=7754 adapters=1120
 compilation: enabled

Compilation events (10 events):
Event: 80.642 Thread 0x00007f9efa810000 nmethod 8056 0x000000011e75af90 code [0x000000011e75b120, 0x000000011e75b458]
Event: 80.642 Thread 0x00007f9efc025800 nmethod 8076 0x000000011e754290 code [0x000000011e754440, 0x000000011e754550]
Event: 80.642 Thread 0x00007f9efc025800 8077       3       java.util.WeakHashMap::get (77 bytes)
Event: 80.643 Thread 0x00007f9efc025800 nmethod 8077 0x0000000117a7ab10 code [0x0000000117a7ad40, 0x0000000117a7b608]
Event: 80.643 Thread 0x00007f9efc025800 8075       3       java.awt.Component::isFocusOwner (5 bytes)
Event: 80.643 Thread 0x00007f9efc025800 nmethod 8075 0x000000011785e990 code [0x000000011785eb80, 0x000000011785ef88]
Event: 80.643 Thread 0x00007f9efc025800 8070       1       com.anylogic.engine.presentation.ToolBar$a::toString (5 bytes)
Event: 80.643 Thread 0x00007f9efc025800 nmethod 8070 0x000000011e759810 code [0x000000011e7599c0, 0x000000011e759ad0]
Event: 80.643 Thread 0x00007f9efc025800 8078       1       java.awt.Component::setAutoFocusTransferOnDisposal (6 bytes)
Event: 80.643 Thread 0x00007f9efc025800 nmethod 8078 0x000000011e75ac90 code [0x000000011e75ae40, 0x000000011e75af50]

GC Heap History (10 events):
Event: 62.374 GC heap before
{Heap before GC invocations=40 (full 0):
 garbage-first heap   total 262144K, used 216321K [0x00000007a0000000, 0x00000007a0100800, 0x00000007c0000000)
  region size 1024K, 103 young (105472K), 9 survivors (9216K)
 Metaspace       used 37270K, capacity 38475K, committed 38784K, reserved 1083392K
  class space    used 4626K, capacity 4870K, committed 4992K, reserved 1048576K
}
Event: 62.383 GC heap after
{Heap after GC invocations=41 (full 0):
 garbage-first heap   total 262144K, used 119649K [0x00000007a0000000, 0x00000007a0100800, 0x00000007c0000000)
  region size 1024K, 8 young (8192K), 8 survivors (8192K)
 Metaspace       used 37270K, capacity 38475K, committed 38784K, reserved 1083392K
  class space    used 4626K, capacity 4870K, committed 4992K, reserved 1048576K
}
Event: 62.420 GC heap before
{Heap before GC invocations=41 (full 0):
 garbage-first heap   total 262144K, used 123745K [0x00000007a0000000, 0x00000007a0100800, 0x00000007c0000000)
  region size 1024K, 12 young (12288K), 8 survivors (8192K)
 Metaspace       used 37270K, capacity 38475K, committed 38784K, reserved 1083392K
  class space    used 4626K, capacity 4870K, committed 4992K, reserved 1048576K
}
Event: 62.426 GC heap after
{Heap after GC invocations=42 (full 0):
 garbage-first heap   total 262144K, used 93029K [0x00000007a0000000, 0x00000007a0100800, 0x00000007c0000000)
  region size 1024K, 1 young (1024K), 1 survivors (1024K)
 Metaspace       used 37270K, capacity 38475K, committed 38784K, reserved 1083392K
  class space    used 4626K, capacity 4870K, committed 4992K, reserved 1048576K
}
Event: 62.539 GC heap before
{Heap before GC invocations=42 (full 0):
 garbage-first heap   total 262144K, used 104293K [0x00000007a0000000, 0x00000007a0100800, 0x00000007c0000000)
  region size 1024K, 13 young (13312K), 1 survivors (1024K)
 Metaspace       used 37270K, capacity 38475K, committed 38784K, reserved 1083392K
  class space    used 4626K, capacity 4870K, committed 4992K, reserved 1048576K
}
Event: 62.545 GC heap after
{Heap after GC invocations=43 (full 0):
 garbage-first heap   total 262144K, used 68972K [0x00000007a0000000, 0x00000007a0100800, 0x00000007c0000000)
  region size 1024K, 1 young (1024K), 1 survivors (1024K)
 Metaspace       used 37270K, capacity 38475K, committed 38784K, reserved 1083392K
  class space    used 4626K, capacity 4870K, committed 4992K, reserved 1048576K
}
Event: 62.640 GC heap before
{Heap before GC invocations=43 (full 0):
 garbage-first heap   total 262144K, used 80236K [0x00000007a0000000, 0x00000007a0100800, 0x00000007c0000000)
  region size 1024K, 12 young (12288K), 1 survivors (1024K)
 Metaspace       used 37270K, capacity 38475K, committed 38784K, reserved 1083392K
  class space    used 4626K, capacity 4870K, committed 4992K, reserved 1048576K
}
Event: 62.644 GC heap after
{Heap after GC invocations=44 (full 0):
 garbage-first heap   total 262144K, used 68697K [0x00000007a0000000, 0x00000007a0100800, 0x00000007c0000000)
  region size 1024K, 1 young (1024K), 1 survivors (1024K)
 Metaspace       used 37270K, capacity 38475K, committed 38784K, reserved 1083392K
  class space    used 4626K, capacity 4870K, committed 4992K, reserved 1048576K
}
Event: 80.493 GC heap before
{Heap before GC invocations=44 (full 0):
 garbage-first heap   total 262144K, used 193625K [0x00000007a0000000, 0x00000007a0100800, 0x00000007c0000000)
  region size 1024K, 124 young (126976K), 1 survivors (1024K)
 Metaspace       used 37913K, capacity 39125K, committed 39424K, reserved 1083392K
  class space    used 4720K, capacity 4997K, committed 5120K, reserved 1048576K
}
Event: 80.612 GC heap after
{Heap after GC invocations=45 (full 1):
 garbage-first heap   total 174080K, used 52011K [0x00000007a0000000, 0x00000007a0100550, 0x00000007c0000000)
  region size 1024K, 0 young (0K), 0 survivors (0K)
 Metaspace       used 37913K, capacity 39125K, committed 39424K, reserved 1083392K
  class space    used 4720K, capacity 4997K, committed 5120K, reserved 1048576K
}

Deoptimization events (10 events):
Event: 80.624 Thread 0x00007f9efc3ac800 Uncommon trap: reason=class_check action=maybe_recompile pc=0x000000011e95f638 method=sun.java2d.pipe.AlphaColorPipe.renderPathTile(Ljava/lang/Object;[BIIIIII)V @ 35 c2
Event: 80.625 Thread 0x00007f9efc3ac800 Uncommon trap: reason=class_check action=maybe_recompile pc=0x000000011e95f638 method=sun.java2d.pipe.AlphaColorPipe.renderPathTile(Ljava/lang/Object;[BIIIIII)V @ 35 c2
Event: 80.625 Thread 0x00007f9efc3ac800 Uncommon trap: reason=class_check action=maybe_recompile pc=0x000000011e95f638 method=sun.java2d.pipe.AlphaColorPipe.renderPathTile(Ljava/lang/Object;[BIIIIII)V @ 35 c2
Event: 80.625 Thread 0x00007f9efc3ac800 Uncommon trap: reason=null_check action=make_not_entrant pc=0x000000011eac4d0c method=sun.font.Font2D.getStrike(Lsun/font/FontStrikeDesc;Z)Lsun/font/FontStrike; @ 36 c2
Event: 80.625 Thread 0x00007f9efc3ac800 Uncommon trap: reason=unstable_if action=reinterpret pc=0x000000011ebc150c method=sun.font.FontStrikeDesc.hashCode()I @ 4 c2
Event: 80.625 Thread 0x00007f9efc3ac800 Uncommon trap: reason=unstable_if action=reinterpret pc=0x000000011ece2f7c method=sun.font.CStrike.getFontMetrics()Lsun/font/StrikeMetrics; @ 4 c2
Event: 80.634 Thread 0x00007f9efc3ac800 Uncommon trap: reason=unstable_if action=reinterpret pc=0x000000011ec6187c method=sun.java2d.pipe.Region.intersectsQuickCheck(Lsun/java2d/pipe/Region;)Z @ 19 c2
Event: 80.635 Thread 0x00007f9efc3ac800 Uncommon trap: reason=unstable_if action=reinterpret pc=0x000000011ebaf6bc method=sun.java2d.opengl.OGLRenderer.validateContext(Lsun/java2d/SunGraphics2D;)V @ 10 c2
Event: 80.635 Thread 0x00007f9efc3ac800 Uncommon trap: reason=bimorphic_or_optimized_type_check action=maybe_recompile pc=0x000000011e7679fc method=sun.java2d.pipe.PixelToParallelogramConverter.fill(Lsun/java2d/SunGraphics2D;Ljava/awt/Shape;)V @ 70 c2
Event: 80.638 Thread 0x00007f9efc3ac800 Uncommon trap: reason=class_check action=maybe_recompile pc=0x000000011ed67950 method=java.awt.event.InvocationEvent.dispatch()V @ 11 c2

Classes redefined (0 events):
No events

Internal exceptions (10 events):
Event: 63.325 Thread 0x00007f9efc3ac800 Implicit null exception at 0x000000011ec4d4d4 to 0x000000011ec4d555
Event: 63.328 Thread 0x00007f9efc232800 Implicit null exception at 0x000000011eb40f4e to 0x000000011eb44171
Event: 63.374 Thread 0x00007f9efc3ac800 Implicit null exception at 0x000000011ec36553 to 0x000000011ec39161
Event: 63.408 Thread 0x00007f9efc3ac800 Exception <a 'java/lang/NoSuchMethodError'{0x00000007abaf1b50}: method resolution failed> (0x00000007abaf1b50) thrown at [/scratch/mesos/slaves/5af44a71-976a-41b7-81de-5773b84ec572-S38393/frameworks/1735e8a2-a1db-478c-8104-60c8b0af87dd-0196/executors/8b85
Event: 63.409 Thread 0x00007f9efc3ac800 Exception <a 'java/lang/NoSuchMethodError'{0x00000007abaf81c8}: java.lang.invoke.DirectMethodHandle$Holder.invokeStatic(Ljava/lang/Object;Ljava/lang/Object;IIII)Ljava/lang/Object;> (0x00000007abaf81c8) thrown at [/scratch/mesos/slaves/5af44a71-976a-41b7-8
Event: 63.410 Thread 0x00007f9efc3ac800 Exception <a 'java/lang/NoSuchMethodError'{0x00000007abafbfa8}: method resolution failed> (0x00000007abafbfa8) thrown at [/scratch/mesos/slaves/5af44a71-976a-41b7-81de-5773b84ec572-S38393/frameworks/1735e8a2-a1db-478c-8104-60c8b0af87dd-0196/executors/8b85
Event: 80.489 Thread 0x00007f9efa859000 Implicit null exception at 0x000000011e98b2ff to 0x000000011e98c9dd
Event: 80.491 Thread 0x00007f9efa859000 Implicit null exception at 0x000000011ecfceb8 to 0x000000011ecfe40b
Event: 80.624 Thread 0x00007f9efc3ac800 Implicit null exception at 0x000000011eaa3265 to 0x000000011eaa4791
Event: 80.625 Thread 0x00007f9efc3ac800 Implicit null exception at 0x000000011eac44ab to 0x000000011eac4cfd

Events (10 events):
Event: 80.635 Thread 0x00007f9efc3ac800 DEOPT PACKING pc=0x000000011ebaf6bc sp=0x000070000e31dcf0
Event: 80.635 Thread 0x00007f9efc3ac800 DEOPT UNPACKING pc=0x0000000116c63c9f sp=0x000070000e31dcc0 mode 2
Event: 80.635 Thread 0x00007f9efc3ac800 Uncommon trap: trap_request=0xffffffc6 fr.pc=0x000000011e7679fc relative=0x000000000000037c
Event: 80.635 Thread 0x00007f9efc3ac800 DEOPT PACKING pc=0x000000011e7679fc sp=0x000070000e31df10
Event: 80.635 Thread 0x00007f9efc3ac800 DEOPT UNPACKING pc=0x0000000116c63c9f sp=0x000070000e31deb0 mode 2
Event: 80.638 Thread 0x00007f9efc3ac800 Uncommon trap: trap_request=0xffffffde fr.pc=0x000000011ed67950 relative=0x00000000000005d0
Event: 80.638 Thread 0x00007f9efc3ac800 DEOPT PACKING pc=0x000000011ed67950 sp=0x000070000e31ea90
Event: 80.638 Thread 0x00007f9efc3ac800 DEOPT UNPACKING pc=0x0000000116c63c9f sp=0x000070000e31e8b0 mode 2
Event: 80.641 loading class jogamp/opengl/macosx/cgl/MacOSXCGLContext$NSOpenGLImpl$DetachGLLayerCmd
Event: 80.641 loading class jogamp/opengl/macosx/cgl/MacOSXCGLContext$NSOpenGLImpl$DetachGLLayerCmd done


Dynamic libraries:
0x00007fff54442000 	/System/Library/Frameworks/Cocoa.framework/Versions/A/Cocoa
0x00007fff607ff000 	/System/Library/Frameworks/Security.framework/Versions/A/Security
0x00007fff530b1000 	/System/Library/Frameworks/ApplicationServices.framework/Versions/A/ApplicationServices
0x00007fff7c36f000 	/usr/lib/libz.1.dylib
0x00007fff7a383000 	/usr/lib/libSystem.B.dylib
0x00007fff54bdc000 	/System/Library/Frameworks/CoreFoundation.framework/Versions/A/CoreFoundation
0x00007fff56d12000 	/System/Library/Frameworks/Foundation.framework/Versions/C/Foundation
0x00007fff7b984000 	/usr/lib/libobjc.A.dylib
0x00007fff52202000 	/System/Library/Frameworks/AppKit.framework/Versions/C/AppKit
0x00007fff547ba000 	/System/Library/Frameworks/CoreData.framework/Versions/A/CoreData
0x00007fff73db4000 	/System/Library/PrivateFrameworks/RemoteViewServices.framework/Versions/A/RemoteViewServices
0x00007fff78409000 	/System/Library/PrivateFrameworks/UIFoundation.framework/Versions/A/UIFoundation
0x00007fff68dfe000 	/System/Library/PrivateFrameworks/DFRFoundation.framework/Versions/A/DFRFoundation
0x00007fff591e9000 	/System/Library/Frameworks/Metal.framework/Versions/A/Metal
0x00007fff68f9f000 	/System/Library/PrivateFrameworks/DesktopServicesPriv.framework/Versions/A/DesktopServicesPriv
0x00007fff7af86000 	/usr/lib/libenergytrace.dylib
0x00007fff7652d000 	/System/Library/PrivateFrameworks/SkyLight.framework/Versions/A/SkyLight
0x00007fff5507e000 	/System/Library/Frameworks/CoreGraphics.framework/Versions/A/CoreGraphics
0x00007fff7a37e000 	/usr/lib/libScreenReader.dylib
0x00007fff511c3000 	/System/Library/Frameworks/Accelerate.framework/Versions/A/Accelerate
0x00007fff57489000 	/System/Library/Frameworks/IOSurface.framework/Versions/A/IOSurface
0x00007fff535fb000 	/System/Library/Frameworks/AudioToolbox.framework/Versions/A/AudioToolbox
0x00007fff53888000 	/System/Library/Frameworks/AudioUnit.framework/Versions/A/AudioUnit
0x00007fff68e9a000 	/System/Library/PrivateFrameworks/DataDetectorsCore.framework/Versions/A/DataDetectorsCore
0x00007fff53f49000 	/System/Library/Frameworks/Carbon.framework/Versions/A/Frameworks/HIToolbox.framework/Versions/A/HIToolbox
0x00007fff7b0e0000 	/usr/lib/libicucore.A.dylib
0x00007fff5fd7e000 	/System/Library/Frameworks/QuartzCore.framework/Versions/A/QuartzCore
0x00007fff5432f000 	/System/Library/Frameworks/Carbon.framework/Versions/A/Frameworks/SpeechRecognition.framework/Versions/A/SpeechRecognition
0x00007fff7a4df000 	/usr/lib/libauto.dylib
0x00007fff7c25e000 	/usr/lib/libxml2.2.dylib
0x00007fff68a78000 	/System/Library/PrivateFrameworks/CoreUI.framework/Versions/A/CoreUI
0x00007fff54696000 	/System/Library/Frameworks/CoreAudio.framework/Versions/A/CoreAudio
0x00007fff56b4c000 	/System/Library/Frameworks/DiskArbitration.framework/Versions/A/DiskArbitration
0x00007fff7b354000 	/usr/lib/liblangid.dylib
0x00007fff70303000 	/System/Library/PrivateFrameworks/MultitouchSupport.framework/Versions/A/MultitouchSupport
0x00007fff573ec000 	/System/Library/Frameworks/IOKit.framework/Versions/A/IOKit
0x00007fff7a01b000 	/usr/lib/libDiagnosticMessagesClient.dylib
0x00007fff55d3c000 	/System/Library/Frameworks/CoreServices.framework/Versions/A/CoreServices
0x00007fff71d9d000 	/System/Library/PrivateFrameworks/PerformanceAnalysis.framework/Versions/A/PerformanceAnalysis
0x00007fff5ef28000 	/System/Library/Frameworks/OpenGL.framework/Versions/A/OpenGL
0x00007fff54450000 	/System/Library/Frameworks/ColorSync.framework/Versions/A/ColorSync
0x00007fff5568d000 	/System/Library/Frameworks/CoreImage.framework/Versions/A/CoreImage
0x00007fff566bd000 	/System/Library/Frameworks/CoreText.framework/Versions/A/CoreText
0x00007fff574e7000 	/System/Library/Frameworks/ImageIO.framework/Versions/A/ImageIO
0x00007fff652d1000 	/System/Library/PrivateFrameworks/Backup.framework/Versions/A/Backup
0x00007fff7a42f000 	/usr/lib/libarchive.2.dylib
0x00007fff53b9d000 	/System/Library/Frameworks/CFNetwork.framework/Versions/A/CFNetwork
0x00007fff60f7b000 	/System/Library/Frameworks/SystemConfiguration.framework/Versions/A/SystemConfiguration
0x00007fff79f44000 	/usr/lib/libCRFSuite.dylib
0x00007fff7a5b7000 	/usr/lib/libc++.1.dylib
0x00007fff7a60e000 	/usr/lib/libc++abi.dylib
0x00007fff7c41f000 	/usr/lib/system/libcache.dylib
0x00007fff7c424000 	/usr/lib/system/libcommonCrypto.dylib
0x00007fff7c42f000 	/usr/lib/system/libcompiler_rt.dylib
0x00007fff7c437000 	/usr/lib/system/libcopyfile.dylib
0x00007fff7c440000 	/usr/lib/system/libcorecrypto.dylib
0x00007fff7c54d000 	/usr/lib/system/libdispatch.dylib
0x00007fff7c587000 	/usr/lib/system/libdyld.dylib
0x00007fff7c5a5000 	/usr/lib/system/libkeymgr.dylib
0x00007fff7c5b3000 	/usr/lib/system/liblaunch.dylib
0x00007fff7c5b4000 	/usr/lib/system/libmacho.dylib
0x00007fff7c5b9000 	/usr/lib/system/libquarantine.dylib
0x00007fff7c5bc000 	/usr/lib/system/libremovefile.dylib
0x00007fff7c5be000 	/usr/lib/system/libsystem_asl.dylib
0x00007fff7c5d6000 	/usr/lib/system/libsystem_blocks.dylib
0x00007fff7c5d7000 	/usr/lib/system/libsystem_c.dylib
0x00007fff7c661000 	/usr/lib/system/libsystem_configuration.dylib
0x00007fff7c665000 	/usr/lib/system/libsystem_coreservices.dylib
0x00007fff7c669000 	/usr/lib/system/libsystem_darwin.dylib
0x00007fff7c66b000 	/usr/lib/system/libsystem_dnssd.dylib
0x00007fff7c672000 	/usr/lib/system/libsystem_info.dylib
0x00007fff7c6e2000 	/usr/lib/system/libsystem_m.dylib
0x00007fff7c72e000 	/usr/lib/system/libsystem_malloc.dylib
0x00007fff7c74e000 	/usr/lib/system/libsystem_network.dylib
0x00007fff7c7f3000 	/usr/lib/system/libsystem_networkextension.dylib
0x00007fff7c7fe000 	/usr/lib/system/libsystem_notify.dylib
0x00007fff7c81c000 	/usr/lib/system/libsystem_sandbox.dylib
0x00007fff7c820000 	/usr/lib/system/libsystem_secinit.dylib
0x00007fff7c6bc000 	/usr/lib/system/libsystem_kernel.dylib
0x00007fff7c808000 	/usr/lib/system/libsystem_platform.dylib
0x00007fff7c810000 	/usr/lib/system/libsystem_pthread.dylib
0x00007fff7c822000 	/usr/lib/system/libsystem_symptoms.dylib
0x00007fff7c82a000 	/usr/lib/system/libsystem_trace.dylib
0x00007fff7c83f000 	/usr/lib/system/libunwind.dylib
0x00007fff7c845000 	/usr/lib/system/libxpc.dylib
0x00007fff79e71000 	/usr/lib/closure/libclosured.dylib
0x00007fff7a598000 	/usr/lib/libbsm.0.dylib
0x00007fff7c5a6000 	/usr/lib/system/libkxld.dylib
0x00007fff7a255000 	/usr/lib/libOpenScriptingUtil.dylib
0x00007fff7a908000 	/usr/lib/libcoretls.dylib
0x00007fff7a921000 	/usr/lib/libcoretls_cfhelpers.dylib
0x00007fff7bd85000 	/usr/lib/libpam.2.dylib
0x00007fff7beab000 	/usr/lib/libsqlite3.dylib
0x00007fff7c24d000 	/usr/lib/libxar.1.dylib
0x00007fff7a5a9000 	/usr/lib/libbz2.1.0.dylib
0x00007fff7b356000 	/usr/lib/liblzma.5.dylib
0x00007fff7b837000 	/usr/lib/libnetwork.dylib
0x00007fff7a418000 	/usr/lib/libapple_nghttp2.dylib
0x00007fff7bd8c000 	/usr/lib/libpcap.A.dylib
0x00007fff7a4e0000 	/usr/lib/libboringssl.dylib
0x00007fff7c20f000 	/usr/lib/libusrtcp.dylib
0x00007fff7a417000 	/usr/lib/libapple_crypto.dylib
0x00007fff560bf000 	/System/Library/Frameworks/CoreServices.framework/Versions/A/Frameworks/FSEvents.framework/Versions/A/FSEvents
0x00007fff55db2000 	/System/Library/Frameworks/CoreServices.framework/Versions/A/Frameworks/CarbonCore.framework/Versions/A/CarbonCore
0x00007fff56281000 	/System/Library/Frameworks/CoreServices.framework/Versions/A/Frameworks/Metadata.framework/Versions/A/Metadata
0x00007fff56331000 	/System/Library/Frameworks/CoreServices.framework/Versions/A/Frameworks/OSServices.framework/Versions/A/OSServices
0x00007fff5638f000 	/System/Library/Frameworks/CoreServices.framework/Versions/A/Frameworks/SearchKit.framework/Versions/A/SearchKit
0x00007fff55d3d000 	/System/Library/Frameworks/CoreServices.framework/Versions/A/Frameworks/AE.framework/Versions/A/AE
0x00007fff560c8000 	/System/Library/Frameworks/CoreServices.framework/Versions/A/Frameworks/LaunchServices.framework/Versions/A/LaunchServices
0x00007fff5608a000 	/System/Library/Frameworks/CoreServices.framework/Versions/A/Frameworks/DictionaryServices.framework/Versions/A/DictionaryServices
0x00007fff563fe000 	/System/Library/Frameworks/CoreServices.framework/Versions/A/Frameworks/SharedFileList.framework/Versions/A/SharedFileList
0x00007fff5a3b5000 	/System/Library/Frameworks/NetFS.framework/Versions/A/NetFS
0x00007fff70590000 	/System/Library/PrivateFrameworks/NetAuth.framework/Versions/A/NetAuth
0x00007fff79d0b000 	/System/Library/PrivateFrameworks/login.framework/Versions/A/Frameworks/loginsupport.framework/Versions/A/loginsupport
0x00007fff7808d000 	/System/Library/PrivateFrameworks/TCC.framework/Versions/A/TCC
0x00007fff7b437000 	/usr/lib/libmecabra.dylib
0x00007fff530b2000 	/System/Library/Frameworks/ApplicationServices.framework/Versions/A/Frameworks/ATS.framework/Versions/A/ATS
0x00007fff53460000 	/System/Library/Frameworks/ApplicationServices.framework/Versions/A/Frameworks/ColorSyncLegacy.framework/Versions/A/ColorSyncLegacy
0x00007fff53504000 	/System/Library/Frameworks/ApplicationServices.framework/Versions/A/Frameworks/HIServices.framework/Versions/A/HIServices
0x00007fff53557000 	/System/Library/Frameworks/ApplicationServices.framework/Versions/A/Frameworks/LangAnalysis.framework/Versions/A/LangAnalysis
0x00007fff53566000 	/System/Library/Frameworks/ApplicationServices.framework/Versions/A/Frameworks/PrintCore.framework/Versions/A/PrintCore
0x00007fff535b3000 	/System/Library/Frameworks/ApplicationServices.framework/Versions/A/Frameworks/QD.framework/Versions/A/QD
0x00007fff535ee000 	/System/Library/Frameworks/ApplicationServices.framework/Versions/A/Frameworks/SpeechSynthesis.framework/Versions/A/SpeechSynthesis
0x00007fff54b0f000 	/System/Library/Frameworks/CoreDisplay.framework/Versions/A/CoreDisplay
0x00007fff511db000 	/System/Library/Frameworks/Accelerate.framework/Versions/A/Frameworks/vImage.framework/Versions/A/vImage
0x00007fff51f12000 	/System/Library/Frameworks/Accelerate.framework/Versions/A/Frameworks/vecLib.framework/Versions/A/vecLib
0x00007fff51cb4000 	/System/Library/Frameworks/Accelerate.framework/Versions/A/Frameworks/vecLib.framework/Versions/A/libvDSP.dylib
0x00007fff51835000 	/System/Library/Frameworks/Accelerate.framework/Versions/A/Frameworks/vecLib.framework/Versions/A/libBNNS.dylib
0x00007fff51c3b000 	/System/Library/Frameworks/Accelerate.framework/Versions/A/Frameworks/vecLib.framework/Versions/A/libQuadrature.dylib
0x00007fff51e61000 	/System/Library/Frameworks/Accelerate.framework/Versions/A/Frameworks/vecLib.framework/Versions/A/libvMisc.dylib
0x00007fff51864000 	/System/Library/Frameworks/Accelerate.framework/Versions/A/Frameworks/vecLib.framework/Versions/A/libLAPACK.dylib
0x00007fff516da000 	/System/Library/Frameworks/Accelerate.framework/Versions/A/Frameworks/vecLib.framework/Versions/A/libBLAS.dylib
0x00007fff51c25000 	/System/Library/Frameworks/Accelerate.framework/Versions/A/Frameworks/vecLib.framework/Versions/A/libLinearAlgebra.dylib
0x00007fff51c41000 	/System/Library/Frameworks/Accelerate.framework/Versions/A/Frameworks/vecLib.framework/Versions/A/libSparse.dylib
0x00007fff51ca0000 	/System/Library/Frameworks/Accelerate.framework/Versions/A/Frameworks/vecLib.framework/Versions/A/libSparseBLAS.dylib
0x00007fff6ec32000 	/System/Library/PrivateFrameworks/IOAccelerator.framework/Versions/A/IOAccelerator
0x00007fff6ec3d000 	/System/Library/PrivateFrameworks/IOPresentment.framework/Versions/A/IOPresentment
0x00007fff68e10000 	/System/Library/PrivateFrameworks/DSExternalDisplay.framework/Versions/A/DSExternalDisplay
0x00007fff5e3aa000 	/System/Library/Frameworks/OpenGL.framework/Versions/A/Libraries/libCoreFSCache.dylib
0x00007fff5680c000 	/System/Library/Frameworks/CoreVideo.framework/Versions/A/CoreVideo
0x00007fff6e285000 	/System/Library/PrivateFrameworks/GraphVisualizer.framework/Versions/A/GraphVisualizer
0x00007fff593ac000 	/System/Library/Frameworks/MetalPerformanceShaders.framework/Versions/A/MetalPerformanceShaders
0x00007fff7a053000 	/usr/lib/libFosl_dynamic.dylib
0x00007fff69e43000 	/System/Library/PrivateFrameworks/FaceCore.framework/Versions/A/FaceCore
0x00007fff5d1b2000 	/System/Library/Frameworks/OpenCL.framework/Versions/A/OpenCL
0x00007fff7a645000 	/usr/lib/libcompression.dylib
0x00007fff531b1000 	/System/Library/Frameworks/ApplicationServices.framework/Versions/A/Frameworks/ATS.framework/Versions/A/Resources/libFontParser.dylib
0x00007fff532d4000 	/System/Library/Frameworks/ApplicationServices.framework/Versions/A/Frameworks/ATS.framework/Versions/A/Resources/libFontRegistry.dylib
0x00007fff5774c000 	/System/Library/Frameworks/ImageIO.framework/Versions/A/Resources/libJPEG.dylib
0x00007fff57a75000 	/System/Library/Frameworks/ImageIO.framework/Versions/A/Resources/libTIFF.dylib
0x00007fff57a4b000 	/System/Library/Frameworks/ImageIO.framework/Versions/A/Resources/libPng.dylib
0x00007fff5765f000 	/System/Library/Frameworks/ImageIO.framework/Versions/A/Resources/libGIF.dylib
0x00007fff57664000 	/System/Library/Frameworks/ImageIO.framework/Versions/A/Resources/libJP2.dylib
0x00007fff57a72000 	/System/Library/Frameworks/ImageIO.framework/Versions/A/Resources/libRadiance.dylib
0x00007fff64a32000 	/System/Library/PrivateFrameworks/AppleJPEG.framework/Versions/A/AppleJPEG
0x00007fff7007d000 	/System/Library/PrivateFrameworks/MetalTools.framework/Versions/A/MetalTools
0x00007fff59285000 	/System/Library/Frameworks/MetalPerformanceShaders.framework/Frameworks/MPSCore.framework/Versions/A/MPSCore
0x00007fff5929b000 	/System/Library/Frameworks/MetalPerformanceShaders.framework/Frameworks/MPSImage.framework/Versions/A/MPSImage
0x00007fff59307000 	/System/Library/Frameworks/MetalPerformanceShaders.framework/Frameworks/MPSMatrix.framework/Versions/A/MPSMatrix
0x00007fff5932b000 	/System/Library/Frameworks/MetalPerformanceShaders.framework/Frameworks/MPSNeuralNetwork.framework/Versions/A/MPSNeuralNetwork
0x00007fff5e572000 	/System/Library/Frameworks/OpenGL.framework/Versions/A/Libraries/libGLU.dylib
0x00007fff5e3b4000 	/System/Library/Frameworks/OpenGL.framework/Versions/A/Libraries/libGFXShared.dylib
0x00007fff5e3bd000 	/System/Library/Frameworks/OpenGL.framework/Versions/A/Libraries/libGL.dylib
0x00007fff5e3c9000 	/System/Library/Frameworks/OpenGL.framework/Versions/A/Libraries/libGLImage.dylib
0x00007fff5e3a7000 	/System/Library/Frameworks/OpenGL.framework/Versions/A/Libraries/libCVMSPluginSupport.dylib
0x00007fff5e3af000 	/System/Library/Frameworks/OpenGL.framework/Versions/A/Libraries/libCoreVMClient.dylib
0x00007fff7adf2000 	/usr/lib/libcups.2.dylib
0x00007fff58851000 	/System/Library/Frameworks/Kerberos.framework/Versions/A/Kerberos
0x00007fff57147000 	/System/Library/Frameworks/GSS.framework/Versions/A/GSS
0x00007fff7be3f000 	/usr/lib/libresolv.9.dylib
0x00007fff7afee000 	/usr/lib/libiconv.2.dylib
0x00007fff6e30c000 	/System/Library/PrivateFrameworks/Heimdal.framework/Versions/A/Heimdal
0x00007fff7afbd000 	/usr/lib/libheimdal-asn1.dylib
0x00007fff5d21d000 	/System/Library/Frameworks/OpenDirectory.framework/Versions/A/OpenDirectory
0x00007fff66ce8000 	/System/Library/PrivateFrameworks/CommonAuth.framework/Versions/A/CommonAuth
0x00007fff5d200000 	/System/Library/Frameworks/OpenDirectory.framework/Versions/A/Frameworks/CFOpenDirectory.framework/Versions/A/CFOpenDirectory
0x00007fff60b17000 	/System/Library/Frameworks/SecurityFoundation.framework/Versions/A/SecurityFoundation
0x00007fff63c1e000 	/System/Library/PrivateFrameworks/APFS.framework/Versions/A/APFS
0x00007fff7c249000 	/usr/lib/libutil.dylib
0x00007fff64ab5000 	/System/Library/PrivateFrameworks/AppleSauce.framework/Versions/A/AppleSauce
0x00007fff6f414000 	/System/Library/PrivateFrameworks/LinguisticData.framework/Versions/A/LinguisticData
0x00007fff7b370000 	/usr/lib/libmarisa.dylib
0x00007fff6f3ce000 	/System/Library/PrivateFrameworks/Lexicon.framework/Versions/A/Lexicon
0x00007fff79f7e000 	/usr/lib/libChineseTokenizer.dylib
0x00007fff7a634000 	/usr/lib/libcmph.dylib
0x00007fff6f2d8000 	/System/Library/PrivateFrameworks/LanguageModeling.framework/Versions/A/LanguageModeling
0x00007fff676fe000 	/System/Library/PrivateFrameworks/CoreEmoji.framework/Versions/A/CoreEmoji
0x00007fff60bd3000 	/System/Library/Frameworks/ServiceManagement.framework/Versions/A/ServiceManagement
0x00007fff652c9000 	/System/Library/PrivateFrameworks/BackgroundTaskManagement.framework/Versions/A/BackgroundTaskManagement
0x00007fff7c346000 	/usr/lib/libxslt.1.dylib
0x00007fff54259000 	/System/Library/Frameworks/Carbon.framework/Versions/A/Frameworks/Ink.framework/Versions/A/Ink
0x00007fff782a1000 	/System/Library/PrivateFrameworks/TextureIO.framework/Versions/A/TextureIO
0x00007fff7a45a000 	/usr/lib/libate.dylib
0x00007fff68d72000 	/System/Library/PrivateFrameworks/CrashReporterSupport.framework/Versions/A/CrashReporterSupport
0x00007fff756f4000 	/System/Library/PrivateFrameworks/Sharing.framework/Versions/A/Sharing
0x00007fff6f01e000 	/System/Library/PrivateFrameworks/IconServices.framework/Versions/A/IconServices
0x00007fff73bb9000 	/System/Library/PrivateFrameworks/ProtocolBuffer.framework/Versions/A/ProtocolBuffer
0x00007fff648bd000 	/System/Library/PrivateFrameworks/Apple80211.framework/Versions/A/Apple80211
0x00007fff56847000 	/System/Library/Frameworks/CoreWLAN.framework/Versions/A/CoreWLAN
0x00007fff68bad000 	/System/Library/PrivateFrameworks/CoreUtils.framework/Versions/A/CoreUtils
0x00007fff57289000 	/System/Library/Frameworks/IOBluetooth.framework/Versions/A/IOBluetooth
0x00007fff68d0d000 	/System/Library/PrivateFrameworks/CoreWiFi.framework/Versions/A/CoreWiFi
0x00007fff54790000 	/System/Library/Frameworks/CoreBluetooth.framework/Versions/A/CoreBluetooth
0x00007fff7582f000 	/System/Library/PrivateFrameworks/SignpostNotification.framework/Versions/A/SignpostNotification
0x00007fff68f5e000 	/System/Library/PrivateFrameworks/DebugSymbols.framework/Versions/A/DebugSymbols
0x00007fff68964000 	/System/Library/PrivateFrameworks/CoreSymbolication.framework/Versions/A/CoreSymbolication
0x00007fff77b17000 	/System/Library/PrivateFrameworks/Symbolication.framework/Versions/A/Symbolication
0x00007fff648e7000 	/System/Library/PrivateFrameworks/AppleFSCompression.framework/Versions/A/AppleFSCompression
0x00007fff76f78000 	/System/Library/PrivateFrameworks/SpeechRecognitionCore.framework/Versions/A/SpeechRecognitionCore
0x000000010a600000 	/Applications/AnyLogic.app/Contents/jre/lib/server/libjvm.dylib
0x00007fff7c140000 	/usr/lib/libstdc++.6.0.9.dylib
0x0000000109d0a000 	/Applications/AnyLogic.app/Contents/jre/lib/libverify.dylib
0x0000000109d17000 	/Applications/AnyLogic.app/Contents/jre/lib/libjava.dylib
0x0000000109d95000 	/Applications/AnyLogic.app/Contents/jre/lib/libzip.dylib
0x0000000109d9d000 	/Applications/AnyLogic.app/Contents/jre/lib/libjimage.dylib
0x000000010f94d000 	/Applications/AnyLogic.app/Contents/jre/lib/libnio.dylib
0x000000010f95d000 	/Applications/AnyLogic.app/Contents/jre/lib/./libnet.dylib
0x000000010fa3f000 	/Applications/AnyLogic.app/Contents/jre/lib/libawt.dylib
0x000000010fae4000 	/Applications/AnyLogic.app/Contents/jre/lib/./libmlib_image.dylib
0x00007fff5883a000 	/System/Library/Frameworks/JavaVM.framework/Versions/A/Frameworks/JavaNativeFoundation.framework/Versions/A/JavaNativeFoundation
0x00007fff58843000 	/System/Library/Frameworks/JavaVM.framework/Versions/A/Frameworks/JavaRuntimeSupport.framework/Versions/A/JavaRuntimeSupport
0x00007fff5884c000 	/System/Library/Frameworks/JavaVM.framework/Versions/A/JavaVM
0x00007fff6f1db000 	/System/Library/PrivateFrameworks/JavaLaunching.framework/Versions/A/JavaLaunching
0x00007fff53f44000 	/System/Library/Frameworks/Carbon.framework/Versions/A/Carbon
0x00007fff53f45000 	/System/Library/Frameworks/Carbon.framework/Versions/A/Frameworks/CommonPanels.framework/Versions/A/CommonPanels
0x00007fff5424f000 	/System/Library/Frameworks/Carbon.framework/Versions/A/Frameworks/Help.framework/Versions/A/Help
0x00007fff54253000 	/System/Library/Frameworks/Carbon.framework/Versions/A/Frameworks/ImageCapture.framework/Versions/A/ImageCapture
0x00007fff542ef000 	/System/Library/Frameworks/Carbon.framework/Versions/A/Frameworks/OpenScripting.framework/Versions/A/OpenScripting
0x00007fff5432a000 	/System/Library/Frameworks/Carbon.framework/Versions/A/Frameworks/Print.framework/Versions/A/Print
0x00007fff5432c000 	/System/Library/Frameworks/Carbon.framework/Versions/A/Frameworks/SecurityHI.framework/Versions/A/SecurityHI
0x000000010fb52000 	/Applications/AnyLogic.app/Contents/jre/lib/libawt_lwawt.dylib
0x000000010fc12000 	/Applications/AnyLogic.app/Contents/jre/lib/./libosxapp.dylib
0x00007fff56ceb000 	/System/Library/Frameworks/ExceptionHandling.framework/Versions/A/ExceptionHandling
0x0000000125c16000 	/Applications/AnyLogic.app/Contents/jre/lib/libfontmanager.dylib
0x00007fff685e4000 	/System/Library/PrivateFrameworks/CoreServicesInternal.framework/Versions/A/CoreServicesInternal
0x00007fff4d304000 	/System/Library/CoreServices/RawCamera.bundle/Contents/MacOS/RawCamera
0x00007fff700ee000 	/System/Library/PrivateFrameworks/MobileAsset.framework/Versions/A/MobileAsset
0x00007fff7741e000 	/System/Library/PrivateFrameworks/StreamingZip.framework/Versions/A/StreamingZip
0x00007fff58bcc000 	/System/Library/Frameworks/MediaToolbox.framework/Versions/A/MediaToolbox
0x00007fff67363000 	/System/Library/PrivateFrameworks/CoreAVCHD.framework/Versions/A/CoreAVCHD
0x00007fff58b22000 	/System/Library/Frameworks/MediaAccessibility.framework/Versions/A/MediaAccessibility
0x00007fff6fc3f000 	/System/Library/PrivateFrameworks/Mangrove.framework/Versions/A/Mangrove
0x00007fff55c0b000 	/System/Library/Frameworks/CoreMedia.framework/Versions/A/CoreMedia
0x00007fff611a0000 	/System/Library/Frameworks/VideoToolbox.framework/Versions/A/VideoToolbox
0x00007fff66f82000 	/System/Library/PrivateFrameworks/CoreAUC.framework/Versions/A/CoreAUC
0x00007fff7bea9000 	/usr/lib/libspindump.dylib
0x00007fff7aeca000 	/usr/lib/libdscsym.dylib
0x00007fff64baa000 	/System/Library/PrivateFrameworks/AppleVA.framework/Versions/A/AppleVA
0x00007fff511c4000 	/System/Library/Frameworks/Accelerate.framework/Versions/A/Frameworks/vImage.framework/Versions/A/Libraries/libCGInterfaces.dylib
0x00007fff533c3000 	/System/Library/Frameworks/ApplicationServices.framework/Versions/A/Frameworks/ATS.framework/Versions/A/Resources/libTrueTypeScaler.dylib
0x00007fff5ef37000 	/System/Library/Frameworks/OpenGL.framework/Versions/A/Resources/GLEngine.bundle/GLEngine
0x00007fff5e405000 	/System/Library/Frameworks/OpenGL.framework/Versions/A/Libraries/libGLProgrammability.dylib
0x000000012969d000 	/System/Library/Extensions/AppleIntelKBLGraphicsGLDriver.bundle/Contents/MacOS/AppleIntelKBLGraphicsGLDriver
0x00007fff6d539000 	/System/Library/PrivateFrameworks/GPUSupport.framework/Versions/A/Libraries/libGPUSupportMercury.dylib
0x00007fff5f0cf000 	/System/Library/Frameworks/OpenGL.framework/Versions/A/Resources/GLRendererFloat.bundle/GLRendererFloat
0x00007fff5d1a9000 	/System/Library/Frameworks/OpenCL.framework/Versions/A/Libraries/libcldcpuengine.dylib
0x00007fff7aabb000 	/usr/lib/libcrypto.35.dylib
0x00007fff78402000 	/System/Library/PrivateFrameworks/TrustEvaluationAgent.framework/Versions/A/TrustEvaluationAgent
0x00007fff4ec1b000 	/System/Library/Extensions/AppleIntelKBLGraphicsMTLDriver.bundle/Contents/MacOS/AppleIntelKBLGraphicsMTLDriver
0x00007fff6bed9000 	/System/Library/PrivateFrameworks/GPUCompiler.framework/Versions/3802/Libraries/libmetal_timestamp.dylib
0x000000010fd08000 	/Applications/AnyLogic.app/Contents/jre/lib/libosxui.dylib
0x00007fff79281000 	/System/Library/PrivateFrameworks/ViewBridge.framework/Versions/A/ViewBridge
0x000000010f9ff000 	/Applications/AnyLogic.app/Contents/Resources/Java/plugins/org.j3d.opengl.swt.carbon.osx_0.7.0/libgluegen-rt.jnilib
0x000000010fa03000 	/Applications/AnyLogic.app/Contents/Resources/Java/plugins/org.j3d.opengl.swt.carbon.osx_0.7.0/libnativewindow_awt.jnilib
0x000000010fa06000 	/Applications/AnyLogic.app/Contents/jre/lib/libjawt.dylib
0x000000010fa09000 	/Applications/AnyLogic.app/Contents/Resources/Java/plugins/org.j3d.opengl.swt.carbon.osx_0.7.0/libnativewindow_macosx.jnilib
0x0000000158ec0000 	/Applications/AnyLogic.app/Contents/Resources/Java/plugins/org.j3d.opengl.swt.carbon.osx_0.7.0/libjogl_desktop.jnilib

VM Arguments:
jvm_args: -Xmx512m -Dnativewindow.awt.nohidpi=true -DlanguageId_xjal=en0uepab -DFlowchartCountersVisible_xjal=true -DTileCachePath_xjal=/Applications/AnyLogic.app/Contents/Resources/Java/plugins/com.anylogic.gis_8.2.3.201712291404/tiles -DFlowchartPortStateAnimated_xjal=true -DuseProxy_xjal=false -Djava.library.path=/Applications/AnyLogic.app/Contents/Resources/Java/plugins/org.j3d.opengl.swt.carbon.osx_0.7.0:/Applications/AnyLogic.app/Contents/Resources/Java/plugins/org.j3d.opengl.swt.carbon.osx_0.7.0 -Dfile.encoding=UTF-8 
java_command: com.anylogic.ms.MS project1.Simulation 18355a1
java_class_path (initial): /Users/crazylurtmain/.AnyLogicPLE/Workspace8/Project1_BUILD/classes:/Applications/AnyLogic.app/Contents/Resources/Java/plugins/com.anylogic.engine_8.2.3.201712291404/com.anylogic.engine.jar:/Applications/AnyLogic.app/Contents/Resources/Java/plugins/com.anylogic.engine_8.2.3.201712291404/com.anylogic.engine.al3d.jar:/Applications/AnyLogic.app/Contents/Resources/Java/plugins/com.anylogic.engine_8.2.3.201712291404/com.anylogic.engine.resources.jar:/Applications/AnyLogic.app/Contents/Resources/Java/plugins/com.anylogic.engine_8.2.3.201712291404/com.anylogic.engine.nl.jar:/Applications/AnyLogic.app/Contents/Resources/Java/plugins/com.anylogic.optimizer_8.2.3.201712291404/lib/OptQuest.jar:/Applications/AnyLogic.app/Contents/Resources/Java/plugins/com.anylogic.third_party_libraries_8.2.3.201712291404/lib/database/hsqldb.jar:/Applications/AnyLogic.app/Contents/Resources/Java/plugins/com.anylogic.third_party_libraries_8.2.3.201712291404/lib/database/querydsl/querydsl-core-3.6.3.jar:/Applications/AnyLogic.app/Contents/Resources/Java/plugins/com.anylogic.third_party_libraries_8.2.3.201712291404/lib/database/querydsl/querydsl-sql-codegen-3.6.3.jar:/Applications/AnyLogic.app/Contents/Resources/Java/plugins/com.anylogic.third_party_libraries_8.2.3.201712291404/lib/database/querydsl/querydsl-sql-3.6.3.jar:/Applications/AnyLogic.app/Contents/Resources/Java/plugins/com.anylogic.core_8.2.3.201712291404/com.anylogic.ms.jar:/Applications/AnyLogic.app/Contents/Resources/Java/plugins/com.anylogic.process_modeling_library_8.2.3.201712291404/lib/ProcessModelingLibrary.jar:/Applications/AnyLogic.app/Contents/Resources/Java/plugins/com.anylogic.pedestrian_library_8.2.3.201712291404/lib/PedestrianLibrary.jar:/Applications/AnyLogic.app/Contents/Resources/Java/plugins/com.anylogic.rail_library_8.2.3.201712291404/lib/RailLibrary.jar:/Applications/AnyLogic.app/Contents/Resources/Java/plugins/com.anylogic.graphics3d_8.2.3.201712291404/lib/javax.vecmath_1.5.0.jar:/Appli
Launcher Type: SUN_STANDARD

Logging:
Log output configuration:
#0: stdout all=warning uptime,level,tags
#1: stderr all=off uptime,level,tags

Environment Variables:
PATH=/usr/bin:/bin:/usr/sbin:/sbin
SHELL=/bin/bash

Signal Handlers:
SIGSEGV: [libjvm.dylib+0x73e2dc], sa_mask[0]=11111111011111110111111111111111, sa_flags=SA_ONSTACK|SA_RESTART|SA_SIGINFO
SIGBUS: [libjvm.dylib+0x73e2dc], sa_mask[0]=11111111011111110111111111111111, sa_flags=SA_RESTART|SA_SIGINFO
SIGFPE: [libjvm.dylib+0x73e2dc], sa_mask[0]=11111111011111110111111111111111, sa_flags=SA_RESTART|SA_SIGINFO
SIGPIPE: [libjvm.dylib+0x5f15ac], sa_mask[0]=11111111011111110111111111111111, sa_flags=SA_RESTART|SA_SIGINFO
SIGXFSZ: [libjvm.dylib+0x5f15ac], sa_mask[0]=11111111011111110111111111111111, sa_flags=SA_RESTART|SA_SIGINFO
SIGILL: [libjvm.dylib+0x73e2dc], sa_mask[0]=11111111011111110111111111111111, sa_flags=SA_RESTART|SA_SIGINFO
SIGUSR2: [libjvm.dylib+0x5f1e3c], sa_mask[0]=00100000000000000000000000000000, sa_flags=SA_RESTART|SA_SIGINFO
SIGHUP: [libjvm.dylib+0x5f0679], sa_mask[0]=11111111011111110111111111111111, sa_flags=SA_RESTART|SA_SIGINFO
SIGINT: [libjvm.dylib+0x5f0679], sa_mask[0]=11111111011111110111111111111111, sa_flags=SA_RESTART|SA_SIGINFO
SIGTERM: [libjvm.dylib+0x5f0679], sa_mask[0]=11111111011111110111111111111111, sa_flags=SA_RESTART|SA_SIGINFO
SIGQUIT: [libjvm.dylib+0x5f0679], sa_mask[0]=11111111011111110111111111111111, sa_flags=SA_RESTART|SA_SIGINFO


---------------  S Y S T E M  ---------------

OS:uname:Darwin 17.4.0 Darwin Kernel Version 17.4.0: Sun Dec 17 09:19:54 PST 2017; root:xnu-4570.41.2~1/RELEASE_X86_64 x86_64
rlimit: STACK 8192k, CORE 0k, NPROC 1418, NOFILE 10240, AS infinity
load average:4.05 2.63 2.22

CPU:total 4 (initial active 4) (2 cores per cpu, 2 threads per core) family 6 model 142 stepping 9, cmov, cx8, fxsr, mmx, sse, sse2, sse3, ssse3, sse4.1, sse4.2, popcnt, avx, avx2, aes, clmul, erms, rtm, 3dnowpref, lzcnt, ht, tsc, tscinvbit, bmi1, bmi2, adx, fma

Memory: 4k page, physical 16777216k(1093112k free)

vm_info: Java HotSpot(TM) 64-Bit Server VM (9.0.1+11) for bsd-amd64 JRE (9.0.1+11), built on Sep 28 2017 03:49:57 by "mach5one" with gcc 4.2.1 Compatible Apple LLVM 6.1.0 (clang-602.0.49)

END.
