#
# A fatal error has been detected by the Java Runtime Environment:
#
#  SIGSEGV (0xb) at pc=0x000000011f2450cc, pid=38203, tid=775
#
# JRE version: Java(TM) SE Runtime Environment (9.0+11) (build 9.0.1+11)
# Java VM: Java HotSpot(TM) 64-Bit Server VM (9.0.1+11, mixed mode, tiered, compressed oops, g1 gc, bsd-amd64)
# Problematic frame:
# C  [libosxapp.dylib+0x20cc]  -[NSApplicationAWT sendEvent:]+0x179
#
# No core dump will be written. Core dumps have been disabled. To enable core dumping, try "ulimit -c unlimited" before starting Java again
#
# If you would like to submit a bug report, please visit:
#   http://bugreport.java.com/bugreport/crash.jsp
# The crash happened outside the Java Virtual Machine in native code.
# See problematic frame for where to report the bug.
#

---------------  S U M M A R Y ------------

Command Line: -Xmx512m -Dnativewindow.awt.nohidpi=true -DlanguageId_xjal=en0p3x4z -DFlowchartCountersVisible_xjal=true -DTileCachePath_xjal=/Applications/AnyLogic.app/Contents/Resources/Java/plugins/com.anylogic.gis_8.2.3.201712291404/tiles -DFlowchartPortStateAnimated_xjal=true -DuseProxy_xjal=false -Djava.library.path=/Applications/AnyLogic.app/Contents/Resources/Java/plugins/org.j3d.opengl.swt.carbon.osx_0.7.0:/Applications/AnyLogic.app/Contents/Resources/Java/plugins/org.j3d.opengl.swt.carbon.osx_0.7.0 -Dfile.encoding=UTF-8 com.anylogic.ms.MS project1.Simulation 1838382

Host: MacBookPro14,1 x86_64 2300 MHz, 4 cores, 16G, Darwin 17.5.0
Time: Sun Apr 15 00:19:10 2018 EDT elapsed time: 68 seconds (0d 0h 1m 8s)

---------------  T H R E A D  ---------------

Current thread (0x00007ff9f794c000):  JavaThread "AppKit Thread" daemon [_thread_in_native, id=775, stack(0x00007ffeebfc7000,0x00007ffeec7c7000)]

Stack: [0x00007ffeebfc7000,0x00007ffeec7c7000],  sp=0x00007ffeec7c2980,  free space=8174k
Native frames: (J=compiled Java code, A=aot compiled Java code, j=interpreted, Vv=VM code, C=native code)
C  [libosxapp.dylib+0x20cc]  -[NSApplicationAWT sendEvent:]+0x179
C  [AppKit+0x368b5]  -[NSApplication run]+0x32c
C  [libosxapp.dylib+0x1d3a]  +[NSApplicationAWT runAWTLoopWithApp:]+0x9d
C  [libawt_lwawt.dylib+0x3a544]  +[AWTStarter starter:headless:]+0x342
C  [JavaNativeFoundation+0x6f4a]  +[JNFRunLoop _performCopiedBlock:]+0x11
C  [Foundation+0x682b5]  __NSThreadPerformPerform+0x14e
C  [CoreFoundation+0xa3a61]  __CFRUNLOOP_IS_CALLING_OUT_TO_A_SOURCE0_PERFORM_FUNCTION__+0x11
C  [CoreFoundation+0x15d47c]  __CFRunLoopDoSource0+0x6c
C  [CoreFoundation+0x864c0]  __CFRunLoopDoSources0+0xd0
C  [CoreFoundation+0x8593d]  __CFRunLoopRun+0x50d
C  [CoreFoundation+0x851a3]  CFRunLoopRunSpecific+0x1e3
C  [java+0x6b2e]  CreateExecutionEnvironment+0x35c
C  [java+0x2c65]  JLI_Launch+0x5a9
C  [java+0x1b62]  main+0x186
C  [java+0x19d4]  start+0x34
C  0x0000000000000010


siginfo: si_signo: 11 (SIGSEGV), si_code: 1 (SEGV_MAPERR), si_addr: 0x0000000000000010

Register to memory mapping:

RAX=0x0000000000000000 is an unknown value
RBX=0x0000000000000000 is an unknown value
RCX=0x000000000021e000 is an unknown value
RDX=0x000000000021e000 is an unknown value
RSP=0x00007ffeec7c2980 is pointing into the stack for thread: 0x00007ff9f794c000
RBP=0x00007ffeec7c29b0 is pointing into the stack for thread: 0x00007ff9f794c000
RSI=0x00007fff3a6cc1e5: .str.41.llvm.DC87FEEF+0x4a728 in /System/Library/Frameworks/AppKit.framework/Versions/C/AppKit at 0x00007fff399eb000
RDI=0x0000000000000000 is an unknown value
R8 =0x00000000000001ff is an unknown value
R9 =0x00007ff9f77cb500 is an unknown value
R10=0x00e1990100e14600 is an unknown value
R11=0x00007fff39b97817: -[NSEvent data1]+0 in /System/Library/Frameworks/AppKit.framework/Versions/C/AppKit at 0x00007fff399eb000
R12=0x00007ff9f77cb500 is an unknown value
R13=0x00007ff9fc423480 is an unknown value
R14=0x00007fff63b7fe80: objc_msgSend+0 in /usr/lib/libobjc.A.dylib at 0x00007fff63b79000
R15=0x00007ff9f7534610 is an unknown value


Registers:
RAX=0x0000000000000000, RBX=0x0000000000000000, RCX=0x000000000021e000, RDX=0x000000000021e000
RSP=0x00007ffeec7c2980, RBP=0x00007ffeec7c29b0, RSI=0x00007fff3a6cc1e5, RDI=0x0000000000000000
R8 =0x00000000000001ff, R9 =0x00007ff9f77cb500, R10=0x00e1990100e14600, R11=0x00007fff39b97817
R12=0x00007ff9f77cb500, R13=0x00007ff9fc423480, R14=0x00007fff63b7fe80, R15=0x00007ff9f7534610
RIP=0x000000011f2450cc, EFLAGS=0x0000000000010246, ERR=0x0000000000000004
  TRAPNO=0x000000000000000e

Top of Stack: (sp=0x00007ffeec7c2980)
0x00007ffeec7c2980:   00007ffeec7c29a0 ffff800608834b00
0x00007ffeec7c2990:   00007fff63b7fe80 00007fff63b7fe80
0x00007ffeec7c29a0:   0000000000000001 00007ff9f7534610
0x00007ffeec7c29b0:   00007ffeec7c2a60 00007fff39a218b5
0x00007ffeec7c29c0:   00007fff3a6c5211 00007ff9f7534610
0x00007ffeec7c29d0:   00007fff3a6bdee0 00007fff3a6c60fe
0x00007ffeec7c29e0:   00007fff965aa178 00007fff3a6bcb3d
0x00007ffeec7c29f0:   00007fff3a6bc813 0000000000000010
0x00007ffeec7c2a00:   00007fff3a6bc003 00007fff3a6cc1eb
0x00007ffeec7c2a10:   00007fff3a6bbe91 00007fff3a6bc82d
0x00007ffeec7c2a20:   00007fff3a6bc859 0000000000000062
0x00007ffeec7c2a30:   00007fff3a6bc937 00007ff9f7534610
0x00007ffeec7c2a40:   00007fff63b7fe80 000000011f249690
0x00007ffeec7c2a50:   00007fff3a6c5211 000000011f2496b0
0x00007ffeec7c2a60:   00007ffeec7c2aa0 000000011f244d3a
0x00007ffeec7c2a70:   0000000000000000 00007ff9f7765900
0x00007ffeec7c2a80:   00007fff63b7fe80 00007ff9f7534610
0x00007ffeec7c2a90:   00007ff9f74154a0 0000000000000000
0x00007ffeec7c2aa0:   00007ffeec7c2af0 000000011f1bd544
0x00007ffeec7c2ab0:   00007ff9f7534610 0000000000000000
0x00007ffeec7c2ac0:   00007ff9f74154a0 00007ff9f7452810
0x00007ffeec7c2ad0:   00007ff9f760b7b0 00007fff3a6bbe91
0x00007ffeec7c2ae0:   00007ff9f7452a40 0000000000000000
0x00007ffeec7c2af0:   00007ffeec7c2b10 00007fff401a0f4a
0x00007ffeec7c2b00:   0000000000000018 0000000000000001
0x00007ffeec7c2b10:   00007ffeec7c2b90 00007fff3e5c82b5
0x00007ffeec7c2b20:   0000000000000001 00007fff3a6bbf70
0x00007ffeec7c2b30:   00007ff9f760b7b0 00007ff9f7450a80
0x00007ffeec7c2b40:   00007fff3a6c3372 00007fff3a7163b7
0x00007ffeec7c2b50:   00007fff3a6c3377 00007fff3a6bc003
0x00007ffeec7c2b60:   00007ffeec7c2ba0 00007fff3e5c8167
0x00007ffeec7c2b70:   0000000300002e88 0000000000000000 

Instructions: (pc=0x000000011f2450cc)
0x000000011f2450ac:   41 5f 5d c3 48 8b 35 51 58 00 00 4c 8b 35 ca 3f
0x000000011f2450bc:   00 00 48 89 df 41 ff d6 48 89 c3 31 c0 48 89 df
0x000000011f2450cc:   ff 53 10 48 8b 35 1a 56 00 00 48 89 df 4c 89 f0
0x000000011f2450dc:   48 83 c4 18 5b 41 5e 41 5f 5d ff e0 55 48 89 e5 


---------------  P R O C E S S  ---------------

Java Threads: ( => current thread )
  0x00007ff9f7930000 JavaThread "Thread-5" [_thread_blocked, id=57707, stack(0x000070000276b000,0x000070000286b000)]
  0x00007ff9f8eac800 JavaThread "Xj3D Content Loader" [_thread_blocked, id=63491, stack(0x000070000328c000,0x000070000338c000)]
  0x00007ff9f798e800 JavaThread "Xj3D Content Loader" [_thread_blocked, id=63235, stack(0x0000700003189000,0x0000700003289000)]
  0x00007ff9fba31800 JavaThread "Xj3D Content Loader" [_thread_blocked, id=63051, stack(0x0000700003086000,0x0000700003186000)]
  0x00007ff9f8557800 JavaThread "AV3D Runtime" [_thread_blocked, id=61203, stack(0x0000700002f00000,0x0000700003000000)]
  0x00007ff9f7f68000 JavaThread "AnyLogic presentation frame manager" daemon [_thread_blocked, id=71471, stack(0x0000700002cfa000,0x0000700002dfa000)]
  0x00007ff9f8b08800 JavaThread "TimerQueue" daemon [_thread_blocked, id=71171, stack(0x0000700002bf7000,0x0000700002cf7000)]
  0x00007ff9f7801800 JavaThread "DestroyJavaVM" [_thread_blocked, id=6147, stack(0x0000700000a8e000,0x0000700000b8e000)]
  0x00007ff9f83b7800 JavaThread "AnyLogic simulation performance monitor" [_thread_blocked, id=72219, stack(0x0000700002af4000,0x0000700002bf4000)]
  0x00007ff9f8f2f000 JavaThread "AWT-EventQueue-0" [_thread_in_native, id=73475, stack(0x00007000028ee000,0x00007000029ee000)]
  0x00007ff9f7a1b000 JavaThread "Java2D Disposer" daemon [_thread_blocked, id=54543, stack(0x00007000025e5000,0x00007000026e5000)]
  0x00007ff9f82e3000 JavaThread "Java2D Queue Flusher" daemon [_thread_blocked, id=83207, stack(0x00007000024e2000,0x00007000025e2000)]
  0x00007ff9f9276000 JavaThread "AWT-Shutdown" [_thread_blocked, id=34603, stack(0x00007000022d9000,0x00007000023d9000)]
=>0x00007ff9f794c000 JavaThread "AppKit Thread" daemon [_thread_in_native, id=775, stack(0x00007ffeebfc7000,0x00007ffeec7c7000)]
  0x00007ff9f90d1000 JavaThread "Service Thread" daemon [_thread_blocked, id=42499, stack(0x0000700002050000,0x0000700002150000)]
  0x00007ff9f90f2000 JavaThread "Common-Cleaner" daemon [_thread_blocked, id=23299, stack(0x0000700001f4d000,0x000070000204d000)]
  0x00007ff9f7857800 JavaThread "Sweeper thread" daemon [_thread_blocked, id=23043, stack(0x0000700001e4a000,0x0000700001f4a000)]
  0x00007ff9f784e800 JavaThread "C1 CompilerThread2" daemon [_thread_in_vm, id=22531, stack(0x0000700001d47000,0x0000700001e47000)]
  0x00007ff9f7845800 JavaThread "C2 CompilerThread1" daemon [_thread_blocked, id=22019, stack(0x0000700001c44000,0x0000700001d44000)]
  0x00007ff9f881e000 JavaThread "C2 CompilerThread0" daemon [_thread_in_native, id=43267, stack(0x0000700001b41000,0x0000700001c41000)]
  0x00007ff9f90dc000 JavaThread "Signal Dispatcher" daemon [_thread_blocked, id=17163, stack(0x0000700001a3e000,0x0000700001b3e000)]
  0x00007ff9f7823800 JavaThread "Finalizer" daemon [_thread_blocked, id=14851, stack(0x00007000018b8000,0x00007000019b8000)]
  0x00007ff9f7820800 JavaThread "Reference Handler" daemon [_thread_blocked, id=18947, stack(0x00007000017b5000,0x00007000018b5000)]

Other Threads:
  0x00007ff9f90db800 VMThread "VM Thread" [stack: 0x00007000016b2000,0x00007000017b2000] [id=19459]
  0x00007ff9f800a800 WatcherThread [stack: 0x0000700002153000,0x0000700002253000] [id=23811]
  0x00007ff9f880e000 GCTaskThread "GC Thread#0" [stack: 0x0000700000b91000,0x0000700000c91000] [id=10755]
  0x00007ff9f880e800 GCTaskThread "GC Thread#1" [stack: 0x0000700000c94000,0x0000700000d94000] [id=11267]
  0x00007ff9f880f800 GCTaskThread "GC Thread#2" [stack: 0x0000700000d97000,0x0000700000e97000] [id=11523]
  0x00007ff9f8810000 GCTaskThread "GC Thread#3" [stack: 0x0000700000e9a000,0x0000700000f9a000] [id=12035]
  0x00007ff9f781f000 ConcurrentGCThread "G1 Main Marker" [stack: 0x00007000014ac000,0x00007000015ac000] [id=13315]
  0x00007ff9f7820000 ConcurrentGCThread "G1 Marker#0" [stack: 0x00007000015af000,0x00007000016af000] [id=14339]
  0x00007ff9f7803000 ConcurrentGCThread "G1 Refine#0" [stack: 0x00007000012a6000,0x00007000013a6000] [id=20483]
  0x00007ff9f7802800 ConcurrentGCThread "G1 Refine#1" [stack: 0x00007000011a3000,0x00007000012a3000] [id=20995]
  0x00007ff9f8811800 ConcurrentGCThread "G1 Refine#2" [stack: 0x00007000010a0000,0x00007000011a0000] [id=21251]
  0x00007ff9f8810800 ConcurrentGCThread "G1 Refine#3" [stack: 0x0000700000f9d000,0x000070000109d000] [id=12547]
  0x00007ff9f7815000 ConcurrentGCThread "G1 Young RemSet Sampling" [stack: 0x00007000013a9000,0x00007000014a9000] [id=19971]

Threads with active compile tasks:
C1 CompilerThread27889   !   3       java.awt.EventQueue::removeSourceEvents (294 bytes)
C2 CompilerThread07883   !   4       java.util.WeakHashMap::expungeStaleEntries (139 bytes)

VM state:not at safepoint (normal execution)

VM Mutex/Monitor currently owned by a thread: None

Heap address: 0x00000007a0000000, size: 512 MB, Compressed Oops mode: Zero based, Oop shift amount: 3
Narrow klass base: 0x0000000000000000, Narrow klass shift: 3
Compressed class space size: 1073741824 Address: 0x00000007c0000000

Heap:
 garbage-first heap   total 262144K, used 51661K [0x00000007a0000000, 0x00000007a0100800, 0x00000007c0000000)
  region size 1024K, 13 young (13312K), 11 survivors (11264K)
 Metaspace       used 37897K, capacity 39037K, committed 39296K, reserved 1083392K
  class space    used 4735K, capacity 4969K, committed 4992K, reserved 1048576K
Heap Regions: E=young(eden), S=young(survivor), O=old, HS=humongous(starts), HC=humongous(continues), CS=collection set, F=free, A=archive, TS=gc time stamp, AC=allocation context, TAMS=top-at-mark-start (previous, next)
|   0|0x00000007a0000000, 0x00000007a0100000, 0x00000007a0100000|100%| O|  |TS  0|AC  0|TAMS 0x00000007a0100000, 0x00000007a0100000|
|   1|0x00000007a0100000, 0x00000007a0200000, 0x00000007a0200000|100%| O|  |TS  0|AC  0|TAMS 0x00000007a0200000, 0x00000007a0200000|
|   2|0x00000007a0200000, 0x00000007a0300000, 0x00000007a0300000|100%| O|  |TS  0|AC  0|TAMS 0x00000007a0300000, 0x00000007a0300000|
|   3|0x00000007a0300000, 0x00000007a0400000, 0x00000007a0400000|100%| O|  |TS  0|AC  0|TAMS 0x00000007a0400000, 0x00000007a0400000|
|   4|0x00000007a0400000, 0x00000007a0500000, 0x00000007a0500000|100%|HS|  |TS  0|AC  0|TAMS 0x00000007a0500000, 0x00000007a0500000|
|   5|0x00000007a0500000, 0x00000007a0600000, 0x00000007a0600000|100%|HC|  |TS  0|AC  0|TAMS 0x00000007a0600000, 0x00000007a0600000|
|   6|0x00000007a0600000, 0x00000007a0700000, 0x00000007a0700000|100%|HC|  |TS  0|AC  0|TAMS 0x00000007a0700000, 0x00000007a0700000|
|   7|0x00000007a0700000, 0x00000007a0800000, 0x00000007a0800000|100%| O|  |TS  1|AC  0|TAMS 0x00000007a0700000, 0x00000007a0700000|
|   8|0x00000007a0800000, 0x00000007a0900000, 0x00000007a0900000|100%| O|  |TS  1|AC  0|TAMS 0x00000007a0800000, 0x00000007a0800000|
|   9|0x00000007a0900000, 0x00000007a0a00000, 0x00000007a0a00000|100%| O|  |TS  1|AC  0|TAMS 0x00000007a0900000, 0x00000007a0900000|
|  10|0x00000007a0a00000, 0x00000007a0b00000, 0x00000007a0b00000|100%|HS|  |TS  0|AC  0|TAMS 0x00000007a0b00000, 0x00000007a0b00000|
|  11|0x00000007a0b00000, 0x00000007a0c00000, 0x00000007a0c00000|100%|HC|  |TS  0|AC  0|TAMS 0x00000007a0c00000, 0x00000007a0c00000|
|  12|0x00000007a0c00000, 0x00000007a0d00000, 0x00000007a0d00000|100%|HC|  |TS  0|AC  0|TAMS 0x00000007a0d00000, 0x00000007a0d00000|
|  13|0x00000007a0d00000, 0x00000007a0e00000, 0x00000007a0e00000|100%|HS|  |TS  0|AC  0|TAMS 0x00000007a0e00000, 0x00000007a0e00000|
|  14|0x00000007a0e00000, 0x00000007a0f00000, 0x00000007a0f00000|100%|HC|  |TS  0|AC  0|TAMS 0x00000007a0f00000, 0x00000007a0f00000|
|  15|0x00000007a0f00000, 0x00000007a1000000, 0x00000007a1000000|100%|HC|  |TS  0|AC  0|TAMS 0x00000007a1000000, 0x00000007a1000000|
|  16|0x00000007a1000000, 0x00000007a1100000, 0x00000007a1100000|100%| O|  |TS  5|AC  0|TAMS 0x00000007a1000000, 0x00000007a1000000|
|  17|0x00000007a1100000, 0x00000007a1200000, 0x00000007a1200000|100%| O|  |TS  7|AC  0|TAMS 0x00000007a1100000, 0x00000007a1100000|
|  18|0x00000007a1200000, 0x00000007a1300000, 0x00000007a1300000|100%| O|  |TS  7|AC  0|TAMS 0x00000007a1200000, 0x00000007a1200000|
|  19|0x00000007a1300000, 0x00000007a1400000, 0x00000007a1400000|100%| O|  |TS  1|AC  0|TAMS 0x00000007a1300000, 0x00000007a1300000|
|  20|0x00000007a1400000, 0x00000007a1500000, 0x00000007a1500000|100%| O|  |TS  1|AC  0|TAMS 0x00000007a1400000, 0x00000007a1400000|
|  21|0x00000007a1500000, 0x00000007a1600000, 0x00000007a1600000|100%| O|  |TS  1|AC  0|TAMS 0x00000007a1500000, 0x00000007a1500000|
|  22|0x00000007a1600000, 0x00000007a1700000, 0x00000007a1700000|100%| O|  |TS  1|AC  0|TAMS 0x00000007a1600000, 0x00000007a1600000|
|  23|0x00000007a1700000, 0x00000007a1800000, 0x00000007a1800000|100%| O|  |TS  1|AC  0|TAMS 0x00000007a1700000, 0x00000007a1700000|
|  24|0x00000007a1800000, 0x00000007a1900000, 0x00000007a1900000|100%| O|  |TS  1|AC  0|TAMS 0x00000007a1800000, 0x00000007a1800000|
|  25|0x00000007a1900000, 0x00000007a1a00000, 0x00000007a1a00000|100%| O|  |TS  1|AC  0|TAMS 0x00000007a1900000, 0x00000007a1900000|
|  26|0x00000007a1a00000, 0x00000007a1b00000, 0x00000007a1b00000|100%| O|  |TS  5|AC  0|TAMS 0x00000007a1a00000, 0x00000007a1a00000|
|  27|0x00000007a1b00000, 0x00000007a1c00000, 0x00000007a1c00000|100%| O|  |TS  7|AC  0|TAMS 0x00000007a1b00000, 0x00000007a1b00000|
|  28|0x00000007a1c00000, 0x00000007a1d00000, 0x00000007a1d00000|100%| O|  |TS  7|AC  0|TAMS 0x00000007a1c00000, 0x00000007a1c00000|
|  29|0x00000007a1d00000, 0x00000007a1e00000, 0x00000007a1e00000|100%| O|  |TS  7|AC  0|TAMS 0x00000007a1d00000, 0x00000007a1d00000|
|  30|0x00000007a1e00000, 0x00000007a1f00000, 0x00000007a1f00000|100%| O|  |TS  7|AC  0|TAMS 0x00000007a1e00000, 0x00000007a1e00000|
|  31|0x00000007a1f00000, 0x00000007a2000000, 0x00000007a2000000|100%| O|  |TS 11|AC  0|TAMS 0x00000007a1f00000, 0x00000007a1f00000|
|  32|0x00000007a2000000, 0x00000007a2100000, 0x00000007a2100000|100%| O|  |TS 11|AC  0|TAMS 0x00000007a2000000, 0x00000007a2000000|
|  33|0x00000007a2100000, 0x00000007a2200000, 0x00000007a2200000|100%| O|  |TS  0|AC  0|TAMS 0x00000007a2200000, 0x00000007a2200000|
|  34|0x00000007a2200000, 0x00000007a2300000, 0x00000007a2300000|100%| O|  |TS  0|AC  0|TAMS 0x00000007a2300000, 0x00000007a2300000|
|  35|0x00000007a2300000, 0x00000007a2400000, 0x00000007a2400000|100%| O|  |TS 13|AC  0|TAMS 0x00000007a2300000, 0x00000007a2300000|
|  36|0x00000007a2400000, 0x00000007a2500000, 0x00000007a2500000|100%| O|  |TS 15|AC  0|TAMS 0x00000007a2400000, 0x00000007a2400000|
|  37|0x00000007a2500000, 0x00000007a2600000, 0x00000007a2600000|100%| O|  |TS 15|AC  0|TAMS 0x00000007a2500000, 0x00000007a2500000|
|  38|0x00000007a2600000, 0x00000007a2700000, 0x00000007a2700000|100%| O|  |TS 15|AC  0|TAMS 0x00000007a2600000, 0x00000007a2600000|
|  39|0x00000007a2700000, 0x00000007a2700000, 0x00000007a2800000|  0%| F|  |TS  0|AC  0|TAMS 0x00000007a2700000, 0x00000007a2700000|
|  40|0x00000007a2800000, 0x00000007a2800000, 0x00000007a2900000|  0%| F|  |TS  0|AC  0|TAMS 0x00000007a2800000, 0x00000007a2800000|
|  41|0x00000007a2900000, 0x00000007a2900000, 0x00000007a2a00000|  0%| F|  |TS  0|AC  0|TAMS 0x00000007a2900000, 0x00000007a2900000|
|  42|0x00000007a2a00000, 0x00000007a2a00000, 0x00000007a2b00000|  0%| F|  |TS  0|AC  0|TAMS 0x00000007a2a00000, 0x00000007a2a00000|
|  43|0x00000007a2b00000, 0x00000007a2b00000, 0x00000007a2c00000|  0%| F|  |TS  0|AC  0|TAMS 0x00000007a2b00000, 0x00000007a2b00000|
|  44|0x00000007a2c00000, 0x00000007a2c00000, 0x00000007a2d00000|  0%| F|  |TS  0|AC  0|TAMS 0x00000007a2c00000, 0x00000007a2c00000|
|  45|0x00000007a2d00000, 0x00000007a2d00000, 0x00000007a2e00000|  0%| F|  |TS  0|AC  0|TAMS 0x00000007a2d00000, 0x00000007a2d00000|
|  46|0x00000007a2e00000, 0x00000007a2e00000, 0x00000007a2f00000|  0%| F|  |TS  0|AC  0|TAMS 0x00000007a2e00000, 0x00000007a2e00000|
|  47|0x00000007a2f00000, 0x00000007a2f00000, 0x00000007a3000000|  0%| F|  |TS  0|AC  0|TAMS 0x00000007a2f00000, 0x00000007a2f00000|
|  48|0x00000007a3000000, 0x00000007a3000000, 0x00000007a3100000|  0%| F|  |TS  0|AC  0|TAMS 0x00000007a3000000, 0x00000007a3000000|
|  49|0x00000007a3100000, 0x00000007a3100000, 0x00000007a3200000|  0%| F|  |TS  0|AC  0|TAMS 0x00000007a3100000, 0x00000007a3100000|
|  50|0x00000007a3200000, 0x00000007a3200000, 0x00000007a3300000|  0%| F|  |TS  0|AC  0|TAMS 0x00000007a3200000, 0x00000007a3200000|
|  51|0x00000007a3300000, 0x00000007a3300000, 0x00000007a3400000|  0%| F|  |TS  0|AC  0|TAMS 0x00000007a3300000, 0x00000007a3300000|
|  52|0x00000007a3400000, 0x00000007a3400000, 0x00000007a3500000|  0%| F|  |TS  0|AC  0|TAMS 0x00000007a3400000, 0x00000007a3400000|
|  53|0x00000007a3500000, 0x00000007a3500000, 0x00000007a3600000|  0%| F|  |TS  0|AC  0|TAMS 0x00000007a3500000, 0x00000007a3500000|
|  54|0x00000007a3600000, 0x00000007a3600000, 0x00000007a3700000|  0%| F|  |TS  0|AC  0|TAMS 0x00000007a3600000, 0x00000007a3600000|
|  55|0x00000007a3700000, 0x00000007a3700000, 0x00000007a3800000|  0%| F|  |TS  0|AC  0|TAMS 0x00000007a3700000, 0x00000007a3700000|
|  56|0x00000007a3800000, 0x00000007a3800000, 0x00000007a3900000|  0%| F|  |TS  0|AC  0|TAMS 0x00000007a3800000, 0x00000007a3800000|
|  57|0x00000007a3900000, 0x00000007a3900000, 0x00000007a3a00000|  0%| F|  |TS  0|AC  0|TAMS 0x00000007a3900000, 0x00000007a3900000|
|  58|0x00000007a3a00000, 0x00000007a3a00000, 0x00000007a3b00000|  0%| F|  |TS  0|AC  0|TAMS 0x00000007a3a00000, 0x00000007a3a00000|
|  59|0x00000007a3b00000, 0x00000007a3b00000, 0x00000007a3c00000|  0%| F|  |TS  0|AC  0|TAMS 0x00000007a3b00000, 0x00000007a3b00000|
|  60|0x00000007a3c00000, 0x00000007a3c00000, 0x00000007a3d00000|  0%| F|  |TS  0|AC  0|TAMS 0x00000007a3c00000, 0x00000007a3c00000|
|  61|0x00000007a3d00000, 0x00000007a3d00000, 0x00000007a3e00000|  0%| F|  |TS  0|AC  0|TAMS 0x00000007a3d00000, 0x00000007a3d00000|
|  62|0x00000007a3e00000, 0x00000007a3e00000, 0x00000007a3f00000|  0%| F|  |TS  0|AC  0|TAMS 0x00000007a3e00000, 0x00000007a3e00000|
|  63|0x00000007a3f00000, 0x00000007a3f00000, 0x00000007a4000000|  0%| F|  |TS  0|AC  0|TAMS 0x00000007a3f00000, 0x00000007a3f00000|
|  64|0x00000007a4000000, 0x00000007a4000000, 0x00000007a4100000|  0%| F|  |TS  0|AC  0|TAMS 0x00000007a4000000, 0x00000007a4000000|
|  65|0x00000007a4100000, 0x00000007a4100000, 0x00000007a4200000|  0%| F|  |TS  0|AC  0|TAMS 0x00000007a4100000, 0x00000007a4100000|
|  66|0x00000007a4200000, 0x00000007a4200000, 0x00000007a4300000|  0%| F|  |TS  0|AC  0|TAMS 0x00000007a4200000, 0x00000007a4200000|
|  67|0x00000007a4300000, 0x00000007a4300000, 0x00000007a4400000|  0%| F|  |TS  0|AC  0|TAMS 0x00000007a4300000, 0x00000007a4300000|
|  68|0x00000007a4400000, 0x00000007a4400000, 0x00000007a4500000|  0%| F|  |TS  0|AC  0|TAMS 0x00000007a4400000, 0x00000007a4400000|
|  69|0x00000007a4500000, 0x00000007a4500000, 0x00000007a4600000|  0%| F|  |TS  0|AC  0|TAMS 0x00000007a4500000, 0x00000007a4500000|
|  70|0x00000007a4600000, 0x00000007a4600000, 0x00000007a4700000|  0%| F|  |TS  0|AC  0|TAMS 0x00000007a4600000, 0x00000007a4600000|
|  71|0x00000007a4700000, 0x00000007a4700000, 0x00000007a4800000|  0%| F|  |TS  0|AC  0|TAMS 0x00000007a4700000, 0x00000007a4700000|
|  72|0x00000007a4800000, 0x00000007a4800000, 0x00000007a4900000|  0%| F|  |TS  0|AC  0|TAMS 0x00000007a4800000, 0x00000007a4800000|
|  73|0x00000007a4900000, 0x00000007a4900000, 0x00000007a4a00000|  0%| F|  |TS  0|AC  0|TAMS 0x00000007a4900000, 0x00000007a4900000|
|  74|0x00000007a4a00000, 0x00000007a4a00000, 0x00000007a4b00000|  0%| F|  |TS  0|AC  0|TAMS 0x00000007a4a00000, 0x00000007a4a00000|
|  75|0x00000007a4b00000, 0x00000007a4b00000, 0x00000007a4c00000|  0%| F|  |TS  0|AC  0|TAMS 0x00000007a4b00000, 0x00000007a4b00000|
|  76|0x00000007a4c00000, 0x00000007a4c00000, 0x00000007a4d00000|  0%| F|  |TS  0|AC  0|TAMS 0x00000007a4c00000, 0x00000007a4c00000|
|  77|0x00000007a4d00000, 0x00000007a4d00000, 0x00000007a4e00000|  0%| F|  |TS  0|AC  0|TAMS 0x00000007a4d00000, 0x00000007a4d00000|
|  78|0x00000007a4e00000, 0x00000007a4e00000, 0x00000007a4f00000|  0%| F|  |TS  0|AC  0|TAMS 0x00000007a4e00000, 0x00000007a4e00000|
|  79|0x00000007a4f00000, 0x00000007a4f00000, 0x00000007a5000000|  0%| F|  |TS  0|AC  0|TAMS 0x00000007a4f00000, 0x00000007a4f00000|
|  80|0x00000007a5000000, 0x00000007a5000000, 0x00000007a5100000|  0%| F|  |TS  0|AC  0|TAMS 0x00000007a5000000, 0x00000007a5000000|
|  81|0x00000007a5100000, 0x00000007a5100000, 0x00000007a5200000|  0%| F|  |TS  0|AC  0|TAMS 0x00000007a5100000, 0x00000007a5100000|
|  82|0x00000007a5200000, 0x00000007a5200000, 0x00000007a5300000|  0%| F|  |TS  0|AC  0|TAMS 0x00000007a5200000, 0x00000007a5200000|
|  83|0x00000007a5300000, 0x00000007a5300000, 0x00000007a5400000|  0%| F|  |TS  0|AC  0|TAMS 0x00000007a5300000, 0x00000007a5300000|
|  84|0x00000007a5400000, 0x00000007a5400000, 0x00000007a5500000|  0%| F|  |TS  0|AC  0|TAMS 0x00000007a5400000, 0x00000007a5400000|
|  85|0x00000007a5500000, 0x00000007a5500000, 0x00000007a5600000|  0%| F|  |TS  0|AC  0|TAMS 0x00000007a5500000, 0x00000007a5500000|
|  86|0x00000007a5600000, 0x00000007a5600000, 0x00000007a5700000|  0%| F|  |TS  0|AC  0|TAMS 0x00000007a5600000, 0x00000007a5600000|
|  87|0x00000007a5700000, 0x00000007a5700000, 0x00000007a5800000|  0%| F|  |TS  0|AC  0|TAMS 0x00000007a5700000, 0x00000007a5700000|
|  88|0x00000007a5800000, 0x00000007a5800000, 0x00000007a5900000|  0%| F|  |TS  0|AC  0|TAMS 0x00000007a5800000, 0x00000007a5800000|
|  89|0x00000007a5900000, 0x00000007a5900000, 0x00000007a5a00000|  0%| F|  |TS  7|AC  0|TAMS 0x00000007a5900000, 0x00000007a5900000|
|  90|0x00000007a5a00000, 0x00000007a5a00000, 0x00000007a5b00000|  0%| F|  |TS 15|AC  0|TAMS 0x00000007a5a00000, 0x00000007a5a00000|
|  91|0x00000007a5b00000, 0x00000007a5b00000, 0x00000007a5c00000|  0%| F|  |TS 15|AC  0|TAMS 0x00000007a5b00000, 0x00000007a5b00000|
|  92|0x00000007a5c00000, 0x00000007a5c00000, 0x00000007a5d00000|  0%| F|  |TS 15|AC  0|TAMS 0x00000007a5c00000, 0x00000007a5c00000|
|  93|0x00000007a5d00000, 0x00000007a5d00000, 0x00000007a5e00000|  0%| F|  |TS 19|AC  0|TAMS 0x00000007a5d00000, 0x00000007a5d00000|
|  94|0x00000007a5e00000, 0x00000007a5e00000, 0x00000007a5f00000|  0%| F|  |TS 19|AC  0|TAMS 0x00000007a5e00000, 0x00000007a5e00000|
|  95|0x00000007a5f00000, 0x00000007a5f00000, 0x00000007a6000000|  0%| F|  |TS 19|AC  0|TAMS 0x00000007a5f00000, 0x00000007a5f00000|
|  96|0x00000007a6000000, 0x00000007a6000000, 0x00000007a6100000|  0%| F|  |TS 19|AC  0|TAMS 0x00000007a6000000, 0x00000007a6000000|
|  97|0x00000007a6100000, 0x00000007a6100000, 0x00000007a6200000|  0%| F|  |TS 19|AC  0|TAMS 0x00000007a6100000, 0x00000007a6100000|
|  98|0x00000007a6200000, 0x00000007a6200000, 0x00000007a6300000|  0%| F|  |TS 21|AC  0|TAMS 0x00000007a6200000, 0x00000007a6200000|
|  99|0x00000007a6300000, 0x00000007a6300000, 0x00000007a6400000|  0%| F|  |TS 21|AC  0|TAMS 0x00000007a6300000, 0x00000007a6300000|
| 100|0x00000007a6400000, 0x00000007a6400000, 0x00000007a6500000|  0%| F|  |TS 21|AC  0|TAMS 0x00000007a6400000, 0x00000007a6400000|
| 101|0x00000007a6500000, 0x00000007a6500000, 0x00000007a6600000|  0%| F|  |TS 21|AC  0|TAMS 0x00000007a6500000, 0x00000007a6500000|
| 102|0x00000007a6600000, 0x00000007a6600000, 0x00000007a6700000|  0%| F|  |TS 21|AC  0|TAMS 0x00000007a6600000, 0x00000007a6600000|
| 103|0x00000007a6700000, 0x00000007a6700000, 0x00000007a6800000|  0%| F|  |TS 19|AC  0|TAMS 0x00000007a6700000, 0x00000007a6700000|
| 104|0x00000007a6800000, 0x00000007a6800000, 0x00000007a6900000|  0%| F|  |TS 19|AC  0|TAMS 0x00000007a6800000, 0x00000007a6800000|
| 105|0x00000007a6900000, 0x00000007a6900000, 0x00000007a6a00000|  0%| F|  |TS 19|AC  0|TAMS 0x00000007a6900000, 0x00000007a6900000|
| 106|0x00000007a6a00000, 0x00000007a6a00000, 0x00000007a6b00000|  0%| F|  |TS 19|AC  0|TAMS 0x00000007a6a00000, 0x00000007a6a00000|
| 107|0x00000007a6b00000, 0x00000007a6b00000, 0x00000007a6c00000|  0%| F|  |TS 19|AC  0|TAMS 0x00000007a6b00000, 0x00000007a6b00000|
| 108|0x00000007a6c00000, 0x00000007a6c00000, 0x00000007a6d00000|  0%| F|  |TS 21|AC  0|TAMS 0x00000007a6c00000, 0x00000007a6c00000|
| 109|0x00000007a6d00000, 0x00000007a6d00000, 0x00000007a6e00000|  0%| F|  |TS 21|AC  0|TAMS 0x00000007a6d00000, 0x00000007a6d00000|
| 110|0x00000007a6e00000, 0x00000007a6e00000, 0x00000007a6f00000|  0%| F|  |TS 21|AC  0|TAMS 0x00000007a6e00000, 0x00000007a6e00000|
| 111|0x00000007a6f00000, 0x00000007a6f00000, 0x00000007a7000000|  0%| F|  |TS 21|AC  0|TAMS 0x00000007a6f00000, 0x00000007a6f00000|
| 112|0x00000007a7000000, 0x00000007a7000000, 0x00000007a7100000|  0%| F|  |TS 21|AC  0|TAMS 0x00000007a7000000, 0x00000007a7000000|
| 113|0x00000007a7100000, 0x00000007a7100000, 0x00000007a7200000|  0%| F|  |TS 19|AC  0|TAMS 0x00000007a7100000, 0x00000007a7100000|
| 114|0x00000007a7200000, 0x00000007a7200000, 0x00000007a7300000|  0%| F|  |TS 19|AC  0|TAMS 0x00000007a7200000, 0x00000007a7200000|
| 115|0x00000007a7300000, 0x00000007a7300000, 0x00000007a7400000|  0%| F|  |TS 19|AC  0|TAMS 0x00000007a7300000, 0x00000007a7300000|
| 116|0x00000007a7400000, 0x00000007a7400000, 0x00000007a7500000|  0%| F|  |TS 19|AC  0|TAMS 0x00000007a7400000, 0x00000007a7400000|
| 117|0x00000007a7500000, 0x00000007a7500000, 0x00000007a7600000|  0%| F|  |TS 19|AC  0|TAMS 0x00000007a7500000, 0x00000007a7500000|
| 118|0x00000007a7600000, 0x00000007a7600000, 0x00000007a7700000|  0%| F|  |TS 19|AC  0|TAMS 0x00000007a7600000, 0x00000007a7600000|
| 119|0x00000007a7700000, 0x00000007a7700000, 0x00000007a7800000|  0%| F|  |TS 19|AC  0|TAMS 0x00000007a7700000, 0x00000007a7700000|
| 120|0x00000007a7800000, 0x00000007a7800000, 0x00000007a7900000|  0%| F|  |TS 19|AC  0|TAMS 0x00000007a7800000, 0x00000007a7800000|
| 121|0x00000007a7900000, 0x00000007a7900000, 0x00000007a7a00000|  0%| F|  |TS 19|AC  0|TAMS 0x00000007a7900000, 0x00000007a7900000|
| 122|0x00000007a7a00000, 0x00000007a7a00000, 0x00000007a7b00000|  0%| F|  |TS 19|AC  0|TAMS 0x00000007a7a00000, 0x00000007a7a00000|
| 123|0x00000007a7b00000, 0x00000007a7b00000, 0x00000007a7c00000|  0%| F|  |TS 19|AC  0|TAMS 0x00000007a7b00000, 0x00000007a7b00000|
| 124|0x00000007a7c00000, 0x00000007a7c00000, 0x00000007a7d00000|  0%| F|  |TS 19|AC  0|TAMS 0x00000007a7c00000, 0x00000007a7c00000|
| 125|0x00000007a7d00000, 0x00000007a7d00000, 0x00000007a7e00000|  0%| F|  |TS 19|AC  0|TAMS 0x00000007a7d00000, 0x00000007a7d00000|
| 126|0x00000007a7e00000, 0x00000007a7e00000, 0x00000007a7f00000|  0%| F|  |TS 19|AC  0|TAMS 0x00000007a7e00000, 0x00000007a7e00000|
| 127|0x00000007a7f00000, 0x00000007a7f00000, 0x00000007a8000000|  0%| F|  |TS 19|AC  0|TAMS 0x00000007a7f00000, 0x00000007a7f00000|
| 128|0x00000007a8000000, 0x00000007a8000000, 0x00000007a8100000|  0%| F|  |TS 19|AC  0|TAMS 0x00000007a8000000, 0x00000007a8000000|
| 129|0x00000007a8100000, 0x00000007a8100000, 0x00000007a8200000|  0%| F|  |TS 19|AC  0|TAMS 0x00000007a8100000, 0x00000007a8100000|
| 130|0x00000007a8200000, 0x00000007a8200000, 0x00000007a8300000|  0%| F|  |TS 19|AC  0|TAMS 0x00000007a8200000, 0x00000007a8200000|
| 131|0x00000007a8300000, 0x00000007a8300000, 0x00000007a8400000|  0%| F|  |TS 19|AC  0|TAMS 0x00000007a8300000, 0x00000007a8300000|
| 132|0x00000007a8400000, 0x00000007a8400000, 0x00000007a8500000|  0%| F|  |TS 19|AC  0|TAMS 0x00000007a8400000, 0x00000007a8400000|
| 133|0x00000007a8500000, 0x00000007a8500000, 0x00000007a8600000|  0%| F|  |TS 19|AC  0|TAMS 0x00000007a8500000, 0x00000007a8500000|
| 134|0x00000007a8600000, 0x00000007a8600000, 0x00000007a8700000|  0%| F|  |TS 19|AC  0|TAMS 0x00000007a8600000, 0x00000007a8600000|
| 135|0x00000007a8700000, 0x00000007a8700000, 0x00000007a8800000|  0%| F|  |TS 19|AC  0|TAMS 0x00000007a8700000, 0x00000007a8700000|
| 136|0x00000007a8800000, 0x00000007a8800000, 0x00000007a8900000|  0%| F|  |TS 19|AC  0|TAMS 0x00000007a8800000, 0x00000007a8800000|
| 137|0x00000007a8900000, 0x00000007a8900000, 0x00000007a8a00000|  0%| F|  |TS 19|AC  0|TAMS 0x00000007a8900000, 0x00000007a8900000|
| 138|0x00000007a8a00000, 0x00000007a8a00000, 0x00000007a8b00000|  0%| F|  |TS 19|AC  0|TAMS 0x00000007a8a00000, 0x00000007a8a00000|
| 139|0x00000007a8b00000, 0x00000007a8b00000, 0x00000007a8c00000|  0%| F|  |TS 19|AC  0|TAMS 0x00000007a8b00000, 0x00000007a8b00000|
| 140|0x00000007a8c00000, 0x00000007a8c00000, 0x00000007a8d00000|  0%| F|  |TS 19|AC  0|TAMS 0x00000007a8c00000, 0x00000007a8c00000|
| 141|0x00000007a8d00000, 0x00000007a8d00000, 0x00000007a8e00000|  0%| F|  |TS 19|AC  0|TAMS 0x00000007a8d00000, 0x00000007a8d00000|
| 142|0x00000007a8e00000, 0x00000007a8e00000, 0x00000007a8f00000|  0%| F|  |TS 19|AC  0|TAMS 0x00000007a8e00000, 0x00000007a8e00000|
| 143|0x00000007a8f00000, 0x00000007a8f00000, 0x00000007a9000000|  0%| F|  |TS 19|AC  0|TAMS 0x00000007a8f00000, 0x00000007a8f00000|
| 144|0x00000007a9000000, 0x00000007a9000000, 0x00000007a9100000|  0%| F|  |TS 19|AC  0|TAMS 0x00000007a9000000, 0x00000007a9000000|
| 145|0x00000007a9100000, 0x00000007a9100000, 0x00000007a9200000|  0%| F|  |TS 19|AC  0|TAMS 0x00000007a9100000, 0x00000007a9100000|
| 146|0x00000007a9200000, 0x00000007a9200000, 0x00000007a9300000|  0%| F|  |TS 19|AC  0|TAMS 0x00000007a9200000, 0x00000007a9200000|
| 147|0x00000007a9300000, 0x00000007a9300000, 0x00000007a9400000|  0%| F|  |TS 19|AC  0|TAMS 0x00000007a9300000, 0x00000007a9300000|
| 148|0x00000007a9400000, 0x00000007a9400000, 0x00000007a9500000|  0%| F|  |TS 19|AC  0|TAMS 0x00000007a9400000, 0x00000007a9400000|
| 149|0x00000007a9500000, 0x00000007a9500000, 0x00000007a9600000|  0%| F|  |TS 19|AC  0|TAMS 0x00000007a9500000, 0x00000007a9500000|
| 150|0x00000007a9600000, 0x00000007a9600000, 0x00000007a9700000|  0%| F|  |TS 19|AC  0|TAMS 0x00000007a9600000, 0x00000007a9600000|
| 151|0x00000007a9700000, 0x00000007a9700000, 0x00000007a9800000|  0%| F|  |TS 19|AC  0|TAMS 0x00000007a9700000, 0x00000007a9700000|
| 152|0x00000007a9800000, 0x00000007a9800000, 0x00000007a9900000|  0%| F|  |TS 19|AC  0|TAMS 0x00000007a9800000, 0x00000007a9800000|
| 153|0x00000007a9900000, 0x00000007a9900000, 0x00000007a9a00000|  0%| F|  |TS 19|AC  0|TAMS 0x00000007a9900000, 0x00000007a9900000|
| 154|0x00000007a9a00000, 0x00000007a9a00000, 0x00000007a9b00000|  0%| F|  |TS 19|AC  0|TAMS 0x00000007a9a00000, 0x00000007a9a00000|
| 155|0x00000007a9b00000, 0x00000007a9b00000, 0x00000007a9c00000|  0%| F|  |TS 19|AC  0|TAMS 0x00000007a9b00000, 0x00000007a9b00000|
| 156|0x00000007a9c00000, 0x00000007a9c00000, 0x00000007a9d00000|  0%| F|  |TS 19|AC  0|TAMS 0x00000007a9c00000, 0x00000007a9c00000|
| 157|0x00000007a9d00000, 0x00000007a9d00000, 0x00000007a9e00000|  0%| F|  |TS 19|AC  0|TAMS 0x00000007a9d00000, 0x00000007a9d00000|
| 158|0x00000007a9e00000, 0x00000007a9e00000, 0x00000007a9f00000|  0%| F|  |TS 19|AC  0|TAMS 0x00000007a9e00000, 0x00000007a9e00000|
| 159|0x00000007a9f00000, 0x00000007a9f00000, 0x00000007aa000000|  0%| F|  |TS 19|AC  0|TAMS 0x00000007a9f00000, 0x00000007a9f00000|
| 160|0x00000007aa000000, 0x00000007aa000000, 0x00000007aa100000|  0%| F|  |TS 19|AC  0|TAMS 0x00000007aa000000, 0x00000007aa000000|
| 161|0x00000007aa100000, 0x00000007aa100000, 0x00000007aa200000|  0%| F|  |TS 19|AC  0|TAMS 0x00000007aa100000, 0x00000007aa100000|
| 162|0x00000007aa200000, 0x00000007aa200000, 0x00000007aa300000|  0%| F|  |TS 19|AC  0|TAMS 0x00000007aa200000, 0x00000007aa200000|
| 163|0x00000007aa300000, 0x00000007aa300000, 0x00000007aa400000|  0%| F|  |TS 19|AC  0|TAMS 0x00000007aa300000, 0x00000007aa300000|
| 164|0x00000007aa400000, 0x00000007aa400000, 0x00000007aa500000|  0%| F|  |TS 19|AC  0|TAMS 0x00000007aa400000, 0x00000007aa400000|
| 165|0x00000007aa500000, 0x00000007aa500000, 0x00000007aa600000|  0%| F|  |TS 19|AC  0|TAMS 0x00000007aa500000, 0x00000007aa500000|
| 166|0x00000007aa600000, 0x00000007aa600000, 0x00000007aa700000|  0%| F|  |TS 19|AC  0|TAMS 0x00000007aa600000, 0x00000007aa600000|
| 167|0x00000007aa700000, 0x00000007aa700000, 0x00000007aa800000|  0%| F|  |TS 19|AC  0|TAMS 0x00000007aa700000, 0x00000007aa700000|
| 168|0x00000007aa800000, 0x00000007aa800000, 0x00000007aa900000|  0%| F|  |TS 19|AC  0|TAMS 0x00000007aa800000, 0x00000007aa800000|
| 169|0x00000007aa900000, 0x00000007aa900000, 0x00000007aaa00000|  0%| F|  |TS 19|AC  0|TAMS 0x00000007aa900000, 0x00000007aa900000|
| 170|0x00000007aaa00000, 0x00000007aaa00000, 0x00000007aab00000|  0%| F|  |TS 19|AC  0|TAMS 0x00000007aaa00000, 0x00000007aaa00000|
| 171|0x00000007aab00000, 0x00000007aab00000, 0x00000007aac00000|  0%| F|  |TS 19|AC  0|TAMS 0x00000007aab00000, 0x00000007aab00000|
| 172|0x00000007aac00000, 0x00000007aac00000, 0x00000007aad00000|  0%| F|  |TS 19|AC  0|TAMS 0x00000007aac00000, 0x00000007aac00000|
| 173|0x00000007aad00000, 0x00000007aad00000, 0x00000007aae00000|  0%| F|  |TS 19|AC  0|TAMS 0x00000007aad00000, 0x00000007aad00000|
| 174|0x00000007aae00000, 0x00000007aae00000, 0x00000007aaf00000|  0%| F|  |TS 19|AC  0|TAMS 0x00000007aae00000, 0x00000007aae00000|
| 175|0x00000007aaf00000, 0x00000007aaf00000, 0x00000007ab000000|  0%| F|  |TS 19|AC  0|TAMS 0x00000007aaf00000, 0x00000007aaf00000|
| 176|0x00000007ab000000, 0x00000007ab000000, 0x00000007ab100000|  0%| F|  |TS 19|AC  0|TAMS 0x00000007ab000000, 0x00000007ab000000|
| 177|0x00000007ab100000, 0x00000007ab100000, 0x00000007ab200000|  0%| F|  |TS 19|AC  0|TAMS 0x00000007ab100000, 0x00000007ab100000|
| 178|0x00000007ab200000, 0x00000007ab200000, 0x00000007ab300000|  0%| F|  |TS 19|AC  0|TAMS 0x00000007ab200000, 0x00000007ab200000|
| 179|0x00000007ab300000, 0x00000007ab300000, 0x00000007ab400000|  0%| F|  |TS 19|AC  0|TAMS 0x00000007ab300000, 0x00000007ab300000|
| 180|0x00000007ab400000, 0x00000007ab400000, 0x00000007ab500000|  0%| F|  |TS 19|AC  0|TAMS 0x00000007ab400000, 0x00000007ab400000|
| 181|0x00000007ab500000, 0x00000007ab500000, 0x00000007ab600000|  0%| F|  |TS 19|AC  0|TAMS 0x00000007ab500000, 0x00000007ab500000|
| 182|0x00000007ab600000, 0x00000007ab600000, 0x00000007ab700000|  0%| F|  |TS 19|AC  0|TAMS 0x00000007ab600000, 0x00000007ab600000|
| 183|0x00000007ab700000, 0x00000007ab700000, 0x00000007ab800000|  0%| F|  |TS 19|AC  0|TAMS 0x00000007ab700000, 0x00000007ab700000|
| 184|0x00000007ab800000, 0x00000007ab800000, 0x00000007ab900000|  0%| F|  |TS 19|AC  0|TAMS 0x00000007ab800000, 0x00000007ab800000|
| 185|0x00000007ab900000, 0x00000007ab900000, 0x00000007aba00000|  0%| F|  |TS 19|AC  0|TAMS 0x00000007ab900000, 0x00000007ab900000|
| 186|0x00000007aba00000, 0x00000007aba00000, 0x00000007abb00000|  0%| F|  |TS 19|AC  0|TAMS 0x00000007aba00000, 0x00000007aba00000|
| 187|0x00000007abb00000, 0x00000007abb00000, 0x00000007abc00000|  0%| F|  |TS 19|AC  0|TAMS 0x00000007abb00000, 0x00000007abb00000|
| 188|0x00000007abc00000, 0x00000007abc00000, 0x00000007abd00000|  0%| F|  |TS 19|AC  0|TAMS 0x00000007abc00000, 0x00000007abc00000|
| 189|0x00000007abd00000, 0x00000007abd00000, 0x00000007abe00000|  0%| F|  |TS 19|AC  0|TAMS 0x00000007abd00000, 0x00000007abd00000|
| 190|0x00000007abe00000, 0x00000007abe00000, 0x00000007abf00000|  0%| F|  |TS 19|AC  0|TAMS 0x00000007abe00000, 0x00000007abe00000|
| 191|0x00000007abf00000, 0x00000007abf00000, 0x00000007ac000000|  0%| F|  |TS 19|AC  0|TAMS 0x00000007abf00000, 0x00000007abf00000|
| 192|0x00000007ac000000, 0x00000007ac000000, 0x00000007ac100000|  0%| F|  |TS 19|AC  0|TAMS 0x00000007ac000000, 0x00000007ac000000|
| 193|0x00000007ac100000, 0x00000007ac100000, 0x00000007ac200000|  0%| F|  |TS 19|AC  0|TAMS 0x00000007ac100000, 0x00000007ac100000|
| 194|0x00000007ac200000, 0x00000007ac200000, 0x00000007ac300000|  0%| F|  |TS 19|AC  0|TAMS 0x00000007ac200000, 0x00000007ac200000|
| 195|0x00000007ac300000, 0x00000007ac300000, 0x00000007ac400000|  0%| F|  |TS 19|AC  0|TAMS 0x00000007ac300000, 0x00000007ac300000|
| 196|0x00000007ac400000, 0x00000007ac400000, 0x00000007ac500000|  0%| F|  |TS 19|AC  0|TAMS 0x00000007ac400000, 0x00000007ac400000|
| 197|0x00000007ac500000, 0x00000007ac500000, 0x00000007ac600000|  0%| F|  |TS 19|AC  0|TAMS 0x00000007ac500000, 0x00000007ac500000|
| 198|0x00000007ac600000, 0x00000007ac600000, 0x00000007ac700000|  0%| F|  |TS 19|AC  0|TAMS 0x00000007ac600000, 0x00000007ac600000|
| 199|0x00000007ac700000, 0x00000007ac700000, 0x00000007ac800000|  0%| F|  |TS 19|AC  0|TAMS 0x00000007ac700000, 0x00000007ac700000|
| 200|0x00000007ac800000, 0x00000007ac800000, 0x00000007ac900000|  0%| F|  |TS 19|AC  0|TAMS 0x00000007ac800000, 0x00000007ac800000|
| 201|0x00000007ac900000, 0x00000007ac900000, 0x00000007aca00000|  0%| F|  |TS 19|AC  0|TAMS 0x00000007ac900000, 0x00000007ac900000|
| 202|0x00000007aca00000, 0x00000007aca00000, 0x00000007acb00000|  0%| F|  |TS 19|AC  0|TAMS 0x00000007aca00000, 0x00000007aca00000|
| 203|0x00000007acb00000, 0x00000007acb00000, 0x00000007acc00000|  0%| F|  |TS 19|AC  0|TAMS 0x00000007acb00000, 0x00000007acb00000|
| 204|0x00000007acc00000, 0x00000007acc00000, 0x00000007acd00000|  0%| F|  |TS 19|AC  0|TAMS 0x00000007acc00000, 0x00000007acc00000|
| 205|0x00000007acd00000, 0x00000007acd00000, 0x00000007ace00000|  0%| F|  |TS 19|AC  0|TAMS 0x00000007acd00000, 0x00000007acd00000|
| 206|0x00000007ace00000, 0x00000007ace00000, 0x00000007acf00000|  0%| F|  |TS 19|AC  0|TAMS 0x00000007ace00000, 0x00000007ace00000|
| 207|0x00000007acf00000, 0x00000007acf00000, 0x00000007ad000000|  0%| F|  |TS 19|AC  0|TAMS 0x00000007acf00000, 0x00000007acf00000|
| 208|0x00000007ad000000, 0x00000007ad000000, 0x00000007ad100000|  0%| F|  |TS 19|AC  0|TAMS 0x00000007ad000000, 0x00000007ad000000|
| 209|0x00000007ad100000, 0x00000007ad100000, 0x00000007ad200000|  0%| F|  |TS 19|AC  0|TAMS 0x00000007ad100000, 0x00000007ad100000|
| 210|0x00000007ad200000, 0x00000007ad200000, 0x00000007ad300000|  0%| F|  |TS 19|AC  0|TAMS 0x00000007ad200000, 0x00000007ad200000|
| 211|0x00000007ad300000, 0x00000007ad300000, 0x00000007ad400000|  0%| F|  |TS 19|AC  0|TAMS 0x00000007ad300000, 0x00000007ad300000|
| 212|0x00000007ad400000, 0x00000007ad400000, 0x00000007ad500000|  0%| F|  |TS 19|AC  0|TAMS 0x00000007ad400000, 0x00000007ad400000|
| 213|0x00000007ad500000, 0x00000007ad500000, 0x00000007ad600000|  0%| F|  |TS 19|AC  0|TAMS 0x00000007ad500000, 0x00000007ad500000|
| 214|0x00000007ad600000, 0x00000007ad600000, 0x00000007ad700000|  0%| F|  |TS 19|AC  0|TAMS 0x00000007ad600000, 0x00000007ad600000|
| 215|0x00000007ad700000, 0x00000007ad700000, 0x00000007ad800000|  0%| F|  |TS 19|AC  0|TAMS 0x00000007ad700000, 0x00000007ad700000|
| 216|0x00000007ad800000, 0x00000007ad800000, 0x00000007ad900000|  0%| F|  |TS 19|AC  0|TAMS 0x00000007ad800000, 0x00000007ad800000|
| 217|0x00000007ad900000, 0x00000007ad900000, 0x00000007ada00000|  0%| F|  |TS 19|AC  0|TAMS 0x00000007ad900000, 0x00000007ad900000|
| 218|0x00000007ada00000, 0x00000007ada00000, 0x00000007adb00000|  0%| F|  |TS 19|AC  0|TAMS 0x00000007ada00000, 0x00000007ada00000|
| 219|0x00000007adb00000, 0x00000007adb00000, 0x00000007adc00000|  0%| F|  |TS 19|AC  0|TAMS 0x00000007adb00000, 0x00000007adb00000|
| 220|0x00000007adc00000, 0x00000007adc00000, 0x00000007add00000|  0%| F|  |TS 19|AC  0|TAMS 0x00000007adc00000, 0x00000007adc00000|
| 221|0x00000007add00000, 0x00000007add00000, 0x00000007ade00000|  0%| F|  |TS 19|AC  0|TAMS 0x00000007add00000, 0x00000007add00000|
| 222|0x00000007ade00000, 0x00000007ade00000, 0x00000007adf00000|  0%| F|  |TS 19|AC  0|TAMS 0x00000007ade00000, 0x00000007ade00000|
| 223|0x00000007adf00000, 0x00000007adf00000, 0x00000007ae000000|  0%| F|  |TS 19|AC  0|TAMS 0x00000007adf00000, 0x00000007adf00000|
| 224|0x00000007ae000000, 0x00000007ae000000, 0x00000007ae100000|  0%| F|  |TS 19|AC  0|TAMS 0x00000007ae000000, 0x00000007ae000000|
| 225|0x00000007ae100000, 0x00000007ae100000, 0x00000007ae200000|  0%| F|  |TS 19|AC  0|TAMS 0x00000007ae100000, 0x00000007ae100000|
| 226|0x00000007ae200000, 0x00000007ae200000, 0x00000007ae300000|  0%| F|  |TS 19|AC  0|TAMS 0x00000007ae200000, 0x00000007ae200000|
| 227|0x00000007ae300000, 0x00000007ae300000, 0x00000007ae400000|  0%| F|  |TS 19|AC  0|TAMS 0x00000007ae300000, 0x00000007ae300000|
| 228|0x00000007ae400000, 0x00000007ae473718, 0x00000007ae500000| 45%| S|CS|TS 21|AC  0|TAMS 0x00000007ae400000, 0x00000007ae400000|
| 229|0x00000007ae500000, 0x00000007ae600000, 0x00000007ae600000|100%| S|CS|TS 21|AC  0|TAMS 0x00000007ae500000, 0x00000007ae500000|
| 230|0x00000007ae600000, 0x00000007ae700000, 0x00000007ae700000|100%| S|CS|TS 21|AC  0|TAMS 0x00000007ae600000, 0x00000007ae600000|
| 231|0x00000007ae700000, 0x00000007ae800000, 0x00000007ae800000|100%| S|CS|TS 21|AC  0|TAMS 0x00000007ae700000, 0x00000007ae700000|
| 232|0x00000007ae800000, 0x00000007ae900000, 0x00000007ae900000|100%| S|CS|TS 21|AC  0|TAMS 0x00000007ae800000, 0x00000007ae800000|
| 233|0x00000007ae900000, 0x00000007aea00000, 0x00000007aea00000|100%| S|CS|TS 21|AC  0|TAMS 0x00000007ae900000, 0x00000007ae900000|
| 234|0x00000007aea00000, 0x00000007aeb00000, 0x00000007aeb00000|100%| S|CS|TS 21|AC  0|TAMS 0x00000007aea00000, 0x00000007aea00000|
| 235|0x00000007aeb00000, 0x00000007aec00000, 0x00000007aec00000|100%| S|CS|TS 21|AC  0|TAMS 0x00000007aeb00000, 0x00000007aeb00000|
| 236|0x00000007aec00000, 0x00000007aed00000, 0x00000007aed00000|100%| S|CS|TS 21|AC  0|TAMS 0x00000007aec00000, 0x00000007aec00000|
| 237|0x00000007aed00000, 0x00000007aee00000, 0x00000007aee00000|100%| S|CS|TS 21|AC  0|TAMS 0x00000007aed00000, 0x00000007aed00000|
| 238|0x00000007aee00000, 0x00000007aef00000, 0x00000007aef00000|100%| S|CS|TS 21|AC  0|TAMS 0x00000007aee00000, 0x00000007aee00000|
| 239|0x00000007aef00000, 0x00000007aef00000, 0x00000007af000000|  0%| F|  |TS 21|AC  0|TAMS 0x00000007aef00000, 0x00000007aef00000|
| 240|0x00000007af000000, 0x00000007af000000, 0x00000007af100000|  0%| F|  |TS 21|AC  0|TAMS 0x00000007af000000, 0x00000007af000000|
| 241|0x00000007af100000, 0x00000007af100000, 0x00000007af200000|  0%| F|  |TS 21|AC  0|TAMS 0x00000007af100000, 0x00000007af100000|
| 242|0x00000007af200000, 0x00000007af200000, 0x00000007af300000|  0%| F|  |TS 21|AC  0|TAMS 0x00000007af200000, 0x00000007af200000|
| 243|0x00000007af300000, 0x00000007af300000, 0x00000007af400000|  0%| F|  |TS 21|AC  0|TAMS 0x00000007af300000, 0x00000007af300000|
| 244|0x00000007af400000, 0x00000007af400000, 0x00000007af500000|  0%| F|  |TS 21|AC  0|TAMS 0x00000007af400000, 0x00000007af400000|
| 245|0x00000007af500000, 0x00000007af500000, 0x00000007af600000|  0%| F|  |TS 21|AC  0|TAMS 0x00000007af500000, 0x00000007af500000|
| 246|0x00000007af600000, 0x00000007af600000, 0x00000007af700000|  0%| F|  |TS 21|AC  0|TAMS 0x00000007af600000, 0x00000007af600000|
| 247|0x00000007af700000, 0x00000007af700000, 0x00000007af800000|  0%| F|  |TS 21|AC  0|TAMS 0x00000007af700000, 0x00000007af700000|
| 248|0x00000007af800000, 0x00000007af800000, 0x00000007af900000|  0%| F|  |TS 21|AC  0|TAMS 0x00000007af800000, 0x00000007af800000|
| 249|0x00000007af900000, 0x00000007af900000, 0x00000007afa00000|  0%| F|  |TS 21|AC  0|TAMS 0x00000007af900000, 0x00000007af900000|
| 250|0x00000007afa00000, 0x00000007afa00000, 0x00000007afb00000|  0%| F|  |TS 21|AC  0|TAMS 0x00000007afa00000, 0x00000007afa00000|
| 251|0x00000007afb00000, 0x00000007afb00000, 0x00000007afc00000|  0%| F|  |TS 21|AC  0|TAMS 0x00000007afb00000, 0x00000007afb00000|
| 252|0x00000007afc00000, 0x00000007afc00000, 0x00000007afd00000|  0%| F|  |TS 21|AC  0|TAMS 0x00000007afc00000, 0x00000007afc00000|
| 253|0x00000007afd00000, 0x00000007afd00000, 0x00000007afe00000|  0%| F|  |TS 21|AC  0|TAMS 0x00000007afd00000, 0x00000007afd00000|
| 254|0x00000007afe00000, 0x00000007afe767b8, 0x00000007aff00000| 46%| E|  |TS 21|AC  0|TAMS 0x00000007afe00000, 0x00000007afe00000|
| 255|0x00000007aff00000, 0x00000007b0000000, 0x00000007b0000000|100%| E|CS|TS 21|AC  0|TAMS 0x00000007aff00000, 0x00000007aff00000|

Card table byte_map: [0x000000010be3d000,0x000000010bf3d000] byte_map_base: 0x000000010813d000

Marking Bits (Prev, Next): (CMBitMap*) 0x00007ff9f781e870, (CMBitMap*) 0x00007ff9f781e8a8
 Prev Bits: [0x000000010c03d000, 0x000000010c83d000)
 Next Bits: [0x000000010c83d000, 0x000000010d03d000)

Polling page: 0x00000001034ae000

CodeHeap 'non-profiled nmethods': size=120032Kb used=8422Kb max_used=8422Kb free=111609Kb
 bounds [0x0000000115218000, 0x0000000115a58000, 0x000000011c750000]
CodeHeap 'profiled nmethods': size=120032Kb used=18432Kb max_used=18432Kb free=101599Kb
 bounds [0x000000010dce0000, 0x000000010eef0000, 0x0000000115218000]
CodeHeap 'non-nmethods': size=5696Kb used=1732Kb max_used=1798Kb free=3963Kb
 bounds [0x000000010d750000, 0x000000010d9c0000, 0x000000010dce0000]
 total_blobs=12217 nmethods=7886 adapters=1109
 compilation: enabled

Compilation events (10 events):
Event: 68.125 Thread 0x00007ff9f784e800 nmethod 7878% 0x000000010eecc110 code [0x000000010eecc3e0, 0x000000010eecdf88]
Event: 68.125 Thread 0x00007ff9f784e800 7879       3       sun.java2d.pipe.AlphaColorPipe::renderPathTile (39 bytes)
Event: 68.125 Thread 0x00007ff9f784e800 nmethod 7879 0x000000010eecec90 code [0x000000010eecee60, 0x000000010eecf288]
Event: 68.129 Thread 0x00007ff9f784e800 7880       3       sun.java2d.pipe.Region::appendSpan (335 bytes)
Event: 68.131 Thread 0x00007ff9f784e800 nmethod 7880 0x000000010eecf390 code [0x000000010eecf5e0, 0x000000010eecffd8]
Event: 68.133 Thread 0x00007ff9f784e800 7881       1       javax.swing.JComponent::setPaintingChild (6 bytes)
Event: 68.134 Thread 0x00007ff9f784e800 nmethod 7881 0x0000000115a4e610 code [0x0000000115a4e7c0, 0x0000000115a4e930]
Event: 68.134 Thread 0x00007ff9f7845800 nmethod 7855 0x0000000115a4e990 code [0x0000000115a4ebe0, 0x0000000115a50398]
Event: 68.136 Thread 0x00007ff9f784e800 7882       3       java.awt.Container::containsFocus (13 bytes)
Event: 68.136 Thread 0x00007ff9f784e800 nmethod 7882 0x000000010eed0390 code [0x000000010eed0580, 0x000000010eed0878]

GC Heap History (10 events):
Event: 53.401 GC heap before
{Heap before GC invocations=13 (full 0):
 garbage-first heap   total 262144K, used 192606K [0x00000007a0000000, 0x00000007a0100800, 0x00000007c0000000)
  region size 1024K, 153 young (156672K), 13 survivors (13312K)
 Metaspace       used 37749K, capacity 38949K, committed 39296K, reserved 1083392K
  class space    used 4719K, capacity 4965K, committed 4992K, reserved 1048576K
}
Event: 53.407 GC heap after
{Heap after GC invocations=14 (full 0):
 garbage-first heap   total 262144K, used 49907K [0x00000007a0000000, 0x00000007a0100800, 0x00000007c0000000)
  region size 1024K, 13 young (13312K), 13 survivors (13312K)
 Metaspace       used 37749K, capacity 38949K, committed 39296K, reserved 1083392K
  class space    used 4719K, capacity 4965K, committed 4992K, reserved 1048576K
}
Event: 58.197 GC heap before
{Heap before GC invocations=14 (full 0):
 garbage-first heap   total 262144K, used 193267K [0x00000007a0000000, 0x00000007a0100800, 0x00000007c0000000)
  region size 1024K, 153 young (156672K), 13 survivors (13312K)
 Metaspace       used 37762K, capacity 38949K, committed 39296K, reserved 1083392K
  class space    used 4719K, capacity 4965K, committed 4992K, reserved 1048576K
}
Event: 58.202 GC heap after
{Heap after GC invocations=15 (full 0):
 garbage-first heap   total 262144K, used 50688K [0x00000007a0000000, 0x00000007a0100800, 0x00000007c0000000)
  region size 1024K, 11 young (11264K), 11 survivors (11264K)
 Metaspace       used 37762K, capacity 38949K, committed 39296K, reserved 1083392K
  class space    used 4719K, capacity 4965K, committed 4992K, reserved 1048576K
}
Event: 62.820 GC heap before
{Heap before GC invocations=15 (full 0):
 garbage-first heap   total 262144K, used 196096K [0x00000007a0000000, 0x00000007a0100800, 0x00000007c0000000)
  region size 1024K, 153 young (156672K), 11 survivors (11264K)
 Metaspace       used 37762K, capacity 38949K, committed 39296K, reserved 1083392K
  class space    used 4719K, capacity 4965K, committed 4992K, reserved 1048576K
}
Event: 62.824 GC heap after
{Heap after GC invocations=16 (full 0):
 garbage-first heap   total 262144K, used 50106K [0x00000007a0000000, 0x00000007a0100800, 0x00000007c0000000)
  region size 1024K, 10 young (10240K), 10 survivors (10240K)
 Metaspace       used 37762K, capacity 38949K, committed 39296K, reserved 1083392K
  class space    used 4719K, capacity 4965K, committed 4992K, reserved 1048576K
}
Event: 67.540 GC heap before
{Heap before GC invocations=16 (full 0):
 garbage-first heap   total 262144K, used 196538K [0x00000007a0000000, 0x00000007a0100800, 0x00000007c0000000)
  region size 1024K, 153 young (156672K), 10 survivors (10240K)
 Metaspace       used 37763K, capacity 38949K, committed 39296K, reserved 1083392K
  class space    used 4719K, capacity 4965K, committed 4992K, reserved 1048576K
}
Event: 67.545 GC heap after
{Heap after GC invocations=17 (full 0):
 garbage-first heap   total 262144K, used 50176K [0x00000007a0000000, 0x00000007a0100800, 0x00000007c0000000)
  region size 1024K, 10 young (10240K), 10 survivors (10240K)
 Metaspace       used 37763K, capacity 38949K, committed 39296K, reserved 1083392K
  class space    used 4719K, capacity 4965K, committed 4992K, reserved 1048576K
}
Event: 68.102 GC heap before
{Heap before GC invocations=17 (full 0):
 garbage-first heap   total 262144K, used 66560K [0x00000007a0000000, 0x00000007a0100800, 0x00000007c0000000)
  region size 1024K, 27 young (27648K), 10 survivors (10240K)
 Metaspace       used 37869K, capacity 39035K, committed 39296K, reserved 1083392K
  class space    used 4733K, capacity 4968K, committed 4992K, reserved 1048576K
}
Event: 68.106 GC heap after
{Heap after GC invocations=18 (full 0):
 garbage-first heap   total 262144K, used 50637K [0x00000007a0000000, 0x00000007a0100800, 0x00000007c0000000)
  region size 1024K, 11 young (11264K), 11 survivors (11264K)
 Metaspace       used 37869K, capacity 39035K, committed 39296K, reserved 1083392K
  class space    used 4733K, capacity 4968K, committed 4992K, reserved 1048576K
}

Deoptimization events (10 events):
Event: 68.112 Thread 0x00007ff9f8f2f000 Uncommon trap: reason=unstable_if action=reinterpret pc=0x00000001155ad73c method=sun.java2d.opengl.OGLRenderer.validateContext(Lsun/java2d/SunGraphics2D;)V @ 10 c2
Event: 68.112 Thread 0x00007ff9f8f2f000 Uncommon trap: reason=class_check action=maybe_recompile pc=0x00000001154b8604 method=sun.java2d.SunGraphics2D.fill(Ljava/awt/Shape;)V @ 6 c2
Event: 68.112 Thread 0x00007ff9f8f2f000 Uncommon trap: reason=bimorphic_or_optimized_type_check action=maybe_recompile pc=0x00000001154d3d00 method=sun.java2d.pipe.PixelToParallelogramConverter.fill(Lsun/java2d/SunGraphics2D;Ljava/awt/Shape;)V @ 70 c2
Event: 68.112 Thread 0x00007ff9f8f2f000 Uncommon trap: reason=bimorphic_or_optimized_type_check action=maybe_recompile pc=0x000000011562a4d4 method=sun.java2d.marlin.MarlinRenderingEngine.getAATileGenerator(Ljava/awt/Shape;Ljava/awt/geom/AffineTransform;Lsun/java2d/pipe/Region;Ljava/awt/BasicSt
Event: 68.112 Thread 0x00007ff9f8f2f000 Uncommon trap: reason=class_check action=maybe_recompile pc=0x00000001153edd9c method=sun.java2d.pipe.AlphaColorPipe.renderPathTile(Ljava/lang/Object;[BIIIIII)V @ 35 c2
Event: 68.116 Thread 0x00007ff9f8f2f000 Uncommon trap: reason=bimorphic_or_optimized_type_check action=maybe_recompile pc=0x00000001154d3d00 method=sun.java2d.pipe.PixelToParallelogramConverter.fill(Lsun/java2d/SunGraphics2D;Ljava/awt/Shape;)V @ 70 c2
Event: 68.117 Thread 0x00007ff9f8f2f000 Uncommon trap: reason=bimorphic_or_optimized_type_check action=maybe_recompile pc=0x000000011562a4d4 method=sun.java2d.marlin.MarlinRenderingEngine.getAATileGenerator(Ljava/awt/Shape;Ljava/awt/geom/AffineTransform;Lsun/java2d/pipe/Region;Ljava/awt/BasicSt
Event: 68.117 Thread 0x00007ff9f8f2f000 Uncommon trap: reason=unstable_if action=reinterpret pc=0x0000000115414c6c method=sun.java2d.pipe.Region.appendSpan([I)V @ 44 c2
Event: 68.121 Thread 0x00007ff9f8f2f000 Uncommon trap: reason=bimorphic_or_optimized_type_check action=maybe_recompile pc=0x00000001154d3d00 method=sun.java2d.pipe.PixelToParallelogramConverter.fill(Lsun/java2d/SunGraphics2D;Ljava/awt/Shape;)V @ 70 c2
Event: 68.121 Thread 0x00007ff9f8f2f000 Uncommon trap: reason=bimorphic_or_optimized_type_check action=maybe_recompile pc=0x000000011562a4d4 method=sun.java2d.marlin.MarlinRenderingEngine.getAATileGenerator(Ljava/awt/Shape;Ljava/awt/geom/AffineTransform;Lsun/java2d/pipe/Region;Ljava/awt/BasicSt

Classes redefined (0 events):
No events

Internal exceptions (10 events):
Event: 4.029 Thread 0x00007ff9f9393800 Exception <a 'java/lang/NoSuchMethodError'{0x00000007af873c28}: java.lang.invoke.DirectMethodHandle$Holder.invokeStaticInit(Ljava/lang/Object;Ljava/lang/Object;Ljava/lang/Object;)V> (0x00000007af873c28) thrown at [/scratch/mesos/slaves/5af44a71-976a-41b7-
Event: 4.604 Thread 0x00007ff9f8f2f000 Exception <a 'java/lang/NoSuchMethodError'{0x00000007ae14de98}: java.lang.Object.lambda$negate$3(I)Z> (0x00000007ae14de98) thrown at [/scratch/mesos/slaves/5af44a71-976a-41b7-81de-5773b84ec572-S38393/frameworks/1735e8a2-a1db-478c-8104-60c8b0af87dd-0196/ex
Event: 4.632 Thread 0x00007ff9f8f2f000 Exception <a 'sun/nio/fs/UnixException'{0x00000007adf7c490}> (0x00000007adf7c490) thrown at [/scratch/mesos/slaves/5af44a71-976a-41b7-81de-5773b84ec572-S38393/frameworks/1735e8a2-a1db-478c-8104-60c8b0af87dd-0196/executors/8b855640-c399-41ea-b65f-52272e574
Event: 4.640 Thread 0x00007ff9f8f2f000 Exception <a 'sun/nio/fs/UnixException'{0x00000007ade74d08}> (0x00000007ade74d08) thrown at [/scratch/mesos/slaves/5af44a71-976a-41b7-81de-5773b84ec572-S38393/frameworks/1735e8a2-a1db-478c-8104-60c8b0af87dd-0196/executors/8b855640-c399-41ea-b65f-52272e574
Event: 5.330 Thread 0x00007ff9f7f68000 Exception <a 'java/io/FileNotFoundException'{0x00000007af7e4470}> (0x00000007af7e4470) thrown at [/scratch/mesos/slaves/5af44a71-976a-41b7-81de-5773b84ec572-S38393/frameworks/1735e8a2-a1db-478c-8104-60c8b0af87dd-0196/executors/8b855640-c399-41ea-b65f-5227
Event: 5.336 Thread 0x00007ff9f8b82800 Implicit null exception at 0x00000001152ec013 to 0x00000001152ec5fd
Event: 5.336 Thread 0x00007ff9f8b82800 Implicit null exception at 0x00000001152e8914 to 0x00000001152e8f35
Event: 5.551 Thread 0x00007ff9f8557800 Exception <a 'java/io/FileNotFoundException'{0x00000007aef2a670}> (0x00000007aef2a670) thrown at [/scratch/mesos/slaves/5af44a71-976a-41b7-81de-5773b84ec572-S38393/frameworks/1735e8a2-a1db-478c-8104-60c8b0af87dd-0196/executors/8b855640-c399-41ea-b65f-5227
Event: 20.955 Thread 0x00007ff9f7f68000 Implicit null exception at 0x00000001155c9afe to 0x00000001155cbec5
Event: 68.070 Thread 0x00007ff9f8f2f000 Implicit null exception at 0x000000011562be5f to 0x000000011562c361

Events (10 events):
Event: 68.117 Thread 0x00007ff9f8f2f000 DEOPT PACKING pc=0x0000000115414c6c sp=0x00007000029ea350
Event: 68.117 Thread 0x00007ff9f8f2f000 DEOPT UNPACKING pc=0x000000010d79dc9f sp=0x00007000029ea300 mode 2
Event: 68.121 Thread 0x00007ff9f8f2f000 Uncommon trap: trap_request=0xffffffc6 fr.pc=0x00000001154d3d00 relative=0x0000000000000380
Event: 68.121 Thread 0x00007ff9f8f2f000 DEOPT PACKING pc=0x00000001154d3d00 sp=0x00007000029e9f20
Event: 68.121 Thread 0x00007ff9f8f2f000 DEOPT UNPACKING pc=0x000000010d79dc9f sp=0x00007000029e9ed8 mode 2
Event: 68.121 Thread 0x00007ff9f8f2f000 Uncommon trap: trap_request=0xffffffc6 fr.pc=0x000000011562a4d4 relative=0x0000000000000e74
Event: 68.121 Thread 0x00007ff9f8f2f000 DEOPT PACKING pc=0x000000011562a4d4 sp=0x00007000029e9c50
Event: 68.121 Thread 0x00007ff9f8f2f000 DEOPT UNPACKING pc=0x000000010d79dc9f sp=0x00007000029e9c20 mode 2
Event: 68.138 loading class jogamp/opengl/macosx/cgl/MacOSXCGLContext$NSOpenGLImpl$DetachGLLayerCmd
Event: 68.138 loading class jogamp/opengl/macosx/cgl/MacOSXCGLContext$NSOpenGLImpl$DetachGLLayerCmd done


Dynamic libraries:
0x00007fff3bc57000 	/System/Library/Frameworks/Cocoa.framework/Versions/A/Cocoa
0x00007fff4822e000 	/System/Library/Frameworks/Security.framework/Versions/A/Security
0x00007fff3a89b000 	/System/Library/Frameworks/ApplicationServices.framework/Versions/A/ApplicationServices
0x00007fff6458f000 	/usr/lib/libz.1.dylib
0x00007fff624ca000 	/usr/lib/libSystem.B.dylib
0x00007fff3c40c000 	/System/Library/Frameworks/CoreFoundation.framework/Versions/A/CoreFoundation
0x00007fff3e560000 	/System/Library/Frameworks/Foundation.framework/Versions/C/Foundation
0x00007fff63b79000 	/usr/lib/libobjc.A.dylib
0x00007fff399eb000 	/System/Library/Frameworks/AppKit.framework/Versions/C/AppKit
0x00007fff3bfcf000 	/System/Library/Frameworks/CoreData.framework/Versions/A/CoreData
0x00007fff5be1e000 	/System/Library/PrivateFrameworks/RemoteViewServices.framework/Versions/A/RemoteViewServices
0x00007fff6056f000 	/System/Library/PrivateFrameworks/UIFoundation.framework/Versions/A/UIFoundation
0x00007fff50c80000 	/System/Library/PrivateFrameworks/DFRFoundation.framework/Versions/A/DFRFoundation
0x00007fff40ba4000 	/System/Library/Frameworks/Metal.framework/Versions/A/Metal
0x00007fff50e1d000 	/System/Library/PrivateFrameworks/DesktopServicesPriv.framework/Versions/A/DesktopServicesPriv
0x00007fff630cf000 	/usr/lib/libenergytrace.dylib
0x00007fff5e5e4000 	/System/Library/PrivateFrameworks/SkyLight.framework/Versions/A/SkyLight
0x00007fff3c8af000 	/System/Library/Frameworks/CoreGraphics.framework/Versions/A/CoreGraphics
0x00007fff624c5000 	/usr/lib/libScreenReader.dylib
0x00007fff38986000 	/System/Library/Frameworks/Accelerate.framework/Versions/A/Accelerate
0x00007fff3ecd9000 	/System/Library/Frameworks/IOSurface.framework/Versions/A/IOSurface
0x00007fff3ade5000 	/System/Library/Frameworks/AudioToolbox.framework/Versions/A/AudioToolbox
0x00007fff3b074000 	/System/Library/Frameworks/AudioUnit.framework/Versions/A/AudioUnit
0x00007fff50d18000 	/System/Library/PrivateFrameworks/DataDetectorsCore.framework/Versions/A/DataDetectorsCore
0x00007fff3b74a000 	/System/Library/Frameworks/Carbon.framework/Versions/A/Frameworks/HIToolbox.framework/Versions/A/HIToolbox
0x00007fff63229000 	/usr/lib/libicucore.A.dylib
0x00007fff477af000 	/System/Library/Frameworks/QuartzCore.framework/Versions/A/QuartzCore
0x00007fff5d89b000 	/System/Library/PrivateFrameworks/SignpostNotification.framework/Versions/A/SignpostNotification
0x00007fff3bb30000 	/System/Library/Frameworks/Carbon.framework/Versions/A/Frameworks/SpeechRecognition.framework/Versions/A/SpeechRecognition
0x00007fff62626000 	/usr/lib/libauto.dylib
0x00007fff6447e000 	/usr/lib/libxml2.2.dylib
0x00007fff508d3000 	/System/Library/PrivateFrameworks/CoreUI.framework/Versions/A/CoreUI
0x00007fff3beab000 	/System/Library/Frameworks/CoreAudio.framework/Versions/A/CoreAudio
0x00007fff3e39a000 	/System/Library/Frameworks/DiskArbitration.framework/Versions/A/DiskArbitration
0x00007fff6349d000 	/usr/lib/liblangid.dylib
0x00007fff5832e000 	/System/Library/PrivateFrameworks/MultitouchSupport.framework/Versions/A/MultitouchSupport
0x00007fff3ec3c000 	/System/Library/Frameworks/IOKit.framework/Versions/A/IOKit
0x00007fff62154000 	/usr/lib/libDiagnosticMessagesClient.dylib
0x00007fff3d578000 	/System/Library/Frameworks/CoreServices.framework/Versions/A/CoreServices
0x00007fff59e5c000 	/System/Library/PrivateFrameworks/PerformanceAnalysis.framework/Versions/A/PerformanceAnalysis
0x00007fff46951000 	/System/Library/Frameworks/OpenGL.framework/Versions/A/OpenGL
0x00007fff3bc65000 	/System/Library/Frameworks/ColorSync.framework/Versions/A/ColorSync
0x00007fff3cec1000 	/System/Library/Frameworks/CoreImage.framework/Versions/A/CoreImage
0x00007fff3df08000 	/System/Library/Frameworks/CoreText.framework/Versions/A/CoreText
0x00007fff3ed37000 	/System/Library/Frameworks/ImageIO.framework/Versions/A/ImageIO
0x00007fff4d01b000 	/System/Library/PrivateFrameworks/Backup.framework/Versions/A/Backup
0x00007fff62576000 	/usr/lib/libarchive.2.dylib
0x00007fff3b396000 	/System/Library/Frameworks/CFNetwork.framework/Versions/A/CFNetwork
0x00007fff489be000 	/System/Library/Frameworks/SystemConfiguration.framework/Versions/A/SystemConfiguration
0x00007fff6207d000 	/usr/lib/libCRFSuite.dylib
0x00007fff626ff000 	/usr/lib/libc++.1.dylib
0x00007fff62756000 	/usr/lib/libc++abi.dylib
0x00007fff6463d000 	/usr/lib/system/libcache.dylib
0x00007fff64642000 	/usr/lib/system/libcommonCrypto.dylib
0x00007fff6464d000 	/usr/lib/system/libcompiler_rt.dylib
0x00007fff64655000 	/usr/lib/system/libcopyfile.dylib
0x00007fff6465f000 	/usr/lib/system/libcorecrypto.dylib
0x00007fff6476c000 	/usr/lib/system/libdispatch.dylib
0x00007fff647a6000 	/usr/lib/system/libdyld.dylib
0x00007fff647c4000 	/usr/lib/system/libkeymgr.dylib
0x00007fff647d2000 	/usr/lib/system/liblaunch.dylib
0x00007fff647d3000 	/usr/lib/system/libmacho.dylib
0x00007fff647d8000 	/usr/lib/system/libquarantine.dylib
0x00007fff647db000 	/usr/lib/system/libremovefile.dylib
0x00007fff647dd000 	/usr/lib/system/libsystem_asl.dylib
0x00007fff647f5000 	/usr/lib/system/libsystem_blocks.dylib
0x00007fff647f6000 	/usr/lib/system/libsystem_c.dylib
0x00007fff64880000 	/usr/lib/system/libsystem_configuration.dylib
0x00007fff64884000 	/usr/lib/system/libsystem_coreservices.dylib
0x00007fff64888000 	/usr/lib/system/libsystem_darwin.dylib
0x00007fff6488a000 	/usr/lib/system/libsystem_dnssd.dylib
0x00007fff64891000 	/usr/lib/system/libsystem_info.dylib
0x00007fff64902000 	/usr/lib/system/libsystem_m.dylib
0x00007fff6494e000 	/usr/lib/system/libsystem_malloc.dylib
0x00007fff6496e000 	/usr/lib/system/libsystem_network.dylib
0x00007fff64a9f000 	/usr/lib/system/libsystem_networkextension.dylib
0x00007fff64aaa000 	/usr/lib/system/libsystem_notify.dylib
0x00007fff64ac8000 	/usr/lib/system/libsystem_sandbox.dylib
0x00007fff64acc000 	/usr/lib/system/libsystem_secinit.dylib
0x00007fff648db000 	/usr/lib/system/libsystem_kernel.dylib
0x00007fff64ab4000 	/usr/lib/system/libsystem_platform.dylib
0x00007fff64abc000 	/usr/lib/system/libsystem_pthread.dylib
0x00007fff64ace000 	/usr/lib/system/libsystem_symptoms.dylib
0x00007fff64ad6000 	/usr/lib/system/libsystem_trace.dylib
0x00007fff64aeb000 	/usr/lib/system/libunwind.dylib
0x00007fff64af1000 	/usr/lib/system/libxpc.dylib
0x00007fff61f90000 	/usr/lib/closure/libclosured.dylib
0x00007fff626e0000 	/usr/lib/libbsm.0.dylib
0x00007fff647c5000 	/usr/lib/system/libkxld.dylib
0x00007fff6238e000 	/usr/lib/libOpenScriptingUtil.dylib
0x00007fff62a4e000 	/usr/lib/libcoretls.dylib
0x00007fff62a67000 	/usr/lib/libcoretls_cfhelpers.dylib
0x00007fff63f7a000 	/usr/lib/libpam.2.dylib
0x00007fff640a1000 	/usr/lib/libsqlite3.dylib
0x00007fff6446d000 	/usr/lib/libxar.1.dylib
0x00007fff626f1000 	/usr/lib/libbz2.1.0.dylib
0x00007fff6349f000 	/usr/lib/liblzma.5.dylib
0x00007fff63980000 	/usr/lib/libnetwork.dylib
0x00007fff6255f000 	/usr/lib/libapple_nghttp2.dylib
0x00007fff63f81000 	/usr/lib/libpcap.A.dylib
0x00007fff62627000 	/usr/lib/libboringssl.dylib
0x00007fff64408000 	/usr/lib/libusrtcp.dylib
0x00007fff6255e000 	/usr/lib/libapple_crypto.dylib
0x00007fff3d8fb000 	/System/Library/Frameworks/CoreServices.framework/Versions/A/Frameworks/FSEvents.framework/Versions/A/FSEvents
0x00007fff3d5ee000 	/System/Library/Frameworks/CoreServices.framework/Versions/A/Frameworks/CarbonCore.framework/Versions/A/CarbonCore
0x00007fff3dac2000 	/System/Library/Frameworks/CoreServices.framework/Versions/A/Frameworks/Metadata.framework/Versions/A/Metadata
0x00007fff3db73000 	/System/Library/Frameworks/CoreServices.framework/Versions/A/Frameworks/OSServices.framework/Versions/A/OSServices
0x00007fff3dbd4000 	/System/Library/Frameworks/CoreServices.framework/Versions/A/Frameworks/SearchKit.framework/Versions/A/SearchKit
0x00007fff3d579000 	/System/Library/Frameworks/CoreServices.framework/Versions/A/Frameworks/AE.framework/Versions/A/AE
0x00007fff3d904000 	/System/Library/Frameworks/CoreServices.framework/Versions/A/Frameworks/LaunchServices.framework/Versions/A/LaunchServices
0x00007fff3d8c6000 	/System/Library/Frameworks/CoreServices.framework/Versions/A/Frameworks/DictionaryServices.framework/Versions/A/DictionaryServices
0x00007fff3dc43000 	/System/Library/Frameworks/CoreServices.framework/Versions/A/Frameworks/SharedFileList.framework/Versions/A/SharedFileList
0x00007fff41dda000 	/System/Library/Frameworks/NetFS.framework/Versions/A/NetFS
0x00007fff585bf000 	/System/Library/PrivateFrameworks/NetAuth.framework/Versions/A/NetAuth
0x00007fff61e27000 	/System/Library/PrivateFrameworks/login.framework/Versions/A/Frameworks/loginsupport.framework/Versions/A/loginsupport
0x00007fff601f0000 	/System/Library/PrivateFrameworks/TCC.framework/Versions/A/TCC
0x00007fff63580000 	/usr/lib/libmecabra.dylib
0x00007fff3a89c000 	/System/Library/Frameworks/ApplicationServices.framework/Versions/A/Frameworks/ATS.framework/Versions/A/ATS
0x00007fff3ac4a000 	/System/Library/Frameworks/ApplicationServices.framework/Versions/A/Frameworks/ColorSyncLegacy.framework/Versions/A/ColorSyncLegacy
0x00007fff3acee000 	/System/Library/Frameworks/ApplicationServices.framework/Versions/A/Frameworks/HIServices.framework/Versions/A/HIServices
0x00007fff3ad41000 	/System/Library/Frameworks/ApplicationServices.framework/Versions/A/Frameworks/LangAnalysis.framework/Versions/A/LangAnalysis
0x00007fff3ad50000 	/System/Library/Frameworks/ApplicationServices.framework/Versions/A/Frameworks/PrintCore.framework/Versions/A/PrintCore
0x00007fff3ad9d000 	/System/Library/Frameworks/ApplicationServices.framework/Versions/A/Frameworks/QD.framework/Versions/A/QD
0x00007fff3add8000 	/System/Library/Frameworks/ApplicationServices.framework/Versions/A/Frameworks/SpeechSynthesis.framework/Versions/A/SpeechSynthesis
0x00007fff3c326000 	/System/Library/Frameworks/CoreDisplay.framework/Versions/A/CoreDisplay
0x00007fff3899e000 	/System/Library/Frameworks/Accelerate.framework/Versions/A/Frameworks/vImage.framework/Versions/A/vImage
0x00007fff396f8000 	/System/Library/Frameworks/Accelerate.framework/Versions/A/Frameworks/vecLib.framework/Versions/A/vecLib
0x00007fff39498000 	/System/Library/Frameworks/Accelerate.framework/Versions/A/Frameworks/vecLib.framework/Versions/A/libvDSP.dylib
0x00007fff38ff8000 	/System/Library/Frameworks/Accelerate.framework/Versions/A/Frameworks/vecLib.framework/Versions/A/libBNNS.dylib
0x00007fff393fd000 	/System/Library/Frameworks/Accelerate.framework/Versions/A/Frameworks/vecLib.framework/Versions/A/libQuadrature.dylib
0x00007fff39646000 	/System/Library/Frameworks/Accelerate.framework/Versions/A/Frameworks/vecLib.framework/Versions/A/libvMisc.dylib
0x00007fff39027000 	/System/Library/Frameworks/Accelerate.framework/Versions/A/Frameworks/vecLib.framework/Versions/A/libLAPACK.dylib
0x00007fff38e9d000 	/System/Library/Frameworks/Accelerate.framework/Versions/A/Frameworks/vecLib.framework/Versions/A/libBLAS.dylib
0x00007fff393e7000 	/System/Library/Frameworks/Accelerate.framework/Versions/A/Frameworks/vecLib.framework/Versions/A/libLinearAlgebra.dylib
0x00007fff39403000 	/System/Library/Frameworks/Accelerate.framework/Versions/A/Frameworks/vecLib.framework/Versions/A/libSparse.dylib
0x00007fff39484000 	/System/Library/Frameworks/Accelerate.framework/Versions/A/Frameworks/vecLib.framework/Versions/A/libSparseBLAS.dylib
0x00007fff55459000 	/System/Library/PrivateFrameworks/GPUWrangler.framework/Versions/A/GPUWrangler
0x00007fff56bd6000 	/System/Library/PrivateFrameworks/IOAccelerator.framework/Versions/A/IOAccelerator
0x00007fff56be1000 	/System/Library/PrivateFrameworks/IOPresentment.framework/Versions/A/IOPresentment
0x00007fff50c92000 	/System/Library/PrivateFrameworks/DSExternalDisplay.framework/Versions/A/DSExternalDisplay
0x00007fff45dd1000 	/System/Library/Frameworks/OpenGL.framework/Versions/A/Libraries/libCoreFSCache.dylib
0x00007fff3e059000 	/System/Library/Frameworks/CoreVideo.framework/Versions/A/CoreVideo
0x00007fff561d4000 	/System/Library/PrivateFrameworks/GraphVisualizer.framework/Versions/A/GraphVisualizer
0x00007fff40ddb000 	/System/Library/Frameworks/MetalPerformanceShaders.framework/Versions/A/MetalPerformanceShaders
0x00007fff6218c000 	/usr/lib/libFosl_dynamic.dylib
0x00007fff51d63000 	/System/Library/PrivateFrameworks/FaceCore.framework/Versions/A/FaceCore
0x00007fff44bd8000 	/System/Library/Frameworks/OpenCL.framework/Versions/A/OpenCL
0x00007fff6278d000 	/usr/lib/libcompression.dylib
0x00007fff3a99b000 	/System/Library/Frameworks/ApplicationServices.framework/Versions/A/Frameworks/ATS.framework/Versions/A/Resources/libFontParser.dylib
0x00007fff3aabe000 	/System/Library/Frameworks/ApplicationServices.framework/Versions/A/Frameworks/ATS.framework/Versions/A/Resources/libFontRegistry.dylib
0x00007fff3ef9e000 	/System/Library/Frameworks/ImageIO.framework/Versions/A/Resources/libJPEG.dylib
0x00007fff3f2c7000 	/System/Library/Frameworks/ImageIO.framework/Versions/A/Resources/libTIFF.dylib
0x00007fff3f29d000 	/System/Library/Frameworks/ImageIO.framework/Versions/A/Resources/libPng.dylib
0x00007fff3eeb1000 	/System/Library/Frameworks/ImageIO.framework/Versions/A/Resources/libGIF.dylib
0x00007fff3eeb6000 	/System/Library/Frameworks/ImageIO.framework/Versions/A/Resources/libJP2.dylib
0x00007fff3f2c4000 	/System/Library/Frameworks/ImageIO.framework/Versions/A/Resources/libRadiance.dylib
0x00007fff4c748000 	/System/Library/PrivateFrameworks/AppleJPEG.framework/Versions/A/AppleJPEG
0x00007fff40c42000 	/System/Library/Frameworks/MetalPerformanceShaders.framework/Frameworks/MPSCore.framework/Versions/A/MPSCore
0x00007fff40c5e000 	/System/Library/Frameworks/MetalPerformanceShaders.framework/Frameworks/MPSImage.framework/Versions/A/MPSImage
0x00007fff40cf3000 	/System/Library/Frameworks/MetalPerformanceShaders.framework/Frameworks/MPSNeuralNetwork.framework/Versions/A/MPSNeuralNetwork
0x00007fff40cce000 	/System/Library/Frameworks/MetalPerformanceShaders.framework/Frameworks/MPSMatrix.framework/Versions/A/MPSMatrix
0x00007fff580a4000 	/System/Library/PrivateFrameworks/MetalTools.framework/Versions/A/MetalTools
0x00007fff45f9b000 	/System/Library/Frameworks/OpenGL.framework/Versions/A/Libraries/libGLU.dylib
0x00007fff45ddc000 	/System/Library/Frameworks/OpenGL.framework/Versions/A/Libraries/libGFXShared.dylib
0x00007fff45de6000 	/System/Library/Frameworks/OpenGL.framework/Versions/A/Libraries/libGL.dylib
0x00007fff45df2000 	/System/Library/Frameworks/OpenGL.framework/Versions/A/Libraries/libGLImage.dylib
0x00007fff45dce000 	/System/Library/Frameworks/OpenGL.framework/Versions/A/Libraries/libCVMSPluginSupport.dylib
0x00007fff45dd7000 	/System/Library/Frameworks/OpenGL.framework/Versions/A/Libraries/libCoreVMClient.dylib
0x00007fff62f39000 	/usr/lib/libcups.2.dylib
0x00007fff401b1000 	/System/Library/Frameworks/Kerberos.framework/Versions/A/Kerberos
0x00007fff3e996000 	/System/Library/Frameworks/GSS.framework/Versions/A/GSS
0x00007fff64034000 	/usr/lib/libresolv.9.dylib
0x00007fff63137000 	/usr/lib/libiconv.2.dylib
0x00007fff56266000 	/System/Library/PrivateFrameworks/Heimdal.framework/Versions/A/Heimdal
0x00007fff63106000 	/usr/lib/libheimdal-asn1.dylib
0x00007fff44c44000 	/System/Library/Frameworks/OpenDirectory.framework/Versions/A/OpenDirectory
0x00007fff4ea58000 	/System/Library/PrivateFrameworks/CommonAuth.framework/Versions/A/CommonAuth
0x00007fff44c27000 	/System/Library/Frameworks/OpenDirectory.framework/Versions/A/Frameworks/CFOpenDirectory.framework/Versions/A/CFOpenDirectory
0x00007fff48557000 	/System/Library/Frameworks/SecurityFoundation.framework/Versions/A/SecurityFoundation
0x00007fff4b91f000 	/System/Library/PrivateFrameworks/APFS.framework/Versions/A/APFS
0x00007fff64469000 	/usr/lib/libutil.dylib
0x00007fff4c7cb000 	/System/Library/PrivateFrameworks/AppleSauce.framework/Versions/A/AppleSauce
0x00007fff573be000 	/System/Library/PrivateFrameworks/LinguisticData.framework/Versions/A/LinguisticData
0x00007fff634b9000 	/usr/lib/libmarisa.dylib
0x00007fff57378000 	/System/Library/PrivateFrameworks/Lexicon.framework/Versions/A/Lexicon
0x00007fff620b7000 	/usr/lib/libChineseTokenizer.dylib
0x00007fff6277c000 	/usr/lib/libcmph.dylib
0x00007fff57282000 	/System/Library/PrivateFrameworks/LanguageModeling.framework/Versions/A/LanguageModeling
0x00007fff4f564000 	/System/Library/PrivateFrameworks/CoreEmoji.framework/Versions/A/CoreEmoji
0x00007fff48615000 	/System/Library/Frameworks/ServiceManagement.framework/Versions/A/ServiceManagement
0x00007fff4d013000 	/System/Library/PrivateFrameworks/BackgroundTaskManagement.framework/Versions/A/BackgroundTaskManagement
0x00007fff64566000 	/usr/lib/libxslt.1.dylib
0x00007fff3ba5a000 	/System/Library/Frameworks/Carbon.framework/Versions/A/Frameworks/Ink.framework/Versions/A/Ink
0x00007fff60405000 	/System/Library/PrivateFrameworks/TextureIO.framework/Versions/A/TextureIO
0x00007fff625a1000 	/usr/lib/libate.dylib
0x00007fff50bf2000 	/System/Library/PrivateFrameworks/CrashReporterSupport.framework/Versions/A/CrashReporterSupport
0x00007fff5d75e000 	/System/Library/PrivateFrameworks/Sharing.framework/Versions/A/Sharing
0x00007fff56fc4000 	/System/Library/PrivateFrameworks/IconServices.framework/Versions/A/IconServices
0x00007fff4c5cd000 	/System/Library/PrivateFrameworks/Apple80211.framework/Versions/A/Apple80211
0x00007fff50a08000 	/System/Library/PrivateFrameworks/CoreUtils.framework/Versions/A/CoreUtils
0x00007fff3e094000 	/System/Library/Frameworks/CoreWLAN.framework/Versions/A/CoreWLAN
0x00007fff3ead8000 	/System/Library/Frameworks/IOBluetooth.framework/Versions/A/IOBluetooth
0x00007fff5bc2a000 	/System/Library/PrivateFrameworks/ProtocolBuffer.framework/Versions/A/ProtocolBuffer
0x00007fff50b8d000 	/System/Library/PrivateFrameworks/CoreWiFi.framework/Versions/A/CoreWiFi
0x00007fff3bfa5000 	/System/Library/Frameworks/CoreBluetooth.framework/Versions/A/CoreBluetooth
0x00007fff50ddc000 	/System/Library/PrivateFrameworks/DebugSymbols.framework/Versions/A/DebugSymbols
0x00007fff507bf000 	/System/Library/PrivateFrameworks/CoreSymbolication.framework/Versions/A/CoreSymbolication
0x00007fff5fbf7000 	/System/Library/PrivateFrameworks/Symbolication.framework/Versions/A/Symbolication
0x00007fff4c5f7000 	/System/Library/PrivateFrameworks/AppleFSCompression.framework/Versions/A/AppleFSCompression
0x00007fff5f046000 	/System/Library/PrivateFrameworks/SpeechRecognitionCore.framework/Versions/A/SpeechRecognitionCore
0x0000000103e00000 	/Applications/AnyLogic.app/Contents/jre/lib/server/libjvm.dylib
0x00007fff64336000 	/usr/lib/libstdc++.6.0.9.dylib
0x000000010346c000 	/Applications/AnyLogic.app/Contents/jre/lib/libverify.dylib
0x0000000103479000 	/Applications/AnyLogic.app/Contents/jre/lib/libjava.dylib
0x00000001034f7000 	/Applications/AnyLogic.app/Contents/jre/lib/libzip.dylib
0x00000001034ff000 	/Applications/AnyLogic.app/Contents/jre/lib/libjimage.dylib
0x000000010d55e000 	/Applications/AnyLogic.app/Contents/jre/lib/libnio.dylib
0x000000010d56e000 	/Applications/AnyLogic.app/Contents/jre/lib/./libnet.dylib
0x000000011f070000 	/Applications/AnyLogic.app/Contents/jre/lib/libawt.dylib
0x000000011f115000 	/Applications/AnyLogic.app/Contents/jre/lib/./libmlib_image.dylib
0x00007fff4019a000 	/System/Library/Frameworks/JavaVM.framework/Versions/A/Frameworks/JavaNativeFoundation.framework/Versions/A/JavaNativeFoundation
0x00007fff401a3000 	/System/Library/Frameworks/JavaVM.framework/Versions/A/Frameworks/JavaRuntimeSupport.framework/Versions/A/JavaRuntimeSupport
0x00007fff401ac000 	/System/Library/Frameworks/JavaVM.framework/Versions/A/JavaVM
0x00007fff57184000 	/System/Library/PrivateFrameworks/JavaLaunching.framework/Versions/A/JavaLaunching
0x00007fff3b745000 	/System/Library/Frameworks/Carbon.framework/Versions/A/Carbon
0x00007fff3b746000 	/System/Library/Frameworks/Carbon.framework/Versions/A/Frameworks/CommonPanels.framework/Versions/A/CommonPanels
0x00007fff3ba50000 	/System/Library/Frameworks/Carbon.framework/Versions/A/Frameworks/Help.framework/Versions/A/Help
0x00007fff3ba54000 	/System/Library/Frameworks/Carbon.framework/Versions/A/Frameworks/ImageCapture.framework/Versions/A/ImageCapture
0x00007fff3baf0000 	/System/Library/Frameworks/Carbon.framework/Versions/A/Frameworks/OpenScripting.framework/Versions/A/OpenScripting
0x00007fff3bb2b000 	/System/Library/Frameworks/Carbon.framework/Versions/A/Frameworks/Print.framework/Versions/A/Print
0x00007fff3bb2d000 	/System/Library/Frameworks/Carbon.framework/Versions/A/Frameworks/SecurityHI.framework/Versions/A/SecurityHI
0x000000011f183000 	/Applications/AnyLogic.app/Contents/jre/lib/libawt_lwawt.dylib
0x000000011f243000 	/Applications/AnyLogic.app/Contents/jre/lib/./libosxapp.dylib
0x00007fff3e539000 	/System/Library/Frameworks/ExceptionHandling.framework/Versions/A/ExceptionHandling
0x000000011f3c9000 	/Applications/AnyLogic.app/Contents/jre/lib/libfontmanager.dylib
0x00007fff50452000 	/System/Library/PrivateFrameworks/CoreServicesInternal.framework/Versions/A/CoreServicesInternal
0x00007fff349c5000 	/System/Library/CoreServices/RawCamera.bundle/Contents/MacOS/RawCamera
0x00007fff58116000 	/System/Library/PrivateFrameworks/MobileAsset.framework/Versions/A/MobileAsset
0x00007fff5f4fe000 	/System/Library/PrivateFrameworks/StreamingZip.framework/Versions/A/StreamingZip
0x00007fff4053b000 	/System/Library/Frameworks/MediaToolbox.framework/Versions/A/MediaToolbox
0x00007fff4f1a6000 	/System/Library/PrivateFrameworks/CoreAVCHD.framework/Versions/A/CoreAVCHD
0x00007fff40488000 	/System/Library/Frameworks/MediaAccessibility.framework/Versions/A/MediaAccessibility
0x00007fff57bc4000 	/System/Library/PrivateFrameworks/Mangrove.framework/Versions/A/Mangrove
0x00007fff3d43f000 	/System/Library/Frameworks/CoreMedia.framework/Versions/A/CoreMedia
0x00007fff48be3000 	/System/Library/Frameworks/VideoToolbox.framework/Versions/A/VideoToolbox
0x00007fff4ed9d000 	/System/Library/PrivateFrameworks/CoreAUC.framework/Versions/A/CoreAUC
0x00007fff6409f000 	/usr/lib/libspindump.dylib
0x00007fff4c8c0000 	/System/Library/PrivateFrameworks/AppleVA.framework/Versions/A/AppleVA
0x00007fff38987000 	/System/Library/Frameworks/Accelerate.framework/Versions/A/Frameworks/vImage.framework/Versions/A/Libraries/libCGInterfaces.dylib
0x00007fff3abad000 	/System/Library/Frameworks/ApplicationServices.framework/Versions/A/Frameworks/ATS.framework/Versions/A/Resources/libTrueTypeScaler.dylib
0x00007fff363a8000 	/System/Library/Extensions/AppleIntelKBLGraphicsMTLDriver.bundle/Contents/MacOS/AppleIntelKBLGraphicsMTLDriver
0x00007fff53ded000 	/System/Library/PrivateFrameworks/GPUCompiler.framework/Versions/3802/Libraries/libmetal_timestamp.dylib
0x000000011f038000 	/Applications/AnyLogic.app/Contents/jre/lib/libosxui.dylib
0x00007fff46961000 	/System/Library/Frameworks/OpenGL.framework/Versions/A/Resources/GLEngine.bundle/GLEngine
0x00007fff45e2e000 	/System/Library/Frameworks/OpenGL.framework/Versions/A/Libraries/libGLProgrammability.dylib
0x00000001242fa000 	/System/Library/Extensions/AppleIntelKBLGraphicsGLDriver.bundle/Contents/MacOS/AppleIntelKBLGraphicsGLDriver
0x00007fff5544d000 	/System/Library/PrivateFrameworks/GPUSupport.framework/Versions/A/Libraries/libGPUSupportMercury.dylib
0x00007fff46af9000 	/System/Library/Frameworks/OpenGL.framework/Versions/A/Resources/GLRendererFloat.bundle/GLRendererFloat
0x00007fff44bcf000 	/System/Library/Frameworks/OpenCL.framework/Versions/A/Libraries/libcldcpuengine.dylib
0x00007fff62c01000 	/usr/lib/libcrypto.35.dylib
0x00007fff60568000 	/System/Library/PrivateFrameworks/TrustEvaluationAgent.framework/Versions/A/TrustEvaluationAgent
0x00007fff613f3000 	/System/Library/PrivateFrameworks/ViewBridge.framework/Versions/A/ViewBridge
0x000000010d663000 	/Applications/AnyLogic.app/Contents/Resources/Java/plugins/org.j3d.opengl.swt.carbon.osx_0.7.0/libgluegen-rt.jnilib
0x000000010d667000 	/Applications/AnyLogic.app/Contents/Resources/Java/plugins/org.j3d.opengl.swt.carbon.osx_0.7.0/libnativewindow_awt.jnilib
0x000000010d66a000 	/Applications/AnyLogic.app/Contents/jre/lib/libjawt.dylib
0x000000010d66d000 	/Applications/AnyLogic.app/Contents/Resources/Java/plugins/org.j3d.opengl.swt.carbon.osx_0.7.0/libnativewindow_macosx.jnilib
0x0000000153255000 	/Applications/AnyLogic.app/Contents/Resources/Java/plugins/org.j3d.opengl.swt.carbon.osx_0.7.0/libjogl_desktop.jnilib

VM Arguments:
jvm_args: -Xmx512m -Dnativewindow.awt.nohidpi=true -DlanguageId_xjal=en0p3x4z -DFlowchartCountersVisible_xjal=true -DTileCachePath_xjal=/Applications/AnyLogic.app/Contents/Resources/Java/plugins/com.anylogic.gis_8.2.3.201712291404/tiles -DFlowchartPortStateAnimated_xjal=true -DuseProxy_xjal=false -Djava.library.path=/Applications/AnyLogic.app/Contents/Resources/Java/plugins/org.j3d.opengl.swt.carbon.osx_0.7.0:/Applications/AnyLogic.app/Contents/Resources/Java/plugins/org.j3d.opengl.swt.carbon.osx_0.7.0 -Dfile.encoding=UTF-8 
java_command: com.anylogic.ms.MS project1.Simulation 1838382
java_class_path (initial): /Users/crazylurtmain/.AnyLogicPLE/Workspace8/Project1_BUILD/classes:/Applications/AnyLogic.app/Contents/Resources/Java/plugins/com.anylogic.engine_8.2.3.201712291404/com.anylogic.engine.jar:/Applications/AnyLogic.app/Contents/Resources/Java/plugins/com.anylogic.engine_8.2.3.201712291404/com.anylogic.engine.al3d.jar:/Applications/AnyLogic.app/Contents/Resources/Java/plugins/com.anylogic.engine_8.2.3.201712291404/com.anylogic.engine.resources.jar:/Applications/AnyLogic.app/Contents/Resources/Java/plugins/com.anylogic.engine_8.2.3.201712291404/com.anylogic.engine.nl.jar:/Applications/AnyLogic.app/Contents/Resources/Java/plugins/com.anylogic.optimizer_8.2.3.201712291404/lib/OptQuest.jar:/Applications/AnyLogic.app/Contents/Resources/Java/plugins/com.anylogic.third_party_libraries_8.2.3.201712291404/lib/database/hsqldb.jar:/Applications/AnyLogic.app/Contents/Resources/Java/plugins/com.anylogic.third_party_libraries_8.2.3.201712291404/lib/database/querydsl/querydsl-core-3.6.3.jar:/Applications/AnyLogic.app/Contents/Resources/Java/plugins/com.anylogic.third_party_libraries_8.2.3.201712291404/lib/database/querydsl/querydsl-sql-codegen-3.6.3.jar:/Applications/AnyLogic.app/Contents/Resources/Java/plugins/com.anylogic.third_party_libraries_8.2.3.201712291404/lib/database/querydsl/querydsl-sql-3.6.3.jar:/Applications/AnyLogic.app/Contents/Resources/Java/plugins/com.anylogic.core_8.2.3.201712291404/com.anylogic.ms.jar:/Applications/AnyLogic.app/Contents/Resources/Java/plugins/com.anylogic.process_modeling_library_8.2.3.201712291404/lib/ProcessModelingLibrary.jar:/Applications/AnyLogic.app/Contents/Resources/Java/plugins/com.anylogic.pedestrian_library_8.2.3.201712291404/lib/PedestrianLibrary.jar:/Applications/AnyLogic.app/Contents/Resources/Java/plugins/com.anylogic.rail_library_8.2.3.201712291404/lib/RailLibrary.jar:/Applications/AnyLogic.app/Contents/Resources/Java/plugins/com.anylogic.graphics3d_8.2.3.201712291404/lib/javax.vecmath_1.5.0.jar:/Appli
Launcher Type: SUN_STANDARD

Logging:
Log output configuration:
#0: stdout all=warning uptime,level,tags
#1: stderr all=off uptime,level,tags

Environment Variables:
PATH=/usr/bin:/bin:/usr/sbin:/sbin
SHELL=/bin/bash

Signal Handlers:
SIGSEGV: [libjvm.dylib+0x73e2dc], sa_mask[0]=11111111011111110111111111111111, sa_flags=SA_ONSTACK|SA_RESTART|SA_SIGINFO
SIGBUS: [libjvm.dylib+0x73e2dc], sa_mask[0]=11111111011111110111111111111111, sa_flags=SA_RESTART|SA_SIGINFO
SIGFPE: [libjvm.dylib+0x73e2dc], sa_mask[0]=11111111011111110111111111111111, sa_flags=SA_RESTART|SA_SIGINFO
SIGPIPE: [libjvm.dylib+0x5f15ac], sa_mask[0]=11111111011111110111111111111111, sa_flags=SA_RESTART|SA_SIGINFO
SIGXFSZ: [libjvm.dylib+0x5f15ac], sa_mask[0]=11111111011111110111111111111111, sa_flags=SA_RESTART|SA_SIGINFO
SIGILL: [libjvm.dylib+0x73e2dc], sa_mask[0]=11111111011111110111111111111111, sa_flags=SA_RESTART|SA_SIGINFO
SIGUSR2: [libjvm.dylib+0x5f1e3c], sa_mask[0]=00100000000000000000000000000000, sa_flags=SA_RESTART|SA_SIGINFO
SIGHUP: [libjvm.dylib+0x5f0679], sa_mask[0]=11111111011111110111111111111111, sa_flags=SA_RESTART|SA_SIGINFO
SIGINT: [libjvm.dylib+0x5f0679], sa_mask[0]=11111111011111110111111111111111, sa_flags=SA_RESTART|SA_SIGINFO
SIGTERM: [libjvm.dylib+0x5f0679], sa_mask[0]=11111111011111110111111111111111, sa_flags=SA_RESTART|SA_SIGINFO
SIGQUIT: [libjvm.dylib+0x5f0679], sa_mask[0]=11111111011111110111111111111111, sa_flags=SA_RESTART|SA_SIGINFO


---------------  S Y S T E M  ---------------

OS:uname:Darwin 17.5.0 Darwin Kernel Version 17.5.0: Mon Mar  5 22:24:32 PST 2018; root:xnu-4570.51.1~1/RELEASE_X86_64 x86_64
rlimit: STACK 8192k, CORE 0k, NPROC 1418, NOFILE 10240, AS infinity
load average:2.77 2.48 2.34

CPU:total 4 (initial active 4) (2 cores per cpu, 2 threads per core) family 6 model 142 stepping 9, cmov, cx8, fxsr, mmx, sse, sse2, sse3, ssse3, sse4.1, sse4.2, popcnt, avx, avx2, aes, clmul, erms, rtm, 3dnowpref, lzcnt, ht, tsc, tscinvbit, bmi1, bmi2, adx, fma

Memory: 4k page, physical 16777216k(55264k free)

vm_info: Java HotSpot(TM) 64-Bit Server VM (9.0.1+11) for bsd-amd64 JRE (9.0.1+11), built on Sep 28 2017 03:49:57 by "mach5one" with gcc 4.2.1 Compatible Apple LLVM 6.1.0 (clang-602.0.49)

END.
