#
# A fatal error has been detected by the Java Runtime Environment:
#
#  SIGSEGV (0xb) at pc=0x0000000119dfd0cc, pid=27662, tid=775
#
# JRE version: Java(TM) SE Runtime Environment (9.0+11) (build 9.0.1+11)
# Java VM: Java HotSpot(TM) 64-Bit Server VM (9.0.1+11, mixed mode, tiered, compressed oops, g1 gc, bsd-amd64)
# Problematic frame:
# C  [libosxapp.dylib+0x20cc]  -[NSApplicationAWT sendEvent:]+0x179
#
# No core dump will be written. Core dumps have been disabled. To enable core dumping, try "ulimit -c unlimited" before starting Java again
#
# If you would like to submit a bug report, please visit:
#   http://bugreport.java.com/bugreport/crash.jsp
# The crash happened outside the Java Virtual Machine in native code.
# See problematic frame for where to report the bug.
#

---------------  S U M M A R Y ------------

Command Line: -Xmx512m -Dnativewindow.awt.nohidpi=true -DlanguageId_xjal=en010vhc3 -DFlowchartCountersVisible_xjal=true -DTileCachePath_xjal=/Applications/AnyLogic.app/Contents/Resources/Java/plugins/com.anylogic.gis_8.2.3.201712291404/tiles -DFlowchartPortStateAnimated_xjal=true -DuseProxy_xjal=false -Djava.library.path=/Applications/AnyLogic.app/Contents/Resources/Java/plugins/org.j3d.opengl.swt.carbon.osx_0.7.0:/Applications/AnyLogic.app/Contents/Resources/Java/plugins/org.j3d.opengl.swt.carbon.osx_0.7.0 -Dfile.encoding=UTF-8 com.anylogic.ms.MS project1.Simulation 183611b

Host: MacBookPro14,1 x86_64 2300 MHz, 4 cores, 16G, Darwin 17.4.0
Time: Sun Apr  8 21:38:45 2018 EDT elapsed time: 416 seconds (0d 0h 6m 56s)

---------------  T H R E A D  ---------------

Current thread (0x00007fc6ee0d6800):  JavaThread "AppKit Thread" daemon [_thread_in_native, id=775, stack(0x00007ffedf9f9000,0x00007ffee01f9000)]

Stack: [0x00007ffedf9f9000,0x00007ffee01f9000],  sp=0x00007ffee01f4980,  free space=8174k
Native frames: (J=compiled Java code, A=aot compiled Java code, j=interpreted, Vv=VM code, C=native code)
C  [libosxapp.dylib+0x20cc]  -[NSApplicationAWT sendEvent:]+0x179
C  [AppKit+0x36d9d]  -[NSApplication run]+0x32c
C  [libosxapp.dylib+0x1d3a]  +[NSApplicationAWT runAWTLoopWithApp:]+0x9d
C  [libawt_lwawt.dylib+0x3a544]  +[AWTStarter starter:headless:]+0x342
C  [JavaNativeFoundation+0x6f4a]  +[JNFRunLoop _performCopiedBlock:]+0x11
C  [Foundation+0x681c5]  __NSThreadPerformPerform+0x14e
C  [CoreFoundation+0xa3721]  __CFRUNLOOP_IS_CALLING_OUT_TO_A_SOURCE0_PERFORM_FUNCTION__+0x11
C  [CoreFoundation+0x15d0ac]  __CFRunLoopDoSource0+0x6c
C  [CoreFoundation+0x86260]  __CFRunLoopDoSources0+0xd0
C  [CoreFoundation+0x856dd]  __CFRunLoopRun+0x50d
C  [CoreFoundation+0x84f43]  CFRunLoopRunSpecific+0x1e3
C  [java+0x6b2e]  CreateExecutionEnvironment+0x35c
C  [java+0x2c65]  JLI_Launch+0x5a9
C  [java+0x1b62]  main+0x186
C  [java+0x19d4]  start+0x34
C  0x0000000000000010


siginfo: si_signo: 11 (SIGSEGV), si_code: 1 (SEGV_MAPERR), si_addr: 0x0000000000000010

Register to memory mapping:

RAX=0x0000000000000000 is an unknown value
RBX=0x0000000000000000 is an unknown value
RCX=0x000000000021e000 is an unknown value
RDX=0x000000000021e000 is an unknown value
RSP=0x00007ffee01f4980 is pointing into the stack for thread: 0x00007fc6ee0d6800
RBP=0x00007ffee01f49b0 is pointing into the stack for thread: 0x00007fc6ee0d6800
RSI=0x00007fff52ee23ac: .str.41.llvm.371263A9+0x4a636 in /System/Library/Frameworks/AppKit.framework/Versions/C/AppKit at 0x00007fff52202000
RDI=0x0000000000000000 is an unknown value
R8 =0x00000000000001ff is an unknown value
R9 =0x00007fc6f2f94550 is an unknown value
R10=0x00007fffae93f1b8: OBJC_CLASS_$_NSEvent+0 in /System/Library/Frameworks/AppKit.framework/Versions/C/AppKit at 0x00007fff52202000
R11=0x00007fc6efc0fec0 is an unknown value
R12=0x00007fc6f2f94550 is an unknown value
R13=0x00007fc6edf5af60 is an unknown value
R14=0x00007fff7b98ae80: objc_msgSend+0 in /usr/lib/libobjc.A.dylib at 0x00007fff7b984000
R15=0x00007fc6edd5f000 is an unknown value


Registers:
RAX=0x0000000000000000, RBX=0x0000000000000000, RCX=0x000000000021e000, RDX=0x000000000021e000
RSP=0x00007ffee01f4980, RBP=0x00007ffee01f49b0, RSI=0x00007fff52ee23ac, RDI=0x0000000000000000
R8 =0x00000000000001ff, R9 =0x00007fc6f2f94550, R10=0x00007fffae93f1b8, R11=0x00007fc6efc0fec0
R12=0x00007fc6f2f94550, R13=0x00007fc6edf5af60, R14=0x00007fff7b98ae80, R15=0x00007fc6edd5f000
RIP=0x0000000119dfd0cc, EFLAGS=0x0000000000010246, ERR=0x0000000000000004
  TRAPNO=0x000000000000000e

Top of Stack: (sp=0x00007ffee01f4980)
0x00007ffee01f4980:   00007ffee01f49a0 ffff80390d06bab0
0x00007ffee01f4990:   00007fff7b98ae80 00007fff7b98ae80
0x00007ffee01f49a0:   0000000000000001 00007fc6edd5f000
0x00007ffee01f49b0:   00007ffee01f4a60 00007fff52238d9d
0x00007ffee01f49c0:   00007fff52edb3d8 00007fc6edd5f000
0x00007ffee01f49d0:   00007fff52ed40a7 00007fff52edc2c5
0x00007ffee01f49e0:   00007fffaeeef178 00007fff52ed2d04
0x00007ffee01f49f0:   00007fff52ed29da 0000000000000010
0x00007ffee01f4a00:   00007fff52ed21ca 00007fff52ee23b2
0x00007ffee01f4a10:   00007fff52ed2058 00007fff52ed29f4
0x00007ffee01f4a20:   00007fff52ed2a20 0000000000000062
0x00007ffee01f4a30:   00007fff52ed2afe 00007fc6edd5f000
0x00007ffee01f4a40:   00007fff7b98ae80 0000000119e01690
0x00007ffee01f4a50:   00007fff52edb3d8 0000000119e016b0
0x00007ffee01f4a60:   00007ffee01f4aa0 0000000119dfcd3a
0x00007ffee01f4a70:   0000000000000000 00007fc6edd792f0
0x00007ffee01f4a80:   00007fff7b98ae80 00007fc6edd5f000
0x00007ffee01f4a90:   00007fc6edc0b230 0000000000000000
0x00007ffee01f4aa0:   00007ffee01f4af0 0000000119d75544
0x00007ffee01f4ab0:   00007fc6edd5f000 0000000000000000
0x00007ffee01f4ac0:   00007fc6edc0b230 00007fc6edd5cf20
0x00007ffee01f4ad0:   00007fc6ede04270 00007fff52ed2058
0x00007ffee01f4ae0:   00007fc6edd5d150 0000000000000000
0x00007ffee01f4af0:   00007ffee01f4b10 00007fff58840f4a
0x00007ffee01f4b00:   0000000000000018 0000000000000001
0x00007ffee01f4b10:   00007ffee01f4b90 00007fff56d7a1c5
0x00007ffee01f4b20:   0000000000000001 00007fff52ed2137
0x00007ffee01f4b30:   00007fc6ede04270 00007fc6edd5d430
0x00007ffee01f4b40:   00007fff52ed9539 00007fff52f2c513
0x00007ffee01f4b50:   00007fff52ed953e 00007fff52ed21ca
0x00007ffee01f4b60:   00007ffee01f4ba0 00007fff56d7a077
0x00007ffee01f4b70:   0000000300002e88 0000000000000000 

Instructions: (pc=0x0000000119dfd0cc)
0x0000000119dfd0ac:   41 5f 5d c3 48 8b 35 51 58 00 00 4c 8b 35 ca 3f
0x0000000119dfd0bc:   00 00 48 89 df 41 ff d6 48 89 c3 31 c0 48 89 df
0x0000000119dfd0cc:   ff 53 10 48 8b 35 1a 56 00 00 48 89 df 4c 89 f0
0x0000000119dfd0dc:   48 83 c4 18 5b 41 5e 41 5f 5d ff e0 55 48 89 e5 


---------------  P R O C E S S  ---------------

Java Threads: ( => current thread )
  0x00007fc6ee1f0000 JavaThread "Thread-5" [_thread_blocked, id=3351, stack(0x000070000fe81000,0x000070000ff81000)]
  0x00007fc6ef5dc000 JavaThread "Xj3D Content Loader" [_thread_blocked, id=62723, stack(0x0000700010922000,0x0000700010a22000)]
  0x00007fc6efce3800 JavaThread "Xj3D Content Loader" [_thread_blocked, id=68867, stack(0x000070001081f000,0x000070001091f000)]
  0x00007fc6f3931000 JavaThread "Xj3D Content Loader" [_thread_blocked, id=69151, stack(0x000070001071c000,0x000070001081c000)]
  0x00007fc6f225a800 JavaThread "AV3D Runtime" [_thread_blocked, id=71195, stack(0x0000700010596000,0x0000700010696000)]
  0x00007fc6eefd3800 JavaThread "AnyLogic presentation frame manager" daemon [_thread_blocked, id=73263, stack(0x0000700010390000,0x0000700010490000)]
  0x00007fc6ef007000 JavaThread "DestroyJavaVM" [_thread_blocked, id=9731, stack(0x000070000e1a4000,0x000070000e2a4000)]
  0x00007fc6ee4e1000 JavaThread "TimerQueue" daemon [_thread_blocked, id=72963, stack(0x000070001028d000,0x000070001038d000)]
  0x00007fc6f225e800 JavaThread "AnyLogic simulation performance monitor" [_thread_blocked, id=73475, stack(0x000070001018a000,0x000070001028a000)]
  0x00007fc6eed8c000 JavaThread "AWT-EventQueue-0" [_thread_in_vm, id=57991, stack(0x000070000ff84000,0x0000700010084000)]
  0x00007fc6efb5c000 JavaThread "Java2D Disposer" daemon [_thread_blocked, id=53779, stack(0x000070000fd7e000,0x000070000fe7e000)]
  0x00007fc6eeb91000 JavaThread "Java2D Queue Flusher" daemon [_thread_blocked, id=82555, stack(0x000070000fc7b000,0x000070000fd7b000)]
  0x00007fc6ee283000 JavaThread "AWT-Shutdown" [_thread_blocked, id=33835, stack(0x000070000f96c000,0x000070000fa6c000)]
=>0x00007fc6ee0d6800 JavaThread "AppKit Thread" daemon [_thread_in_native, id=775, stack(0x00007ffedf9f9000,0x00007ffee01f9000)]
  0x00007fc6ee8df800 JavaThread "Service Thread" daemon [_thread_blocked, id=41475, stack(0x000070000f766000,0x000070000f866000)]
  0x00007fc6ee864000 JavaThread "Common-Cleaner" daemon [_thread_blocked, id=41731, stack(0x000070000f663000,0x000070000f763000)]
  0x00007fc6ee817000 JavaThread "Sweeper thread" daemon [_thread_blocked, id=42243, stack(0x000070000f560000,0x000070000f660000)]
  0x00007fc6ee81f000 JavaThread "C1 CompilerThread2" daemon [_thread_in_native, id=42499, stack(0x000070000f45d000,0x000070000f55d000)]
  0x00007fc6ee81e000 JavaThread "C2 CompilerThread1" daemon [_thread_blocked, id=43011, stack(0x000070000f35a000,0x000070000f45a000)]
  0x00007fc6ee813800 JavaThread "C2 CompilerThread0" daemon [_thread_blocked, id=43267, stack(0x000070000f257000,0x000070000f357000)]
  0x00007fc6ee05e000 JavaThread "Signal Dispatcher" daemon [_thread_blocked, id=16135, stack(0x000070000f154000,0x000070000f254000)]
  0x00007fc6ee811800 JavaThread "Finalizer" daemon [_thread_blocked, id=14851, stack(0x000070000efce000,0x000070000f0ce000)]
  0x00007fc6ee80d000 JavaThread "Reference Handler" daemon [_thread_blocked, id=14595, stack(0x000070000eecb000,0x000070000efcb000)]

Other Threads:
  0x00007fc6ee80a000 VMThread "VM Thread" [stack: 0x000070000edc8000,0x000070000eec8000] [id=14083]
  0x00007fc6ee8e0800 WatcherThread [stack: 0x000070000f869000,0x000070000f969000] [id=40963]
  0x00007fc6ef800800 GCTaskThread "GC Thread#0" [stack: 0x000070000e2a7000,0x000070000e3a7000] [id=10755]
  0x00007fc6ee804800 GCTaskThread "GC Thread#1" [stack: 0x000070000e3aa000,0x000070000e4aa000] [id=11267]
  0x00007fc6ef801000 GCTaskThread "GC Thread#2" [stack: 0x000070000e4ad000,0x000070000e5ad000] [id=11523]
  0x00007fc6ef802000 GCTaskThread "GC Thread#3" [stack: 0x000070000e5b0000,0x000070000e6b0000] [id=21251]
  0x00007fc6ef031800 ConcurrentGCThread "G1 Main Marker" [stack: 0x000070000ebc2000,0x000070000ecc2000] [id=13059]
  0x00007fc6ee805000 ConcurrentGCThread "G1 Marker#0" [stack: 0x000070000ecc5000,0x000070000edc5000] [id=13827]
  0x00007fc6ef015000 ConcurrentGCThread "G1 Refine#0" [stack: 0x000070000e9bc000,0x000070000eabc000] [id=19715]
  0x00007fc6ef010800 ConcurrentGCThread "G1 Refine#1" [stack: 0x000070000e8b9000,0x000070000e9b9000] [id=12291]
  0x00007fc6ef010000 ConcurrentGCThread "G1 Refine#2" [stack: 0x000070000e7b6000,0x000070000e8b6000] [id=20483]
  0x00007fc6ef802800 ConcurrentGCThread "G1 Refine#3" [stack: 0x000070000e6b3000,0x000070000e7b3000] [id=12035]
  0x00007fc6ef016000 ConcurrentGCThread "G1 Young RemSet Sampling" [stack: 0x000070000eabf000,0x000070000ebbf000] [id=12547]

Threads with active compile tasks:
C1 CompilerThread27822   !   3       java.awt.Component::setFont (98 bytes)

VM state:not at safepoint (normal execution)

VM Mutex/Monitor currently owned by a thread: None

Heap address: 0x00000007a0000000, size: 512 MB, Compressed Oops mode: Zero based, Oop shift amount: 3
Narrow klass base: 0x0000000000000000, Narrow klass shift: 3
Compressed class space size: 1073741824 Address: 0x00000007c0000000

Heap:
 garbage-first heap   total 121856K, used 36442K [0x00000007a0000000, 0x00000007a01003b8, 0x00000007c0000000)
  region size 1024K, 1 young (1024K), 0 survivors (0K)
 Metaspace       used 37935K, capacity 39097K, committed 39416K, reserved 1083392K
  class space    used 4747K, capacity 5005K, committed 5112K, reserved 1048576K
Heap Regions: E=young(eden), S=young(survivor), O=old, HS=humongous(starts), HC=humongous(continues), CS=collection set, F=free, A=archive, TS=gc time stamp, AC=allocation context, TAMS=top-at-mark-start (previous, next)
|   0|0x00000007a0000000, 0x00000007a00fffe8, 0x00000007a0100000| 99%| O|  |TS  0|AC  0|TAMS 0x00000007a0000000, 0x00000007a0000000|
|   1|0x00000007a0100000, 0x00000007a0200000, 0x00000007a0200000|100%| O|  |TS  0|AC  0|TAMS 0x00000007a0100000, 0x00000007a0100000|
|   2|0x00000007a0200000, 0x00000007a02ff328, 0x00000007a0300000| 99%| O|  |TS  0|AC  0|TAMS 0x00000007a0200000, 0x00000007a0200000|
|   3|0x00000007a0300000, 0x00000007a03ffff0, 0x00000007a0400000| 99%| O|  |TS  0|AC  0|TAMS 0x00000007a0300000, 0x00000007a0300000|
|   4|0x00000007a0400000, 0x00000007a04fffc8, 0x00000007a0500000| 99%| O|  |TS  0|AC  0|TAMS 0x00000007a0400000, 0x00000007a0400000|
|   5|0x00000007a0500000, 0x00000007a0600000, 0x00000007a0600000|100%|HS|  |TS  0|AC  0|TAMS 0x00000007a0500000, 0x00000007a0500000|
|   6|0x00000007a0600000, 0x00000007a0700000, 0x00000007a0700000|100%|HC|  |TS  0|AC  0|TAMS 0x00000007a0600000, 0x00000007a0600000|
|   7|0x00000007a0700000, 0x00000007a0800000, 0x00000007a0800000|100%|HC|  |TS  0|AC  0|TAMS 0x00000007a0700000, 0x00000007a0700000|
|   8|0x00000007a0800000, 0x00000007a08fffe8, 0x00000007a0900000| 99%| O|  |TS  0|AC  0|TAMS 0x00000007a0800000, 0x00000007a0800000|
|   9|0x00000007a0900000, 0x00000007a09c43f0, 0x00000007a0a00000| 76%| O|  |TS  0|AC  0|TAMS 0x00000007a0900000, 0x00000007a0900000|
|  10|0x00000007a0a00000, 0x00000007a0b00000, 0x00000007a0b00000|100%| O|  |TS  0|AC  0|TAMS 0x00000007a0a00000, 0x00000007a0a00000|
|  11|0x00000007a0b00000, 0x00000007a0c00000, 0x00000007a0c00000|100%|HS|  |TS  0|AC  0|TAMS 0x00000007a0b00000, 0x00000007a0b00000|
|  12|0x00000007a0c00000, 0x00000007a0d00000, 0x00000007a0d00000|100%|HC|  |TS  0|AC  0|TAMS 0x00000007a0c00000, 0x00000007a0c00000|
|  13|0x00000007a0d00000, 0x00000007a0e00000, 0x00000007a0e00000|100%|HC|  |TS  0|AC  0|TAMS 0x00000007a0d00000, 0x00000007a0d00000|
|  14|0x00000007a0e00000, 0x00000007a0f00000, 0x00000007a0f00000|100%|HS|  |TS  0|AC  0|TAMS 0x00000007a0e00000, 0x00000007a0e00000|
|  15|0x00000007a0f00000, 0x00000007a1000000, 0x00000007a1000000|100%|HC|  |TS  0|AC  0|TAMS 0x00000007a0f00000, 0x00000007a0f00000|
|  16|0x00000007a1000000, 0x00000007a1100000, 0x00000007a1100000|100%|HC|  |TS  0|AC  0|TAMS 0x00000007a1000000, 0x00000007a1000000|
|  17|0x00000007a1100000, 0x00000007a11c5908, 0x00000007a1200000| 77%| O|  |TS  0|AC  0|TAMS 0x00000007a1100000, 0x00000007a1100000|
|  18|0x00000007a1200000, 0x00000007a1300000, 0x00000007a1300000|100%| O|  |TS  0|AC  0|TAMS 0x00000007a1200000, 0x00000007a1200000|
|  19|0x00000007a1300000, 0x00000007a13fffe0, 0x00000007a1400000| 99%| O|  |TS  0|AC  0|TAMS 0x00000007a1300000, 0x00000007a1300000|
|  20|0x00000007a1400000, 0x00000007a1500000, 0x00000007a1500000|100%| O|  |TS  0|AC  0|TAMS 0x00000007a1400000, 0x00000007a1400000|
|  21|0x00000007a1500000, 0x00000007a15fc568, 0x00000007a1600000| 98%| O|  |TS  0|AC  0|TAMS 0x00000007a1500000, 0x00000007a1500000|
|  22|0x00000007a1600000, 0x00000007a16ffff8, 0x00000007a1700000| 99%| O|  |TS  0|AC  0|TAMS 0x00000007a1600000, 0x00000007a1600000|
|  23|0x00000007a1700000, 0x00000007a17fe9e0, 0x00000007a1800000| 99%| O|  |TS  0|AC  0|TAMS 0x00000007a1700000, 0x00000007a1700000|
|  24|0x00000007a1800000, 0x00000007a18fef60, 0x00000007a1900000| 99%| O|  |TS  0|AC  0|TAMS 0x00000007a1800000, 0x00000007a1800000|
|  25|0x00000007a1900000, 0x00000007a19ffff0, 0x00000007a1a00000| 99%| O|  |TS  0|AC  0|TAMS 0x00000007a1900000, 0x00000007a1900000|
|  26|0x00000007a1a00000, 0x00000007a1afffe8, 0x00000007a1b00000| 99%| O|  |TS  0|AC  0|TAMS 0x00000007a1a00000, 0x00000007a1a00000|
|  27|0x00000007a1b00000, 0x00000007a1bfd1b8, 0x00000007a1c00000| 98%| O|  |TS  0|AC  0|TAMS 0x00000007a1b00000, 0x00000007a1b00000|
|  28|0x00000007a1c00000, 0x00000007a1cfceb8, 0x00000007a1d00000| 98%| O|  |TS  0|AC  0|TAMS 0x00000007a1c00000, 0x00000007a1c00000|
|  29|0x00000007a1d00000, 0x00000007a1dfd0c0, 0x00000007a1e00000| 98%| O|  |TS  0|AC  0|TAMS 0x00000007a1d00000, 0x00000007a1d00000|
|  30|0x00000007a1e00000, 0x00000007a1efd0c0, 0x00000007a1f00000| 98%| O|  |TS  0|AC  0|TAMS 0x00000007a1e00000, 0x00000007a1e00000|
|  31|0x00000007a1f00000, 0x00000007a1ffdbf8, 0x00000007a2000000| 99%| O|  |TS  0|AC  0|TAMS 0x00000007a1f00000, 0x00000007a1f00000|
|  32|0x00000007a2000000, 0x00000007a20fc980, 0x00000007a2100000| 98%| O|  |TS  0|AC  0|TAMS 0x00000007a2000000, 0x00000007a2000000|
|  33|0x00000007a2100000, 0x00000007a21fad28, 0x00000007a2200000| 97%| O|  |TS  0|AC  0|TAMS 0x00000007a2100000, 0x00000007a2100000|
|  34|0x00000007a2200000, 0x00000007a22ff710, 0x00000007a2300000| 99%| O|  |TS  0|AC  0|TAMS 0x00000007a2200000, 0x00000007a2200000|
|  35|0x00000007a2300000, 0x00000007a23feb80, 0x00000007a2400000| 99%| O|  |TS  0|AC  0|TAMS 0x00000007a2300000, 0x00000007a2300000|
|  36|0x00000007a2400000, 0x00000007a242c590, 0x00000007a2500000| 17%| O|  |TS  0|AC  0|TAMS 0x00000007a2400000, 0x00000007a2400000|
|  37|0x00000007a2500000, 0x00000007a2500000, 0x00000007a2600000|  0%| F|  |TS  0|AC  0|TAMS 0x00000007a2500000, 0x00000007a2500000|
|  38|0x00000007a2600000, 0x00000007a2600000, 0x00000007a2700000|  0%| F|  |TS  0|AC  0|TAMS 0x00000007a2600000, 0x00000007a2600000|
|  39|0x00000007a2700000, 0x00000007a2700000, 0x00000007a2800000|  0%| F|  |TS  0|AC  0|TAMS 0x00000007a2700000, 0x00000007a2700000|
|  40|0x00000007a2800000, 0x00000007a2800000, 0x00000007a2900000|  0%| F|  |TS  0|AC  0|TAMS 0x00000007a2800000, 0x00000007a2800000|
|  41|0x00000007a2900000, 0x00000007a2900000, 0x00000007a2a00000|  0%| F|  |TS  0|AC  0|TAMS 0x00000007a2900000, 0x00000007a2900000|
|  42|0x00000007a2a00000, 0x00000007a2a00000, 0x00000007a2b00000|  0%| F|  |TS  0|AC  0|TAMS 0x00000007a2a00000, 0x00000007a2a00000|
|  43|0x00000007a2b00000, 0x00000007a2b00000, 0x00000007a2c00000|  0%| F|  |TS  0|AC  0|TAMS 0x00000007a2b00000, 0x00000007a2b00000|
|  44|0x00000007a2c00000, 0x00000007a2c00000, 0x00000007a2d00000|  0%| F|  |TS  0|AC  0|TAMS 0x00000007a2c00000, 0x00000007a2c00000|
|  45|0x00000007a2d00000, 0x00000007a2d00000, 0x00000007a2e00000|  0%| F|  |TS  0|AC  0|TAMS 0x00000007a2d00000, 0x00000007a2d00000|
|  46|0x00000007a2e00000, 0x00000007a2e00000, 0x00000007a2f00000|  0%| F|  |TS  0|AC  0|TAMS 0x00000007a2e00000, 0x00000007a2e00000|
|  47|0x00000007a2f00000, 0x00000007a2f00000, 0x00000007a3000000|  0%| F|  |TS  0|AC  0|TAMS 0x00000007a2f00000, 0x00000007a2f00000|
|  48|0x00000007a3000000, 0x00000007a3000000, 0x00000007a3100000|  0%| F|  |TS  0|AC  0|TAMS 0x00000007a3000000, 0x00000007a3000000|
|  49|0x00000007a3100000, 0x00000007a3100000, 0x00000007a3200000|  0%| F|  |TS  0|AC  0|TAMS 0x00000007a3100000, 0x00000007a3100000|
|  50|0x00000007a3200000, 0x00000007a3200000, 0x00000007a3300000|  0%| F|  |TS  0|AC  0|TAMS 0x00000007a3200000, 0x00000007a3200000|
|  51|0x00000007a3300000, 0x00000007a3300000, 0x00000007a3400000|  0%| F|  |TS  0|AC  0|TAMS 0x00000007a3300000, 0x00000007a3300000|
|  52|0x00000007a3400000, 0x00000007a3400000, 0x00000007a3500000|  0%| F|  |TS  0|AC  0|TAMS 0x00000007a3400000, 0x00000007a3400000|
|  53|0x00000007a3500000, 0x00000007a3500000, 0x00000007a3600000|  0%| F|  |TS  0|AC  0|TAMS 0x00000007a3500000, 0x00000007a3500000|
|  54|0x00000007a3600000, 0x00000007a3600000, 0x00000007a3700000|  0%| F|  |TS  0|AC  0|TAMS 0x00000007a3600000, 0x00000007a3600000|
|  55|0x00000007a3700000, 0x00000007a3700000, 0x00000007a3800000|  0%| F|  |TS  0|AC  0|TAMS 0x00000007a3700000, 0x00000007a3700000|
|  56|0x00000007a3800000, 0x00000007a3800000, 0x00000007a3900000|  0%| F|  |TS  0|AC  0|TAMS 0x00000007a3800000, 0x00000007a3800000|
|  57|0x00000007a3900000, 0x00000007a3900000, 0x00000007a3a00000|  0%| F|  |TS  0|AC  0|TAMS 0x00000007a3900000, 0x00000007a3900000|
|  58|0x00000007a3a00000, 0x00000007a3a00000, 0x00000007a3b00000|  0%| F|  |TS  0|AC  0|TAMS 0x00000007a3a00000, 0x00000007a3a00000|
|  59|0x00000007a3b00000, 0x00000007a3b00000, 0x00000007a3c00000|  0%| F|  |TS  0|AC  0|TAMS 0x00000007a3b00000, 0x00000007a3b00000|
|  60|0x00000007a3c00000, 0x00000007a3c00000, 0x00000007a3d00000|  0%| F|  |TS  0|AC  0|TAMS 0x00000007a3c00000, 0x00000007a3c00000|
|  61|0x00000007a3d00000, 0x00000007a3d00000, 0x00000007a3e00000|  0%| F|  |TS  0|AC  0|TAMS 0x00000007a3d00000, 0x00000007a3d00000|
|  62|0x00000007a3e00000, 0x00000007a3e00000, 0x00000007a3f00000|  0%| F|  |TS  0|AC  0|TAMS 0x00000007a3e00000, 0x00000007a3e00000|
|  63|0x00000007a3f00000, 0x00000007a3f00000, 0x00000007a4000000|  0%| F|  |TS  0|AC  0|TAMS 0x00000007a3f00000, 0x00000007a3f00000|
|  64|0x00000007a4000000, 0x00000007a4000000, 0x00000007a4100000|  0%| F|  |TS  0|AC  0|TAMS 0x00000007a4000000, 0x00000007a4000000|
|  65|0x00000007a4100000, 0x00000007a4100000, 0x00000007a4200000|  0%| F|  |TS  0|AC  0|TAMS 0x00000007a4100000, 0x00000007a4100000|
|  66|0x00000007a4200000, 0x00000007a4200000, 0x00000007a4300000|  0%| F|  |TS  0|AC  0|TAMS 0x00000007a4200000, 0x00000007a4200000|
|  67|0x00000007a4300000, 0x00000007a4300000, 0x00000007a4400000|  0%| F|  |TS  0|AC  0|TAMS 0x00000007a4300000, 0x00000007a4300000|
|  68|0x00000007a4400000, 0x00000007a4400000, 0x00000007a4500000|  0%| F|  |TS  0|AC  0|TAMS 0x00000007a4400000, 0x00000007a4400000|
|  69|0x00000007a4500000, 0x00000007a4500000, 0x00000007a4600000|  0%| F|  |TS  0|AC  0|TAMS 0x00000007a4500000, 0x00000007a4500000|
|  70|0x00000007a4600000, 0x00000007a4600000, 0x00000007a4700000|  0%| F|  |TS  0|AC  0|TAMS 0x00000007a4600000, 0x00000007a4600000|
|  71|0x00000007a4700000, 0x00000007a4700000, 0x00000007a4800000|  0%| F|  |TS  0|AC  0|TAMS 0x00000007a4700000, 0x00000007a4700000|
|  72|0x00000007a4800000, 0x00000007a4800000, 0x00000007a4900000|  0%| F|  |TS  0|AC  0|TAMS 0x00000007a4800000, 0x00000007a4800000|
|  73|0x00000007a4900000, 0x00000007a4900000, 0x00000007a4a00000|  0%| F|  |TS  0|AC  0|TAMS 0x00000007a4900000, 0x00000007a4900000|
|  74|0x00000007a4a00000, 0x00000007a4a00000, 0x00000007a4b00000|  0%| F|  |TS  0|AC  0|TAMS 0x00000007a4a00000, 0x00000007a4a00000|
|  75|0x00000007a4b00000, 0x00000007a4b00000, 0x00000007a4c00000|  0%| F|  |TS  0|AC  0|TAMS 0x00000007a4b00000, 0x00000007a4b00000|
|  76|0x00000007a4c00000, 0x00000007a4c00000, 0x00000007a4d00000|  0%| F|  |TS  0|AC  0|TAMS 0x00000007a4c00000, 0x00000007a4c00000|
|  77|0x00000007a4d00000, 0x00000007a4d00000, 0x00000007a4e00000|  0%| F|  |TS  0|AC  0|TAMS 0x00000007a4d00000, 0x00000007a4d00000|
|  78|0x00000007a4e00000, 0x00000007a4e00000, 0x00000007a4f00000|  0%| F|  |TS  0|AC  0|TAMS 0x00000007a4e00000, 0x00000007a4e00000|
|  79|0x00000007a4f00000, 0x00000007a4f00000, 0x00000007a5000000|  0%| F|  |TS  0|AC  0|TAMS 0x00000007a4f00000, 0x00000007a4f00000|
|  80|0x00000007a5000000, 0x00000007a5000000, 0x00000007a5100000|  0%| F|  |TS  0|AC  0|TAMS 0x00000007a5000000, 0x00000007a5000000|
|  81|0x00000007a5100000, 0x00000007a5100000, 0x00000007a5200000|  0%| F|  |TS  0|AC  0|TAMS 0x00000007a5100000, 0x00000007a5100000|
|  82|0x00000007a5200000, 0x00000007a5200000, 0x00000007a5300000|  0%| F|  |TS  0|AC  0|TAMS 0x00000007a5200000, 0x00000007a5200000|
|  83|0x00000007a5300000, 0x00000007a5300000, 0x00000007a5400000|  0%| F|  |TS  0|AC  0|TAMS 0x00000007a5300000, 0x00000007a5300000|
|  84|0x00000007a5400000, 0x00000007a5400000, 0x00000007a5500000|  0%| F|  |TS  0|AC  0|TAMS 0x00000007a5400000, 0x00000007a5400000|
|  85|0x00000007a5500000, 0x00000007a5500000, 0x00000007a5600000|  0%| F|  |TS  0|AC  0|TAMS 0x00000007a5500000, 0x00000007a5500000|
|  86|0x00000007a5600000, 0x00000007a5600000, 0x00000007a5700000|  0%| F|  |TS  0|AC  0|TAMS 0x00000007a5600000, 0x00000007a5600000|
|  87|0x00000007a5700000, 0x00000007a5700000, 0x00000007a5800000|  0%| F|  |TS  0|AC  0|TAMS 0x00000007a5700000, 0x00000007a5700000|
|  88|0x00000007a5800000, 0x00000007a5800000, 0x00000007a5900000|  0%| F|  |TS  0|AC  0|TAMS 0x00000007a5800000, 0x00000007a5800000|
|  89|0x00000007a5900000, 0x00000007a5900000, 0x00000007a5a00000|  0%| F|  |TS  0|AC  0|TAMS 0x00000007a5900000, 0x00000007a5900000|
|  90|0x00000007a5a00000, 0x00000007a5a00000, 0x00000007a5b00000|  0%| F|  |TS  0|AC  0|TAMS 0x00000007a5a00000, 0x00000007a5a00000|
|  91|0x00000007a5b00000, 0x00000007a5b00000, 0x00000007a5c00000|  0%| F|  |TS  0|AC  0|TAMS 0x00000007a5b00000, 0x00000007a5b00000|
|  92|0x00000007a5c00000, 0x00000007a5c00000, 0x00000007a5d00000|  0%| F|  |TS  0|AC  0|TAMS 0x00000007a5c00000, 0x00000007a5c00000|
|  93|0x00000007a5d00000, 0x00000007a5d00000, 0x00000007a5e00000|  0%| F|  |TS  0|AC  0|TAMS 0x00000007a5d00000, 0x00000007a5d00000|
|  94|0x00000007a5e00000, 0x00000007a5e00000, 0x00000007a5f00000|  0%| F|  |TS  0|AC  0|TAMS 0x00000007a5e00000, 0x00000007a5e00000|
|  95|0x00000007a5f00000, 0x00000007a5f00000, 0x00000007a6000000|  0%| F|  |TS  0|AC  0|TAMS 0x00000007a5f00000, 0x00000007a5f00000|
|  96|0x00000007a6000000, 0x00000007a6000000, 0x00000007a6100000|  0%| F|  |TS  0|AC  0|TAMS 0x00000007a6000000, 0x00000007a6000000|
|  97|0x00000007a6100000, 0x00000007a6100000, 0x00000007a6200000|  0%| F|  |TS  0|AC  0|TAMS 0x00000007a6100000, 0x00000007a6100000|
|  98|0x00000007a6200000, 0x00000007a6200000, 0x00000007a6300000|  0%| F|  |TS  0|AC  0|TAMS 0x00000007a6200000, 0x00000007a6200000|
|  99|0x00000007a6300000, 0x00000007a6300000, 0x00000007a6400000|  0%| F|  |TS  0|AC  0|TAMS 0x00000007a6300000, 0x00000007a6300000|
| 100|0x00000007a6400000, 0x00000007a6400000, 0x00000007a6500000|  0%| F|  |TS  0|AC  0|TAMS 0x00000007a6400000, 0x00000007a6400000|
| 101|0x00000007a6500000, 0x00000007a6500000, 0x00000007a6600000|  0%| F|  |TS  0|AC  0|TAMS 0x00000007a6500000, 0x00000007a6500000|
| 102|0x00000007a6600000, 0x00000007a6600000, 0x00000007a6700000|  0%| F|  |TS  0|AC  0|TAMS 0x00000007a6600000, 0x00000007a6600000|
| 103|0x00000007a6700000, 0x00000007a6700000, 0x00000007a6800000|  0%| F|  |TS  0|AC  0|TAMS 0x00000007a6700000, 0x00000007a6700000|
| 104|0x00000007a6800000, 0x00000007a6800000, 0x00000007a6900000|  0%| F|  |TS  0|AC  0|TAMS 0x00000007a6800000, 0x00000007a6800000|
| 105|0x00000007a6900000, 0x00000007a6900000, 0x00000007a6a00000|  0%| F|  |TS  0|AC  0|TAMS 0x00000007a6900000, 0x00000007a6900000|
| 106|0x00000007a6a00000, 0x00000007a6a00000, 0x00000007a6b00000|  0%| F|  |TS  0|AC  0|TAMS 0x00000007a6a00000, 0x00000007a6a00000|
| 107|0x00000007a6b00000, 0x00000007a6b00000, 0x00000007a6c00000|  0%| F|  |TS  0|AC  0|TAMS 0x00000007a6b00000, 0x00000007a6b00000|
| 108|0x00000007a6c00000, 0x00000007a6c00000, 0x00000007a6d00000|  0%| F|  |TS  0|AC  0|TAMS 0x00000007a6c00000, 0x00000007a6c00000|
| 109|0x00000007a6d00000, 0x00000007a6d00000, 0x00000007a6e00000|  0%| F|  |TS  0|AC  0|TAMS 0x00000007a6d00000, 0x00000007a6d00000|
| 110|0x00000007a6e00000, 0x00000007a6e00000, 0x00000007a6f00000|  0%| F|  |TS  0|AC  0|TAMS 0x00000007a6e00000, 0x00000007a6e00000|
| 111|0x00000007a6f00000, 0x00000007a6f00000, 0x00000007a7000000|  0%| F|  |TS  0|AC  0|TAMS 0x00000007a6f00000, 0x00000007a6f00000|
| 112|0x00000007a7000000, 0x00000007a7000000, 0x00000007a7100000|  0%| F|  |TS  0|AC  0|TAMS 0x00000007a7000000, 0x00000007a7000000|
| 113|0x00000007a7100000, 0x00000007a7100000, 0x00000007a7200000|  0%| F|  |TS  0|AC  0|TAMS 0x00000007a7100000, 0x00000007a7100000|
| 114|0x00000007a7200000, 0x00000007a7200000, 0x00000007a7300000|  0%| F|  |TS  0|AC  0|TAMS 0x00000007a7200000, 0x00000007a7200000|
| 115|0x00000007a7300000, 0x00000007a7300000, 0x00000007a7400000|  0%| F|  |TS  0|AC  0|TAMS 0x00000007a7300000, 0x00000007a7300000|
| 116|0x00000007a7400000, 0x00000007a7400000, 0x00000007a7500000|  0%| F|  |TS  0|AC  0|TAMS 0x00000007a7400000, 0x00000007a7400000|
| 117|0x00000007a7500000, 0x00000007a7500000, 0x00000007a7600000|  0%| F|  |TS  0|AC  0|TAMS 0x00000007a7500000, 0x00000007a7500000|
| 118|0x00000007a7600000, 0x00000007a76e34e8, 0x00000007a7700000| 88%| E|  |TS  0|AC  0|TAMS 0x00000007a7600000, 0x00000007a7600000|

Card table byte_map: [0x000000011843d000,0x000000011853d000] byte_map_base: 0x000000011473d000

Marking Bits (Prev, Next): (CMBitMap*) 0x00007fc6ef031070, (CMBitMap*) 0x00007fc6ef0310a8
 Prev Bits: [0x000000011863d000, 0x0000000118e3d000)
 Next Bits: [0x0000000118e3d000, 0x000000011963d000)

Polling page: 0x000000010fa7c000

CodeHeap 'non-profiled nmethods': size=120032Kb used=7257Kb max_used=7257Kb free=112774Kb
 bounds [0x0000000121d29000, 0x0000000122449000, 0x0000000129261000]
CodeHeap 'profiled nmethods': size=120032Kb used=17865Kb max_used=17865Kb free=102166Kb
 bounds [0x000000011a7f1000, 0x000000011b971000, 0x0000000121d29000]
CodeHeap 'non-nmethods': size=5696Kb used=1731Kb max_used=1792Kb free=3965Kb
 bounds [0x000000011a261000, 0x000000011a4d1000, 0x000000011a7f1000]
 total_blobs=12131 nmethods=7786 adapters=1110
 compilation: enabled

Compilation events (10 events):
Event: 416.666 Thread 0x00007fc6ee81e000 nmethod 7809 0x000000012243e690 code [0x000000012243e860, 0x000000012243eaa8]
Event: 416.667 Thread 0x00007fc6ee81f000 nmethod 7803% 0x000000011b94e810 code [0x000000011b94eae0, 0x000000011b950848]
Event: 416.667 Thread 0x00007fc6ee81f000 7805  s    3       sun.font.CStrike$GlyphInfoCache::put (96 bytes)
Event: 416.668 Thread 0x00007fc6ee81f000 nmethod 7805 0x000000011b951510 code [0x000000011b951780, 0x000000011b952358]
Event: 416.668 Thread 0x00007fc6ee81f000 7808       3       java.awt.Component::isNonOpaqueForMixing (23 bytes)
Event: 416.668 Thread 0x00007fc6ee81f000 nmethod 7808 0x000000011b952710 code [0x000000011b9528c0, 0x000000011b952c30]
Event: 416.668 Thread 0x00007fc6ee81f000 7810       3       java.awt.Container::hasLightweightDescendants (17 bytes)
Event: 416.668 Thread 0x00007fc6ee81f000 nmethod 7810 0x000000011b952d10 code [0x000000011b952f00, 0x000000011b953398]
Event: 416.668 Thread 0x00007fc6ee81f000 7806       1       javax.swing.JRootPane::getDefaultButton (5 bytes)
Event: 416.668 Thread 0x00007fc6ee81f000 nmethod 7806 0x000000012243ed10 code [0x000000012243eec0, 0x000000012243efd0]

GC Heap History (10 events):
Event: 358.305 GC heap before
{Heap before GC invocations=27 (full 0):
 garbage-first heap   total 262144K, used 194627K [0x00000007a0000000, 0x00000007a0100800, 0x00000007c0000000)
  region size 1024K, 153 young (156672K), 10 survivors (10240K)
 Metaspace       used 37771K, capacity 38919K, committed 39288K, reserved 1083392K
  class space    used 4731K, capacity 4970K, committed 4984K, reserved 1048576K
}
Event: 358.309 GC heap after
{Heap after GC invocations=28 (full 0):
 garbage-first heap   total 262144K, used 48207K [0x00000007a0000000, 0x00000007a0100800, 0x00000007c0000000)
  region size 1024K, 10 young (10240K), 10 survivors (10240K)
 Metaspace       used 37771K, capacity 38919K, committed 39288K, reserved 1083392K
  class space    used 4731K, capacity 4970K, committed 4984K, reserved 1048576K
}
Event: 377.257 GC heap before
{Heap before GC invocations=28 (full 0):
 garbage-first heap   total 262144K, used 194639K [0x00000007a0000000, 0x00000007a0100800, 0x00000007c0000000)
  region size 1024K, 153 young (156672K), 10 survivors (10240K)
 Metaspace       used 37779K, capacity 38919K, committed 39288K, reserved 1083392K
  class space    used 4731K, capacity 4970K, committed 4984K, reserved 1048576K
}
Event: 377.263 GC heap after
{Heap after GC invocations=29 (full 0):
 garbage-first heap   total 262144K, used 48214K [0x00000007a0000000, 0x00000007a0100800, 0x00000007c0000000)
  region size 1024K, 10 young (10240K), 10 survivors (10240K)
 Metaspace       used 37779K, capacity 38919K, committed 39288K, reserved 1083392K
  class space    used 4731K, capacity 4970K, committed 4984K, reserved 1048576K
}
Event: 396.061 GC heap before
{Heap before GC invocations=29 (full 0):
 garbage-first heap   total 262144K, used 194646K [0x00000007a0000000, 0x00000007a0100800, 0x00000007c0000000)
  region size 1024K, 153 young (156672K), 10 survivors (10240K)
 Metaspace       used 37782K, capacity 38983K, committed 39288K, reserved 1083392K
  class space    used 4731K, capacity 4970K, committed 4984K, reserved 1048576K
}
Event: 396.066 GC heap after
{Heap after GC invocations=30 (full 0):
 garbage-first heap   total 262144K, used 47779K [0x00000007a0000000, 0x00000007a0100800, 0x00000007c0000000)
  region size 1024K, 10 young (10240K), 10 survivors (10240K)
 Metaspace       used 37782K, capacity 38983K, committed 39288K, reserved 1083392K
  class space    used 4731K, capacity 4970K, committed 4984K, reserved 1048576K
}
Event: 414.077 GC heap before
{Heap before GC invocations=30 (full 0):
 garbage-first heap   total 262144K, used 194211K [0x00000007a0000000, 0x00000007a0100800, 0x00000007c0000000)
  region size 1024K, 153 young (156672K), 10 survivors (10240K)
 Metaspace       used 37849K, capacity 39047K, committed 39288K, reserved 1083392K
  class space    used 4732K, capacity 4970K, committed 4984K, reserved 1048576K
}
Event: 414.082 GC heap after
{Heap after GC invocations=31 (full 0):
 garbage-first heap   total 262144K, used 48231K [0x00000007a0000000, 0x00000007a0100800, 0x00000007c0000000)
  region size 1024K, 10 young (10240K), 10 survivors (10240K)
 Metaspace       used 37849K, capacity 39047K, committed 39288K, reserved 1083392K
  class space    used 4732K, capacity 4970K, committed 4984K, reserved 1048576K
}
Event: 416.573 GC heap before
{Heap before GC invocations=31 (full 0):
 garbage-first heap   total 262144K, used 69735K [0x00000007a0000000, 0x00000007a0100800, 0x00000007c0000000)
  region size 1024K, 32 young (32768K), 10 survivors (10240K)
 Metaspace       used 37898K, capacity 39097K, committed 39416K, reserved 1083392K
  class space    used 4743K, capacity 5005K, committed 5112K, reserved 1048576K
}
Event: 416.652 GC heap after
{Heap after GC invocations=32 (full 1):
 garbage-first heap   total 121856K, used 36442K [0x00000007a0000000, 0x00000007a01003b8, 0x00000007c0000000)
  region size 1024K, 0 young (0K), 0 survivors (0K)
 Metaspace       used 37898K, capacity 39097K, committed 39416K, reserved 1083392K
  class space    used 4743K, capacity 5005K, committed 5112K, reserved 1048576K
}

Deoptimization events (10 events):
Event: 416.662 Thread 0x00007fc6eed8c000 Uncommon trap: reason=unstable_if action=reinterpret pc=0x00000001221434fc method=sun.java2d.pipe.Region.intersectsQuickCheck(Lsun/java2d/pipe/Region;)Z @ 19 c2
Event: 416.662 Thread 0x00007fc6eed8c000 Uncommon trap: reason=speculate_class_check action=maybe_recompile pc=0x000000012243b08c method=java.awt.Component.getNormalShape()Lsun/java2d/pipe/Region; @ 5 c2
Event: 416.663 Thread 0x00007fc6eed8c000 Uncommon trap: reason=bimorphic_or_optimized_type_check action=maybe_recompile pc=0x000000012243b110 method=java.awt.Component.calculateCurrentShape()Lsun/java2d/pipe/Region; @ 91 c2
Event: 416.663 Thread 0x00007fc6eed8c000 Uncommon trap: reason=speculate_class_check action=maybe_recompile pc=0x000000012243b08c method=java.awt.Component.getNormalShape()Lsun/java2d/pipe/Region; @ 5 c2
Event: 416.663 Thread 0x00007fc6eed8c000 Uncommon trap: reason=speculate_class_check action=maybe_recompile pc=0x000000012243b08c method=java.awt.Component.getNormalShape()Lsun/java2d/pipe/Region; @ 5 c2
Event: 416.663 Thread 0x00007fc6eed8c000 Uncommon trap: reason=bimorphic_or_optimized_type_check action=maybe_recompile pc=0x000000012243b110 method=java.awt.Component.calculateCurrentShape()Lsun/java2d/pipe/Region; @ 91 c2
Event: 416.663 Thread 0x00007fc6eed8c000 Uncommon trap: reason=speculate_class_check action=maybe_recompile pc=0x000000012243b08c method=java.awt.Component.getNormalShape()Lsun/java2d/pipe/Region; @ 5 c2
Event: 416.663 Thread 0x00007fc6eed8c000 Uncommon trap: reason=unstable_if action=reinterpret pc=0x00000001221ea194 method=sun.java2d.pipe.Region.isInsideQuickCheck(Lsun/java2d/pipe/Region;)Z @ 37 c2
Event: 416.663 Thread 0x00007fc6eed8c000 Uncommon trap: reason=unstable_if action=reinterpret pc=0x0000000121f32bd8 method=sun.java2d.pipe.Region.filterSpans(Lsun/java2d/pipe/Region;Lsun/java2d/pipe/Region;I)V @ 632 c2
Event: 416.664 Thread 0x00007fc6eed8c000 Uncommon trap: reason=unstable_if action=reinterpret pc=0x0000000122266730 method=jogamp.common.util.locks.RecursiveLockImpl01Unfairish.tryLock(J)Z @ 155 c2

Classes redefined (0 events):
No events

Internal exceptions (10 events):
Event: 5.220 Thread 0x00007fc6ef1ae000 Implicit null exception at 0x0000000121dfba93 to 0x0000000121dfc07d
Event: 5.220 Thread 0x00007fc6ef1ae000 Implicit null exception at 0x0000000121df7f94 to 0x0000000121df85b5
Event: 5.343 Thread 0x00007fc6eefd3800 Exception <a 'java/io/FileNotFoundException'{0x00000007af737f30}> (0x00000007af737f30) thrown at [/scratch/mesos/slaves/5af44a71-976a-41b7-81de-5773b84ec572-S38393/frameworks/1735e8a2-a1db-478c-8104-60c8b0af87dd-0196/executors/8b855640-c399-41ea-b65f-5227
Event: 5.392 Thread 0x00007fc6f225a800 Exception <a 'java/io/FileNotFoundException'{0x00000007af1e7c90}> (0x00000007af1e7c90) thrown at [/scratch/mesos/slaves/5af44a71-976a-41b7-81de-5773b84ec572-S38393/frameworks/1735e8a2-a1db-478c-8104-60c8b0af87dd-0196/executors/8b855640-c399-41ea-b65f-5227
Event: 14.889 Thread 0x00007fc6f225a800 Implicit null exception at 0x0000000121e843ad to 0x0000000121e89519
Event: 14.946 Thread 0x00007fc6f225a800 Implicit null exception at 0x000000012207d82c to 0x000000012207d85d
Event: 43.469 Thread 0x00007fc6f225a800 Implicit null exception at 0x00000001221a313f to 0x00000001221a65c9
Event: 111.101 Thread 0x00007fc6eed8c000 Implicit null exception at 0x0000000121f13b6a to 0x0000000121f16dfd
Event: 184.664 Thread 0x00007fc6f225a800 Implicit null exception at 0x0000000122201024 to 0x0000000122201445
Event: 416.655 Thread 0x00007fc6eed8c000 Implicit null exception at 0x0000000121fe5e61 to 0x0000000121fe6371

Events (10 events):
Event: 416.663 Thread 0x00007fc6eed8c000 DEOPT PACKING pc=0x00000001221ea194 sp=0x0000700010081690
Event: 416.663 Thread 0x00007fc6eed8c000 DEOPT UNPACKING pc=0x000000011a2aec9f sp=0x00007000100815f8 mode 2
Event: 416.663 Thread 0x00007fc6eed8c000 Uncommon trap: trap_request=0xffffff5d fr.pc=0x0000000121f32bd8 relative=0x0000000000001438
Event: 416.663 Thread 0x00007fc6eed8c000 DEOPT PACKING pc=0x0000000121f32bd8 sp=0x0000700010081590
Event: 416.663 Thread 0x00007fc6eed8c000 DEOPT UNPACKING pc=0x000000011a2aec9f sp=0x0000700010081528 mode 2
Event: 416.664 Thread 0x00007fc6eed8c000 Uncommon trap: trap_request=0xffffff5d fr.pc=0x0000000122266730 relative=0x00000000000004f0
Event: 416.664 Thread 0x00007fc6eed8c000 DEOPT PACKING pc=0x0000000122266730 sp=0x0000700010081930
Event: 416.664 Thread 0x00007fc6eed8c000 DEOPT UNPACKING pc=0x000000011a2aec9f sp=0x00007000100818d0 mode 2
Event: 416.675 loading class jogamp/opengl/macosx/cgl/MacOSXCGLContext$NSOpenGLImpl$DetachGLLayerCmd
Event: 416.675 loading class jogamp/opengl/macosx/cgl/MacOSXCGLContext$NSOpenGLImpl$DetachGLLayerCmd done


Dynamic libraries:
0x00007fff54442000 	/System/Library/Frameworks/Cocoa.framework/Versions/A/Cocoa
0x00007fff607ff000 	/System/Library/Frameworks/Security.framework/Versions/A/Security
0x00007fff530b1000 	/System/Library/Frameworks/ApplicationServices.framework/Versions/A/ApplicationServices
0x00007fff7c36f000 	/usr/lib/libz.1.dylib
0x00007fff7a383000 	/usr/lib/libSystem.B.dylib
0x00007fff54bdc000 	/System/Library/Frameworks/CoreFoundation.framework/Versions/A/CoreFoundation
0x00007fff56d12000 	/System/Library/Frameworks/Foundation.framework/Versions/C/Foundation
0x00007fff7b984000 	/usr/lib/libobjc.A.dylib
0x00007fff52202000 	/System/Library/Frameworks/AppKit.framework/Versions/C/AppKit
0x00007fff547ba000 	/System/Library/Frameworks/CoreData.framework/Versions/A/CoreData
0x00007fff73db4000 	/System/Library/PrivateFrameworks/RemoteViewServices.framework/Versions/A/RemoteViewServices
0x00007fff78409000 	/System/Library/PrivateFrameworks/UIFoundation.framework/Versions/A/UIFoundation
0x00007fff68dfe000 	/System/Library/PrivateFrameworks/DFRFoundation.framework/Versions/A/DFRFoundation
0x00007fff591e9000 	/System/Library/Frameworks/Metal.framework/Versions/A/Metal
0x00007fff68f9f000 	/System/Library/PrivateFrameworks/DesktopServicesPriv.framework/Versions/A/DesktopServicesPriv
0x00007fff7af86000 	/usr/lib/libenergytrace.dylib
0x00007fff7652d000 	/System/Library/PrivateFrameworks/SkyLight.framework/Versions/A/SkyLight
0x00007fff5507e000 	/System/Library/Frameworks/CoreGraphics.framework/Versions/A/CoreGraphics
0x00007fff7a37e000 	/usr/lib/libScreenReader.dylib
0x00007fff511c3000 	/System/Library/Frameworks/Accelerate.framework/Versions/A/Accelerate
0x00007fff57489000 	/System/Library/Frameworks/IOSurface.framework/Versions/A/IOSurface
0x00007fff535fb000 	/System/Library/Frameworks/AudioToolbox.framework/Versions/A/AudioToolbox
0x00007fff53888000 	/System/Library/Frameworks/AudioUnit.framework/Versions/A/AudioUnit
0x00007fff68e9a000 	/System/Library/PrivateFrameworks/DataDetectorsCore.framework/Versions/A/DataDetectorsCore
0x00007fff53f49000 	/System/Library/Frameworks/Carbon.framework/Versions/A/Frameworks/HIToolbox.framework/Versions/A/HIToolbox
0x00007fff7b0e0000 	/usr/lib/libicucore.A.dylib
0x00007fff5fd7e000 	/System/Library/Frameworks/QuartzCore.framework/Versions/A/QuartzCore
0x00007fff5432f000 	/System/Library/Frameworks/Carbon.framework/Versions/A/Frameworks/SpeechRecognition.framework/Versions/A/SpeechRecognition
0x00007fff7a4df000 	/usr/lib/libauto.dylib
0x00007fff7c25e000 	/usr/lib/libxml2.2.dylib
0x00007fff68a78000 	/System/Library/PrivateFrameworks/CoreUI.framework/Versions/A/CoreUI
0x00007fff54696000 	/System/Library/Frameworks/CoreAudio.framework/Versions/A/CoreAudio
0x00007fff56b4c000 	/System/Library/Frameworks/DiskArbitration.framework/Versions/A/DiskArbitration
0x00007fff7b354000 	/usr/lib/liblangid.dylib
0x00007fff70303000 	/System/Library/PrivateFrameworks/MultitouchSupport.framework/Versions/A/MultitouchSupport
0x00007fff573ec000 	/System/Library/Frameworks/IOKit.framework/Versions/A/IOKit
0x00007fff7a01b000 	/usr/lib/libDiagnosticMessagesClient.dylib
0x00007fff55d3c000 	/System/Library/Frameworks/CoreServices.framework/Versions/A/CoreServices
0x00007fff71d9d000 	/System/Library/PrivateFrameworks/PerformanceAnalysis.framework/Versions/A/PerformanceAnalysis
0x00007fff5ef28000 	/System/Library/Frameworks/OpenGL.framework/Versions/A/OpenGL
0x00007fff54450000 	/System/Library/Frameworks/ColorSync.framework/Versions/A/ColorSync
0x00007fff5568d000 	/System/Library/Frameworks/CoreImage.framework/Versions/A/CoreImage
0x00007fff566bd000 	/System/Library/Frameworks/CoreText.framework/Versions/A/CoreText
0x00007fff574e7000 	/System/Library/Frameworks/ImageIO.framework/Versions/A/ImageIO
0x00007fff652d1000 	/System/Library/PrivateFrameworks/Backup.framework/Versions/A/Backup
0x00007fff7a42f000 	/usr/lib/libarchive.2.dylib
0x00007fff53b9d000 	/System/Library/Frameworks/CFNetwork.framework/Versions/A/CFNetwork
0x00007fff60f7b000 	/System/Library/Frameworks/SystemConfiguration.framework/Versions/A/SystemConfiguration
0x00007fff79f44000 	/usr/lib/libCRFSuite.dylib
0x00007fff7a5b7000 	/usr/lib/libc++.1.dylib
0x00007fff7a60e000 	/usr/lib/libc++abi.dylib
0x00007fff7c41f000 	/usr/lib/system/libcache.dylib
0x00007fff7c424000 	/usr/lib/system/libcommonCrypto.dylib
0x00007fff7c42f000 	/usr/lib/system/libcompiler_rt.dylib
0x00007fff7c437000 	/usr/lib/system/libcopyfile.dylib
0x00007fff7c440000 	/usr/lib/system/libcorecrypto.dylib
0x00007fff7c54d000 	/usr/lib/system/libdispatch.dylib
0x00007fff7c587000 	/usr/lib/system/libdyld.dylib
0x00007fff7c5a5000 	/usr/lib/system/libkeymgr.dylib
0x00007fff7c5b3000 	/usr/lib/system/liblaunch.dylib
0x00007fff7c5b4000 	/usr/lib/system/libmacho.dylib
0x00007fff7c5b9000 	/usr/lib/system/libquarantine.dylib
0x00007fff7c5bc000 	/usr/lib/system/libremovefile.dylib
0x00007fff7c5be000 	/usr/lib/system/libsystem_asl.dylib
0x00007fff7c5d6000 	/usr/lib/system/libsystem_blocks.dylib
0x00007fff7c5d7000 	/usr/lib/system/libsystem_c.dylib
0x00007fff7c661000 	/usr/lib/system/libsystem_configuration.dylib
0x00007fff7c665000 	/usr/lib/system/libsystem_coreservices.dylib
0x00007fff7c669000 	/usr/lib/system/libsystem_darwin.dylib
0x00007fff7c66b000 	/usr/lib/system/libsystem_dnssd.dylib
0x00007fff7c672000 	/usr/lib/system/libsystem_info.dylib
0x00007fff7c6e2000 	/usr/lib/system/libsystem_m.dylib
0x00007fff7c72e000 	/usr/lib/system/libsystem_malloc.dylib
0x00007fff7c74e000 	/usr/lib/system/libsystem_network.dylib
0x00007fff7c7f3000 	/usr/lib/system/libsystem_networkextension.dylib
0x00007fff7c7fe000 	/usr/lib/system/libsystem_notify.dylib
0x00007fff7c81c000 	/usr/lib/system/libsystem_sandbox.dylib
0x00007fff7c820000 	/usr/lib/system/libsystem_secinit.dylib
0x00007fff7c6bc000 	/usr/lib/system/libsystem_kernel.dylib
0x00007fff7c808000 	/usr/lib/system/libsystem_platform.dylib
0x00007fff7c810000 	/usr/lib/system/libsystem_pthread.dylib
0x00007fff7c822000 	/usr/lib/system/libsystem_symptoms.dylib
0x00007fff7c82a000 	/usr/lib/system/libsystem_trace.dylib
0x00007fff7c83f000 	/usr/lib/system/libunwind.dylib
0x00007fff7c845000 	/usr/lib/system/libxpc.dylib
0x00007fff79e71000 	/usr/lib/closure/libclosured.dylib
0x00007fff7a598000 	/usr/lib/libbsm.0.dylib
0x00007fff7c5a6000 	/usr/lib/system/libkxld.dylib
0x00007fff7a255000 	/usr/lib/libOpenScriptingUtil.dylib
0x00007fff7a908000 	/usr/lib/libcoretls.dylib
0x00007fff7a921000 	/usr/lib/libcoretls_cfhelpers.dylib
0x00007fff7bd85000 	/usr/lib/libpam.2.dylib
0x00007fff7beab000 	/usr/lib/libsqlite3.dylib
0x00007fff7c24d000 	/usr/lib/libxar.1.dylib
0x00007fff7a5a9000 	/usr/lib/libbz2.1.0.dylib
0x00007fff7b356000 	/usr/lib/liblzma.5.dylib
0x00007fff7b837000 	/usr/lib/libnetwork.dylib
0x00007fff7a418000 	/usr/lib/libapple_nghttp2.dylib
0x00007fff7bd8c000 	/usr/lib/libpcap.A.dylib
0x00007fff7a4e0000 	/usr/lib/libboringssl.dylib
0x00007fff7c20f000 	/usr/lib/libusrtcp.dylib
0x00007fff7a417000 	/usr/lib/libapple_crypto.dylib
0x00007fff560bf000 	/System/Library/Frameworks/CoreServices.framework/Versions/A/Frameworks/FSEvents.framework/Versions/A/FSEvents
0x00007fff55db2000 	/System/Library/Frameworks/CoreServices.framework/Versions/A/Frameworks/CarbonCore.framework/Versions/A/CarbonCore
0x00007fff56281000 	/System/Library/Frameworks/CoreServices.framework/Versions/A/Frameworks/Metadata.framework/Versions/A/Metadata
0x00007fff56331000 	/System/Library/Frameworks/CoreServices.framework/Versions/A/Frameworks/OSServices.framework/Versions/A/OSServices
0x00007fff5638f000 	/System/Library/Frameworks/CoreServices.framework/Versions/A/Frameworks/SearchKit.framework/Versions/A/SearchKit
0x00007fff55d3d000 	/System/Library/Frameworks/CoreServices.framework/Versions/A/Frameworks/AE.framework/Versions/A/AE
0x00007fff560c8000 	/System/Library/Frameworks/CoreServices.framework/Versions/A/Frameworks/LaunchServices.framework/Versions/A/LaunchServices
0x00007fff5608a000 	/System/Library/Frameworks/CoreServices.framework/Versions/A/Frameworks/DictionaryServices.framework/Versions/A/DictionaryServices
0x00007fff563fe000 	/System/Library/Frameworks/CoreServices.framework/Versions/A/Frameworks/SharedFileList.framework/Versions/A/SharedFileList
0x00007fff5a3b5000 	/System/Library/Frameworks/NetFS.framework/Versions/A/NetFS
0x00007fff70590000 	/System/Library/PrivateFrameworks/NetAuth.framework/Versions/A/NetAuth
0x00007fff79d0b000 	/System/Library/PrivateFrameworks/login.framework/Versions/A/Frameworks/loginsupport.framework/Versions/A/loginsupport
0x00007fff7808d000 	/System/Library/PrivateFrameworks/TCC.framework/Versions/A/TCC
0x00007fff7b437000 	/usr/lib/libmecabra.dylib
0x00007fff530b2000 	/System/Library/Frameworks/ApplicationServices.framework/Versions/A/Frameworks/ATS.framework/Versions/A/ATS
0x00007fff53460000 	/System/Library/Frameworks/ApplicationServices.framework/Versions/A/Frameworks/ColorSyncLegacy.framework/Versions/A/ColorSyncLegacy
0x00007fff53504000 	/System/Library/Frameworks/ApplicationServices.framework/Versions/A/Frameworks/HIServices.framework/Versions/A/HIServices
0x00007fff53557000 	/System/Library/Frameworks/ApplicationServices.framework/Versions/A/Frameworks/LangAnalysis.framework/Versions/A/LangAnalysis
0x00007fff53566000 	/System/Library/Frameworks/ApplicationServices.framework/Versions/A/Frameworks/PrintCore.framework/Versions/A/PrintCore
0x00007fff535b3000 	/System/Library/Frameworks/ApplicationServices.framework/Versions/A/Frameworks/QD.framework/Versions/A/QD
0x00007fff535ee000 	/System/Library/Frameworks/ApplicationServices.framework/Versions/A/Frameworks/SpeechSynthesis.framework/Versions/A/SpeechSynthesis
0x00007fff54b0f000 	/System/Library/Frameworks/CoreDisplay.framework/Versions/A/CoreDisplay
0x00007fff511db000 	/System/Library/Frameworks/Accelerate.framework/Versions/A/Frameworks/vImage.framework/Versions/A/vImage
0x00007fff51f12000 	/System/Library/Frameworks/Accelerate.framework/Versions/A/Frameworks/vecLib.framework/Versions/A/vecLib
0x00007fff51cb4000 	/System/Library/Frameworks/Accelerate.framework/Versions/A/Frameworks/vecLib.framework/Versions/A/libvDSP.dylib
0x00007fff51835000 	/System/Library/Frameworks/Accelerate.framework/Versions/A/Frameworks/vecLib.framework/Versions/A/libBNNS.dylib
0x00007fff51c3b000 	/System/Library/Frameworks/Accelerate.framework/Versions/A/Frameworks/vecLib.framework/Versions/A/libQuadrature.dylib
0x00007fff51e61000 	/System/Library/Frameworks/Accelerate.framework/Versions/A/Frameworks/vecLib.framework/Versions/A/libvMisc.dylib
0x00007fff51864000 	/System/Library/Frameworks/Accelerate.framework/Versions/A/Frameworks/vecLib.framework/Versions/A/libLAPACK.dylib
0x00007fff516da000 	/System/Library/Frameworks/Accelerate.framework/Versions/A/Frameworks/vecLib.framework/Versions/A/libBLAS.dylib
0x00007fff51c25000 	/System/Library/Frameworks/Accelerate.framework/Versions/A/Frameworks/vecLib.framework/Versions/A/libLinearAlgebra.dylib
0x00007fff51c41000 	/System/Library/Frameworks/Accelerate.framework/Versions/A/Frameworks/vecLib.framework/Versions/A/libSparse.dylib
0x00007fff51ca0000 	/System/Library/Frameworks/Accelerate.framework/Versions/A/Frameworks/vecLib.framework/Versions/A/libSparseBLAS.dylib
0x00007fff6ec32000 	/System/Library/PrivateFrameworks/IOAccelerator.framework/Versions/A/IOAccelerator
0x00007fff6ec3d000 	/System/Library/PrivateFrameworks/IOPresentment.framework/Versions/A/IOPresentment
0x00007fff68e10000 	/System/Library/PrivateFrameworks/DSExternalDisplay.framework/Versions/A/DSExternalDisplay
0x00007fff5e3aa000 	/System/Library/Frameworks/OpenGL.framework/Versions/A/Libraries/libCoreFSCache.dylib
0x00007fff5680c000 	/System/Library/Frameworks/CoreVideo.framework/Versions/A/CoreVideo
0x00007fff6e285000 	/System/Library/PrivateFrameworks/GraphVisualizer.framework/Versions/A/GraphVisualizer
0x00007fff593ac000 	/System/Library/Frameworks/MetalPerformanceShaders.framework/Versions/A/MetalPerformanceShaders
0x00007fff7a053000 	/usr/lib/libFosl_dynamic.dylib
0x00007fff69e43000 	/System/Library/PrivateFrameworks/FaceCore.framework/Versions/A/FaceCore
0x00007fff5d1b2000 	/System/Library/Frameworks/OpenCL.framework/Versions/A/OpenCL
0x00007fff7a645000 	/usr/lib/libcompression.dylib
0x00007fff531b1000 	/System/Library/Frameworks/ApplicationServices.framework/Versions/A/Frameworks/ATS.framework/Versions/A/Resources/libFontParser.dylib
0x00007fff532d4000 	/System/Library/Frameworks/ApplicationServices.framework/Versions/A/Frameworks/ATS.framework/Versions/A/Resources/libFontRegistry.dylib
0x00007fff5774c000 	/System/Library/Frameworks/ImageIO.framework/Versions/A/Resources/libJPEG.dylib
0x00007fff57a75000 	/System/Library/Frameworks/ImageIO.framework/Versions/A/Resources/libTIFF.dylib
0x00007fff57a4b000 	/System/Library/Frameworks/ImageIO.framework/Versions/A/Resources/libPng.dylib
0x00007fff5765f000 	/System/Library/Frameworks/ImageIO.framework/Versions/A/Resources/libGIF.dylib
0x00007fff57664000 	/System/Library/Frameworks/ImageIO.framework/Versions/A/Resources/libJP2.dylib
0x00007fff57a72000 	/System/Library/Frameworks/ImageIO.framework/Versions/A/Resources/libRadiance.dylib
0x00007fff64a32000 	/System/Library/PrivateFrameworks/AppleJPEG.framework/Versions/A/AppleJPEG
0x00007fff7007d000 	/System/Library/PrivateFrameworks/MetalTools.framework/Versions/A/MetalTools
0x00007fff59285000 	/System/Library/Frameworks/MetalPerformanceShaders.framework/Frameworks/MPSCore.framework/Versions/A/MPSCore
0x00007fff5929b000 	/System/Library/Frameworks/MetalPerformanceShaders.framework/Frameworks/MPSImage.framework/Versions/A/MPSImage
0x00007fff59307000 	/System/Library/Frameworks/MetalPerformanceShaders.framework/Frameworks/MPSMatrix.framework/Versions/A/MPSMatrix
0x00007fff5932b000 	/System/Library/Frameworks/MetalPerformanceShaders.framework/Frameworks/MPSNeuralNetwork.framework/Versions/A/MPSNeuralNetwork
0x00007fff5e572000 	/System/Library/Frameworks/OpenGL.framework/Versions/A/Libraries/libGLU.dylib
0x00007fff5e3b4000 	/System/Library/Frameworks/OpenGL.framework/Versions/A/Libraries/libGFXShared.dylib
0x00007fff5e3bd000 	/System/Library/Frameworks/OpenGL.framework/Versions/A/Libraries/libGL.dylib
0x00007fff5e3c9000 	/System/Library/Frameworks/OpenGL.framework/Versions/A/Libraries/libGLImage.dylib
0x00007fff5e3a7000 	/System/Library/Frameworks/OpenGL.framework/Versions/A/Libraries/libCVMSPluginSupport.dylib
0x00007fff5e3af000 	/System/Library/Frameworks/OpenGL.framework/Versions/A/Libraries/libCoreVMClient.dylib
0x00007fff7adf2000 	/usr/lib/libcups.2.dylib
0x00007fff58851000 	/System/Library/Frameworks/Kerberos.framework/Versions/A/Kerberos
0x00007fff57147000 	/System/Library/Frameworks/GSS.framework/Versions/A/GSS
0x00007fff7be3f000 	/usr/lib/libresolv.9.dylib
0x00007fff7afee000 	/usr/lib/libiconv.2.dylib
0x00007fff6e30c000 	/System/Library/PrivateFrameworks/Heimdal.framework/Versions/A/Heimdal
0x00007fff7afbd000 	/usr/lib/libheimdal-asn1.dylib
0x00007fff5d21d000 	/System/Library/Frameworks/OpenDirectory.framework/Versions/A/OpenDirectory
0x00007fff66ce8000 	/System/Library/PrivateFrameworks/CommonAuth.framework/Versions/A/CommonAuth
0x00007fff5d200000 	/System/Library/Frameworks/OpenDirectory.framework/Versions/A/Frameworks/CFOpenDirectory.framework/Versions/A/CFOpenDirectory
0x00007fff60b17000 	/System/Library/Frameworks/SecurityFoundation.framework/Versions/A/SecurityFoundation
0x00007fff63c1e000 	/System/Library/PrivateFrameworks/APFS.framework/Versions/A/APFS
0x00007fff7c249000 	/usr/lib/libutil.dylib
0x00007fff64ab5000 	/System/Library/PrivateFrameworks/AppleSauce.framework/Versions/A/AppleSauce
0x00007fff6f414000 	/System/Library/PrivateFrameworks/LinguisticData.framework/Versions/A/LinguisticData
0x00007fff7b370000 	/usr/lib/libmarisa.dylib
0x00007fff6f3ce000 	/System/Library/PrivateFrameworks/Lexicon.framework/Versions/A/Lexicon
0x00007fff79f7e000 	/usr/lib/libChineseTokenizer.dylib
0x00007fff7a634000 	/usr/lib/libcmph.dylib
0x00007fff6f2d8000 	/System/Library/PrivateFrameworks/LanguageModeling.framework/Versions/A/LanguageModeling
0x00007fff676fe000 	/System/Library/PrivateFrameworks/CoreEmoji.framework/Versions/A/CoreEmoji
0x00007fff60bd3000 	/System/Library/Frameworks/ServiceManagement.framework/Versions/A/ServiceManagement
0x00007fff652c9000 	/System/Library/PrivateFrameworks/BackgroundTaskManagement.framework/Versions/A/BackgroundTaskManagement
0x00007fff7c346000 	/usr/lib/libxslt.1.dylib
0x00007fff54259000 	/System/Library/Frameworks/Carbon.framework/Versions/A/Frameworks/Ink.framework/Versions/A/Ink
0x00007fff782a1000 	/System/Library/PrivateFrameworks/TextureIO.framework/Versions/A/TextureIO
0x00007fff7a45a000 	/usr/lib/libate.dylib
0x00007fff68d72000 	/System/Library/PrivateFrameworks/CrashReporterSupport.framework/Versions/A/CrashReporterSupport
0x00007fff756f4000 	/System/Library/PrivateFrameworks/Sharing.framework/Versions/A/Sharing
0x00007fff6f01e000 	/System/Library/PrivateFrameworks/IconServices.framework/Versions/A/IconServices
0x00007fff73bb9000 	/System/Library/PrivateFrameworks/ProtocolBuffer.framework/Versions/A/ProtocolBuffer
0x00007fff648bd000 	/System/Library/PrivateFrameworks/Apple80211.framework/Versions/A/Apple80211
0x00007fff56847000 	/System/Library/Frameworks/CoreWLAN.framework/Versions/A/CoreWLAN
0x00007fff68bad000 	/System/Library/PrivateFrameworks/CoreUtils.framework/Versions/A/CoreUtils
0x00007fff57289000 	/System/Library/Frameworks/IOBluetooth.framework/Versions/A/IOBluetooth
0x00007fff68d0d000 	/System/Library/PrivateFrameworks/CoreWiFi.framework/Versions/A/CoreWiFi
0x00007fff54790000 	/System/Library/Frameworks/CoreBluetooth.framework/Versions/A/CoreBluetooth
0x00007fff7582f000 	/System/Library/PrivateFrameworks/SignpostNotification.framework/Versions/A/SignpostNotification
0x00007fff68f5e000 	/System/Library/PrivateFrameworks/DebugSymbols.framework/Versions/A/DebugSymbols
0x00007fff68964000 	/System/Library/PrivateFrameworks/CoreSymbolication.framework/Versions/A/CoreSymbolication
0x00007fff77b17000 	/System/Library/PrivateFrameworks/Symbolication.framework/Versions/A/Symbolication
0x00007fff648e7000 	/System/Library/PrivateFrameworks/AppleFSCompression.framework/Versions/A/AppleFSCompression
0x00007fff76f78000 	/System/Library/PrivateFrameworks/SpeechRecognitionCore.framework/Versions/A/SpeechRecognitionCore
0x0000000110400000 	/Applications/AnyLogic.app/Contents/jre/lib/server/libjvm.dylib
0x00007fff7c140000 	/usr/lib/libstdc++.6.0.9.dylib
0x000000010fa3a000 	/Applications/AnyLogic.app/Contents/jre/lib/libverify.dylib
0x000000010fa47000 	/Applications/AnyLogic.app/Contents/jre/lib/libjava.dylib
0x000000010fac5000 	/Applications/AnyLogic.app/Contents/jre/lib/libzip.dylib
0x000000010facd000 	/Applications/AnyLogic.app/Contents/jre/lib/libjimage.dylib
0x0000000119b36000 	/Applications/AnyLogic.app/Contents/jre/lib/libnio.dylib
0x0000000119b46000 	/Applications/AnyLogic.app/Contents/jre/lib/./libnet.dylib
0x0000000119c28000 	/Applications/AnyLogic.app/Contents/jre/lib/libawt.dylib
0x0000000119ccd000 	/Applications/AnyLogic.app/Contents/jre/lib/./libmlib_image.dylib
0x00007fff5883a000 	/System/Library/Frameworks/JavaVM.framework/Versions/A/Frameworks/JavaNativeFoundation.framework/Versions/A/JavaNativeFoundation
0x00007fff58843000 	/System/Library/Frameworks/JavaVM.framework/Versions/A/Frameworks/JavaRuntimeSupport.framework/Versions/A/JavaRuntimeSupport
0x00007fff5884c000 	/System/Library/Frameworks/JavaVM.framework/Versions/A/JavaVM
0x00007fff6f1db000 	/System/Library/PrivateFrameworks/JavaLaunching.framework/Versions/A/JavaLaunching
0x00007fff53f44000 	/System/Library/Frameworks/Carbon.framework/Versions/A/Carbon
0x00007fff53f45000 	/System/Library/Frameworks/Carbon.framework/Versions/A/Frameworks/CommonPanels.framework/Versions/A/CommonPanels
0x00007fff5424f000 	/System/Library/Frameworks/Carbon.framework/Versions/A/Frameworks/Help.framework/Versions/A/Help
0x00007fff54253000 	/System/Library/Frameworks/Carbon.framework/Versions/A/Frameworks/ImageCapture.framework/Versions/A/ImageCapture
0x00007fff542ef000 	/System/Library/Frameworks/Carbon.framework/Versions/A/Frameworks/OpenScripting.framework/Versions/A/OpenScripting
0x00007fff5432a000 	/System/Library/Frameworks/Carbon.framework/Versions/A/Frameworks/Print.framework/Versions/A/Print
0x00007fff5432c000 	/System/Library/Frameworks/Carbon.framework/Versions/A/Frameworks/SecurityHI.framework/Versions/A/SecurityHI
0x0000000119d3b000 	/Applications/AnyLogic.app/Contents/jre/lib/libawt_lwawt.dylib
0x0000000119dfb000 	/Applications/AnyLogic.app/Contents/jre/lib/./libosxapp.dylib
0x00007fff56ceb000 	/System/Library/Frameworks/ExceptionHandling.framework/Versions/A/ExceptionHandling
0x000000011a098000 	/Applications/AnyLogic.app/Contents/jre/lib/libfontmanager.dylib
0x00007fff685e4000 	/System/Library/PrivateFrameworks/CoreServicesInternal.framework/Versions/A/CoreServicesInternal
0x00007fff4d304000 	/System/Library/CoreServices/RawCamera.bundle/Contents/MacOS/RawCamera
0x00007fff700ee000 	/System/Library/PrivateFrameworks/MobileAsset.framework/Versions/A/MobileAsset
0x00007fff7741e000 	/System/Library/PrivateFrameworks/StreamingZip.framework/Versions/A/StreamingZip
0x00007fff58bcc000 	/System/Library/Frameworks/MediaToolbox.framework/Versions/A/MediaToolbox
0x00007fff67363000 	/System/Library/PrivateFrameworks/CoreAVCHD.framework/Versions/A/CoreAVCHD
0x00007fff58b22000 	/System/Library/Frameworks/MediaAccessibility.framework/Versions/A/MediaAccessibility
0x00007fff6fc3f000 	/System/Library/PrivateFrameworks/Mangrove.framework/Versions/A/Mangrove
0x00007fff55c0b000 	/System/Library/Frameworks/CoreMedia.framework/Versions/A/CoreMedia
0x00007fff611a0000 	/System/Library/Frameworks/VideoToolbox.framework/Versions/A/VideoToolbox
0x00007fff66f82000 	/System/Library/PrivateFrameworks/CoreAUC.framework/Versions/A/CoreAUC
0x00007fff7bea9000 	/usr/lib/libspindump.dylib
0x00007fff7aeca000 	/usr/lib/libdscsym.dylib
0x00007fff64baa000 	/System/Library/PrivateFrameworks/AppleVA.framework/Versions/A/AppleVA
0x00007fff511c4000 	/System/Library/Frameworks/Accelerate.framework/Versions/A/Frameworks/vImage.framework/Versions/A/Libraries/libCGInterfaces.dylib
0x00007fff533c3000 	/System/Library/Frameworks/ApplicationServices.framework/Versions/A/Frameworks/ATS.framework/Versions/A/Resources/libTrueTypeScaler.dylib
0x00007fff5ef37000 	/System/Library/Frameworks/OpenGL.framework/Versions/A/Resources/GLEngine.bundle/GLEngine
0x00007fff5e405000 	/System/Library/Frameworks/OpenGL.framework/Versions/A/Libraries/libGLProgrammability.dylib
0x000000012f3d0000 	/System/Library/Extensions/AppleIntelKBLGraphicsGLDriver.bundle/Contents/MacOS/AppleIntelKBLGraphicsGLDriver
0x00007fff6d539000 	/System/Library/PrivateFrameworks/GPUSupport.framework/Versions/A/Libraries/libGPUSupportMercury.dylib
0x00007fff5f0cf000 	/System/Library/Frameworks/OpenGL.framework/Versions/A/Resources/GLRendererFloat.bundle/GLRendererFloat
0x00007fff5d1a9000 	/System/Library/Frameworks/OpenCL.framework/Versions/A/Libraries/libcldcpuengine.dylib
0x00007fff7aabb000 	/usr/lib/libcrypto.35.dylib
0x00007fff78402000 	/System/Library/PrivateFrameworks/TrustEvaluationAgent.framework/Versions/A/TrustEvaluationAgent
0x00007fff4ec1b000 	/System/Library/Extensions/AppleIntelKBLGraphicsMTLDriver.bundle/Contents/MacOS/AppleIntelKBLGraphicsMTLDriver
0x00007fff6bed9000 	/System/Library/PrivateFrameworks/GPUCompiler.framework/Versions/3802/Libraries/libmetal_timestamp.dylib
0x0000000119ef1000 	/Applications/AnyLogic.app/Contents/jre/lib/libosxui.dylib
0x00007fff79281000 	/System/Library/PrivateFrameworks/ViewBridge.framework/Versions/A/ViewBridge
0x000000012d516000 	/Applications/AnyLogic.app/Contents/Resources/Java/plugins/org.j3d.opengl.swt.carbon.osx_0.7.0/libgluegen-rt.jnilib
0x000000012d51a000 	/Applications/AnyLogic.app/Contents/Resources/Java/plugins/org.j3d.opengl.swt.carbon.osx_0.7.0/libnativewindow_awt.jnilib
0x000000012d5ab000 	/Applications/AnyLogic.app/Contents/jre/lib/libjawt.dylib
0x0000000131e4c000 	/Applications/AnyLogic.app/Contents/Resources/Java/plugins/org.j3d.opengl.swt.carbon.osx_0.7.0/libnativewindow_macosx.jnilib
0x00000001606c2000 	/Applications/AnyLogic.app/Contents/Resources/Java/plugins/org.j3d.opengl.swt.carbon.osx_0.7.0/libjogl_desktop.jnilib

VM Arguments:
jvm_args: -Xmx512m -Dnativewindow.awt.nohidpi=true -DlanguageId_xjal=en010vhc3 -DFlowchartCountersVisible_xjal=true -DTileCachePath_xjal=/Applications/AnyLogic.app/Contents/Resources/Java/plugins/com.anylogic.gis_8.2.3.201712291404/tiles -DFlowchartPortStateAnimated_xjal=true -DuseProxy_xjal=false -Djava.library.path=/Applications/AnyLogic.app/Contents/Resources/Java/plugins/org.j3d.opengl.swt.carbon.osx_0.7.0:/Applications/AnyLogic.app/Contents/Resources/Java/plugins/org.j3d.opengl.swt.carbon.osx_0.7.0 -Dfile.encoding=UTF-8 
java_command: com.anylogic.ms.MS project1.Simulation 183611b
java_class_path (initial): /Users/crazylurtmain/.AnyLogicPLE/Workspace8/Project1_BUILD/classes:/Applications/AnyLogic.app/Contents/Resources/Java/plugins/com.anylogic.engine_8.2.3.201712291404/com.anylogic.engine.jar:/Applications/AnyLogic.app/Contents/Resources/Java/plugins/com.anylogic.engine_8.2.3.201712291404/com.anylogic.engine.al3d.jar:/Applications/AnyLogic.app/Contents/Resources/Java/plugins/com.anylogic.engine_8.2.3.201712291404/com.anylogic.engine.resources.jar:/Applications/AnyLogic.app/Contents/Resources/Java/plugins/com.anylogic.engine_8.2.3.201712291404/com.anylogic.engine.nl.jar:/Applications/AnyLogic.app/Contents/Resources/Java/plugins/com.anylogic.optimizer_8.2.3.201712291404/lib/OptQuest.jar:/Applications/AnyLogic.app/Contents/Resources/Java/plugins/com.anylogic.third_party_libraries_8.2.3.201712291404/lib/database/hsqldb.jar:/Applications/AnyLogic.app/Contents/Resources/Java/plugins/com.anylogic.third_party_libraries_8.2.3.201712291404/lib/database/querydsl/querydsl-core-3.6.3.jar:/Applications/AnyLogic.app/Contents/Resources/Java/plugins/com.anylogic.third_party_libraries_8.2.3.201712291404/lib/database/querydsl/querydsl-sql-codegen-3.6.3.jar:/Applications/AnyLogic.app/Contents/Resources/Java/plugins/com.anylogic.third_party_libraries_8.2.3.201712291404/lib/database/querydsl/querydsl-sql-3.6.3.jar:/Applications/AnyLogic.app/Contents/Resources/Java/plugins/com.anylogic.core_8.2.3.201712291404/com.anylogic.ms.jar:/Applications/AnyLogic.app/Contents/Resources/Java/plugins/com.anylogic.process_modeling_library_8.2.3.201712291404/lib/ProcessModelingLibrary.jar:/Applications/AnyLogic.app/Contents/Resources/Java/plugins/com.anylogic.pedestrian_library_8.2.3.201712291404/lib/PedestrianLibrary.jar:/Applications/AnyLogic.app/Contents/Resources/Java/plugins/com.anylogic.rail_library_8.2.3.201712291404/lib/RailLibrary.jar:/Applications/AnyLogic.app/Contents/Resources/Java/plugins/com.anylogic.graphics3d_8.2.3.201712291404/lib/javax.vecmath_1.5.0.jar:/Appli
Launcher Type: SUN_STANDARD

Logging:
Log output configuration:
#0: stdout all=warning uptime,level,tags
#1: stderr all=off uptime,level,tags

Environment Variables:
PATH=/usr/bin:/bin:/usr/sbin:/sbin
SHELL=/bin/bash

Signal Handlers:
SIGSEGV: [libjvm.dylib+0x73e2dc], sa_mask[0]=11111111011111110111111111111111, sa_flags=SA_ONSTACK|SA_RESTART|SA_SIGINFO
SIGBUS: [libjvm.dylib+0x73e2dc], sa_mask[0]=11111111011111110111111111111111, sa_flags=SA_RESTART|SA_SIGINFO
SIGFPE: [libjvm.dylib+0x73e2dc], sa_mask[0]=11111111011111110111111111111111, sa_flags=SA_RESTART|SA_SIGINFO
SIGPIPE: [libjvm.dylib+0x5f15ac], sa_mask[0]=11111111011111110111111111111111, sa_flags=SA_RESTART|SA_SIGINFO
SIGXFSZ: [libjvm.dylib+0x5f15ac], sa_mask[0]=11111111011111110111111111111111, sa_flags=SA_RESTART|SA_SIGINFO
SIGILL: [libjvm.dylib+0x73e2dc], sa_mask[0]=11111111011111110111111111111111, sa_flags=SA_RESTART|SA_SIGINFO
SIGUSR2: [libjvm.dylib+0x5f1e3c], sa_mask[0]=00100000000000000000000000000000, sa_flags=SA_RESTART|SA_SIGINFO
SIGHUP: [libjvm.dylib+0x5f0679], sa_mask[0]=11111111011111110111111111111111, sa_flags=SA_RESTART|SA_SIGINFO
SIGINT: [libjvm.dylib+0x5f0679], sa_mask[0]=11111111011111110111111111111111, sa_flags=SA_RESTART|SA_SIGINFO
SIGTERM: [libjvm.dylib+0x5f0679], sa_mask[0]=11111111011111110111111111111111, sa_flags=SA_RESTART|SA_SIGINFO
SIGQUIT: [libjvm.dylib+0x5f0679], sa_mask[0]=11111111011111110111111111111111, sa_flags=SA_RESTART|SA_SIGINFO


---------------  S Y S T E M  ---------------

OS:uname:Darwin 17.4.0 Darwin Kernel Version 17.4.0: Sun Dec 17 09:19:54 PST 2017; root:xnu-4570.41.2~1/RELEASE_X86_64 x86_64
rlimit: STACK 8192k, CORE 0k, NPROC 1418, NOFILE 10240, AS infinity
load average:2.61 2.30 2.08

CPU:total 4 (initial active 4) (2 cores per cpu, 2 threads per core) family 6 model 142 stepping 9, cmov, cx8, fxsr, mmx, sse, sse2, sse3, ssse3, sse4.1, sse4.2, popcnt, avx, avx2, aes, clmul, erms, rtm, 3dnowpref, lzcnt, ht, tsc, tscinvbit, bmi1, bmi2, adx, fma

Memory: 4k page, physical 16777216k(1738508k free)

vm_info: Java HotSpot(TM) 64-Bit Server VM (9.0.1+11) for bsd-amd64 JRE (9.0.1+11), built on Sep 28 2017 03:49:57 by "mach5one" with gcc 4.2.1 Compatible Apple LLVM 6.1.0 (clang-602.0.49)

END.
