#
# A fatal error has been detected by the Java Runtime Environment:
#
#  SIGSEGV (0xb) at pc=0x00000001118830cc, pid=18391, tid=775
#
# JRE version: Java(TM) SE Runtime Environment (9.0+11) (build 9.0.1+11)
# Java VM: Java HotSpot(TM) 64-Bit Server VM (9.0.1+11, mixed mode, tiered, compressed oops, g1 gc, bsd-amd64)
# Problematic frame:
# C  [libosxapp.dylib+0x20cc]  -[NSApplicationAWT sendEvent:]+0x179
#
# No core dump will be written. Core dumps have been disabled. To enable core dumping, try "ulimit -c unlimited" before starting Java again
#
# If you would like to submit a bug report, please visit:
#   http://bugreport.java.com/bugreport/crash.jsp
# The crash happened outside the Java Virtual Machine in native code.
# See problematic frame for where to report the bug.
#

---------------  S U M M A R Y ------------

Command Line: -Xmx512m -Dnativewindow.awt.nohidpi=true -DlanguageId_xjal=en011fjib -DFlowchartCountersVisible_xjal=true -DTileCachePath_xjal=/Applications/AnyLogic.app/Contents/Resources/Java/plugins/com.anylogic.gis_8.2.3.201712291404/tiles -DFlowchartPortStateAnimated_xjal=true -DuseProxy_xjal=false -Djava.library.path=/Applications/AnyLogic.app/Contents/Resources/Java/plugins/org.j3d.opengl.swt.carbon.osx_0.7.0:/Applications/AnyLogic.app/Contents/Resources/Java/plugins/org.j3d.opengl.swt.carbon.osx_0.7.0 -Dfile.encoding=UTF-8 com.anylogic.ms.MS project1.Simulation 18355fb

Host: MacBookPro14,1 x86_64 2300 MHz, 4 cores, 16G, Darwin 17.4.0
Time: Fri Apr  6 22:04:26 2018 EDT elapsed time: 53 seconds (0d 0h 0m 53s)

---------------  T H R E A D  ---------------

Current thread (0x00007fb0822d4800):  JavaThread "AppKit Thread" daemon [_thread_in_native, id=775, stack(0x00007ffee3429000,0x00007ffee3c29000)]

Stack: [0x00007ffee3429000,0x00007ffee3c29000],  sp=0x00007ffee3c24950,  free space=8174k
Native frames: (J=compiled Java code, A=aot compiled Java code, j=interpreted, Vv=VM code, C=native code)
C  [libosxapp.dylib+0x20cc]  -[NSApplicationAWT sendEvent:]+0x179
C  [AppKit+0x36d9d]  -[NSApplication run]+0x32c
C  [libosxapp.dylib+0x1d3a]  +[NSApplicationAWT runAWTLoopWithApp:]+0x9d
C  [libawt_lwawt.dylib+0x3a544]  +[AWTStarter starter:headless:]+0x342
C  [JavaNativeFoundation+0x6f4a]  +[JNFRunLoop _performCopiedBlock:]+0x11
C  [Foundation+0x681c5]  __NSThreadPerformPerform+0x14e
C  [CoreFoundation+0xa3721]  __CFRUNLOOP_IS_CALLING_OUT_TO_A_SOURCE0_PERFORM_FUNCTION__+0x11
C  [CoreFoundation+0x15d0ac]  __CFRunLoopDoSource0+0x6c
C  [CoreFoundation+0x86260]  __CFRunLoopDoSources0+0xd0
C  [CoreFoundation+0x856dd]  __CFRunLoopRun+0x50d
C  [CoreFoundation+0x84f43]  CFRunLoopRunSpecific+0x1e3
C  [java+0x6b2e]  CreateExecutionEnvironment+0x35c
C  [java+0x2c65]  JLI_Launch+0x5a9
C  [java+0x1b62]  main+0x186
C  [java+0x19d4]  start+0x34
C  0x0000000000000010


siginfo: si_signo: 11 (SIGSEGV), si_code: 1 (SEGV_MAPERR), si_addr: 0x0000000000000010

Register to memory mapping:

RAX=0x0000000000000000 is an unknown value
RBX=0x0000000000000000 is an unknown value
RCX=0x000000000021e000 is an unknown value
RDX=0x000000000021e000 is an unknown value
RSP=0x00007ffee3c24950 is pointing into the stack for thread: 0x00007fb0822d4800
RBP=0x00007ffee3c24980 is pointing into the stack for thread: 0x00007fb0822d4800
RSI=0x00007fff52ee23ac: .str.41.llvm.371263A9+0x4a636 in /System/Library/Frameworks/AppKit.framework/Versions/C/AppKit at 0x00007fff52202000
RDI=0x0000000000000000 is an unknown value
R8 =0x00000000000001ff is an unknown value
R9 =0x00007fb085e4bf50 is an unknown value
R10=0x00007fffae93f1b8: OBJC_CLASS_$_NSEvent+0 in /System/Library/Frameworks/AppKit.framework/Versions/C/AppKit at 0x00007fff52202000
R11=0x00007fb082bc4cc0 is an unknown value
R12=0x00007fb085e4bf50 is an unknown value
R13=0x00007fb085d33be0 is an unknown value
R14=0x00007fff7b98ae80: objc_msgSend+0 in /usr/lib/libobjc.A.dylib at 0x00007fff7b984000
R15=0x00007fb080c30390 is an unknown value


Registers:
RAX=0x0000000000000000, RBX=0x0000000000000000, RCX=0x000000000021e000, RDX=0x000000000021e000
RSP=0x00007ffee3c24950, RBP=0x00007ffee3c24980, RSI=0x00007fff52ee23ac, RDI=0x0000000000000000
R8 =0x00000000000001ff, R9 =0x00007fb085e4bf50, R10=0x00007fffae93f1b8, R11=0x00007fb082bc4cc0
R12=0x00007fb085e4bf50, R13=0x00007fb085d33be0, R14=0x00007fff7b98ae80, R15=0x00007fb080c30390
RIP=0x00000001118830cc, EFLAGS=0x0000000000010246, ERR=0x0000000000000004
  TRAPNO=0x000000000000000e

Top of Stack: (sp=0x00007ffee3c24950)
0x00007ffee3c24950:   00007ffee3c24970 ffff804f7a1b40b0
0x00007ffee3c24960:   00007fff7b98ae80 00007fff7b98ae80
0x00007ffee3c24970:   0000000000000001 00007fb080c30390
0x00007ffee3c24980:   00007ffee3c24a30 00007fff52238d9d
0x00007ffee3c24990:   00007fff52edb3d8 00007fb080c30390
0x00007ffee3c249a0:   00007fff52ed40a7 00007fff52edc2c5
0x00007ffee3c249b0:   00007fffaeeef178 00007fff52ed2d04
0x00007ffee3c249c0:   00007fff52ed29da 0000000000000010
0x00007ffee3c249d0:   00007fff52ed21ca 00007fff52ee23b2
0x00007ffee3c249e0:   00007fff52ed2058 00007fff52ed29f4
0x00007ffee3c249f0:   00007fff52ed2a20 0000000000000062
0x00007ffee3c24a00:   00007fff52ed2afe 00007fb080c30390
0x00007ffee3c24a10:   00007fff7b98ae80 0000000111887690
0x00007ffee3c24a20:   00007fff52edb3d8 00000001118876b0
0x00007ffee3c24a30:   00007ffee3c24a70 0000000111882d3a
0x00007ffee3c24a40:   0000000000000000 00007fb080d62080
0x00007ffee3c24a50:   00007fff7b98ae80 00007fb080c30390
0x00007ffee3c24a60:   00007fb080e0dc50 0000000000000000
0x00007ffee3c24a70:   00007ffee3c24ac0 00000001117fb544
0x00007ffee3c24a80:   00007fb080c30390 0000000000000000
0x00007ffee3c24a90:   00007fb080e0dc50 00007fb080c2e210
0x00007ffee3c24aa0:   00007fb080d0de80 00007fff52ed2058
0x00007ffee3c24ab0:   00007fb080c2e440 0000000000000000
0x00007ffee3c24ac0:   00007ffee3c24ae0 00007fff58840f4a
0x00007ffee3c24ad0:   0000000000000018 0000000000000001
0x00007ffee3c24ae0:   00007ffee3c24b60 00007fff56d7a1c5
0x00007ffee3c24af0:   0000000000000001 00007fff52ed2137
0x00007ffee3c24b00:   00007fb080d0de80 00007fb080c2e730
0x00007ffee3c24b10:   00007fff52ed9539 00007fff52f2c513
0x00007ffee3c24b20:   00007fff52ed953e 00007fff52ed21ca
0x00007ffee3c24b30:   00007ffee3c24b70 00007fff56d7a077
0x00007ffee3c24b40:   0000000300002e88 0000000000000000 

Instructions: (pc=0x00000001118830cc)
0x00000001118830ac:   41 5f 5d c3 48 8b 35 51 58 00 00 4c 8b 35 ca 3f
0x00000001118830bc:   00 00 48 89 df 41 ff d6 48 89 c3 31 c0 48 89 df
0x00000001118830cc:   ff 53 10 48 8b 35 1a 56 00 00 48 89 df 4c 89 f0
0x00000001118830dc:   48 83 c4 18 5b 41 5e 41 5f 5d ff e0 55 48 89 e5 


---------------  P R O C E S S  ---------------

Java Threads: ( => current thread )
  0x00007fb0813b6000 JavaThread "Thread-5" [_thread_blocked, id=62727, stack(0x000070000e71d000,0x000070000e81d000)]
  0x00007fb081ae7800 JavaThread "Xj3D Content Loader" [_thread_blocked, id=68867, stack(0x000070000f0bb000,0x000070000f1bb000)]
  0x00007fb082c6b800 JavaThread "Xj3D Content Loader" [_thread_blocked, id=69379, stack(0x000070000efb8000,0x000070000f0b8000)]
  0x00007fb081b0a000 JavaThread "Xj3D Content Loader" [_thread_blocked, id=70987, stack(0x000070000eeb5000,0x000070000efb5000)]
  0x00007fb086260800 JavaThread "AV3D Runtime" [_thread_blocked, id=59931, stack(0x000070000ed2f000,0x000070000ee2f000)]
  0x00007fb08623a800 JavaThread "AnyLogic presentation frame manager" daemon [_thread_blocked, id=72215, stack(0x000070000ec2c000,0x000070000ed2c000)]
  0x00007fb08680c000 JavaThread "DestroyJavaVM" [_thread_blocked, id=5891, stack(0x000070000cb46000,0x000070000cc46000)]
  0x00007fb08126e000 JavaThread "TimerQueue" daemon [_thread_blocked, id=58391, stack(0x000070000eb29000,0x000070000ec29000)]
  0x00007fb081aca000 JavaThread "AnyLogic simulation performance monitor" [_thread_blocked, id=57863, stack(0x000070000ea26000,0x000070000eb26000)]
  0x00007fb08261d800 JavaThread "AWT-EventQueue-0" [_thread_in_vm, id=74175, stack(0x000070000e820000,0x000070000e920000)]
  0x00007fb081cd9800 JavaThread "AWT-Shutdown" [_thread_blocked, id=29743, stack(0x000070000e28b000,0x000070000e38b000)]
  0x00007fb0812a6800 JavaThread "Java2D Disposer" daemon [_thread_blocked, id=77327, stack(0x000070000e61a000,0x000070000e71a000)]
  0x00007fb0822cd000 JavaThread "Java2D Queue Flusher" daemon [_thread_blocked, id=82811, stack(0x000070000e517000,0x000070000e617000)]
=>0x00007fb0822d4800 JavaThread "AppKit Thread" daemon [_thread_in_native, id=775, stack(0x00007ffee3429000,0x00007ffee3c29000)]
  0x00007fb082009800 JavaThread "Service Thread" daemon [_thread_blocked, id=42243, stack(0x000070000e085000,0x000070000e185000)]
  0x00007fb0828cc000 JavaThread "Common-Cleaner" daemon [_thread_blocked, id=42755, stack(0x000070000df82000,0x000070000e082000)]
  0x00007fb081849800 JavaThread "Sweeper thread" daemon [_thread_blocked, id=43011, stack(0x000070000de7f000,0x000070000df7f000)]
  0x00007fb08183e000 JavaThread "C1 CompilerThread2" daemon [_thread_in_native, id=23043, stack(0x000070000dd7c000,0x000070000de7c000)]
  0x00007fb08183d000 JavaThread "C2 CompilerThread1" daemon [_thread_blocked, id=22531, stack(0x000070000dc79000,0x000070000dd79000)]
  0x00007fb08183c800 JavaThread "C2 CompilerThread0" daemon [_thread_in_native, id=22019, stack(0x000070000db76000,0x000070000dc76000)]
  0x00007fb081837800 JavaThread "Signal Dispatcher" daemon [_thread_blocked, id=15367, stack(0x000070000da73000,0x000070000db73000)]
  0x00007fb082008000 JavaThread "Finalizer" daemon [_thread_blocked, id=17667, stack(0x000070000d970000,0x000070000da70000)]
  0x00007fb08101a000 JavaThread "Reference Handler" daemon [_thread_blocked, id=18179, stack(0x000070000d86d000,0x000070000d96d000)]

Other Threads:
  0x00007fb08180b800 VMThread "VM Thread" [stack: 0x000070000d76a000,0x000070000d86a000] [id=18691]
  0x00007fb081016800 WatcherThread [stack: 0x000070000e188000,0x000070000e288000] [id=41987]
  0x00007fb08280a000 GCTaskThread "GC Thread#0" [stack: 0x000070000cc49000,0x000070000cd49000] [id=11011]
  0x00007fb08280a800 GCTaskThread "GC Thread#1" [stack: 0x000070000cd4c000,0x000070000ce4c000] [id=21507]
  0x00007fb08280b800 GCTaskThread "GC Thread#2" [stack: 0x000070000ce4f000,0x000070000cf4f000] [id=11523]
  0x00007fb08280c000 GCTaskThread "GC Thread#3" [stack: 0x000070000cf52000,0x000070000d052000] [id=20995]
  0x00007fb08283a000 ConcurrentGCThread "G1 Main Marker" [stack: 0x000070000d564000,0x000070000d664000] [id=13571]
  0x00007fb08283a800 ConcurrentGCThread "G1 Marker#0" [stack: 0x000070000d667000,0x000070000d767000] [id=13827]
  0x00007fb08281e000 ConcurrentGCThread "G1 Refine#0" [stack: 0x000070000d35e000,0x000070000d45e000] [id=12803]
  0x00007fb08280e000 ConcurrentGCThread "G1 Refine#1" [stack: 0x000070000d25b000,0x000070000d35b000] [id=12291]
  0x00007fb08280d800 ConcurrentGCThread "G1 Refine#2" [stack: 0x000070000d158000,0x000070000d258000] [id=20227]
  0x00007fb08280c800 ConcurrentGCThread "G1 Refine#3" [stack: 0x000070000d055000,0x000070000d155000] [id=12035]
  0x00007fb08281e800 ConcurrentGCThread "G1 Young RemSet Sampling" [stack: 0x000070000d461000,0x000070000d561000] [id=19715]

Threads with active compile tasks:
C1 CompilerThread24546       3       java.util.WeakHashMap::get (77 bytes)
C2 CompilerThread14552       4       java.util.HashMap::putVal (300 bytes)
C2 CompilerThread04506 %     4       sun.java2d.marlin.Renderer::_endRendering @ 787 (2473 bytes)

VM state:not at safepoint (normal execution)

VM Mutex/Monitor currently owned by a thread: None

Heap address: 0x00000007a0000000, size: 512 MB, Compressed Oops mode: Zero based, Oop shift amount: 3
Narrow klass base: 0x0000000000000000, Narrow klass shift: 3
Compressed class space size: 1073741824 Address: 0x00000007c0000000

Heap:
 garbage-first heap   total 262144K, used 39225K [0x00000007a0000000, 0x00000007a0100800, 0x00000007c0000000)
  region size 1024K, 13 young (13312K), 11 survivors (11264K)
 Metaspace       used 36470K, capacity 37745K, committed 38144K, reserved 1083392K
  class space    used 4789K, capacity 5067K, committed 5120K, reserved 1048576K
Heap Regions: E=young(eden), S=young(survivor), O=old, HS=humongous(starts), HC=humongous(continues), CS=collection set, F=free, A=archive, TS=gc time stamp, AC=allocation context, TAMS=top-at-mark-start (previous, next)
|   0|0x00000007a0000000, 0x00000007a0100000, 0x00000007a0100000|100%| O|  |TS  0|AC  0|TAMS 0x00000007a0100000, 0x00000007a0100000|
|   1|0x00000007a0100000, 0x00000007a0200000, 0x00000007a0200000|100%| O|  |TS  0|AC  0|TAMS 0x00000007a0200000, 0x00000007a0200000|
|   2|0x00000007a0200000, 0x00000007a0300000, 0x00000007a0300000|100%| O|  |TS  0|AC  0|TAMS 0x00000007a0300000, 0x00000007a0300000|
|   3|0x00000007a0300000, 0x00000007a0400000, 0x00000007a0400000|100%| O|  |TS  0|AC  0|TAMS 0x00000007a0400000, 0x00000007a0400000|
|   4|0x00000007a0400000, 0x00000007a0500000, 0x00000007a0500000|100%| O|  |TS  1|AC  0|TAMS 0x00000007a0400000, 0x00000007a0400000|
|   5|0x00000007a0500000, 0x00000007a0600000, 0x00000007a0600000|100%|HS|  |TS  0|AC  0|TAMS 0x00000007a0600000, 0x00000007a0600000|
|   6|0x00000007a0600000, 0x00000007a0700000, 0x00000007a0700000|100%|HC|  |TS  0|AC  0|TAMS 0x00000007a0700000, 0x00000007a0700000|
|   7|0x00000007a0700000, 0x00000007a0800000, 0x00000007a0800000|100%|HC|  |TS  0|AC  0|TAMS 0x00000007a0800000, 0x00000007a0800000|
|   8|0x00000007a0800000, 0x00000007a0900000, 0x00000007a0900000|100%| O|  |TS  1|AC  0|TAMS 0x00000007a0800000, 0x00000007a0800000|
|   9|0x00000007a0900000, 0x00000007a0a00000, 0x00000007a0a00000|100%| O|  |TS  1|AC  0|TAMS 0x00000007a0900000, 0x00000007a0900000|
|  10|0x00000007a0a00000, 0x00000007a0b00000, 0x00000007a0b00000|100%| O|  |TS  1|AC  0|TAMS 0x00000007a0a00000, 0x00000007a0a00000|
|  11|0x00000007a0b00000, 0x00000007a0c00000, 0x00000007a0c00000|100%|HS|  |TS  0|AC  0|TAMS 0x00000007a0c00000, 0x00000007a0c00000|
|  12|0x00000007a0c00000, 0x00000007a0d00000, 0x00000007a0d00000|100%|HC|  |TS  0|AC  0|TAMS 0x00000007a0d00000, 0x00000007a0d00000|
|  13|0x00000007a0d00000, 0x00000007a0e00000, 0x00000007a0e00000|100%|HC|  |TS  0|AC  0|TAMS 0x00000007a0e00000, 0x00000007a0e00000|
|  14|0x00000007a0e00000, 0x00000007a0f00000, 0x00000007a0f00000|100%|HS|  |TS  0|AC  0|TAMS 0x00000007a0f00000, 0x00000007a0f00000|
|  15|0x00000007a0f00000, 0x00000007a1000000, 0x00000007a1000000|100%|HC|  |TS  0|AC  0|TAMS 0x00000007a1000000, 0x00000007a1000000|
|  16|0x00000007a1000000, 0x00000007a1100000, 0x00000007a1100000|100%|HC|  |TS  0|AC  0|TAMS 0x00000007a1100000, 0x00000007a1100000|
|  17|0x00000007a1100000, 0x00000007a1100000, 0x00000007a1200000|  0%| F|  |TS  1|AC  0|TAMS 0x00000007a1100000, 0x00000007a1100000|
|  18|0x00000007a1200000, 0x00000007a1200000, 0x00000007a1300000|  0%| F|  |TS  1|AC  0|TAMS 0x00000007a1200000, 0x00000007a1200000|
|  19|0x00000007a1300000, 0x00000007a1300000, 0x00000007a1400000|  0%| F|  |TS  1|AC  0|TAMS 0x00000007a1300000, 0x00000007a1300000|
|  20|0x00000007a1400000, 0x00000007a1500000, 0x00000007a1500000|100%| O|  |TS  1|AC  0|TAMS 0x00000007a1400000, 0x00000007a1400000|
|  21|0x00000007a1500000, 0x00000007a1600000, 0x00000007a1600000|100%| O|  |TS  1|AC  0|TAMS 0x00000007a1500000, 0x00000007a1500000|
|  22|0x00000007a1600000, 0x00000007a1700000, 0x00000007a1700000|100%| O|  |TS  1|AC  0|TAMS 0x00000007a1600000, 0x00000007a1600000|
|  23|0x00000007a1700000, 0x00000007a17ffff8, 0x00000007a1800000| 99%| O|  |TS  1|AC  0|TAMS 0x00000007a1700000, 0x00000007a1700000|
|  24|0x00000007a1800000, 0x00000007a1900000, 0x00000007a1900000|100%| O|  |TS  1|AC  0|TAMS 0x00000007a1800000, 0x00000007a1800000|
|  25|0x00000007a1900000, 0x00000007a1a00000, 0x00000007a1a00000|100%| O|  |TS  1|AC  0|TAMS 0x00000007a1900000, 0x00000007a1900000|
|  26|0x00000007a1a00000, 0x00000007a1a7ba00, 0x00000007a1b00000| 48%| O|  |TS  3|AC  0|TAMS 0x00000007a1a00000, 0x00000007a1a00000|
|  27|0x00000007a1b00000, 0x00000007a1b00000, 0x00000007a1c00000|  0%| F|  |TS  0|AC  0|TAMS 0x00000007a1b00000, 0x00000007a1b00000|
|  28|0x00000007a1c00000, 0x00000007a1c00000, 0x00000007a1d00000|  0%| F|  |TS  0|AC  0|TAMS 0x00000007a1c00000, 0x00000007a1c00000|
|  29|0x00000007a1d00000, 0x00000007a1d00000, 0x00000007a1e00000|  0%| F|  |TS  0|AC  0|TAMS 0x00000007a1d00000, 0x00000007a1d00000|
|  30|0x00000007a1e00000, 0x00000007a1e00000, 0x00000007a1f00000|  0%| F|  |TS  0|AC  0|TAMS 0x00000007a1e00000, 0x00000007a1e00000|
|  31|0x00000007a1f00000, 0x00000007a1f00000, 0x00000007a2000000|  0%| F|  |TS  0|AC  0|TAMS 0x00000007a1f00000, 0x00000007a1f00000|
|  32|0x00000007a2000000, 0x00000007a2000000, 0x00000007a2100000|  0%| F|  |TS  0|AC  0|TAMS 0x00000007a2000000, 0x00000007a2000000|
|  33|0x00000007a2100000, 0x00000007a2200000, 0x00000007a2200000|100%| O|  |TS  0|AC  0|TAMS 0x00000007a2200000, 0x00000007a2200000|
|  34|0x00000007a2200000, 0x00000007a2300000, 0x00000007a2300000|100%| O|  |TS  0|AC  0|TAMS 0x00000007a2300000, 0x00000007a2300000|
|  35|0x00000007a2300000, 0x00000007a2400000, 0x00000007a2400000|100%| O|  |TS  0|AC  0|TAMS 0x00000007a2400000, 0x00000007a2400000|
|  36|0x00000007a2400000, 0x00000007a2400000, 0x00000007a2500000|  0%| F|  |TS  0|AC  0|TAMS 0x00000007a2400000, 0x00000007a2400000|
|  37|0x00000007a2500000, 0x00000007a2500000, 0x00000007a2600000|  0%| F|  |TS  0|AC  0|TAMS 0x00000007a2500000, 0x00000007a2500000|
|  38|0x00000007a2600000, 0x00000007a2600000, 0x00000007a2700000|  0%| F|  |TS  0|AC  0|TAMS 0x00000007a2600000, 0x00000007a2600000|
|  39|0x00000007a2700000, 0x00000007a2700000, 0x00000007a2800000|  0%| F|  |TS  0|AC  0|TAMS 0x00000007a2700000, 0x00000007a2700000|
|  40|0x00000007a2800000, 0x00000007a2800000, 0x00000007a2900000|  0%| F|  |TS  0|AC  0|TAMS 0x00000007a2800000, 0x00000007a2800000|
|  41|0x00000007a2900000, 0x00000007a2900000, 0x00000007a2a00000|  0%| F|  |TS  0|AC  0|TAMS 0x00000007a2900000, 0x00000007a2900000|
|  42|0x00000007a2a00000, 0x00000007a2a00000, 0x00000007a2b00000|  0%| F|  |TS  0|AC  0|TAMS 0x00000007a2a00000, 0x00000007a2a00000|
|  43|0x00000007a2b00000, 0x00000007a2b00000, 0x00000007a2c00000|  0%| F|  |TS  0|AC  0|TAMS 0x00000007a2b00000, 0x00000007a2b00000|
|  44|0x00000007a2c00000, 0x00000007a2c00000, 0x00000007a2d00000|  0%| F|  |TS  0|AC  0|TAMS 0x00000007a2c00000, 0x00000007a2c00000|
|  45|0x00000007a2d00000, 0x00000007a2d00000, 0x00000007a2e00000|  0%| F|  |TS  0|AC  0|TAMS 0x00000007a2d00000, 0x00000007a2d00000|
|  46|0x00000007a2e00000, 0x00000007a2e00000, 0x00000007a2f00000|  0%| F|  |TS  0|AC  0|TAMS 0x00000007a2e00000, 0x00000007a2e00000|
|  47|0x00000007a2f00000, 0x00000007a2f00000, 0x00000007a3000000|  0%| F|  |TS  0|AC  0|TAMS 0x00000007a2f00000, 0x00000007a2f00000|
|  48|0x00000007a3000000, 0x00000007a3000000, 0x00000007a3100000|  0%| F|  |TS  0|AC  0|TAMS 0x00000007a3000000, 0x00000007a3000000|
|  49|0x00000007a3100000, 0x00000007a3100000, 0x00000007a3200000|  0%| F|  |TS  0|AC  0|TAMS 0x00000007a3100000, 0x00000007a3100000|
|  50|0x00000007a3200000, 0x00000007a3200000, 0x00000007a3300000|  0%| F|  |TS  0|AC  0|TAMS 0x00000007a3200000, 0x00000007a3200000|
|  51|0x00000007a3300000, 0x00000007a3300000, 0x00000007a3400000|  0%| F|  |TS  0|AC  0|TAMS 0x00000007a3300000, 0x00000007a3300000|
|  52|0x00000007a3400000, 0x00000007a3400000, 0x00000007a3500000|  0%| F|  |TS  0|AC  0|TAMS 0x00000007a3400000, 0x00000007a3400000|
|  53|0x00000007a3500000, 0x00000007a3500000, 0x00000007a3600000|  0%| F|  |TS  0|AC  0|TAMS 0x00000007a3500000, 0x00000007a3500000|
|  54|0x00000007a3600000, 0x00000007a3600000, 0x00000007a3700000|  0%| F|  |TS  0|AC  0|TAMS 0x00000007a3600000, 0x00000007a3600000|
|  55|0x00000007a3700000, 0x00000007a3700000, 0x00000007a3800000|  0%| F|  |TS  0|AC  0|TAMS 0x00000007a3700000, 0x00000007a3700000|
|  56|0x00000007a3800000, 0x00000007a3800000, 0x00000007a3900000|  0%| F|  |TS  0|AC  0|TAMS 0x00000007a3800000, 0x00000007a3800000|
|  57|0x00000007a3900000, 0x00000007a3900000, 0x00000007a3a00000|  0%| F|  |TS  0|AC  0|TAMS 0x00000007a3900000, 0x00000007a3900000|
|  58|0x00000007a3a00000, 0x00000007a3a00000, 0x00000007a3b00000|  0%| F|  |TS  0|AC  0|TAMS 0x00000007a3a00000, 0x00000007a3a00000|
|  59|0x00000007a3b00000, 0x00000007a3b00000, 0x00000007a3c00000|  0%| F|  |TS  0|AC  0|TAMS 0x00000007a3b00000, 0x00000007a3b00000|
|  60|0x00000007a3c00000, 0x00000007a3c00000, 0x00000007a3d00000|  0%| F|  |TS  0|AC  0|TAMS 0x00000007a3c00000, 0x00000007a3c00000|
|  61|0x00000007a3d00000, 0x00000007a3d00000, 0x00000007a3e00000|  0%| F|  |TS  0|AC  0|TAMS 0x00000007a3d00000, 0x00000007a3d00000|
|  62|0x00000007a3e00000, 0x00000007a3e00000, 0x00000007a3f00000|  0%| F|  |TS  0|AC  0|TAMS 0x00000007a3e00000, 0x00000007a3e00000|
|  63|0x00000007a3f00000, 0x00000007a3f00000, 0x00000007a4000000|  0%| F|  |TS  0|AC  0|TAMS 0x00000007a3f00000, 0x00000007a3f00000|
|  64|0x00000007a4000000, 0x00000007a4000000, 0x00000007a4100000|  0%| F|  |TS  0|AC  0|TAMS 0x00000007a4000000, 0x00000007a4000000|
|  65|0x00000007a4100000, 0x00000007a4100000, 0x00000007a4200000|  0%| F|  |TS  0|AC  0|TAMS 0x00000007a4100000, 0x00000007a4100000|
|  66|0x00000007a4200000, 0x00000007a4200000, 0x00000007a4300000|  0%| F|  |TS  0|AC  0|TAMS 0x00000007a4200000, 0x00000007a4200000|
|  67|0x00000007a4300000, 0x00000007a4300000, 0x00000007a4400000|  0%| F|  |TS  0|AC  0|TAMS 0x00000007a4300000, 0x00000007a4300000|
|  68|0x00000007a4400000, 0x00000007a4400000, 0x00000007a4500000|  0%| F|  |TS  0|AC  0|TAMS 0x00000007a4400000, 0x00000007a4400000|
|  69|0x00000007a4500000, 0x00000007a4500000, 0x00000007a4600000|  0%| F|  |TS  0|AC  0|TAMS 0x00000007a4500000, 0x00000007a4500000|
|  70|0x00000007a4600000, 0x00000007a4600000, 0x00000007a4700000|  0%| F|  |TS  0|AC  0|TAMS 0x00000007a4600000, 0x00000007a4600000|
|  71|0x00000007a4700000, 0x00000007a4700000, 0x00000007a4800000|  0%| F|  |TS  0|AC  0|TAMS 0x00000007a4700000, 0x00000007a4700000|
|  72|0x00000007a4800000, 0x00000007a4800000, 0x00000007a4900000|  0%| F|  |TS  0|AC  0|TAMS 0x00000007a4800000, 0x00000007a4800000|
|  73|0x00000007a4900000, 0x00000007a4900000, 0x00000007a4a00000|  0%| F|  |TS  0|AC  0|TAMS 0x00000007a4900000, 0x00000007a4900000|
|  74|0x00000007a4a00000, 0x00000007a4a00000, 0x00000007a4b00000|  0%| F|  |TS  0|AC  0|TAMS 0x00000007a4a00000, 0x00000007a4a00000|
|  75|0x00000007a4b00000, 0x00000007a4b00000, 0x00000007a4c00000|  0%| F|  |TS  0|AC  0|TAMS 0x00000007a4b00000, 0x00000007a4b00000|
|  76|0x00000007a4c00000, 0x00000007a4c00000, 0x00000007a4d00000|  0%| F|  |TS  0|AC  0|TAMS 0x00000007a4c00000, 0x00000007a4c00000|
|  77|0x00000007a4d00000, 0x00000007a4d00000, 0x00000007a4e00000|  0%| F|  |TS  0|AC  0|TAMS 0x00000007a4d00000, 0x00000007a4d00000|
|  78|0x00000007a4e00000, 0x00000007a4e00000, 0x00000007a4f00000|  0%| F|  |TS  0|AC  0|TAMS 0x00000007a4e00000, 0x00000007a4e00000|
|  79|0x00000007a4f00000, 0x00000007a4f00000, 0x00000007a5000000|  0%| F|  |TS  0|AC  0|TAMS 0x00000007a4f00000, 0x00000007a4f00000|
|  80|0x00000007a5000000, 0x00000007a5000000, 0x00000007a5100000|  0%| F|  |TS  0|AC  0|TAMS 0x00000007a5000000, 0x00000007a5000000|
|  81|0x00000007a5100000, 0x00000007a5100000, 0x00000007a5200000|  0%| F|  |TS  0|AC  0|TAMS 0x00000007a5100000, 0x00000007a5100000|
|  82|0x00000007a5200000, 0x00000007a5200000, 0x00000007a5300000|  0%| F|  |TS  0|AC  0|TAMS 0x00000007a5200000, 0x00000007a5200000|
|  83|0x00000007a5300000, 0x00000007a5300000, 0x00000007a5400000|  0%| F|  |TS  0|AC  0|TAMS 0x00000007a5300000, 0x00000007a5300000|
|  84|0x00000007a5400000, 0x00000007a5400000, 0x00000007a5500000|  0%| F|  |TS  0|AC  0|TAMS 0x00000007a5400000, 0x00000007a5400000|
|  85|0x00000007a5500000, 0x00000007a5500000, 0x00000007a5600000|  0%| F|  |TS  0|AC  0|TAMS 0x00000007a5500000, 0x00000007a5500000|
|  86|0x00000007a5600000, 0x00000007a5600000, 0x00000007a5700000|  0%| F|  |TS  0|AC  0|TAMS 0x00000007a5600000, 0x00000007a5600000|
|  87|0x00000007a5700000, 0x00000007a5700000, 0x00000007a5800000|  0%| F|  |TS  0|AC  0|TAMS 0x00000007a5700000, 0x00000007a5700000|
|  88|0x00000007a5800000, 0x00000007a5800000, 0x00000007a5900000|  0%| F|  |TS  0|AC  0|TAMS 0x00000007a5800000, 0x00000007a5800000|
|  89|0x00000007a5900000, 0x00000007a5900000, 0x00000007a5a00000|  0%| F|  |TS  0|AC  0|TAMS 0x00000007a5900000, 0x00000007a5900000|
|  90|0x00000007a5a00000, 0x00000007a5a00000, 0x00000007a5b00000|  0%| F|  |TS  0|AC  0|TAMS 0x00000007a5a00000, 0x00000007a5a00000|
|  91|0x00000007a5b00000, 0x00000007a5b00000, 0x00000007a5c00000|  0%| F|  |TS  0|AC  0|TAMS 0x00000007a5b00000, 0x00000007a5b00000|
|  92|0x00000007a5c00000, 0x00000007a5c00000, 0x00000007a5d00000|  0%| F|  |TS  0|AC  0|TAMS 0x00000007a5c00000, 0x00000007a5c00000|
|  93|0x00000007a5d00000, 0x00000007a5d00000, 0x00000007a5e00000|  0%| F|  |TS  0|AC  0|TAMS 0x00000007a5d00000, 0x00000007a5d00000|
|  94|0x00000007a5e00000, 0x00000007a5e00000, 0x00000007a5f00000|  0%| F|  |TS  0|AC  0|TAMS 0x00000007a5e00000, 0x00000007a5e00000|
|  95|0x00000007a5f00000, 0x00000007a5f00000, 0x00000007a6000000|  0%| F|  |TS  0|AC  0|TAMS 0x00000007a5f00000, 0x00000007a5f00000|
|  96|0x00000007a6000000, 0x00000007a6000000, 0x00000007a6100000|  0%| F|  |TS  0|AC  0|TAMS 0x00000007a6000000, 0x00000007a6000000|
|  97|0x00000007a6100000, 0x00000007a6100000, 0x00000007a6200000|  0%| F|  |TS  0|AC  0|TAMS 0x00000007a6100000, 0x00000007a6100000|
|  98|0x00000007a6200000, 0x00000007a6200000, 0x00000007a6300000|  0%| F|  |TS  0|AC  0|TAMS 0x00000007a6200000, 0x00000007a6200000|
|  99|0x00000007a6300000, 0x00000007a6300000, 0x00000007a6400000|  0%| F|  |TS  0|AC  0|TAMS 0x00000007a6300000, 0x00000007a6300000|
| 100|0x00000007a6400000, 0x00000007a6400000, 0x00000007a6500000|  0%| F|  |TS  0|AC  0|TAMS 0x00000007a6400000, 0x00000007a6400000|
| 101|0x00000007a6500000, 0x00000007a6500000, 0x00000007a6600000|  0%| F|  |TS  0|AC  0|TAMS 0x00000007a6500000, 0x00000007a6500000|
| 102|0x00000007a6600000, 0x00000007a6600000, 0x00000007a6700000|  0%| F|  |TS  0|AC  0|TAMS 0x00000007a6600000, 0x00000007a6600000|
| 103|0x00000007a6700000, 0x00000007a6700000, 0x00000007a6800000|  0%| F|  |TS  0|AC  0|TAMS 0x00000007a6700000, 0x00000007a6700000|
| 104|0x00000007a6800000, 0x00000007a6800000, 0x00000007a6900000|  0%| F|  |TS  0|AC  0|TAMS 0x00000007a6800000, 0x00000007a6800000|
| 105|0x00000007a6900000, 0x00000007a6900000, 0x00000007a6a00000|  0%| F|  |TS  0|AC  0|TAMS 0x00000007a6900000, 0x00000007a6900000|
| 106|0x00000007a6a00000, 0x00000007a6a00000, 0x00000007a6b00000|  0%| F|  |TS  0|AC  0|TAMS 0x00000007a6a00000, 0x00000007a6a00000|
| 107|0x00000007a6b00000, 0x00000007a6b00000, 0x00000007a6c00000|  0%| F|  |TS  0|AC  0|TAMS 0x00000007a6b00000, 0x00000007a6b00000|
| 108|0x00000007a6c00000, 0x00000007a6c00000, 0x00000007a6d00000|  0%| F|  |TS  0|AC  0|TAMS 0x00000007a6c00000, 0x00000007a6c00000|
| 109|0x00000007a6d00000, 0x00000007a6d00000, 0x00000007a6e00000|  0%| F|  |TS  0|AC  0|TAMS 0x00000007a6d00000, 0x00000007a6d00000|
| 110|0x00000007a6e00000, 0x00000007a6e00000, 0x00000007a6f00000|  0%| F|  |TS  0|AC  0|TAMS 0x00000007a6e00000, 0x00000007a6e00000|
| 111|0x00000007a6f00000, 0x00000007a6f00000, 0x00000007a7000000|  0%| F|  |TS  0|AC  0|TAMS 0x00000007a6f00000, 0x00000007a6f00000|
| 112|0x00000007a7000000, 0x00000007a7000000, 0x00000007a7100000|  0%| F|  |TS  0|AC  0|TAMS 0x00000007a7000000, 0x00000007a7000000|
| 113|0x00000007a7100000, 0x00000007a7100000, 0x00000007a7200000|  0%| F|  |TS  0|AC  0|TAMS 0x00000007a7100000, 0x00000007a7100000|
| 114|0x00000007a7200000, 0x00000007a7200000, 0x00000007a7300000|  0%| F|  |TS  0|AC  0|TAMS 0x00000007a7200000, 0x00000007a7200000|
| 115|0x00000007a7300000, 0x00000007a7300000, 0x00000007a7400000|  0%| F|  |TS  0|AC  0|TAMS 0x00000007a7300000, 0x00000007a7300000|
| 116|0x00000007a7400000, 0x00000007a7400000, 0x00000007a7500000|  0%| F|  |TS  0|AC  0|TAMS 0x00000007a7400000, 0x00000007a7400000|
| 117|0x00000007a7500000, 0x00000007a7500000, 0x00000007a7600000|  0%| F|  |TS  0|AC  0|TAMS 0x00000007a7500000, 0x00000007a7500000|
| 118|0x00000007a7600000, 0x00000007a7600000, 0x00000007a7700000|  0%| F|  |TS  0|AC  0|TAMS 0x00000007a7600000, 0x00000007a7600000|
| 119|0x00000007a7700000, 0x00000007a7700000, 0x00000007a7800000|  0%| F|  |TS  0|AC  0|TAMS 0x00000007a7700000, 0x00000007a7700000|
| 120|0x00000007a7800000, 0x00000007a7800000, 0x00000007a7900000|  0%| F|  |TS  0|AC  0|TAMS 0x00000007a7800000, 0x00000007a7800000|
| 121|0x00000007a7900000, 0x00000007a7900000, 0x00000007a7a00000|  0%| F|  |TS  0|AC  0|TAMS 0x00000007a7900000, 0x00000007a7900000|
| 122|0x00000007a7a00000, 0x00000007a7a00000, 0x00000007a7b00000|  0%| F|  |TS  0|AC  0|TAMS 0x00000007a7a00000, 0x00000007a7a00000|
| 123|0x00000007a7b00000, 0x00000007a7b00000, 0x00000007a7c00000|  0%| F|  |TS  0|AC  0|TAMS 0x00000007a7b00000, 0x00000007a7b00000|
| 124|0x00000007a7c00000, 0x00000007a7c00000, 0x00000007a7d00000|  0%| F|  |TS  0|AC  0|TAMS 0x00000007a7c00000, 0x00000007a7c00000|
| 125|0x00000007a7d00000, 0x00000007a7d00000, 0x00000007a7e00000|  0%| F|  |TS  0|AC  0|TAMS 0x00000007a7d00000, 0x00000007a7d00000|
| 126|0x00000007a7e00000, 0x00000007a7e00000, 0x00000007a7f00000|  0%| F|  |TS  0|AC  0|TAMS 0x00000007a7e00000, 0x00000007a7e00000|
| 127|0x00000007a7f00000, 0x00000007a7f00000, 0x00000007a8000000|  0%| F|  |TS  0|AC  0|TAMS 0x00000007a7f00000, 0x00000007a7f00000|
| 128|0x00000007a8000000, 0x00000007a8000000, 0x00000007a8100000|  0%| F|  |TS  0|AC  0|TAMS 0x00000007a8000000, 0x00000007a8000000|
| 129|0x00000007a8100000, 0x00000007a8100000, 0x00000007a8200000|  0%| F|  |TS  0|AC  0|TAMS 0x00000007a8100000, 0x00000007a8100000|
| 130|0x00000007a8200000, 0x00000007a8200000, 0x00000007a8300000|  0%| F|  |TS  0|AC  0|TAMS 0x00000007a8200000, 0x00000007a8200000|
| 131|0x00000007a8300000, 0x00000007a8300000, 0x00000007a8400000|  0%| F|  |TS  0|AC  0|TAMS 0x00000007a8300000, 0x00000007a8300000|
| 132|0x00000007a8400000, 0x00000007a8400000, 0x00000007a8500000|  0%| F|  |TS  0|AC  0|TAMS 0x00000007a8400000, 0x00000007a8400000|
| 133|0x00000007a8500000, 0x00000007a8500000, 0x00000007a8600000|  0%| F|  |TS  0|AC  0|TAMS 0x00000007a8500000, 0x00000007a8500000|
| 134|0x00000007a8600000, 0x00000007a8600000, 0x00000007a8700000|  0%| F|  |TS  0|AC  0|TAMS 0x00000007a8600000, 0x00000007a8600000|
| 135|0x00000007a8700000, 0x00000007a8700000, 0x00000007a8800000|  0%| F|  |TS  0|AC  0|TAMS 0x00000007a8700000, 0x00000007a8700000|
| 136|0x00000007a8800000, 0x00000007a8800000, 0x00000007a8900000|  0%| F|  |TS  0|AC  0|TAMS 0x00000007a8800000, 0x00000007a8800000|
| 137|0x00000007a8900000, 0x00000007a8900000, 0x00000007a8a00000|  0%| F|  |TS  0|AC  0|TAMS 0x00000007a8900000, 0x00000007a8900000|
| 138|0x00000007a8a00000, 0x00000007a8a00000, 0x00000007a8b00000|  0%| F|  |TS  0|AC  0|TAMS 0x00000007a8a00000, 0x00000007a8a00000|
| 139|0x00000007a8b00000, 0x00000007a8b00000, 0x00000007a8c00000|  0%| F|  |TS  0|AC  0|TAMS 0x00000007a8b00000, 0x00000007a8b00000|
| 140|0x00000007a8c00000, 0x00000007a8c00000, 0x00000007a8d00000|  0%| F|  |TS  0|AC  0|TAMS 0x00000007a8c00000, 0x00000007a8c00000|
| 141|0x00000007a8d00000, 0x00000007a8d00000, 0x00000007a8e00000|  0%| F|  |TS  0|AC  0|TAMS 0x00000007a8d00000, 0x00000007a8d00000|
| 142|0x00000007a8e00000, 0x00000007a8e00000, 0x00000007a8f00000|  0%| F|  |TS  0|AC  0|TAMS 0x00000007a8e00000, 0x00000007a8e00000|
| 143|0x00000007a8f00000, 0x00000007a8f00000, 0x00000007a9000000|  0%| F|  |TS  0|AC  0|TAMS 0x00000007a8f00000, 0x00000007a8f00000|
| 144|0x00000007a9000000, 0x00000007a9000000, 0x00000007a9100000|  0%| F|  |TS  0|AC  0|TAMS 0x00000007a9000000, 0x00000007a9000000|
| 145|0x00000007a9100000, 0x00000007a9100000, 0x00000007a9200000|  0%| F|  |TS  0|AC  0|TAMS 0x00000007a9100000, 0x00000007a9100000|
| 146|0x00000007a9200000, 0x00000007a9200000, 0x00000007a9300000|  0%| F|  |TS  0|AC  0|TAMS 0x00000007a9200000, 0x00000007a9200000|
| 147|0x00000007a9300000, 0x00000007a9300000, 0x00000007a9400000|  0%| F|  |TS  0|AC  0|TAMS 0x00000007a9300000, 0x00000007a9300000|
| 148|0x00000007a9400000, 0x00000007a9400000, 0x00000007a9500000|  0%| F|  |TS  0|AC  0|TAMS 0x00000007a9400000, 0x00000007a9400000|
| 149|0x00000007a9500000, 0x00000007a9500000, 0x00000007a9600000|  0%| F|  |TS  0|AC  0|TAMS 0x00000007a9500000, 0x00000007a9500000|
| 150|0x00000007a9600000, 0x00000007a96d2c00, 0x00000007a9700000| 82%| S|CS|TS  3|AC  0|TAMS 0x00000007a9600000, 0x00000007a9600000|
| 151|0x00000007a9700000, 0x00000007a9800000, 0x00000007a9800000|100%| S|CS|TS  3|AC  0|TAMS 0x00000007a9700000, 0x00000007a9700000|
| 152|0x00000007a9800000, 0x00000007a9900000, 0x00000007a9900000|100%| S|CS|TS  3|AC  0|TAMS 0x00000007a9800000, 0x00000007a9800000|
| 153|0x00000007a9900000, 0x00000007a9a00000, 0x00000007a9a00000|100%| S|CS|TS  3|AC  0|TAMS 0x00000007a9900000, 0x00000007a9900000|
| 154|0x00000007a9a00000, 0x00000007a9b00000, 0x00000007a9b00000|100%| S|CS|TS  3|AC  0|TAMS 0x00000007a9a00000, 0x00000007a9a00000|
| 155|0x00000007a9b00000, 0x00000007a9c00000, 0x00000007a9c00000|100%| S|CS|TS  3|AC  0|TAMS 0x00000007a9b00000, 0x00000007a9b00000|
| 156|0x00000007a9c00000, 0x00000007a9d00000, 0x00000007a9d00000|100%| S|CS|TS  3|AC  0|TAMS 0x00000007a9c00000, 0x00000007a9c00000|
| 157|0x00000007a9d00000, 0x00000007a9e00000, 0x00000007a9e00000|100%| S|CS|TS  3|AC  0|TAMS 0x00000007a9d00000, 0x00000007a9d00000|
| 158|0x00000007a9e00000, 0x00000007a9f00000, 0x00000007a9f00000|100%| S|CS|TS  3|AC  0|TAMS 0x00000007a9e00000, 0x00000007a9e00000|
| 159|0x00000007a9f00000, 0x00000007aa000000, 0x00000007aa000000|100%| S|CS|TS  3|AC  0|TAMS 0x00000007a9f00000, 0x00000007a9f00000|
| 160|0x00000007aa000000, 0x00000007aa100000, 0x00000007aa100000|100%| S|CS|TS  3|AC  0|TAMS 0x00000007aa000000, 0x00000007aa000000|
| 161|0x00000007aa100000, 0x00000007aa100000, 0x00000007aa200000|  0%| F|  |TS  3|AC  0|TAMS 0x00000007aa100000, 0x00000007aa100000|
| 162|0x00000007aa200000, 0x00000007aa200000, 0x00000007aa300000|  0%| F|  |TS  3|AC  0|TAMS 0x00000007aa200000, 0x00000007aa200000|
| 163|0x00000007aa300000, 0x00000007aa300000, 0x00000007aa400000|  0%| F|  |TS  3|AC  0|TAMS 0x00000007aa300000, 0x00000007aa300000|
| 164|0x00000007aa400000, 0x00000007aa400000, 0x00000007aa500000|  0%| F|  |TS  3|AC  0|TAMS 0x00000007aa400000, 0x00000007aa400000|
| 165|0x00000007aa500000, 0x00000007aa500000, 0x00000007aa600000|  0%| F|  |TS  3|AC  0|TAMS 0x00000007aa500000, 0x00000007aa500000|
| 166|0x00000007aa600000, 0x00000007aa600000, 0x00000007aa700000|  0%| F|  |TS  3|AC  0|TAMS 0x00000007aa600000, 0x00000007aa600000|
| 167|0x00000007aa700000, 0x00000007aa700000, 0x00000007aa800000|  0%| F|  |TS  3|AC  0|TAMS 0x00000007aa700000, 0x00000007aa700000|
| 168|0x00000007aa800000, 0x00000007aa800000, 0x00000007aa900000|  0%| F|  |TS  3|AC  0|TAMS 0x00000007aa800000, 0x00000007aa800000|
| 169|0x00000007aa900000, 0x00000007aa900000, 0x00000007aaa00000|  0%| F|  |TS  3|AC  0|TAMS 0x00000007aa900000, 0x00000007aa900000|
| 170|0x00000007aaa00000, 0x00000007aaa00000, 0x00000007aab00000|  0%| F|  |TS  3|AC  0|TAMS 0x00000007aaa00000, 0x00000007aaa00000|
| 171|0x00000007aab00000, 0x00000007aab00000, 0x00000007aac00000|  0%| F|  |TS  3|AC  0|TAMS 0x00000007aab00000, 0x00000007aab00000|
| 172|0x00000007aac00000, 0x00000007aac00000, 0x00000007aad00000|  0%| F|  |TS  3|AC  0|TAMS 0x00000007aac00000, 0x00000007aac00000|
| 173|0x00000007aad00000, 0x00000007aad00000, 0x00000007aae00000|  0%| F|  |TS  3|AC  0|TAMS 0x00000007aad00000, 0x00000007aad00000|
| 174|0x00000007aae00000, 0x00000007aae00000, 0x00000007aaf00000|  0%| F|  |TS  3|AC  0|TAMS 0x00000007aae00000, 0x00000007aae00000|
| 175|0x00000007aaf00000, 0x00000007aaf00000, 0x00000007ab000000|  0%| F|  |TS  3|AC  0|TAMS 0x00000007aaf00000, 0x00000007aaf00000|
| 176|0x00000007ab000000, 0x00000007ab000000, 0x00000007ab100000|  0%| F|  |TS  3|AC  0|TAMS 0x00000007ab000000, 0x00000007ab000000|
| 177|0x00000007ab100000, 0x00000007ab100000, 0x00000007ab200000|  0%| F|  |TS  3|AC  0|TAMS 0x00000007ab100000, 0x00000007ab100000|
| 178|0x00000007ab200000, 0x00000007ab200000, 0x00000007ab300000|  0%| F|  |TS  3|AC  0|TAMS 0x00000007ab200000, 0x00000007ab200000|
| 179|0x00000007ab300000, 0x00000007ab300000, 0x00000007ab400000|  0%| F|  |TS  3|AC  0|TAMS 0x00000007ab300000, 0x00000007ab300000|
| 180|0x00000007ab400000, 0x00000007ab400000, 0x00000007ab500000|  0%| F|  |TS  3|AC  0|TAMS 0x00000007ab400000, 0x00000007ab400000|
| 181|0x00000007ab500000, 0x00000007ab500000, 0x00000007ab600000|  0%| F|  |TS  3|AC  0|TAMS 0x00000007ab500000, 0x00000007ab500000|
| 182|0x00000007ab600000, 0x00000007ab600000, 0x00000007ab700000|  0%| F|  |TS  3|AC  0|TAMS 0x00000007ab600000, 0x00000007ab600000|
| 183|0x00000007ab700000, 0x00000007ab700000, 0x00000007ab800000|  0%| F|  |TS  3|AC  0|TAMS 0x00000007ab700000, 0x00000007ab700000|
| 184|0x00000007ab800000, 0x00000007ab800000, 0x00000007ab900000|  0%| F|  |TS  3|AC  0|TAMS 0x00000007ab800000, 0x00000007ab800000|
| 185|0x00000007ab900000, 0x00000007ab900000, 0x00000007aba00000|  0%| F|  |TS  3|AC  0|TAMS 0x00000007ab900000, 0x00000007ab900000|
| 186|0x00000007aba00000, 0x00000007aba00000, 0x00000007abb00000|  0%| F|  |TS  3|AC  0|TAMS 0x00000007aba00000, 0x00000007aba00000|
| 187|0x00000007abb00000, 0x00000007abb00000, 0x00000007abc00000|  0%| F|  |TS  3|AC  0|TAMS 0x00000007abb00000, 0x00000007abb00000|
| 188|0x00000007abc00000, 0x00000007abc00000, 0x00000007abd00000|  0%| F|  |TS  3|AC  0|TAMS 0x00000007abc00000, 0x00000007abc00000|
| 189|0x00000007abd00000, 0x00000007abd00000, 0x00000007abe00000|  0%| F|  |TS  3|AC  0|TAMS 0x00000007abd00000, 0x00000007abd00000|
| 190|0x00000007abe00000, 0x00000007abe00000, 0x00000007abf00000|  0%| F|  |TS  3|AC  0|TAMS 0x00000007abe00000, 0x00000007abe00000|
| 191|0x00000007abf00000, 0x00000007abf00000, 0x00000007ac000000|  0%| F|  |TS  3|AC  0|TAMS 0x00000007abf00000, 0x00000007abf00000|
| 192|0x00000007ac000000, 0x00000007ac000000, 0x00000007ac100000|  0%| F|  |TS  3|AC  0|TAMS 0x00000007ac000000, 0x00000007ac000000|
| 193|0x00000007ac100000, 0x00000007ac100000, 0x00000007ac200000|  0%| F|  |TS  3|AC  0|TAMS 0x00000007ac100000, 0x00000007ac100000|
| 194|0x00000007ac200000, 0x00000007ac200000, 0x00000007ac300000|  0%| F|  |TS  3|AC  0|TAMS 0x00000007ac200000, 0x00000007ac200000|
| 195|0x00000007ac300000, 0x00000007ac300000, 0x00000007ac400000|  0%| F|  |TS  3|AC  0|TAMS 0x00000007ac300000, 0x00000007ac300000|
| 196|0x00000007ac400000, 0x00000007ac400000, 0x00000007ac500000|  0%| F|  |TS  3|AC  0|TAMS 0x00000007ac400000, 0x00000007ac400000|
| 197|0x00000007ac500000, 0x00000007ac500000, 0x00000007ac600000|  0%| F|  |TS  3|AC  0|TAMS 0x00000007ac500000, 0x00000007ac500000|
| 198|0x00000007ac600000, 0x00000007ac600000, 0x00000007ac700000|  0%| F|  |TS  3|AC  0|TAMS 0x00000007ac600000, 0x00000007ac600000|
| 199|0x00000007ac700000, 0x00000007ac700000, 0x00000007ac800000|  0%| F|  |TS  3|AC  0|TAMS 0x00000007ac700000, 0x00000007ac700000|
| 200|0x00000007ac800000, 0x00000007ac800000, 0x00000007ac900000|  0%| F|  |TS  3|AC  0|TAMS 0x00000007ac800000, 0x00000007ac800000|
| 201|0x00000007ac900000, 0x00000007ac900000, 0x00000007aca00000|  0%| F|  |TS  3|AC  0|TAMS 0x00000007ac900000, 0x00000007ac900000|
| 202|0x00000007aca00000, 0x00000007aca00000, 0x00000007acb00000|  0%| F|  |TS  3|AC  0|TAMS 0x00000007aca00000, 0x00000007aca00000|
| 203|0x00000007acb00000, 0x00000007acb00000, 0x00000007acc00000|  0%| F|  |TS  3|AC  0|TAMS 0x00000007acb00000, 0x00000007acb00000|
| 204|0x00000007acc00000, 0x00000007acc00000, 0x00000007acd00000|  0%| F|  |TS  3|AC  0|TAMS 0x00000007acc00000, 0x00000007acc00000|
| 205|0x00000007acd00000, 0x00000007acd00000, 0x00000007ace00000|  0%| F|  |TS  3|AC  0|TAMS 0x00000007acd00000, 0x00000007acd00000|
| 206|0x00000007ace00000, 0x00000007ace00000, 0x00000007acf00000|  0%| F|  |TS  3|AC  0|TAMS 0x00000007ace00000, 0x00000007ace00000|
| 207|0x00000007acf00000, 0x00000007acf00000, 0x00000007ad000000|  0%| F|  |TS  3|AC  0|TAMS 0x00000007acf00000, 0x00000007acf00000|
| 208|0x00000007ad000000, 0x00000007ad000000, 0x00000007ad100000|  0%| F|  |TS  3|AC  0|TAMS 0x00000007ad000000, 0x00000007ad000000|
| 209|0x00000007ad100000, 0x00000007ad100000, 0x00000007ad200000|  0%| F|  |TS  3|AC  0|TAMS 0x00000007ad100000, 0x00000007ad100000|
| 210|0x00000007ad200000, 0x00000007ad200000, 0x00000007ad300000|  0%| F|  |TS  3|AC  0|TAMS 0x00000007ad200000, 0x00000007ad200000|
| 211|0x00000007ad300000, 0x00000007ad300000, 0x00000007ad400000|  0%| F|  |TS  3|AC  0|TAMS 0x00000007ad300000, 0x00000007ad300000|
| 212|0x00000007ad400000, 0x00000007ad400000, 0x00000007ad500000|  0%| F|  |TS  3|AC  0|TAMS 0x00000007ad400000, 0x00000007ad400000|
| 213|0x00000007ad500000, 0x00000007ad500000, 0x00000007ad600000|  0%| F|  |TS  3|AC  0|TAMS 0x00000007ad500000, 0x00000007ad500000|
| 214|0x00000007ad600000, 0x00000007ad600000, 0x00000007ad700000|  0%| F|  |TS  3|AC  0|TAMS 0x00000007ad600000, 0x00000007ad600000|
| 215|0x00000007ad700000, 0x00000007ad700000, 0x00000007ad800000|  0%| F|  |TS  3|AC  0|TAMS 0x00000007ad700000, 0x00000007ad700000|
| 216|0x00000007ad800000, 0x00000007ad800000, 0x00000007ad900000|  0%| F|  |TS  3|AC  0|TAMS 0x00000007ad800000, 0x00000007ad800000|
| 217|0x00000007ad900000, 0x00000007ad900000, 0x00000007ada00000|  0%| F|  |TS  3|AC  0|TAMS 0x00000007ad900000, 0x00000007ad900000|
| 218|0x00000007ada00000, 0x00000007ada00000, 0x00000007adb00000|  0%| F|  |TS  3|AC  0|TAMS 0x00000007ada00000, 0x00000007ada00000|
| 219|0x00000007adb00000, 0x00000007adb00000, 0x00000007adc00000|  0%| F|  |TS  3|AC  0|TAMS 0x00000007adb00000, 0x00000007adb00000|
| 220|0x00000007adc00000, 0x00000007adc00000, 0x00000007add00000|  0%| F|  |TS  3|AC  0|TAMS 0x00000007adc00000, 0x00000007adc00000|
| 221|0x00000007add00000, 0x00000007add00000, 0x00000007ade00000|  0%| F|  |TS  3|AC  0|TAMS 0x00000007add00000, 0x00000007add00000|
| 222|0x00000007ade00000, 0x00000007ade00000, 0x00000007adf00000|  0%| F|  |TS  3|AC  0|TAMS 0x00000007ade00000, 0x00000007ade00000|
| 223|0x00000007adf00000, 0x00000007adf00000, 0x00000007ae000000|  0%| F|  |TS  3|AC  0|TAMS 0x00000007adf00000, 0x00000007adf00000|
| 224|0x00000007ae000000, 0x00000007ae000000, 0x00000007ae100000|  0%| F|  |TS  3|AC  0|TAMS 0x00000007ae000000, 0x00000007ae000000|
| 225|0x00000007ae100000, 0x00000007ae100000, 0x00000007ae200000|  0%| F|  |TS  3|AC  0|TAMS 0x00000007ae100000, 0x00000007ae100000|
| 226|0x00000007ae200000, 0x00000007ae200000, 0x00000007ae300000|  0%| F|  |TS  3|AC  0|TAMS 0x00000007ae200000, 0x00000007ae200000|
| 227|0x00000007ae300000, 0x00000007ae300000, 0x00000007ae400000|  0%| F|  |TS  3|AC  0|TAMS 0x00000007ae300000, 0x00000007ae300000|
| 228|0x00000007ae400000, 0x00000007ae400000, 0x00000007ae500000|  0%| F|  |TS  3|AC  0|TAMS 0x00000007ae400000, 0x00000007ae400000|
| 229|0x00000007ae500000, 0x00000007ae500000, 0x00000007ae600000|  0%| F|  |TS  3|AC  0|TAMS 0x00000007ae500000, 0x00000007ae500000|
| 230|0x00000007ae600000, 0x00000007ae600000, 0x00000007ae700000|  0%| F|  |TS  3|AC  0|TAMS 0x00000007ae600000, 0x00000007ae600000|
| 231|0x00000007ae700000, 0x00000007ae700000, 0x00000007ae800000|  0%| F|  |TS  3|AC  0|TAMS 0x00000007ae700000, 0x00000007ae700000|
| 232|0x00000007ae800000, 0x00000007ae800000, 0x00000007ae900000|  0%| F|  |TS  3|AC  0|TAMS 0x00000007ae800000, 0x00000007ae800000|
| 233|0x00000007ae900000, 0x00000007ae900000, 0x00000007aea00000|  0%| F|  |TS  3|AC  0|TAMS 0x00000007ae900000, 0x00000007ae900000|
| 234|0x00000007aea00000, 0x00000007aea00000, 0x00000007aeb00000|  0%| F|  |TS  3|AC  0|TAMS 0x00000007aea00000, 0x00000007aea00000|
| 235|0x00000007aeb00000, 0x00000007aeb00000, 0x00000007aec00000|  0%| F|  |TS  3|AC  0|TAMS 0x00000007aeb00000, 0x00000007aeb00000|
| 236|0x00000007aec00000, 0x00000007aec00000, 0x00000007aed00000|  0%| F|  |TS  3|AC  0|TAMS 0x00000007aec00000, 0x00000007aec00000|
| 237|0x00000007aed00000, 0x00000007aed00000, 0x00000007aee00000|  0%| F|  |TS  3|AC  0|TAMS 0x00000007aed00000, 0x00000007aed00000|
| 238|0x00000007aee00000, 0x00000007aee00000, 0x00000007aef00000|  0%| F|  |TS  3|AC  0|TAMS 0x00000007aee00000, 0x00000007aee00000|
| 239|0x00000007aef00000, 0x00000007aef00000, 0x00000007af000000|  0%| F|  |TS  3|AC  0|TAMS 0x00000007aef00000, 0x00000007aef00000|
| 240|0x00000007af000000, 0x00000007af000000, 0x00000007af100000|  0%| F|  |TS  3|AC  0|TAMS 0x00000007af000000, 0x00000007af000000|
| 241|0x00000007af100000, 0x00000007af100000, 0x00000007af200000|  0%| F|  |TS  3|AC  0|TAMS 0x00000007af100000, 0x00000007af100000|
| 242|0x00000007af200000, 0x00000007af200000, 0x00000007af300000|  0%| F|  |TS  3|AC  0|TAMS 0x00000007af200000, 0x00000007af200000|
| 243|0x00000007af300000, 0x00000007af300000, 0x00000007af400000|  0%| F|  |TS  3|AC  0|TAMS 0x00000007af300000, 0x00000007af300000|
| 244|0x00000007af400000, 0x00000007af400000, 0x00000007af500000|  0%| F|  |TS  3|AC  0|TAMS 0x00000007af400000, 0x00000007af400000|
| 245|0x00000007af500000, 0x00000007af500000, 0x00000007af600000|  0%| F|  |TS  3|AC  0|TAMS 0x00000007af500000, 0x00000007af500000|
| 246|0x00000007af600000, 0x00000007af600000, 0x00000007af700000|  0%| F|  |TS  3|AC  0|TAMS 0x00000007af600000, 0x00000007af600000|
| 247|0x00000007af700000, 0x00000007af700000, 0x00000007af800000|  0%| F|  |TS  3|AC  0|TAMS 0x00000007af700000, 0x00000007af700000|
| 248|0x00000007af800000, 0x00000007af800000, 0x00000007af900000|  0%| F|  |TS  3|AC  0|TAMS 0x00000007af800000, 0x00000007af800000|
| 249|0x00000007af900000, 0x00000007af900000, 0x00000007afa00000|  0%| F|  |TS  3|AC  0|TAMS 0x00000007af900000, 0x00000007af900000|
| 250|0x00000007afa00000, 0x00000007afa00000, 0x00000007afb00000|  0%| F|  |TS  3|AC  0|TAMS 0x00000007afa00000, 0x00000007afa00000|
| 251|0x00000007afb00000, 0x00000007afb00000, 0x00000007afc00000|  0%| F|  |TS  3|AC  0|TAMS 0x00000007afb00000, 0x00000007afb00000|
| 252|0x00000007afc00000, 0x00000007afc00000, 0x00000007afd00000|  0%| F|  |TS  3|AC  0|TAMS 0x00000007afc00000, 0x00000007afc00000|
| 253|0x00000007afd00000, 0x00000007afd00000, 0x00000007afe00000|  0%| F|  |TS  3|AC  0|TAMS 0x00000007afd00000, 0x00000007afd00000|
| 254|0x00000007afe00000, 0x00000007afec7728, 0x00000007aff00000| 77%| E|  |TS  3|AC  0|TAMS 0x00000007afe00000, 0x00000007afe00000|
| 255|0x00000007aff00000, 0x00000007b0000000, 0x00000007b0000000|100%| E|CS|TS  3|AC  0|TAMS 0x00000007aff00000, 0x00000007aff00000|

Card table byte_map: [0x000000010dd8d000,0x000000010de8d000] byte_map_base: 0x000000010a08d000

Marking Bits (Prev, Next): (CMBitMap*) 0x00007fb082839270, (CMBitMap*) 0x00007fb0828392a8
 Prev Bits: [0x000000010df8d000, 0x000000010e78d000)
 Next Bits: [0x000000010e78d000, 0x000000010ef8d000)

Polling page: 0x000000010c04c000

CodeHeap 'non-profiled nmethods': size=120032Kb used=2538Kb max_used=2538Kb free=117493Kb
 bounds [0x000000012033a000, 0x00000001205ba000, 0x0000000127872000]
CodeHeap 'profiled nmethods': size=120032Kb used=10660Kb max_used=10660Kb free=109371Kb
 bounds [0x0000000118e02000, 0x0000000119872000, 0x000000012033a000]
CodeHeap 'non-nmethods': size=5696Kb used=1733Kb max_used=1782Kb free=3962Kb
 bounds [0x0000000118872000, 0x0000000118ae2000, 0x0000000118e02000]
 total_blobs=6890 nmethods=4544 adapters=1120
 compilation: enabled

Compilation events (10 events):
Event: 53.406 Thread 0x00007fb08183e000 nmethod 4534 0x00000001205b3090 code [0x00000001205b3240, 0x00000001205b3350]
Event: 53.406 Thread 0x00007fb08183e000 4531       1       com.anylogic.engine.Engine::getState (5 bytes)
Event: 53.407 Thread 0x00007fb08183e000 nmethod 4531 0x00000001205b3410 code [0x00000001205b35c0, 0x00000001205b36d0]
Event: 53.407 Thread 0x00007fb08183e000 4535   !   3       java.awt.EventQueue::removeSourceEvents (294 bytes)
Event: 53.408 Thread 0x00007fb08183e000 nmethod 4535 0x000000011985ec90 code [0x000000011985efe0, 0x0000000119860c68]
Event: 53.408 Thread 0x00007fb08183e000 4536       3       java.awt.Component::getLocation (5 bytes)
Event: 53.409 Thread 0x00007fb08183e000 nmethod 4536 0x0000000119861610 code [0x00000001198617e0, 0x0000000119861bf0]
Event: 53.409 Thread 0x00007fb08183e000 4537       3       java.awt.Component::location (5 bytes)
Event: 53.409 Thread 0x00007fb08183d000 nmethod 4532 0x00000001205b3790 code [0x00000001205b3940, 0x00000001205b3d18]
Event: 53.409 Thread 0x00007fb08183d000 4540       4       java.awt.Component::checkTreeLock (22 bytes)

GC Heap History (10 events):
Event: 2.398 GC heap before
{Heap before GC invocations=2 (full 0):
 garbage-first heap   total 262144K, used 20518K [0x00000007a0000000, 0x00000007a0100800, 0x00000007c0000000)
  region size 1024K, 11 young (11264K), 2 survivors (2048K)
 Metaspace       used 20193K, capacity 21198K, committed 21296K, reserved 1067008K
  class space    used 2676K, capacity 2892K, committed 2944K, reserved 1048576K
}
Event: 2.404 GC heap after
{Heap after GC invocations=3 (full 0):
 garbage-first heap   total 262144K, used 13903K [0x00000007a0000000, 0x00000007a0100800, 0x00000007c0000000)
  region size 1024K, 4 young (4096K), 4 survivors (4096K)
 Metaspace       used 20193K, capacity 21198K, committed 21296K, reserved 1067008K
  class space    used 2676K, capacity 2892K, committed 2944K, reserved 1048576K
}
Event: 5.391 GC heap before
{Heap before GC invocations=4 (full 0):
 garbage-first heap   total 262144K, used 79401K [0x00000007a0000000, 0x00000007a0100800, 0x00000007c0000000)
  region size 1024K, 45 young (46080K), 4 survivors (4096K)
 Metaspace       used 30528K, capacity 31631K, committed 32128K, reserved 1077248K
  class space    used 4134K, capacity 4356K, committed 4480K, reserved 1048576K
}
Event: 5.406 GC heap after
{Heap after GC invocations=5 (full 0):
 garbage-first heap   total 262144K, used 45126K [0x00000007a0000000, 0x00000007a0100800, 0x00000007c0000000)
  region size 1024K, 6 young (6144K), 6 survivors (6144K)
 Metaspace       used 30528K, capacity 31631K, committed 32128K, reserved 1077248K
  class space    used 4134K, capacity 4356K, committed 4480K, reserved 1048576K
}
Event: 6.237 GC heap before
{Heap before GC invocations=5 (full 0):
 garbage-first heap   total 262144K, used 65606K [0x00000007a0000000, 0x00000007a0100800, 0x00000007c0000000)
  region size 1024K, 27 young (27648K), 6 survivors (6144K)
 Metaspace       used 34237K, capacity 35411K, committed 35628K, reserved 1079296K
  class space    used 4637K, capacity 4900K, committed 4992K, reserved 1048576K
}
Event: 6.245 GC heap after
{Heap after GC invocations=6 (full 0):
 garbage-first heap   total 262144K, used 35898K [0x00000007a0000000, 0x00000007a0100800, 0x00000007c0000000)
  region size 1024K, 13 young (13312K), 13 survivors (13312K)
 Metaspace       used 34237K, capacity 35411K, committed 35628K, reserved 1079296K
  class space    used 4637K, capacity 4900K, committed 4992K, reserved 1048576K
}
Event: 20.725 GC heap before
{Heap before GC invocations=7 (full 0):
 garbage-first heap   total 262144K, used 87028K [0x00000007a0000000, 0x00000007a0100800, 0x00000007c0000000)
  region size 1024K, 66 young (67584K), 13 survivors (13312K)
 Metaspace       used 36173K, capacity 37403K, committed 37888K, reserved 1081344K
  class space    used 4769K, capacity 4998K, committed 5120K, reserved 1048576K
}
Event: 20.739 GC heap after
{Heap after GC invocations=8 (full 0):
 garbage-first heap   total 262144K, used 36334K [0x00000007a0000000, 0x00000007a0100800, 0x00000007c0000000)
  region size 1024K, 9 young (9216K), 9 survivors (9216K)
 Metaspace       used 36173K, capacity 37403K, committed 37888K, reserved 1081344K
  class space    used 4769K, capacity 4998K, committed 5120K, reserved 1048576K
}
Event: 53.369 GC heap before
{Heap before GC invocations=8 (full 0):
 garbage-first heap   total 262144K, used 123374K [0x00000007a0000000, 0x00000007a0100800, 0x00000007c0000000)
  region size 1024K, 95 young (97280K), 9 survivors (9216K)
 Metaspace       used 36397K, capacity 37649K, committed 37888K, reserved 1081344K
  class space    used 4783K, capacity 5035K, committed 5120K, reserved 1048576K
}
Event: 53.377 GC heap after
{Heap after GC invocations=9 (full 0):
 garbage-first heap   total 262144K, used 38201K [0x00000007a0000000, 0x00000007a0100800, 0x00000007c0000000)
  region size 1024K, 11 young (11264K), 11 survivors (11264K)
 Metaspace       used 36397K, capacity 37649K, committed 37888K, reserved 1081344K
  class space    used 4783K, capacity 5035K, committed 5120K, reserved 1048576K
}

Deoptimization events (10 events):
Event: 52.114 Thread 0x00007fb08261d800 Uncommon trap: reason=unstable_if action=reinterpret pc=0x00000001204c10f8 method=java.awt.Container.findComponentAtImpl(IIZ)Ljava/awt/Component; @ 24 c2
Event: 53.364 Thread 0x00007fb08261d800 Uncommon trap: reason=class_check action=maybe_recompile pc=0x0000000120444988 method=java.util.HashMap.putVal(ILjava/lang/Object;Ljava/lang/Object;ZZ)Ljava/lang/Object; @ 253 c2
Event: 53.364 Thread 0x00007fb08261d800 Uncommon trap: reason=class_check action=maybe_recompile pc=0x0000000120444988 method=java.util.HashMap.putVal(ILjava/lang/Object;Ljava/lang/Object;ZZ)Ljava/lang/Object; @ 253 c2
Event: 53.366 Thread 0x00007fb08623a800 Uncommon trap: reason=class_check action=maybe_recompile pc=0x00000001205895e8 method=sun.java2d.SunGraphics2D.getDefaultTransform()Ljava/awt/geom/AffineTransform; @ 20 c2
Event: 53.368 Thread 0x00007fb0813b6000 Uncommon trap: reason=class_check action=maybe_recompile pc=0x00000001205789d8 method=java.util.HashSet.clear()V @ 4 c2
Event: 53.388 Thread 0x00007fb08261d800 Uncommon trap: reason=unstable_if action=reinterpret pc=0x000000012056eab0 method=sun.java2d.opengl.OGLRenderer.validateContext(Lsun/java2d/SunGraphics2D;)V @ 10 c2
Event: 53.401 Thread 0x00007fb08261d800 Uncommon trap: reason=unstable_if action=reinterpret pc=0x00000001204c5488 method=sun.java2d.pipe.Region.appendSpan([I)V @ 44 c2
Event: 53.406 Thread 0x00007fb08261d800 Uncommon trap: reason=class_check action=maybe_recompile pc=0x0000000120444988 method=java.util.HashMap.putVal(ILjava/lang/Object;Ljava/lang/Object;ZZ)Ljava/lang/Object; @ 253 c2
Event: 53.407 Thread 0x00007fb08261d800 Uncommon trap: reason=unstable_if action=reinterpret pc=0x00000001204c2d34 method=sun.java2d.pipe.Region.isInsideQuickCheck(Lsun/java2d/pipe/Region;)Z @ 37 c2
Event: 53.407 Thread 0x00007fb08261d800 Uncommon trap: reason=unstable_if action=reinterpret pc=0x00000001204f29a8 method=sun.java2d.pipe.Region.filterSpans(Lsun/java2d/pipe/Region;Lsun/java2d/pipe/Region;I)V @ 632 c2

Classes redefined (0 events):
No events

Internal exceptions (10 events):
Event: 6.012 Thread 0x00007fb08261d800 Exception <a 'java/lang/NoSuchMethodError'{0x00000007af37a1b0}: method resolution failed> (0x00000007af37a1b0) thrown at [/scratch/mesos/slaves/5af44a71-976a-41b7-81de-5773b84ec572-S38393/frameworks/1735e8a2-a1db-478c-8104-60c8b0af87dd-0196/executors/8b85
Event: 6.012 Thread 0x00007fb08261d800 Exception <a 'java/lang/NoSuchMethodError'{0x00000007af37e498}: method resolution failed> (0x00000007af37e498) thrown at [/scratch/mesos/slaves/5af44a71-976a-41b7-81de-5773b84ec572-S38393/frameworks/1735e8a2-a1db-478c-8104-60c8b0af87dd-0196/executors/8b85
Event: 6.072 Thread 0x00007fb086260800 Exception <a 'java/io/FileNotFoundException'{0x00000007af098390}> (0x00000007af098390) thrown at [/scratch/mesos/slaves/5af44a71-976a-41b7-81de-5773b84ec572-S38393/frameworks/1735e8a2-a1db-478c-8104-60c8b0af87dd-0196/executors/8b855640-c399-41ea-b65f-5227
Event: 6.111 Thread 0x00007fb08261d800 Exception <a 'java/lang/NoSuchMethodError'{0x00000007af3ce490}: method resolution failed> (0x00000007af3ce490) thrown at [/scratch/mesos/slaves/5af44a71-976a-41b7-81de-5773b84ec572-S38393/frameworks/1735e8a2-a1db-478c-8104-60c8b0af87dd-0196/executors/8b85
Event: 6.112 Thread 0x00007fb08261d800 Exception <a 'java/lang/NoSuchMethodError'{0x00000007aefda1f8}: java.lang.invoke.DirectMethodHandle$Holder.invokeStatic(Ljava/lang/Object;Ljava/lang/Object;IIII)Ljava/lang/Object;> (0x00000007aefda1f8) thrown at [/scratch/mesos/slaves/5af44a71-976a-41b7-8
Event: 6.112 Thread 0x00007fb08261d800 Exception <a 'java/lang/NoSuchMethodError'{0x00000007aefddfd8}: method resolution failed> (0x00000007aefddfd8) thrown at [/scratch/mesos/slaves/5af44a71-976a-41b7-81de-5773b84ec572-S38393/frameworks/1735e8a2-a1db-478c-8104-60c8b0af87dd-0196/executors/8b85
Event: 6.120 Thread 0x00007fb08261d800 Exception <a 'java/lang/NoSuchMethodError'{0x00000007aeffbe78}: method resolution failed> (0x00000007aeffbe78) thrown at [/scratch/mesos/slaves/5af44a71-976a-41b7-81de-5773b84ec572-S38393/frameworks/1735e8a2-a1db-478c-8104-60c8b0af87dd-0196/executors/8b85
Event: 6.120 Thread 0x00007fb08261d800 Exception <a 'java/lang/NoSuchMethodError'{0x00000007aeec7bd8}: java.lang.invoke.DirectMethodHandle$Holder.invokeStatic(Ljava/lang/Object;ILjava/lang/Object;Ljava/lang/Object;)Ljava/lang/Object;> (0x00000007aeec7bd8) thrown at [/scratch/mesos/slaves/5af44
Event: 6.121 Thread 0x00007fb08261d800 Exception <a 'java/lang/NoSuchMethodError'{0x00000007aeecb9c0}: java.lang.invoke.DirectMethodHandle$Holder.invokeSpecial(Ljava/lang/Object;Ljava/lang/Object;ILjava/lang/Object;Ljava/lang/Object;)Ljava/lang/Object;> (0x00000007aeecb9c0) thrown at [/scratch
Event: 6.246 Thread 0x00007fb082008000 Exception <a 'java/lang/NullPointerException'{0x00000007aff21f30}> (0x00000007aff21f30) thrown at [/scratch/mesos/slaves/5af44a71-976a-41b7-81de-5773b84ec572-S38393/frameworks/1735e8a2-a1db-478c-8104-60c8b0af87dd-0196/executors/8b855640-c399-41ea-b65f-522

Events (10 events):
Event: 53.406 Thread 0x00007fb08261d800 DEOPT PACKING pc=0x0000000120444988 sp=0x000070000e91df40
Event: 53.406 Thread 0x00007fb08261d800 DEOPT UNPACKING pc=0x00000001188bfc9f sp=0x000070000e91dee0 mode 2
Event: 53.407 Thread 0x00007fb08261d800 Uncommon trap: trap_request=0xffffff5d fr.pc=0x00000001204c2d34 relative=0x0000000000000094
Event: 53.407 Thread 0x00007fb08261d800 DEOPT PACKING pc=0x00000001204c2d34 sp=0x000070000e91d670
Event: 53.407 Thread 0x00007fb08261d800 DEOPT UNPACKING pc=0x00000001188bfc9f sp=0x000070000e91d628 mode 2
Event: 53.407 Thread 0x00007fb08261d800 Uncommon trap: trap_request=0xffffff5d fr.pc=0x00000001204f29a8 relative=0x0000000000001508
Event: 53.407 Thread 0x00007fb08261d800 DEOPT PACKING pc=0x00000001204f29a8 sp=0x000070000e91d600
Event: 53.407 Thread 0x00007fb08261d800 DEOPT UNPACKING pc=0x00000001188bfc9f sp=0x000070000e91d568 mode 2
Event: 53.408 loading class jogamp/opengl/macosx/cgl/MacOSXCGLContext$NSOpenGLImpl$DetachGLLayerCmd
Event: 53.408 loading class jogamp/opengl/macosx/cgl/MacOSXCGLContext$NSOpenGLImpl$DetachGLLayerCmd done


Dynamic libraries:
0x00007fff54442000 	/System/Library/Frameworks/Cocoa.framework/Versions/A/Cocoa
0x00007fff607ff000 	/System/Library/Frameworks/Security.framework/Versions/A/Security
0x00007fff530b1000 	/System/Library/Frameworks/ApplicationServices.framework/Versions/A/ApplicationServices
0x00007fff7c36f000 	/usr/lib/libz.1.dylib
0x00007fff7a383000 	/usr/lib/libSystem.B.dylib
0x00007fff54bdc000 	/System/Library/Frameworks/CoreFoundation.framework/Versions/A/CoreFoundation
0x00007fff56d12000 	/System/Library/Frameworks/Foundation.framework/Versions/C/Foundation
0x00007fff7b984000 	/usr/lib/libobjc.A.dylib
0x00007fff52202000 	/System/Library/Frameworks/AppKit.framework/Versions/C/AppKit
0x00007fff547ba000 	/System/Library/Frameworks/CoreData.framework/Versions/A/CoreData
0x00007fff73db4000 	/System/Library/PrivateFrameworks/RemoteViewServices.framework/Versions/A/RemoteViewServices
0x00007fff78409000 	/System/Library/PrivateFrameworks/UIFoundation.framework/Versions/A/UIFoundation
0x00007fff68dfe000 	/System/Library/PrivateFrameworks/DFRFoundation.framework/Versions/A/DFRFoundation
0x00007fff591e9000 	/System/Library/Frameworks/Metal.framework/Versions/A/Metal
0x00007fff68f9f000 	/System/Library/PrivateFrameworks/DesktopServicesPriv.framework/Versions/A/DesktopServicesPriv
0x00007fff7af86000 	/usr/lib/libenergytrace.dylib
0x00007fff7652d000 	/System/Library/PrivateFrameworks/SkyLight.framework/Versions/A/SkyLight
0x00007fff5507e000 	/System/Library/Frameworks/CoreGraphics.framework/Versions/A/CoreGraphics
0x00007fff7a37e000 	/usr/lib/libScreenReader.dylib
0x00007fff511c3000 	/System/Library/Frameworks/Accelerate.framework/Versions/A/Accelerate
0x00007fff57489000 	/System/Library/Frameworks/IOSurface.framework/Versions/A/IOSurface
0x00007fff535fb000 	/System/Library/Frameworks/AudioToolbox.framework/Versions/A/AudioToolbox
0x00007fff53888000 	/System/Library/Frameworks/AudioUnit.framework/Versions/A/AudioUnit
0x00007fff68e9a000 	/System/Library/PrivateFrameworks/DataDetectorsCore.framework/Versions/A/DataDetectorsCore
0x00007fff53f49000 	/System/Library/Frameworks/Carbon.framework/Versions/A/Frameworks/HIToolbox.framework/Versions/A/HIToolbox
0x00007fff7b0e0000 	/usr/lib/libicucore.A.dylib
0x00007fff5fd7e000 	/System/Library/Frameworks/QuartzCore.framework/Versions/A/QuartzCore
0x00007fff5432f000 	/System/Library/Frameworks/Carbon.framework/Versions/A/Frameworks/SpeechRecognition.framework/Versions/A/SpeechRecognition
0x00007fff7a4df000 	/usr/lib/libauto.dylib
0x00007fff7c25e000 	/usr/lib/libxml2.2.dylib
0x00007fff68a78000 	/System/Library/PrivateFrameworks/CoreUI.framework/Versions/A/CoreUI
0x00007fff54696000 	/System/Library/Frameworks/CoreAudio.framework/Versions/A/CoreAudio
0x00007fff56b4c000 	/System/Library/Frameworks/DiskArbitration.framework/Versions/A/DiskArbitration
0x00007fff7b354000 	/usr/lib/liblangid.dylib
0x00007fff70303000 	/System/Library/PrivateFrameworks/MultitouchSupport.framework/Versions/A/MultitouchSupport
0x00007fff573ec000 	/System/Library/Frameworks/IOKit.framework/Versions/A/IOKit
0x00007fff7a01b000 	/usr/lib/libDiagnosticMessagesClient.dylib
0x00007fff55d3c000 	/System/Library/Frameworks/CoreServices.framework/Versions/A/CoreServices
0x00007fff71d9d000 	/System/Library/PrivateFrameworks/PerformanceAnalysis.framework/Versions/A/PerformanceAnalysis
0x00007fff5ef28000 	/System/Library/Frameworks/OpenGL.framework/Versions/A/OpenGL
0x00007fff54450000 	/System/Library/Frameworks/ColorSync.framework/Versions/A/ColorSync
0x00007fff5568d000 	/System/Library/Frameworks/CoreImage.framework/Versions/A/CoreImage
0x00007fff566bd000 	/System/Library/Frameworks/CoreText.framework/Versions/A/CoreText
0x00007fff574e7000 	/System/Library/Frameworks/ImageIO.framework/Versions/A/ImageIO
0x00007fff652d1000 	/System/Library/PrivateFrameworks/Backup.framework/Versions/A/Backup
0x00007fff7a42f000 	/usr/lib/libarchive.2.dylib
0x00007fff53b9d000 	/System/Library/Frameworks/CFNetwork.framework/Versions/A/CFNetwork
0x00007fff60f7b000 	/System/Library/Frameworks/SystemConfiguration.framework/Versions/A/SystemConfiguration
0x00007fff79f44000 	/usr/lib/libCRFSuite.dylib
0x00007fff7a5b7000 	/usr/lib/libc++.1.dylib
0x00007fff7a60e000 	/usr/lib/libc++abi.dylib
0x00007fff7c41f000 	/usr/lib/system/libcache.dylib
0x00007fff7c424000 	/usr/lib/system/libcommonCrypto.dylib
0x00007fff7c42f000 	/usr/lib/system/libcompiler_rt.dylib
0x00007fff7c437000 	/usr/lib/system/libcopyfile.dylib
0x00007fff7c440000 	/usr/lib/system/libcorecrypto.dylib
0x00007fff7c54d000 	/usr/lib/system/libdispatch.dylib
0x00007fff7c587000 	/usr/lib/system/libdyld.dylib
0x00007fff7c5a5000 	/usr/lib/system/libkeymgr.dylib
0x00007fff7c5b3000 	/usr/lib/system/liblaunch.dylib
0x00007fff7c5b4000 	/usr/lib/system/libmacho.dylib
0x00007fff7c5b9000 	/usr/lib/system/libquarantine.dylib
0x00007fff7c5bc000 	/usr/lib/system/libremovefile.dylib
0x00007fff7c5be000 	/usr/lib/system/libsystem_asl.dylib
0x00007fff7c5d6000 	/usr/lib/system/libsystem_blocks.dylib
0x00007fff7c5d7000 	/usr/lib/system/libsystem_c.dylib
0x00007fff7c661000 	/usr/lib/system/libsystem_configuration.dylib
0x00007fff7c665000 	/usr/lib/system/libsystem_coreservices.dylib
0x00007fff7c669000 	/usr/lib/system/libsystem_darwin.dylib
0x00007fff7c66b000 	/usr/lib/system/libsystem_dnssd.dylib
0x00007fff7c672000 	/usr/lib/system/libsystem_info.dylib
0x00007fff7c6e2000 	/usr/lib/system/libsystem_m.dylib
0x00007fff7c72e000 	/usr/lib/system/libsystem_malloc.dylib
0x00007fff7c74e000 	/usr/lib/system/libsystem_network.dylib
0x00007fff7c7f3000 	/usr/lib/system/libsystem_networkextension.dylib
0x00007fff7c7fe000 	/usr/lib/system/libsystem_notify.dylib
0x00007fff7c81c000 	/usr/lib/system/libsystem_sandbox.dylib
0x00007fff7c820000 	/usr/lib/system/libsystem_secinit.dylib
0x00007fff7c6bc000 	/usr/lib/system/libsystem_kernel.dylib
0x00007fff7c808000 	/usr/lib/system/libsystem_platform.dylib
0x00007fff7c810000 	/usr/lib/system/libsystem_pthread.dylib
0x00007fff7c822000 	/usr/lib/system/libsystem_symptoms.dylib
0x00007fff7c82a000 	/usr/lib/system/libsystem_trace.dylib
0x00007fff7c83f000 	/usr/lib/system/libunwind.dylib
0x00007fff7c845000 	/usr/lib/system/libxpc.dylib
0x00007fff79e71000 	/usr/lib/closure/libclosured.dylib
0x00007fff7a598000 	/usr/lib/libbsm.0.dylib
0x00007fff7c5a6000 	/usr/lib/system/libkxld.dylib
0x00007fff7a255000 	/usr/lib/libOpenScriptingUtil.dylib
0x00007fff7a908000 	/usr/lib/libcoretls.dylib
0x00007fff7a921000 	/usr/lib/libcoretls_cfhelpers.dylib
0x00007fff7bd85000 	/usr/lib/libpam.2.dylib
0x00007fff7beab000 	/usr/lib/libsqlite3.dylib
0x00007fff7c24d000 	/usr/lib/libxar.1.dylib
0x00007fff7a5a9000 	/usr/lib/libbz2.1.0.dylib
0x00007fff7b356000 	/usr/lib/liblzma.5.dylib
0x00007fff7b837000 	/usr/lib/libnetwork.dylib
0x00007fff7a418000 	/usr/lib/libapple_nghttp2.dylib
0x00007fff7bd8c000 	/usr/lib/libpcap.A.dylib
0x00007fff7a4e0000 	/usr/lib/libboringssl.dylib
0x00007fff7c20f000 	/usr/lib/libusrtcp.dylib
0x00007fff7a417000 	/usr/lib/libapple_crypto.dylib
0x00007fff560bf000 	/System/Library/Frameworks/CoreServices.framework/Versions/A/Frameworks/FSEvents.framework/Versions/A/FSEvents
0x00007fff55db2000 	/System/Library/Frameworks/CoreServices.framework/Versions/A/Frameworks/CarbonCore.framework/Versions/A/CarbonCore
0x00007fff56281000 	/System/Library/Frameworks/CoreServices.framework/Versions/A/Frameworks/Metadata.framework/Versions/A/Metadata
0x00007fff56331000 	/System/Library/Frameworks/CoreServices.framework/Versions/A/Frameworks/OSServices.framework/Versions/A/OSServices
0x00007fff5638f000 	/System/Library/Frameworks/CoreServices.framework/Versions/A/Frameworks/SearchKit.framework/Versions/A/SearchKit
0x00007fff55d3d000 	/System/Library/Frameworks/CoreServices.framework/Versions/A/Frameworks/AE.framework/Versions/A/AE
0x00007fff560c8000 	/System/Library/Frameworks/CoreServices.framework/Versions/A/Frameworks/LaunchServices.framework/Versions/A/LaunchServices
0x00007fff5608a000 	/System/Library/Frameworks/CoreServices.framework/Versions/A/Frameworks/DictionaryServices.framework/Versions/A/DictionaryServices
0x00007fff563fe000 	/System/Library/Frameworks/CoreServices.framework/Versions/A/Frameworks/SharedFileList.framework/Versions/A/SharedFileList
0x00007fff5a3b5000 	/System/Library/Frameworks/NetFS.framework/Versions/A/NetFS
0x00007fff70590000 	/System/Library/PrivateFrameworks/NetAuth.framework/Versions/A/NetAuth
0x00007fff79d0b000 	/System/Library/PrivateFrameworks/login.framework/Versions/A/Frameworks/loginsupport.framework/Versions/A/loginsupport
0x00007fff7808d000 	/System/Library/PrivateFrameworks/TCC.framework/Versions/A/TCC
0x00007fff7b437000 	/usr/lib/libmecabra.dylib
0x00007fff530b2000 	/System/Library/Frameworks/ApplicationServices.framework/Versions/A/Frameworks/ATS.framework/Versions/A/ATS
0x00007fff53460000 	/System/Library/Frameworks/ApplicationServices.framework/Versions/A/Frameworks/ColorSyncLegacy.framework/Versions/A/ColorSyncLegacy
0x00007fff53504000 	/System/Library/Frameworks/ApplicationServices.framework/Versions/A/Frameworks/HIServices.framework/Versions/A/HIServices
0x00007fff53557000 	/System/Library/Frameworks/ApplicationServices.framework/Versions/A/Frameworks/LangAnalysis.framework/Versions/A/LangAnalysis
0x00007fff53566000 	/System/Library/Frameworks/ApplicationServices.framework/Versions/A/Frameworks/PrintCore.framework/Versions/A/PrintCore
0x00007fff535b3000 	/System/Library/Frameworks/ApplicationServices.framework/Versions/A/Frameworks/QD.framework/Versions/A/QD
0x00007fff535ee000 	/System/Library/Frameworks/ApplicationServices.framework/Versions/A/Frameworks/SpeechSynthesis.framework/Versions/A/SpeechSynthesis
0x00007fff54b0f000 	/System/Library/Frameworks/CoreDisplay.framework/Versions/A/CoreDisplay
0x00007fff511db000 	/System/Library/Frameworks/Accelerate.framework/Versions/A/Frameworks/vImage.framework/Versions/A/vImage
0x00007fff51f12000 	/System/Library/Frameworks/Accelerate.framework/Versions/A/Frameworks/vecLib.framework/Versions/A/vecLib
0x00007fff51cb4000 	/System/Library/Frameworks/Accelerate.framework/Versions/A/Frameworks/vecLib.framework/Versions/A/libvDSP.dylib
0x00007fff51835000 	/System/Library/Frameworks/Accelerate.framework/Versions/A/Frameworks/vecLib.framework/Versions/A/libBNNS.dylib
0x00007fff51c3b000 	/System/Library/Frameworks/Accelerate.framework/Versions/A/Frameworks/vecLib.framework/Versions/A/libQuadrature.dylib
0x00007fff51e61000 	/System/Library/Frameworks/Accelerate.framework/Versions/A/Frameworks/vecLib.framework/Versions/A/libvMisc.dylib
0x00007fff51864000 	/System/Library/Frameworks/Accelerate.framework/Versions/A/Frameworks/vecLib.framework/Versions/A/libLAPACK.dylib
0x00007fff516da000 	/System/Library/Frameworks/Accelerate.framework/Versions/A/Frameworks/vecLib.framework/Versions/A/libBLAS.dylib
0x00007fff51c25000 	/System/Library/Frameworks/Accelerate.framework/Versions/A/Frameworks/vecLib.framework/Versions/A/libLinearAlgebra.dylib
0x00007fff51c41000 	/System/Library/Frameworks/Accelerate.framework/Versions/A/Frameworks/vecLib.framework/Versions/A/libSparse.dylib
0x00007fff51ca0000 	/System/Library/Frameworks/Accelerate.framework/Versions/A/Frameworks/vecLib.framework/Versions/A/libSparseBLAS.dylib
0x00007fff6ec32000 	/System/Library/PrivateFrameworks/IOAccelerator.framework/Versions/A/IOAccelerator
0x00007fff6ec3d000 	/System/Library/PrivateFrameworks/IOPresentment.framework/Versions/A/IOPresentment
0x00007fff68e10000 	/System/Library/PrivateFrameworks/DSExternalDisplay.framework/Versions/A/DSExternalDisplay
0x00007fff5e3aa000 	/System/Library/Frameworks/OpenGL.framework/Versions/A/Libraries/libCoreFSCache.dylib
0x00007fff5680c000 	/System/Library/Frameworks/CoreVideo.framework/Versions/A/CoreVideo
0x00007fff6e285000 	/System/Library/PrivateFrameworks/GraphVisualizer.framework/Versions/A/GraphVisualizer
0x00007fff593ac000 	/System/Library/Frameworks/MetalPerformanceShaders.framework/Versions/A/MetalPerformanceShaders
0x00007fff7a053000 	/usr/lib/libFosl_dynamic.dylib
0x00007fff69e43000 	/System/Library/PrivateFrameworks/FaceCore.framework/Versions/A/FaceCore
0x00007fff5d1b2000 	/System/Library/Frameworks/OpenCL.framework/Versions/A/OpenCL
0x00007fff7a645000 	/usr/lib/libcompression.dylib
0x00007fff531b1000 	/System/Library/Frameworks/ApplicationServices.framework/Versions/A/Frameworks/ATS.framework/Versions/A/Resources/libFontParser.dylib
0x00007fff532d4000 	/System/Library/Frameworks/ApplicationServices.framework/Versions/A/Frameworks/ATS.framework/Versions/A/Resources/libFontRegistry.dylib
0x00007fff5774c000 	/System/Library/Frameworks/ImageIO.framework/Versions/A/Resources/libJPEG.dylib
0x00007fff57a75000 	/System/Library/Frameworks/ImageIO.framework/Versions/A/Resources/libTIFF.dylib
0x00007fff57a4b000 	/System/Library/Frameworks/ImageIO.framework/Versions/A/Resources/libPng.dylib
0x00007fff5765f000 	/System/Library/Frameworks/ImageIO.framework/Versions/A/Resources/libGIF.dylib
0x00007fff57664000 	/System/Library/Frameworks/ImageIO.framework/Versions/A/Resources/libJP2.dylib
0x00007fff57a72000 	/System/Library/Frameworks/ImageIO.framework/Versions/A/Resources/libRadiance.dylib
0x00007fff64a32000 	/System/Library/PrivateFrameworks/AppleJPEG.framework/Versions/A/AppleJPEG
0x00007fff7007d000 	/System/Library/PrivateFrameworks/MetalTools.framework/Versions/A/MetalTools
0x00007fff59285000 	/System/Library/Frameworks/MetalPerformanceShaders.framework/Frameworks/MPSCore.framework/Versions/A/MPSCore
0x00007fff5929b000 	/System/Library/Frameworks/MetalPerformanceShaders.framework/Frameworks/MPSImage.framework/Versions/A/MPSImage
0x00007fff59307000 	/System/Library/Frameworks/MetalPerformanceShaders.framework/Frameworks/MPSMatrix.framework/Versions/A/MPSMatrix
0x00007fff5932b000 	/System/Library/Frameworks/MetalPerformanceShaders.framework/Frameworks/MPSNeuralNetwork.framework/Versions/A/MPSNeuralNetwork
0x00007fff5e572000 	/System/Library/Frameworks/OpenGL.framework/Versions/A/Libraries/libGLU.dylib
0x00007fff5e3b4000 	/System/Library/Frameworks/OpenGL.framework/Versions/A/Libraries/libGFXShared.dylib
0x00007fff5e3bd000 	/System/Library/Frameworks/OpenGL.framework/Versions/A/Libraries/libGL.dylib
0x00007fff5e3c9000 	/System/Library/Frameworks/OpenGL.framework/Versions/A/Libraries/libGLImage.dylib
0x00007fff5e3a7000 	/System/Library/Frameworks/OpenGL.framework/Versions/A/Libraries/libCVMSPluginSupport.dylib
0x00007fff5e3af000 	/System/Library/Frameworks/OpenGL.framework/Versions/A/Libraries/libCoreVMClient.dylib
0x00007fff7adf2000 	/usr/lib/libcups.2.dylib
0x00007fff58851000 	/System/Library/Frameworks/Kerberos.framework/Versions/A/Kerberos
0x00007fff57147000 	/System/Library/Frameworks/GSS.framework/Versions/A/GSS
0x00007fff7be3f000 	/usr/lib/libresolv.9.dylib
0x00007fff7afee000 	/usr/lib/libiconv.2.dylib
0x00007fff6e30c000 	/System/Library/PrivateFrameworks/Heimdal.framework/Versions/A/Heimdal
0x00007fff7afbd000 	/usr/lib/libheimdal-asn1.dylib
0x00007fff5d21d000 	/System/Library/Frameworks/OpenDirectory.framework/Versions/A/OpenDirectory
0x00007fff66ce8000 	/System/Library/PrivateFrameworks/CommonAuth.framework/Versions/A/CommonAuth
0x00007fff5d200000 	/System/Library/Frameworks/OpenDirectory.framework/Versions/A/Frameworks/CFOpenDirectory.framework/Versions/A/CFOpenDirectory
0x00007fff60b17000 	/System/Library/Frameworks/SecurityFoundation.framework/Versions/A/SecurityFoundation
0x00007fff63c1e000 	/System/Library/PrivateFrameworks/APFS.framework/Versions/A/APFS
0x00007fff7c249000 	/usr/lib/libutil.dylib
0x00007fff64ab5000 	/System/Library/PrivateFrameworks/AppleSauce.framework/Versions/A/AppleSauce
0x00007fff6f414000 	/System/Library/PrivateFrameworks/LinguisticData.framework/Versions/A/LinguisticData
0x00007fff7b370000 	/usr/lib/libmarisa.dylib
0x00007fff6f3ce000 	/System/Library/PrivateFrameworks/Lexicon.framework/Versions/A/Lexicon
0x00007fff79f7e000 	/usr/lib/libChineseTokenizer.dylib
0x00007fff7a634000 	/usr/lib/libcmph.dylib
0x00007fff6f2d8000 	/System/Library/PrivateFrameworks/LanguageModeling.framework/Versions/A/LanguageModeling
0x00007fff676fe000 	/System/Library/PrivateFrameworks/CoreEmoji.framework/Versions/A/CoreEmoji
0x00007fff60bd3000 	/System/Library/Frameworks/ServiceManagement.framework/Versions/A/ServiceManagement
0x00007fff652c9000 	/System/Library/PrivateFrameworks/BackgroundTaskManagement.framework/Versions/A/BackgroundTaskManagement
0x00007fff7c346000 	/usr/lib/libxslt.1.dylib
0x00007fff54259000 	/System/Library/Frameworks/Carbon.framework/Versions/A/Frameworks/Ink.framework/Versions/A/Ink
0x00007fff782a1000 	/System/Library/PrivateFrameworks/TextureIO.framework/Versions/A/TextureIO
0x00007fff7a45a000 	/usr/lib/libate.dylib
0x00007fff68d72000 	/System/Library/PrivateFrameworks/CrashReporterSupport.framework/Versions/A/CrashReporterSupport
0x00007fff756f4000 	/System/Library/PrivateFrameworks/Sharing.framework/Versions/A/Sharing
0x00007fff6f01e000 	/System/Library/PrivateFrameworks/IconServices.framework/Versions/A/IconServices
0x00007fff73bb9000 	/System/Library/PrivateFrameworks/ProtocolBuffer.framework/Versions/A/ProtocolBuffer
0x00007fff648bd000 	/System/Library/PrivateFrameworks/Apple80211.framework/Versions/A/Apple80211
0x00007fff56847000 	/System/Library/Frameworks/CoreWLAN.framework/Versions/A/CoreWLAN
0x00007fff68bad000 	/System/Library/PrivateFrameworks/CoreUtils.framework/Versions/A/CoreUtils
0x00007fff57289000 	/System/Library/Frameworks/IOBluetooth.framework/Versions/A/IOBluetooth
0x00007fff68d0d000 	/System/Library/PrivateFrameworks/CoreWiFi.framework/Versions/A/CoreWiFi
0x00007fff54790000 	/System/Library/Frameworks/CoreBluetooth.framework/Versions/A/CoreBluetooth
0x00007fff7582f000 	/System/Library/PrivateFrameworks/SignpostNotification.framework/Versions/A/SignpostNotification
0x00007fff68f5e000 	/System/Library/PrivateFrameworks/DebugSymbols.framework/Versions/A/DebugSymbols
0x00007fff68964000 	/System/Library/PrivateFrameworks/CoreSymbolication.framework/Versions/A/CoreSymbolication
0x00007fff77b17000 	/System/Library/PrivateFrameworks/Symbolication.framework/Versions/A/Symbolication
0x00007fff648e7000 	/System/Library/PrivateFrameworks/AppleFSCompression.framework/Versions/A/AppleFSCompression
0x00007fff76f78000 	/System/Library/PrivateFrameworks/SpeechRecognitionCore.framework/Versions/A/SpeechRecognitionCore
0x000000010ca00000 	/Applications/AnyLogic.app/Contents/jre/lib/server/libjvm.dylib
0x00007fff7c140000 	/usr/lib/libstdc++.6.0.9.dylib
0x000000010c00a000 	/Applications/AnyLogic.app/Contents/jre/lib/libverify.dylib
0x000000010c017000 	/Applications/AnyLogic.app/Contents/jre/lib/libjava.dylib
0x000000010c095000 	/Applications/AnyLogic.app/Contents/jre/lib/libzip.dylib
0x000000010c09d000 	/Applications/AnyLogic.app/Contents/jre/lib/libjimage.dylib
0x000000010c1ee000 	/Applications/AnyLogic.app/Contents/jre/lib/libnio.dylib
0x000000011145e000 	/Applications/AnyLogic.app/Contents/jre/lib/./libnet.dylib
0x00000001116ae000 	/Applications/AnyLogic.app/Contents/jre/lib/libawt.dylib
0x0000000111753000 	/Applications/AnyLogic.app/Contents/jre/lib/./libmlib_image.dylib
0x00007fff5883a000 	/System/Library/Frameworks/JavaVM.framework/Versions/A/Frameworks/JavaNativeFoundation.framework/Versions/A/JavaNativeFoundation
0x00007fff58843000 	/System/Library/Frameworks/JavaVM.framework/Versions/A/Frameworks/JavaRuntimeSupport.framework/Versions/A/JavaRuntimeSupport
0x00007fff5884c000 	/System/Library/Frameworks/JavaVM.framework/Versions/A/JavaVM
0x00007fff6f1db000 	/System/Library/PrivateFrameworks/JavaLaunching.framework/Versions/A/JavaLaunching
0x00007fff53f44000 	/System/Library/Frameworks/Carbon.framework/Versions/A/Carbon
0x00007fff53f45000 	/System/Library/Frameworks/Carbon.framework/Versions/A/Frameworks/CommonPanels.framework/Versions/A/CommonPanels
0x00007fff5424f000 	/System/Library/Frameworks/Carbon.framework/Versions/A/Frameworks/Help.framework/Versions/A/Help
0x00007fff54253000 	/System/Library/Frameworks/Carbon.framework/Versions/A/Frameworks/ImageCapture.framework/Versions/A/ImageCapture
0x00007fff542ef000 	/System/Library/Frameworks/Carbon.framework/Versions/A/Frameworks/OpenScripting.framework/Versions/A/OpenScripting
0x00007fff5432a000 	/System/Library/Frameworks/Carbon.framework/Versions/A/Frameworks/Print.framework/Versions/A/Print
0x00007fff5432c000 	/System/Library/Frameworks/Carbon.framework/Versions/A/Frameworks/SecurityHI.framework/Versions/A/SecurityHI
0x00000001117c1000 	/Applications/AnyLogic.app/Contents/jre/lib/libawt_lwawt.dylib
0x0000000111881000 	/Applications/AnyLogic.app/Contents/jre/lib/./libosxapp.dylib
0x00007fff56ceb000 	/System/Library/Frameworks/ExceptionHandling.framework/Versions/A/ExceptionHandling
0x0000000111a07000 	/Applications/AnyLogic.app/Contents/jre/lib/libfontmanager.dylib
0x00007fff685e4000 	/System/Library/PrivateFrameworks/CoreServicesInternal.framework/Versions/A/CoreServicesInternal
0x00007fff4d304000 	/System/Library/CoreServices/RawCamera.bundle/Contents/MacOS/RawCamera
0x00007fff700ee000 	/System/Library/PrivateFrameworks/MobileAsset.framework/Versions/A/MobileAsset
0x00007fff7741e000 	/System/Library/PrivateFrameworks/StreamingZip.framework/Versions/A/StreamingZip
0x00007fff58bcc000 	/System/Library/Frameworks/MediaToolbox.framework/Versions/A/MediaToolbox
0x00007fff67363000 	/System/Library/PrivateFrameworks/CoreAVCHD.framework/Versions/A/CoreAVCHD
0x00007fff58b22000 	/System/Library/Frameworks/MediaAccessibility.framework/Versions/A/MediaAccessibility
0x00007fff6fc3f000 	/System/Library/PrivateFrameworks/Mangrove.framework/Versions/A/Mangrove
0x00007fff55c0b000 	/System/Library/Frameworks/CoreMedia.framework/Versions/A/CoreMedia
0x00007fff611a0000 	/System/Library/Frameworks/VideoToolbox.framework/Versions/A/VideoToolbox
0x00007fff66f82000 	/System/Library/PrivateFrameworks/CoreAUC.framework/Versions/A/CoreAUC
0x00007fff7bea9000 	/usr/lib/libspindump.dylib
0x00007fff7aeca000 	/usr/lib/libdscsym.dylib
0x00007fff64baa000 	/System/Library/PrivateFrameworks/AppleVA.framework/Versions/A/AppleVA
0x00007fff511c4000 	/System/Library/Frameworks/Accelerate.framework/Versions/A/Frameworks/vImage.framework/Versions/A/Libraries/libCGInterfaces.dylib
0x00007fff533c3000 	/System/Library/Frameworks/ApplicationServices.framework/Versions/A/Frameworks/ATS.framework/Versions/A/Resources/libTrueTypeScaler.dylib
0x00007fff5ef37000 	/System/Library/Frameworks/OpenGL.framework/Versions/A/Resources/GLEngine.bundle/GLEngine
0x00007fff5e405000 	/System/Library/Frameworks/OpenGL.framework/Versions/A/Libraries/libGLProgrammability.dylib
0x000000012b9dd000 	/System/Library/Extensions/AppleIntelKBLGraphicsGLDriver.bundle/Contents/MacOS/AppleIntelKBLGraphicsGLDriver
0x00007fff6d539000 	/System/Library/PrivateFrameworks/GPUSupport.framework/Versions/A/Libraries/libGPUSupportMercury.dylib
0x00007fff5f0cf000 	/System/Library/Frameworks/OpenGL.framework/Versions/A/Resources/GLRendererFloat.bundle/GLRendererFloat
0x00007fff5d1a9000 	/System/Library/Frameworks/OpenCL.framework/Versions/A/Libraries/libcldcpuengine.dylib
0x00007fff7aabb000 	/usr/lib/libcrypto.35.dylib
0x00007fff78402000 	/System/Library/PrivateFrameworks/TrustEvaluationAgent.framework/Versions/A/TrustEvaluationAgent
0x00007fff4ec1b000 	/System/Library/Extensions/AppleIntelKBLGraphicsMTLDriver.bundle/Contents/MacOS/AppleIntelKBLGraphicsMTLDriver
0x00007fff6bed9000 	/System/Library/PrivateFrameworks/GPUCompiler.framework/Versions/3802/Libraries/libmetal_timestamp.dylib
0x00000001115fe000 	/Applications/AnyLogic.app/Contents/jre/lib/libosxui.dylib
0x00007fff79281000 	/System/Library/PrivateFrameworks/ViewBridge.framework/Versions/A/ViewBridge
0x0000000111628000 	/Applications/AnyLogic.app/Contents/Resources/Java/plugins/org.j3d.opengl.swt.carbon.osx_0.7.0/libgluegen-rt.jnilib
0x000000011162c000 	/Applications/AnyLogic.app/Contents/Resources/Java/plugins/org.j3d.opengl.swt.carbon.osx_0.7.0/libnativewindow_awt.jnilib
0x000000011162f000 	/Applications/AnyLogic.app/Contents/jre/lib/libjawt.dylib
0x0000000111632000 	/Applications/AnyLogic.app/Contents/Resources/Java/plugins/org.j3d.opengl.swt.carbon.osx_0.7.0/libnativewindow_macosx.jnilib
0x000000015bb17000 	/Applications/AnyLogic.app/Contents/Resources/Java/plugins/org.j3d.opengl.swt.carbon.osx_0.7.0/libjogl_desktop.jnilib

VM Arguments:
jvm_args: -Xmx512m -Dnativewindow.awt.nohidpi=true -DlanguageId_xjal=en011fjib -DFlowchartCountersVisible_xjal=true -DTileCachePath_xjal=/Applications/AnyLogic.app/Contents/Resources/Java/plugins/com.anylogic.gis_8.2.3.201712291404/tiles -DFlowchartPortStateAnimated_xjal=true -DuseProxy_xjal=false -Djava.library.path=/Applications/AnyLogic.app/Contents/Resources/Java/plugins/org.j3d.opengl.swt.carbon.osx_0.7.0:/Applications/AnyLogic.app/Contents/Resources/Java/plugins/org.j3d.opengl.swt.carbon.osx_0.7.0 -Dfile.encoding=UTF-8 
java_command: com.anylogic.ms.MS project1.Simulation 18355fb
java_class_path (initial): /Users/crazylurtmain/.AnyLogicPLE/Workspace8/Project1_BUILD/classes:/Applications/AnyLogic.app/Contents/Resources/Java/plugins/com.anylogic.engine_8.2.3.201712291404/com.anylogic.engine.jar:/Applications/AnyLogic.app/Contents/Resources/Java/plugins/com.anylogic.engine_8.2.3.201712291404/com.anylogic.engine.al3d.jar:/Applications/AnyLogic.app/Contents/Resources/Java/plugins/com.anylogic.engine_8.2.3.201712291404/com.anylogic.engine.resources.jar:/Applications/AnyLogic.app/Contents/Resources/Java/plugins/com.anylogic.engine_8.2.3.201712291404/com.anylogic.engine.nl.jar:/Applications/AnyLogic.app/Contents/Resources/Java/plugins/com.anylogic.optimizer_8.2.3.201712291404/lib/OptQuest.jar:/Applications/AnyLogic.app/Contents/Resources/Java/plugins/com.anylogic.third_party_libraries_8.2.3.201712291404/lib/database/hsqldb.jar:/Applications/AnyLogic.app/Contents/Resources/Java/plugins/com.anylogic.third_party_libraries_8.2.3.201712291404/lib/database/querydsl/querydsl-core-3.6.3.jar:/Applications/AnyLogic.app/Contents/Resources/Java/plugins/com.anylogic.third_party_libraries_8.2.3.201712291404/lib/database/querydsl/querydsl-sql-codegen-3.6.3.jar:/Applications/AnyLogic.app/Contents/Resources/Java/plugins/com.anylogic.third_party_libraries_8.2.3.201712291404/lib/database/querydsl/querydsl-sql-3.6.3.jar:/Applications/AnyLogic.app/Contents/Resources/Java/plugins/com.anylogic.core_8.2.3.201712291404/com.anylogic.ms.jar:/Applications/AnyLogic.app/Contents/Resources/Java/plugins/com.anylogic.process_modeling_library_8.2.3.201712291404/lib/ProcessModelingLibrary.jar:/Applications/AnyLogic.app/Contents/Resources/Java/plugins/com.anylogic.pedestrian_library_8.2.3.201712291404/lib/PedestrianLibrary.jar:/Applications/AnyLogic.app/Contents/Resources/Java/plugins/com.anylogic.rail_library_8.2.3.201712291404/lib/RailLibrary.jar:/Applications/AnyLogic.app/Contents/Resources/Java/plugins/com.anylogic.graphics3d_8.2.3.201712291404/lib/javax.vecmath_1.5.0.jar:/Appli
Launcher Type: SUN_STANDARD

Logging:
Log output configuration:
#0: stdout all=warning uptime,level,tags
#1: stderr all=off uptime,level,tags

Environment Variables:
PATH=/usr/bin:/bin:/usr/sbin:/sbin
SHELL=/bin/bash

Signal Handlers:
SIGSEGV: [libjvm.dylib+0x73e2dc], sa_mask[0]=11111111011111110111111111111111, sa_flags=SA_ONSTACK|SA_RESTART|SA_SIGINFO
SIGBUS: [libjvm.dylib+0x73e2dc], sa_mask[0]=11111111011111110111111111111111, sa_flags=SA_RESTART|SA_SIGINFO
SIGFPE: [libjvm.dylib+0x73e2dc], sa_mask[0]=11111111011111110111111111111111, sa_flags=SA_RESTART|SA_SIGINFO
SIGPIPE: [libjvm.dylib+0x5f15ac], sa_mask[0]=11111111011111110111111111111111, sa_flags=SA_RESTART|SA_SIGINFO
SIGXFSZ: [libjvm.dylib+0x5f15ac], sa_mask[0]=11111111011111110111111111111111, sa_flags=SA_RESTART|SA_SIGINFO
SIGILL: [libjvm.dylib+0x73e2dc], sa_mask[0]=11111111011111110111111111111111, sa_flags=SA_RESTART|SA_SIGINFO
SIGUSR2: [libjvm.dylib+0x5f1e3c], sa_mask[0]=00100000000000000000000000000000, sa_flags=SA_RESTART|SA_SIGINFO
SIGHUP: [libjvm.dylib+0x5f0679], sa_mask[0]=11111111011111110111111111111111, sa_flags=SA_RESTART|SA_SIGINFO
SIGINT: [libjvm.dylib+0x5f0679], sa_mask[0]=11111111011111110111111111111111, sa_flags=SA_RESTART|SA_SIGINFO
SIGTERM: [libjvm.dylib+0x5f0679], sa_mask[0]=11111111011111110111111111111111, sa_flags=SA_RESTART|SA_SIGINFO
SIGQUIT: [libjvm.dylib+0x5f0679], sa_mask[0]=11111111011111110111111111111111, sa_flags=SA_RESTART|SA_SIGINFO


---------------  S Y S T E M  ---------------

OS:uname:Darwin 17.4.0 Darwin Kernel Version 17.4.0: Sun Dec 17 09:19:54 PST 2017; root:xnu-4570.41.2~1/RELEASE_X86_64 x86_64
rlimit: STACK 8192k, CORE 0k, NPROC 1418, NOFILE 10240, AS infinity
load average:1.61 2.07 2.16

CPU:total 4 (initial active 4) (2 cores per cpu, 2 threads per core) family 6 model 142 stepping 9, cmov, cx8, fxsr, mmx, sse, sse2, sse3, ssse3, sse4.1, sse4.2, popcnt, avx, avx2, aes, clmul, erms, rtm, 3dnowpref, lzcnt, ht, tsc, tscinvbit, bmi1, bmi2, adx, fma

Memory: 4k page, physical 16777216k(1492072k free)

vm_info: Java HotSpot(TM) 64-Bit Server VM (9.0.1+11) for bsd-amd64 JRE (9.0.1+11), built on Sep 28 2017 03:49:57 by "mach5one" with gcc 4.2.1 Compatible Apple LLVM 6.1.0 (clang-602.0.49)

END.
