#
# A fatal error has been detected by the Java Runtime Environment:
#
#  SIGSEGV (0xb) at pc=0x0000000128ca60cc, pid=27403, tid=775
#
# JRE version: Java(TM) SE Runtime Environment (9.0+11) (build 9.0.1+11)
# Java VM: Java HotSpot(TM) 64-Bit Server VM (9.0.1+11, mixed mode, tiered, compressed oops, g1 gc, bsd-amd64)
# Problematic frame:
# C  [libosxapp.dylib+0x20cc]  -[NSApplicationAWT sendEvent:]+0x179
#
# No core dump will be written. Core dumps have been disabled. To enable core dumping, try "ulimit -c unlimited" before starting Java again
#
# If you would like to submit a bug report, please visit:
#   http://bugreport.java.com/bugreport/crash.jsp
# The crash happened outside the Java Virtual Machine in native code.
# See problematic frame for where to report the bug.
#

---------------  S U M M A R Y ------------

Command Line: -Xmx512m -Dnativewindow.awt.nohidpi=true -DlanguageId_xjal=en0p0goz -DFlowchartCountersVisible_xjal=true -DTileCachePath_xjal=/Applications/AnyLogic.app/Contents/Resources/Java/plugins/com.anylogic.gis_8.2.3.201712291404/tiles -DFlowchartPortStateAnimated_xjal=true -DuseProxy_xjal=false -Djava.library.path=/Applications/AnyLogic.app/Contents/Resources/Java/plugins/org.j3d.opengl.swt.carbon.osx_0.7.0:/Applications/AnyLogic.app/Contents/Resources/Java/plugins/org.j3d.opengl.swt.carbon.osx_0.7.0 -Dfile.encoding=UTF-8 com.anylogic.ms.MS project1.Simulation 1836102

Host: MacBookPro14,1 x86_64 2300 MHz, 4 cores, 16G, Darwin 17.4.0
Time: Sun Apr  8 21:06:54 2018 EDT elapsed time: 41 seconds (0d 0h 0m 41s)

---------------  T H R E A D  ---------------

Current thread (0x00007f9d3520b800):  JavaThread "AppKit Thread" daemon [_thread_in_native, id=775, stack(0x00007ffee2553000,0x00007ffee2d53000)]

Stack: [0x00007ffee2553000,0x00007ffee2d53000],  sp=0x00007ffee2d4e980,  free space=8174k
Native frames: (J=compiled Java code, A=aot compiled Java code, j=interpreted, Vv=VM code, C=native code)
C  [libosxapp.dylib+0x20cc]  -[NSApplicationAWT sendEvent:]+0x179
C  [AppKit+0x36d9d]  -[NSApplication run]+0x32c
C  [libosxapp.dylib+0x1d3a]  +[NSApplicationAWT runAWTLoopWithApp:]+0x9d
C  [libawt_lwawt.dylib+0x3a544]  +[AWTStarter starter:headless:]+0x342
C  [JavaNativeFoundation+0x6f4a]  +[JNFRunLoop _performCopiedBlock:]+0x11
C  [Foundation+0x681c5]  __NSThreadPerformPerform+0x14e
C  [CoreFoundation+0xa3721]  __CFRUNLOOP_IS_CALLING_OUT_TO_A_SOURCE0_PERFORM_FUNCTION__+0x11
C  [CoreFoundation+0x15d0ac]  __CFRunLoopDoSource0+0x6c
C  [CoreFoundation+0x86260]  __CFRunLoopDoSources0+0xd0
C  [CoreFoundation+0x856dd]  __CFRunLoopRun+0x50d
C  [CoreFoundation+0x84f43]  CFRunLoopRunSpecific+0x1e3
C  [java+0x6b2e]  CreateExecutionEnvironment+0x35c
C  [java+0x2c65]  JLI_Launch+0x5a9
C  [java+0x1b62]  main+0x186
C  [java+0x19d4]  start+0x34
C  0x0000000000000010


siginfo: si_signo: 11 (SIGSEGV), si_code: 1 (SEGV_MAPERR), si_addr: 0x0000000000000010

Register to memory mapping:

RAX=0x0000000000000000 is an unknown value
RBX=0x0000000000000000 is an unknown value
RCX=0x000000000021e000 is an unknown value
RDX=0x000000000021e000 is an unknown value
RSP=0x00007ffee2d4e980 is pointing into the stack for thread: 0x00007f9d3520b800
RBP=0x00007ffee2d4e9b0 is pointing into the stack for thread: 0x00007f9d3520b800
RSI=0x00007fff52ee23ac: .str.41.llvm.371263A9+0x4a636 in /System/Library/Frameworks/AppKit.framework/Versions/C/AppKit at 0x00007fff52202000
RDI=0x0000000000000000 is an unknown value
R8 =0x00000000000001ff is an unknown value
R9 =0x00007f9d34409ef0 is an unknown value
R10=0x00007fffae93f1b8: OBJC_CLASS_$_NSEvent+0 in /System/Library/Frameworks/AppKit.framework/Versions/C/AppKit at 0x00007fff52202000
R11=0x00007f9d349da0c0 is an unknown value
R12=0x00007f9d34409ef0 is an unknown value
R13=0x00007f9d34582920 is an unknown value
R14=0x00007fff7b98ae80: objc_msgSend+0 in /usr/lib/libobjc.A.dylib at 0x00007fff7b984000
R15=0x00007f9d34545530 is an unknown value


Registers:
RAX=0x0000000000000000, RBX=0x0000000000000000, RCX=0x000000000021e000, RDX=0x000000000021e000
RSP=0x00007ffee2d4e980, RBP=0x00007ffee2d4e9b0, RSI=0x00007fff52ee23ac, RDI=0x0000000000000000
R8 =0x00000000000001ff, R9 =0x00007f9d34409ef0, R10=0x00007fffae93f1b8, R11=0x00007f9d349da0c0
R12=0x00007f9d34409ef0, R13=0x00007f9d34582920, R14=0x00007fff7b98ae80, R15=0x00007f9d34545530
RIP=0x0000000128ca60cc, EFLAGS=0x0000000000010246, ERR=0x0000000000000004
  TRAPNO=0x000000000000000e

Top of Stack: (sp=0x00007ffee2d4e980)
0x00007ffee2d4e980:   00007ffee2d4e9a0 ffff8062cbbf6110
0x00007ffee2d4e990:   00007fff7b98ae80 00007fff7b98ae80
0x00007ffee2d4e9a0:   0000000000000001 00007f9d34545530
0x00007ffee2d4e9b0:   00007ffee2d4ea60 00007fff52238d9d
0x00007ffee2d4e9c0:   00007fff52edb3d8 00007f9d34545530
0x00007ffee2d4e9d0:   00007fff52ed40a7 00007fff52edc2c5
0x00007ffee2d4e9e0:   00007fffaeeef178 00007fff52ed2d04
0x00007ffee2d4e9f0:   00007fff52ed29da 0000000000000010
0x00007ffee2d4ea00:   00007fff52ed21ca 00007fff52ee23b2
0x00007ffee2d4ea10:   00007fff52ed2058 00007fff52ed29f4
0x00007ffee2d4ea20:   00007fff52ed2a20 0000000000000062
0x00007ffee2d4ea30:   00007fff52ed2afe 00007f9d34545530
0x00007ffee2d4ea40:   00007fff7b98ae80 0000000128caa690
0x00007ffee2d4ea50:   00007fff52edb3d8 0000000128caa6b0
0x00007ffee2d4ea60:   00007ffee2d4eaa0 0000000128ca5d3a
0x00007ffee2d4ea70:   0000000000000000 00007f9d345444b0
0x00007ffee2d4ea80:   00007fff7b98ae80 00007f9d34545530
0x00007ffee2d4ea90:   00007f9d344668c0 0000000000000000
0x00007ffee2d4eaa0:   00007ffee2d4eaf0 0000000128c1e544
0x00007ffee2d4eab0:   00007f9d34545530 0000000000000000
0x00007ffee2d4eac0:   00007f9d344668c0 00007f9d345403c0
0x00007ffee2d4ead0:   00007f9d3450bd10 00007fff52ed2058
0x00007ffee2d4eae0:   00007f9d345405f0 0000000000000000
0x00007ffee2d4eaf0:   00007ffee2d4eb10 00007fff58840f4a
0x00007ffee2d4eb00:   0000000000000018 0000000000000001
0x00007ffee2d4eb10:   00007ffee2d4eb90 00007fff56d7a1c5
0x00007ffee2d4eb20:   0000000000000001 00007fff52ed2137
0x00007ffee2d4eb30:   00007f9d3450bd10 00007f9d34540060
0x00007ffee2d4eb40:   00007fff52ed9539 00007fff52f2c513
0x00007ffee2d4eb50:   00007fff52ed953e 00007fff52ed21ca
0x00007ffee2d4eb60:   00007ffee2d4eba0 00007fff56d7a077
0x00007ffee2d4eb70:   0000000300002e88 0000000000000000 

Instructions: (pc=0x0000000128ca60cc)
0x0000000128ca60ac:   41 5f 5d c3 48 8b 35 51 58 00 00 4c 8b 35 ca 3f
0x0000000128ca60bc:   00 00 48 89 df 41 ff d6 48 89 c3 31 c0 48 89 df
0x0000000128ca60cc:   ff 53 10 48 8b 35 1a 56 00 00 48 89 df 4c 89 f0
0x0000000128ca60dc:   48 83 c4 18 5b 41 5e 41 5f 5d ff e0 55 48 89 e5 


---------------  P R O C E S S  ---------------

Java Threads: ( => current thread )
  0x00007f9d3b80f800 JavaThread "Thread-5" [_thread_blocked, id=46931, stack(0x00007000083c3000,0x00007000084c3000)]
  0x00007f9d35cf6000 JavaThread "Xj3D Content Loader" [_thread_blocked, id=69635, stack(0x0000700008cde000,0x0000700008dde000)]
  0x00007f9d35c45000 JavaThread "Xj3D Content Loader" [_thread_blocked, id=60419, stack(0x0000700008bdb000,0x0000700008cdb000)]
  0x00007f9d34961800 JavaThread "Xj3D Content Loader" [_thread_blocked, id=60179, stack(0x0000700008ad8000,0x0000700008bd8000)]
  0x00007f9d361a5000 JavaThread "AV3D Runtime" [_thread_blocked, id=70931, stack(0x00007000089d5000,0x0000700008ad5000)]
  0x00007f9d39915000 JavaThread "AnyLogic presentation frame manager" daemon [_thread_blocked, id=71699, stack(0x00007000088d2000,0x00007000089d2000)]
  0x00007f9d3500c800 JavaThread "DestroyJavaVM" [_thread_blocked, id=9987, stack(0x0000700006769000,0x0000700006869000)]
  0x00007f9d398dd800 JavaThread "TimerQueue" daemon [_thread_blocked, id=72451, stack(0x00007000087cf000,0x00007000088cf000)]
  0x00007f9d356bd000 JavaThread "AnyLogic simulation performance monitor" [_thread_blocked, id=58375, stack(0x00007000086cc000,0x00007000087cc000)]
  0x00007f9d34a68000 JavaThread "AWT-EventQueue-0" [_thread_in_native, id=74059, stack(0x00007000084c6000,0x00007000085c6000)]
  0x00007f9d34a06000 JavaThread "Java2D Disposer" daemon [_thread_blocked, id=54035, stack(0x00007000082c0000,0x00007000083c0000)]
  0x00007f9d3490b800 JavaThread "Java2D Queue Flusher" daemon [_thread_blocked, id=83067, stack(0x00007000081bd000,0x00007000082bd000)]
  0x00007f9d3520a800 JavaThread "AWT-Shutdown" [_thread_blocked, id=28715, stack(0x0000700007f31000,0x0000700008031000)]
=>0x00007f9d3520b800 JavaThread "AppKit Thread" daemon [_thread_in_native, id=775, stack(0x00007ffee2553000,0x00007ffee2d53000)]
  0x00007f9d3500b800 JavaThread "Service Thread" daemon [_thread_blocked, id=23043, stack(0x0000700007ca8000,0x0000700007da8000)]
  0x00007f9d34818000 JavaThread "Common-Cleaner" daemon [_thread_blocked, id=22787, stack(0x0000700007ba5000,0x0000700007ca5000)]
  0x00007f9d34816800 JavaThread "Sweeper thread" daemon [_thread_blocked, id=42755, stack(0x0000700007aa2000,0x0000700007ba2000)]
  0x00007f9d34815800 JavaThread "C1 CompilerThread2" daemon [_thread_in_vm, id=22275, stack(0x000070000799f000,0x0000700007a9f000)]
  0x00007f9d358e4000 JavaThread "C2 CompilerThread1" daemon [_thread_blocked, id=43267, stack(0x000070000789c000,0x000070000799c000)]
  0x00007f9d36011800 JavaThread "C2 CompilerThread0" daemon [_thread_blocked, id=21763, stack(0x0000700007799000,0x0000700007899000)]
  0x00007f9d34815000 JavaThread "Signal Dispatcher" daemon [_thread_blocked, id=14855, stack(0x0000700007696000,0x0000700007796000)]
  0x00007f9d3482b000 JavaThread "Finalizer" daemon [_thread_blocked, id=17667, stack(0x0000700007593000,0x0000700007693000)]
  0x00007f9d358b6800 JavaThread "Reference Handler" daemon [_thread_blocked, id=13827, stack(0x0000700007490000,0x0000700007590000)]

Other Threads:
  0x00007f9d358d0800 VMThread "VM Thread" [stack: 0x000070000738d000,0x000070000748d000] [id=13571]
  0x00007f9d3505c000 WatcherThread [stack: 0x0000700007dab000,0x0000700007eab000] [id=41731]
  0x00007f9d3580f000 GCTaskThread "GC Thread#0" [stack: 0x000070000686c000,0x000070000696c000] [id=10755]
  0x00007f9d3580f800 GCTaskThread "GC Thread#1" [stack: 0x000070000696f000,0x0000700006a6f000] [id=11267]
  0x00007f9d35810800 GCTaskThread "GC Thread#2" [stack: 0x0000700006a72000,0x0000700006b72000] [id=21251]
  0x00007f9d35811000 GCTaskThread "GC Thread#3" [stack: 0x0000700006b75000,0x0000700006c75000] [id=20739]
  0x00007f9d3582f800 ConcurrentGCThread "G1 Main Marker" [stack: 0x0000700007187000,0x0000700007287000] [id=19459]
  0x00007f9d35830000 ConcurrentGCThread "G1 Marker#0" [stack: 0x000070000728a000,0x000070000738a000] [id=18691]
  0x00007f9d35813000 ConcurrentGCThread "G1 Refine#0" [stack: 0x0000700006f81000,0x0000700007081000] [id=12547]
  0x00007f9d35015800 ConcurrentGCThread "G1 Refine#1" [stack: 0x0000700006e7e000,0x0000700006f7e000] [id=19971]
  0x00007f9d35812800 ConcurrentGCThread "G1 Refine#2" [stack: 0x0000700006d7b000,0x0000700006e7b000] [id=12035]
  0x00007f9d35811800 ConcurrentGCThread "G1 Refine#3" [stack: 0x0000700006c78000,0x0000700006d78000] [id=11523]
  0x00007f9d35814000 ConcurrentGCThread "G1 Young RemSet Sampling" [stack: 0x0000700007084000,0x0000700007184000] [id=13059]

Threads with active compile tasks:
C1 CompilerThread24516   !   3       java.awt.KeyboardFocusManager::clearMostRecentFocusOwner (110 bytes)

VM state:not at safepoint (normal execution)

VM Mutex/Monitor currently owned by a thread: None

Heap address: 0x00000007a0000000, size: 512 MB, Compressed Oops mode: Zero based, Oop shift amount: 3
Narrow klass base: 0x0000000000000000, Narrow klass shift: 3
Compressed class space size: 1073741824 Address: 0x00000007c0000000

Heap:
 garbage-first heap   total 111616K, used 34484K [0x00000007a0000000, 0x00000007a0100368, 0x00000007c0000000)
  region size 1024K, 2 young (2048K), 0 survivors (0K)
 Metaspace       used 36353K, capacity 37585K, committed 37752K, reserved 1081344K
  class space    used 4733K, capacity 4971K, committed 4984K, reserved 1048576K
Heap Regions: E=young(eden), S=young(survivor), O=old, HS=humongous(starts), HC=humongous(continues), CS=collection set, F=free, A=archive, TS=gc time stamp, AC=allocation context, TAMS=top-at-mark-start (previous, next)
|   0|0x00000007a0000000, 0x00000007a00ffff8, 0x00000007a0100000| 99%| O|  |TS  0|AC  0|TAMS 0x00000007a0000000, 0x00000007a0000000|
|   1|0x00000007a0100000, 0x00000007a0200000, 0x00000007a0200000|100%| O|  |TS  0|AC  0|TAMS 0x00000007a0100000, 0x00000007a0100000|
|   2|0x00000007a0200000, 0x00000007a02f9908, 0x00000007a0300000| 97%| O|  |TS  0|AC  0|TAMS 0x00000007a0200000, 0x00000007a0200000|
|   3|0x00000007a0300000, 0x00000007a03ffff8, 0x00000007a0400000| 99%| O|  |TS  0|AC  0|TAMS 0x00000007a0300000, 0x00000007a0300000|
|   4|0x00000007a0400000, 0x00000007a04fffb8, 0x00000007a0500000| 99%| O|  |TS  0|AC  0|TAMS 0x00000007a0400000, 0x00000007a0400000|
|   5|0x00000007a0500000, 0x00000007a0600000, 0x00000007a0600000|100%|HS|  |TS  0|AC  0|TAMS 0x00000007a0500000, 0x00000007a0500000|
|   6|0x00000007a0600000, 0x00000007a0700000, 0x00000007a0700000|100%|HC|  |TS  0|AC  0|TAMS 0x00000007a0600000, 0x00000007a0600000|
|   7|0x00000007a0700000, 0x00000007a0800000, 0x00000007a0800000|100%|HC|  |TS  0|AC  0|TAMS 0x00000007a0700000, 0x00000007a0700000|
|   8|0x00000007a0800000, 0x00000007a08fff78, 0x00000007a0900000| 99%| O|  |TS  0|AC  0|TAMS 0x00000007a0800000, 0x00000007a0800000|
|   9|0x00000007a0900000, 0x00000007a09fffe8, 0x00000007a0a00000| 99%| O|  |TS  0|AC  0|TAMS 0x00000007a0900000, 0x00000007a0900000|
|  10|0x00000007a0a00000, 0x00000007a0affff0, 0x00000007a0b00000| 99%| O|  |TS  0|AC  0|TAMS 0x00000007a0a00000, 0x00000007a0a00000|
|  11|0x00000007a0b00000, 0x00000007a0c00000, 0x00000007a0c00000|100%|HS|  |TS  0|AC  0|TAMS 0x00000007a0b00000, 0x00000007a0b00000|
|  12|0x00000007a0c00000, 0x00000007a0d00000, 0x00000007a0d00000|100%|HC|  |TS  0|AC  0|TAMS 0x00000007a0c00000, 0x00000007a0c00000|
|  13|0x00000007a0d00000, 0x00000007a0e00000, 0x00000007a0e00000|100%|HC|  |TS  0|AC  0|TAMS 0x00000007a0d00000, 0x00000007a0d00000|
|  14|0x00000007a0e00000, 0x00000007a0f00000, 0x00000007a0f00000|100%|HS|  |TS  0|AC  0|TAMS 0x00000007a0e00000, 0x00000007a0e00000|
|  15|0x00000007a0f00000, 0x00000007a1000000, 0x00000007a1000000|100%|HC|  |TS  0|AC  0|TAMS 0x00000007a0f00000, 0x00000007a0f00000|
|  16|0x00000007a1000000, 0x00000007a1100000, 0x00000007a1100000|100%|HC|  |TS  0|AC  0|TAMS 0x00000007a1000000, 0x00000007a1000000|
|  17|0x00000007a1100000, 0x00000007a11fc648, 0x00000007a1200000| 98%| O|  |TS  0|AC  0|TAMS 0x00000007a1100000, 0x00000007a1100000|
|  18|0x00000007a1200000, 0x00000007a12d00f0, 0x00000007a1300000| 81%| O|  |TS  0|AC  0|TAMS 0x00000007a1200000, 0x00000007a1200000|
|  19|0x00000007a1300000, 0x00000007a13f7fd0, 0x00000007a1400000| 96%| O|  |TS  0|AC  0|TAMS 0x00000007a1300000, 0x00000007a1300000|
|  20|0x00000007a1400000, 0x00000007a14fff60, 0x00000007a1500000| 99%| O|  |TS  0|AC  0|TAMS 0x00000007a1400000, 0x00000007a1400000|
|  21|0x00000007a1500000, 0x00000007a15fd670, 0x00000007a1600000| 98%| O|  |TS  0|AC  0|TAMS 0x00000007a1500000, 0x00000007a1500000|
|  22|0x00000007a1600000, 0x00000007a16ffff0, 0x00000007a1700000| 99%| O|  |TS  0|AC  0|TAMS 0x00000007a1600000, 0x00000007a1600000|
|  23|0x00000007a1700000, 0x00000007a17ff118, 0x00000007a1800000| 99%| O|  |TS  0|AC  0|TAMS 0x00000007a1700000, 0x00000007a1700000|
|  24|0x00000007a1800000, 0x00000007a18fac88, 0x00000007a1900000| 97%| O|  |TS  0|AC  0|TAMS 0x00000007a1800000, 0x00000007a1800000|
|  25|0x00000007a1900000, 0x00000007a19fe170, 0x00000007a1a00000| 99%| O|  |TS  0|AC  0|TAMS 0x00000007a1900000, 0x00000007a1900000|
|  26|0x00000007a1a00000, 0x00000007a1afe0a0, 0x00000007a1b00000| 99%| O|  |TS  0|AC  0|TAMS 0x00000007a1a00000, 0x00000007a1a00000|
|  27|0x00000007a1b00000, 0x00000007a1bfe1d8, 0x00000007a1c00000| 99%| O|  |TS  0|AC  0|TAMS 0x00000007a1b00000, 0x00000007a1b00000|
|  28|0x00000007a1c00000, 0x00000007a1cfe4e0, 0x00000007a1d00000| 99%| O|  |TS  0|AC  0|TAMS 0x00000007a1c00000, 0x00000007a1c00000|
|  29|0x00000007a1d00000, 0x00000007a1dfe2a8, 0x00000007a1e00000| 99%| O|  |TS  0|AC  0|TAMS 0x00000007a1d00000, 0x00000007a1d00000|
|  30|0x00000007a1e00000, 0x00000007a1efd8a0, 0x00000007a1f00000| 99%| O|  |TS  0|AC  0|TAMS 0x00000007a1e00000, 0x00000007a1e00000|
|  31|0x00000007a1f00000, 0x00000007a1ffe0e0, 0x00000007a2000000| 99%| O|  |TS  0|AC  0|TAMS 0x00000007a1f00000, 0x00000007a1f00000|
|  32|0x00000007a2000000, 0x00000007a20ffff8, 0x00000007a2100000| 99%| O|  |TS  0|AC  0|TAMS 0x00000007a2000000, 0x00000007a2000000|
|  33|0x00000007a2100000, 0x00000007a2105928, 0x00000007a2200000|  2%| O|  |TS  0|AC  0|TAMS 0x00000007a2100000, 0x00000007a2100000|
|  34|0x00000007a2200000, 0x00000007a2200000, 0x00000007a2300000|  0%| F|  |TS  0|AC  0|TAMS 0x00000007a2200000, 0x00000007a2200000|
|  35|0x00000007a2300000, 0x00000007a2300000, 0x00000007a2400000|  0%| F|  |TS  0|AC  0|TAMS 0x00000007a2300000, 0x00000007a2300000|
|  36|0x00000007a2400000, 0x00000007a2400000, 0x00000007a2500000|  0%| F|  |TS  0|AC  0|TAMS 0x00000007a2400000, 0x00000007a2400000|
|  37|0x00000007a2500000, 0x00000007a2500000, 0x00000007a2600000|  0%| F|  |TS  0|AC  0|TAMS 0x00000007a2500000, 0x00000007a2500000|
|  38|0x00000007a2600000, 0x00000007a2600000, 0x00000007a2700000|  0%| F|  |TS  0|AC  0|TAMS 0x00000007a2600000, 0x00000007a2600000|
|  39|0x00000007a2700000, 0x00000007a2700000, 0x00000007a2800000|  0%| F|  |TS  0|AC  0|TAMS 0x00000007a2700000, 0x00000007a2700000|
|  40|0x00000007a2800000, 0x00000007a2800000, 0x00000007a2900000|  0%| F|  |TS  0|AC  0|TAMS 0x00000007a2800000, 0x00000007a2800000|
|  41|0x00000007a2900000, 0x00000007a2900000, 0x00000007a2a00000|  0%| F|  |TS  0|AC  0|TAMS 0x00000007a2900000, 0x00000007a2900000|
|  42|0x00000007a2a00000, 0x00000007a2a00000, 0x00000007a2b00000|  0%| F|  |TS  0|AC  0|TAMS 0x00000007a2a00000, 0x00000007a2a00000|
|  43|0x00000007a2b00000, 0x00000007a2b00000, 0x00000007a2c00000|  0%| F|  |TS  0|AC  0|TAMS 0x00000007a2b00000, 0x00000007a2b00000|
|  44|0x00000007a2c00000, 0x00000007a2c00000, 0x00000007a2d00000|  0%| F|  |TS  0|AC  0|TAMS 0x00000007a2c00000, 0x00000007a2c00000|
|  45|0x00000007a2d00000, 0x00000007a2d00000, 0x00000007a2e00000|  0%| F|  |TS  0|AC  0|TAMS 0x00000007a2d00000, 0x00000007a2d00000|
|  46|0x00000007a2e00000, 0x00000007a2e00000, 0x00000007a2f00000|  0%| F|  |TS  0|AC  0|TAMS 0x00000007a2e00000, 0x00000007a2e00000|
|  47|0x00000007a2f00000, 0x00000007a2f00000, 0x00000007a3000000|  0%| F|  |TS  0|AC  0|TAMS 0x00000007a2f00000, 0x00000007a2f00000|
|  48|0x00000007a3000000, 0x00000007a3000000, 0x00000007a3100000|  0%| F|  |TS  0|AC  0|TAMS 0x00000007a3000000, 0x00000007a3000000|
|  49|0x00000007a3100000, 0x00000007a3100000, 0x00000007a3200000|  0%| F|  |TS  0|AC  0|TAMS 0x00000007a3100000, 0x00000007a3100000|
|  50|0x00000007a3200000, 0x00000007a3200000, 0x00000007a3300000|  0%| F|  |TS  0|AC  0|TAMS 0x00000007a3200000, 0x00000007a3200000|
|  51|0x00000007a3300000, 0x00000007a3300000, 0x00000007a3400000|  0%| F|  |TS  0|AC  0|TAMS 0x00000007a3300000, 0x00000007a3300000|
|  52|0x00000007a3400000, 0x00000007a3400000, 0x00000007a3500000|  0%| F|  |TS  0|AC  0|TAMS 0x00000007a3400000, 0x00000007a3400000|
|  53|0x00000007a3500000, 0x00000007a3500000, 0x00000007a3600000|  0%| F|  |TS  0|AC  0|TAMS 0x00000007a3500000, 0x00000007a3500000|
|  54|0x00000007a3600000, 0x00000007a3600000, 0x00000007a3700000|  0%| F|  |TS  0|AC  0|TAMS 0x00000007a3600000, 0x00000007a3600000|
|  55|0x00000007a3700000, 0x00000007a3700000, 0x00000007a3800000|  0%| F|  |TS  0|AC  0|TAMS 0x00000007a3700000, 0x00000007a3700000|
|  56|0x00000007a3800000, 0x00000007a3800000, 0x00000007a3900000|  0%| F|  |TS  0|AC  0|TAMS 0x00000007a3800000, 0x00000007a3800000|
|  57|0x00000007a3900000, 0x00000007a3900000, 0x00000007a3a00000|  0%| F|  |TS  0|AC  0|TAMS 0x00000007a3900000, 0x00000007a3900000|
|  58|0x00000007a3a00000, 0x00000007a3a00000, 0x00000007a3b00000|  0%| F|  |TS  0|AC  0|TAMS 0x00000007a3a00000, 0x00000007a3a00000|
|  59|0x00000007a3b00000, 0x00000007a3b00000, 0x00000007a3c00000|  0%| F|  |TS  0|AC  0|TAMS 0x00000007a3b00000, 0x00000007a3b00000|
|  60|0x00000007a3c00000, 0x00000007a3c00000, 0x00000007a3d00000|  0%| F|  |TS  0|AC  0|TAMS 0x00000007a3c00000, 0x00000007a3c00000|
|  61|0x00000007a3d00000, 0x00000007a3d00000, 0x00000007a3e00000|  0%| F|  |TS  0|AC  0|TAMS 0x00000007a3d00000, 0x00000007a3d00000|
|  62|0x00000007a3e00000, 0x00000007a3e00000, 0x00000007a3f00000|  0%| F|  |TS  0|AC  0|TAMS 0x00000007a3e00000, 0x00000007a3e00000|
|  63|0x00000007a3f00000, 0x00000007a3f00000, 0x00000007a4000000|  0%| F|  |TS  0|AC  0|TAMS 0x00000007a3f00000, 0x00000007a3f00000|
|  64|0x00000007a4000000, 0x00000007a4000000, 0x00000007a4100000|  0%| F|  |TS  0|AC  0|TAMS 0x00000007a4000000, 0x00000007a4000000|
|  65|0x00000007a4100000, 0x00000007a4100000, 0x00000007a4200000|  0%| F|  |TS  0|AC  0|TAMS 0x00000007a4100000, 0x00000007a4100000|
|  66|0x00000007a4200000, 0x00000007a4200000, 0x00000007a4300000|  0%| F|  |TS  0|AC  0|TAMS 0x00000007a4200000, 0x00000007a4200000|
|  67|0x00000007a4300000, 0x00000007a4300000, 0x00000007a4400000|  0%| F|  |TS  0|AC  0|TAMS 0x00000007a4300000, 0x00000007a4300000|
|  68|0x00000007a4400000, 0x00000007a4400000, 0x00000007a4500000|  0%| F|  |TS  0|AC  0|TAMS 0x00000007a4400000, 0x00000007a4400000|
|  69|0x00000007a4500000, 0x00000007a4500000, 0x00000007a4600000|  0%| F|  |TS  0|AC  0|TAMS 0x00000007a4500000, 0x00000007a4500000|
|  70|0x00000007a4600000, 0x00000007a4600000, 0x00000007a4700000|  0%| F|  |TS  0|AC  0|TAMS 0x00000007a4600000, 0x00000007a4600000|
|  71|0x00000007a4700000, 0x00000007a4700000, 0x00000007a4800000|  0%| F|  |TS  0|AC  0|TAMS 0x00000007a4700000, 0x00000007a4700000|
|  72|0x00000007a4800000, 0x00000007a4800000, 0x00000007a4900000|  0%| F|  |TS  0|AC  0|TAMS 0x00000007a4800000, 0x00000007a4800000|
|  73|0x00000007a4900000, 0x00000007a4900000, 0x00000007a4a00000|  0%| F|  |TS  0|AC  0|TAMS 0x00000007a4900000, 0x00000007a4900000|
|  74|0x00000007a4a00000, 0x00000007a4a00000, 0x00000007a4b00000|  0%| F|  |TS  0|AC  0|TAMS 0x00000007a4a00000, 0x00000007a4a00000|
|  75|0x00000007a4b00000, 0x00000007a4b00000, 0x00000007a4c00000|  0%| F|  |TS  0|AC  0|TAMS 0x00000007a4b00000, 0x00000007a4b00000|
|  76|0x00000007a4c00000, 0x00000007a4c00000, 0x00000007a4d00000|  0%| F|  |TS  0|AC  0|TAMS 0x00000007a4c00000, 0x00000007a4c00000|
|  77|0x00000007a4d00000, 0x00000007a4d00000, 0x00000007a4e00000|  0%| F|  |TS  0|AC  0|TAMS 0x00000007a4d00000, 0x00000007a4d00000|
|  78|0x00000007a4e00000, 0x00000007a4e00000, 0x00000007a4f00000|  0%| F|  |TS  0|AC  0|TAMS 0x00000007a4e00000, 0x00000007a4e00000|
|  79|0x00000007a4f00000, 0x00000007a4f00000, 0x00000007a5000000|  0%| F|  |TS  0|AC  0|TAMS 0x00000007a4f00000, 0x00000007a4f00000|
|  80|0x00000007a5000000, 0x00000007a5000000, 0x00000007a5100000|  0%| F|  |TS  0|AC  0|TAMS 0x00000007a5000000, 0x00000007a5000000|
|  81|0x00000007a5100000, 0x00000007a5100000, 0x00000007a5200000|  0%| F|  |TS  0|AC  0|TAMS 0x00000007a5100000, 0x00000007a5100000|
|  82|0x00000007a5200000, 0x00000007a5200000, 0x00000007a5300000|  0%| F|  |TS  0|AC  0|TAMS 0x00000007a5200000, 0x00000007a5200000|
|  83|0x00000007a5300000, 0x00000007a5300000, 0x00000007a5400000|  0%| F|  |TS  0|AC  0|TAMS 0x00000007a5300000, 0x00000007a5300000|
|  84|0x00000007a5400000, 0x00000007a5400000, 0x00000007a5500000|  0%| F|  |TS  0|AC  0|TAMS 0x00000007a5400000, 0x00000007a5400000|
|  85|0x00000007a5500000, 0x00000007a5500000, 0x00000007a5600000|  0%| F|  |TS  0|AC  0|TAMS 0x00000007a5500000, 0x00000007a5500000|
|  86|0x00000007a5600000, 0x00000007a5600000, 0x00000007a5700000|  0%| F|  |TS  0|AC  0|TAMS 0x00000007a5600000, 0x00000007a5600000|
|  87|0x00000007a5700000, 0x00000007a5700000, 0x00000007a5800000|  0%| F|  |TS  0|AC  0|TAMS 0x00000007a5700000, 0x00000007a5700000|
|  88|0x00000007a5800000, 0x00000007a5800000, 0x00000007a5900000|  0%| F|  |TS  0|AC  0|TAMS 0x00000007a5800000, 0x00000007a5800000|
|  89|0x00000007a5900000, 0x00000007a5900000, 0x00000007a5a00000|  0%| F|  |TS  0|AC  0|TAMS 0x00000007a5900000, 0x00000007a5900000|
|  90|0x00000007a5a00000, 0x00000007a5a00000, 0x00000007a5b00000|  0%| F|  |TS  0|AC  0|TAMS 0x00000007a5a00000, 0x00000007a5a00000|
|  91|0x00000007a5b00000, 0x00000007a5b00000, 0x00000007a5c00000|  0%| F|  |TS  0|AC  0|TAMS 0x00000007a5b00000, 0x00000007a5b00000|
|  92|0x00000007a5c00000, 0x00000007a5c00000, 0x00000007a5d00000|  0%| F|  |TS  0|AC  0|TAMS 0x00000007a5c00000, 0x00000007a5c00000|
|  93|0x00000007a5d00000, 0x00000007a5d00000, 0x00000007a5e00000|  0%| F|  |TS  0|AC  0|TAMS 0x00000007a5d00000, 0x00000007a5d00000|
|  94|0x00000007a5e00000, 0x00000007a5e00000, 0x00000007a5f00000|  0%| F|  |TS  0|AC  0|TAMS 0x00000007a5e00000, 0x00000007a5e00000|
|  95|0x00000007a5f00000, 0x00000007a5f00000, 0x00000007a6000000|  0%| F|  |TS  0|AC  0|TAMS 0x00000007a5f00000, 0x00000007a5f00000|
|  96|0x00000007a6000000, 0x00000007a6000000, 0x00000007a6100000|  0%| F|  |TS  0|AC  0|TAMS 0x00000007a6000000, 0x00000007a6000000|
|  97|0x00000007a6100000, 0x00000007a6100000, 0x00000007a6200000|  0%| F|  |TS  0|AC  0|TAMS 0x00000007a6100000, 0x00000007a6100000|
|  98|0x00000007a6200000, 0x00000007a6200000, 0x00000007a6300000|  0%| F|  |TS  0|AC  0|TAMS 0x00000007a6200000, 0x00000007a6200000|
|  99|0x00000007a6300000, 0x00000007a6300000, 0x00000007a6400000|  0%| F|  |TS  0|AC  0|TAMS 0x00000007a6300000, 0x00000007a6300000|
| 100|0x00000007a6400000, 0x00000007a6400000, 0x00000007a6500000|  0%| F|  |TS  0|AC  0|TAMS 0x00000007a6400000, 0x00000007a6400000|
| 101|0x00000007a6500000, 0x00000007a6500000, 0x00000007a6600000|  0%| F|  |TS  0|AC  0|TAMS 0x00000007a6500000, 0x00000007a6500000|
| 102|0x00000007a6600000, 0x00000007a6600000, 0x00000007a6700000|  0%| F|  |TS  0|AC  0|TAMS 0x00000007a6600000, 0x00000007a6600000|
| 103|0x00000007a6700000, 0x00000007a6700000, 0x00000007a6800000|  0%| F|  |TS  0|AC  0|TAMS 0x00000007a6700000, 0x00000007a6700000|
| 104|0x00000007a6800000, 0x00000007a6800000, 0x00000007a6900000|  0%| F|  |TS  0|AC  0|TAMS 0x00000007a6800000, 0x00000007a6800000|
| 105|0x00000007a6900000, 0x00000007a6900000, 0x00000007a6a00000|  0%| F|  |TS  0|AC  0|TAMS 0x00000007a6900000, 0x00000007a6900000|
| 106|0x00000007a6a00000, 0x00000007a6a00000, 0x00000007a6b00000|  0%| F|  |TS  0|AC  0|TAMS 0x00000007a6a00000, 0x00000007a6a00000|
| 107|0x00000007a6b00000, 0x00000007a6bfab80, 0x00000007a6c00000| 97%| E|  |TS  0|AC  0|TAMS 0x00000007a6b00000, 0x00000007a6b00000|
| 108|0x00000007a6c00000, 0x00000007a6d00000, 0x00000007a6d00000|100%| E|CS|TS  0|AC  0|TAMS 0x00000007a6c00000, 0x00000007a6c00000|

Card table byte_map: [0x0000000115928000,0x0000000115a28000] byte_map_base: 0x0000000111c28000

Marking Bits (Prev, Next): (CMBitMap*) 0x00007f9d3582ec70, (CMBitMap*) 0x00007f9d3582eca8
 Prev Bits: [0x0000000124f0f000, 0x000000012570f000)
 Next Bits: [0x000000012570f000, 0x0000000125f0f000)

Polling page: 0x000000010cf22000

CodeHeap 'non-profiled nmethods': size=120032Kb used=2237Kb max_used=2237Kb free=117794Kb
 bounds [0x000000011d9d7000, 0x000000011dc47000, 0x0000000124f0f000]
CodeHeap 'profiled nmethods': size=120032Kb used=10674Kb max_used=10674Kb free=109357Kb
 bounds [0x000000011649f000, 0x0000000116f0f000, 0x000000011d9d7000]
CodeHeap 'non-nmethods': size=5696Kb used=1736Kb max_used=1785Kb free=3959Kb
 bounds [0x0000000115f0f000, 0x000000011617f000, 0x000000011649f000]
 total_blobs=6812 nmethods=4511 adapters=1124
 compilation: enabled

Compilation events (10 events):
Event: 41.192 Thread 0x00007f9d34815800 nmethod 4503 0x0000000116effd90 code [0x0000000116efffe0, 0x0000000116f00a68]
Event: 41.192 Thread 0x00007f9d34815800 4505       3       java.awt.Component::getLocationOnWindow (61 bytes)
Event: 41.193 Thread 0x00007f9d34815800 nmethod 4505 0x0000000116f00d90 code [0x0000000116f01000, 0x0000000116f01cf8]
Event: 41.193 Thread 0x00007f9d358e4000 nmethod 4504 0x000000011dc05d10 code [0x000000011dc05ea0, 0x000000011dc05fd8]
Event: 41.193 Thread 0x00007f9d34815800 4506       3       java.awt.Component::getLocation (5 bytes)
Event: 41.193 Thread 0x00007f9d34815800 nmethod 4506 0x0000000116f02010 code [0x0000000116f021e0, 0x0000000116f025f0]
Event: 41.193 Thread 0x00007f9d34815800 4507       3       java.awt.Component::location (5 bytes)
Event: 41.194 Thread 0x00007f9d34815800 nmethod 4507 0x0000000116f02790 code [0x0000000116f02960, 0x0000000116f02c90]
Event: 41.194 Thread 0x00007f9d34815800 4508       3       java.awt.Component::location_NoClientCode (16 bytes)
Event: 41.194 Thread 0x00007f9d34815800 nmethod 4508 0x0000000116f02e10 code [0x0000000116f02fe0, 0x0000000116f032b0]

GC Heap History (10 events):
Event: 2.385 GC heap before
{Heap before GC invocations=2 (full 0):
 garbage-first heap   total 262144K, used 20589K [0x00000007a0000000, 0x00000007a0100800, 0x00000007c0000000)
  region size 1024K, 11 young (11264K), 2 survivors (2048K)
 Metaspace       used 20194K, capacity 21206K, committed 21296K, reserved 1067008K
  class space    used 2674K, capacity 2892K, committed 2944K, reserved 1048576K
}
Event: 2.390 GC heap after
{Heap after GC invocations=3 (full 0):
 garbage-first heap   total 262144K, used 14094K [0x00000007a0000000, 0x00000007a0100800, 0x00000007c0000000)
  region size 1024K, 4 young (4096K), 4 survivors (4096K)
 Metaspace       used 20194K, capacity 21206K, committed 21296K, reserved 1067008K
  class space    used 2674K, capacity 2892K, committed 2944K, reserved 1048576K
}
Event: 7.105 GC heap before
{Heap before GC invocations=4 (full 0):
 garbage-first heap   total 262144K, used 81678K [0x00000007a0000000, 0x00000007a0100800, 0x00000007c0000000)
  region size 1024K, 47 young (48128K), 4 survivors (4096K)
 Metaspace       used 30391K, capacity 31511K, committed 31744K, reserved 1077248K
  class space    used 4066K, capacity 4292K, committed 4352K, reserved 1048576K
}
Event: 7.115 GC heap after
{Heap after GC invocations=5 (full 0):
 garbage-first heap   total 262144K, used 47202K [0x00000007a0000000, 0x00000007a0100800, 0x00000007c0000000)
  region size 1024K, 6 young (6144K), 6 survivors (6144K)
 Metaspace       used 30391K, capacity 31511K, committed 31744K, reserved 1077248K
  class space    used 4066K, capacity 4292K, committed 4352K, reserved 1048576K
}
Event: 7.923 GC heap before
{Heap before GC invocations=5 (full 0):
 garbage-first heap   total 262144K, used 71778K [0x00000007a0000000, 0x00000007a0100800, 0x00000007c0000000)
  region size 1024K, 31 young (31744K), 6 survivors (6144K)
 Metaspace       used 34257K, capacity 35419K, committed 35584K, reserved 1079296K
  class space    used 4580K, capacity 4836K, committed 4864K, reserved 1048576K
}
Event: 7.935 GC heap after
{Heap after GC invocations=6 (full 0):
 garbage-first heap   total 262144K, used 39973K [0x00000007a0000000, 0x00000007a0100800, 0x00000007c0000000)
  region size 1024K, 15 young (15360K), 15 survivors (15360K)
 Metaspace       used 34257K, capacity 35419K, committed 35584K, reserved 1079296K
  class space    used 4580K, capacity 4836K, committed 4864K, reserved 1048576K
}
Event: 22.479 GC heap before
{Heap before GC invocations=7 (full 0):
 garbage-first heap   total 262144K, used 90050K [0x00000007a0000000, 0x00000007a0100800, 0x00000007c0000000)
  region size 1024K, 67 young (68608K), 15 survivors (15360K)
 Metaspace       used 36038K, capacity 37243K, committed 37496K, reserved 1081344K
  class space    used 4713K, capacity 4966K, committed 4984K, reserved 1048576K
}
Event: 22.491 GC heap after
{Heap after GC invocations=8 (full 0):
 garbage-first heap   total 262144K, used 40702K [0x00000007a0000000, 0x00000007a0100800, 0x00000007c0000000)
  region size 1024K, 9 young (9216K), 9 survivors (9216K)
 Metaspace       used 36038K, capacity 37243K, committed 37496K, reserved 1081344K
  class space    used 4713K, capacity 4966K, committed 4984K, reserved 1048576K
}
Event: 41.101 GC heap before
{Heap before GC invocations=8 (full 0):
 garbage-first heap   total 262144K, used 87806K [0x00000007a0000000, 0x00000007a0100800, 0x00000007c0000000)
  region size 1024K, 56 young (57344K), 9 survivors (9216K)
 Metaspace       used 36269K, capacity 37521K, committed 37752K, reserved 1081344K
  class space    used 4727K, capacity 4971K, committed 4984K, reserved 1048576K
}
Event: 41.163 GC heap after
{Heap after GC invocations=9 (full 1):
 garbage-first heap   total 111616K, used 33460K [0x00000007a0000000, 0x00000007a0100368, 0x00000007c0000000)
  region size 1024K, 0 young (0K), 0 survivors (0K)
 Metaspace       used 36269K, capacity 37521K, committed 37752K, reserved 1081344K
  class space    used 4727K, capacity 4971K, committed 4984K, reserved 1048576K
}

Deoptimization events (10 events):
Event: 29.303 Thread 0x00007f9d34a68000 Uncommon trap: reason=unstable_if action=reinterpret pc=0x000000011dbb0098 method=java.awt.EventQueue.uncacheEQItem(Lsun/awt/EventQueueItem;)V @ 23 c2
Event: 32.331 Thread 0x00007f9d34a68000 Uncommon trap: reason=unstable_if action=reinterpret pc=0x000000011dbdde5c method=java.util.concurrent.locks.AbstractQueuedSynchronizer.isOnSyncQueue(Ljava/util/concurrent/locks/AbstractQueuedSynchronizer$Node;)Z @ 22 c2
Event: 35.331 Thread 0x00007f9d34a68000 Uncommon trap: reason=unstable_if action=reinterpret pc=0x000000011dbe6b24 method=java.util.concurrent.locks.AbstractQueuedSynchronizer.isOnSyncQueue(Ljava/util/concurrent/locks/AbstractQueuedSynchronizer$Node;)Z @ 22 c2
Event: 39.218 Thread 0x00007f9d34a68000 Uncommon trap: reason=class_check action=maybe_recompile pc=0x000000011dbc8884 method=java.awt.Container.getMouseEventTargetImpl(IIZLjava/awt/Container$EventTargetFilter;ZZ)Ljava/awt/Component; @ 64 c2
Event: 39.701 Thread 0x00007f9d34a68000 Uncommon trap: reason=unstable_if action=reinterpret pc=0x000000011dbc85a0 method=java.awt.Container$MouseEventTargetFilter.accept(Ljava/awt/Component;)Z @ 23 c2
Event: 39.704 Thread 0x00007f9d34a68000 Uncommon trap: reason=unstable_if action=reinterpret pc=0x000000011dbcade0 method=java.awt.Container$MouseEventTargetFilter.accept(Ljava/awt/Component;)Z @ 23 c2
Event: 39.745 Thread 0x00007f9d34a68000 Uncommon trap: reason=unstable_if action=reinterpret pc=0x000000011dbaac1c method=java.awt.Container.findComponentAtImpl(IIZ)Ljava/awt/Component; @ 24 c2
Event: 41.187 Thread 0x00007f9d34a68000 Uncommon trap: reason=unstable_if action=reinterpret pc=0x000000011db78134 method=sun.java2d.pipe.Region.appendSpan([I)V @ 9 c2
Event: 41.191 Thread 0x00007f9d34a68000 Uncommon trap: reason=unstable_if action=reinterpret pc=0x000000011db67f34 method=sun.java2d.pipe.Region.isInsideQuickCheck(Lsun/java2d/pipe/Region;)Z @ 37 c2
Event: 41.191 Thread 0x00007f9d34a68000 Uncommon trap: reason=unstable_if action=reinterpret pc=0x000000011db9b280 method=sun.java2d.pipe.Region.filterSpans(Lsun/java2d/pipe/Region;Lsun/java2d/pipe/Region;I)V @ 632 c2

Classes redefined (0 events):
No events

Internal exceptions (10 events):
Event: 7.705 Thread 0x00007f9d34a68000 Exception <a 'java/lang/NoSuchMethodError'{0x00000007af1339c8}: method resolution failed> (0x00000007af1339c8) thrown at [/scratch/mesos/slaves/5af44a71-976a-41b7-81de-5773b84ec572-S38393/frameworks/1735e8a2-a1db-478c-8104-60c8b0af87dd-0196/executors/8b85
Event: 7.706 Thread 0x00007f9d34a68000 Exception <a 'java/lang/NoSuchMethodError'{0x00000007af137cb0}: method resolution failed> (0x00000007af137cb0) thrown at [/scratch/mesos/slaves/5af44a71-976a-41b7-81de-5773b84ec572-S38393/frameworks/1735e8a2-a1db-478c-8104-60c8b0af87dd-0196/executors/8b85
Event: 7.723 Thread 0x00007f9d361a5000 Exception <a 'java/io/FileNotFoundException'{0x00000007aef263b0}> (0x00000007aef263b0) thrown at [/scratch/mesos/slaves/5af44a71-976a-41b7-81de-5773b84ec572-S38393/frameworks/1735e8a2-a1db-478c-8104-60c8b0af87dd-0196/executors/8b855640-c399-41ea-b65f-5227
Event: 7.791 Thread 0x00007f9d34a68000 Exception <a 'java/lang/NoSuchMethodError'{0x00000007aeddae98}: method resolution failed> (0x00000007aeddae98) thrown at [/scratch/mesos/slaves/5af44a71-976a-41b7-81de-5773b84ec572-S38393/frameworks/1735e8a2-a1db-478c-8104-60c8b0af87dd-0196/executors/8b85
Event: 7.791 Thread 0x00007f9d34a68000 Exception <a 'java/lang/NoSuchMethodError'{0x00000007aede1510}: java.lang.invoke.DirectMethodHandle$Holder.invokeStatic(Ljava/lang/Object;Ljava/lang/Object;IIII)Ljava/lang/Object;> (0x00000007aede1510) thrown at [/scratch/mesos/slaves/5af44a71-976a-41b7-8
Event: 7.792 Thread 0x00007f9d34a68000 Exception <a 'java/lang/NoSuchMethodError'{0x00000007aede52f0}: method resolution failed> (0x00000007aede52f0) thrown at [/scratch/mesos/slaves/5af44a71-976a-41b7-81de-5773b84ec572-S38393/frameworks/1735e8a2-a1db-478c-8104-60c8b0af87dd-0196/executors/8b85
Event: 7.798 Thread 0x00007f9d34a68000 Exception <a 'java/lang/NoSuchMethodError'{0x00000007aedfeef8}: method resolution failed> (0x00000007aedfeef8) thrown at [/scratch/mesos/slaves/5af44a71-976a-41b7-81de-5773b84ec572-S38393/frameworks/1735e8a2-a1db-478c-8104-60c8b0af87dd-0196/executors/8b85
Event: 7.798 Thread 0x00007f9d34a68000 Exception <a 'java/lang/NoSuchMethodError'{0x00000007aec62c80}: java.lang.invoke.DirectMethodHandle$Holder.invokeStatic(Ljava/lang/Object;ILjava/lang/Object;Ljava/lang/Object;)Ljava/lang/Object;> (0x00000007aec62c80) thrown at [/scratch/mesos/slaves/5af44
Event: 7.798 Thread 0x00007f9d34a68000 Exception <a 'java/lang/NoSuchMethodError'{0x00000007aec66a68}: java.lang.invoke.DirectMethodHandle$Holder.invokeSpecial(Ljava/lang/Object;Ljava/lang/Object;ILjava/lang/Object;Ljava/lang/Object;)Ljava/lang/Object;> (0x00000007aec66a68) thrown at [/scratch
Event: 7.939 Thread 0x00007f9d3482b000 Exception <a 'java/lang/NullPointerException'{0x00000007affc2ae0}> (0x00000007affc2ae0) thrown at [/scratch/mesos/slaves/5af44a71-976a-41b7-81de-5773b84ec572-S38393/frameworks/1735e8a2-a1db-478c-8104-60c8b0af87dd-0196/executors/8b855640-c399-41ea-b65f-522

Events (10 events):
Event: 41.191 Thread 0x00007f9d34a68000 Uncommon trap: trap_request=0xffffff5d fr.pc=0x000000011db67f34 relative=0x0000000000000094
Event: 41.191 Thread 0x00007f9d34a68000 DEOPT PACKING pc=0x000000011db67f34 sp=0x00007000085c3630
Event: 41.191 Thread 0x00007f9d34a68000 DEOPT UNPACKING pc=0x0000000115f5cc9f sp=0x00007000085c35e8 mode 2
Event: 41.191 Thread 0x00007f9d34a68000 Uncommon trap: trap_request=0xffffff5d fr.pc=0x000000011db9b280 relative=0x0000000000001260
Event: 41.191 Thread 0x00007f9d34a68000 DEOPT PACKING pc=0x000000011db9b280 sp=0x00007000085c35c0
Event: 41.191 Thread 0x00007f9d34a68000 DEOPT UNPACKING pc=0x0000000115f5cc9f sp=0x00007000085c3528 mode 2
Event: 41.192 loading class jogamp/opengl/macosx/cgl/MacOSXCGLContext$NSOpenGLImpl$DetachGLLayerCmd
Event: 41.192 loading class jogamp/opengl/macosx/cgl/MacOSXCGLContext$NSOpenGLImpl$DetachGLLayerCmd done
Event: 41.192 loading class jogamp/nativewindow/jawt/macosx/MacOSXJAWTWindow$4
Event: 41.192 loading class jogamp/nativewindow/jawt/macosx/MacOSXJAWTWindow$4 done


Dynamic libraries:
0x00007fff54442000 	/System/Library/Frameworks/Cocoa.framework/Versions/A/Cocoa
0x00007fff607ff000 	/System/Library/Frameworks/Security.framework/Versions/A/Security
0x00007fff530b1000 	/System/Library/Frameworks/ApplicationServices.framework/Versions/A/ApplicationServices
0x00007fff7c36f000 	/usr/lib/libz.1.dylib
0x00007fff7a383000 	/usr/lib/libSystem.B.dylib
0x00007fff54bdc000 	/System/Library/Frameworks/CoreFoundation.framework/Versions/A/CoreFoundation
0x00007fff56d12000 	/System/Library/Frameworks/Foundation.framework/Versions/C/Foundation
0x00007fff7b984000 	/usr/lib/libobjc.A.dylib
0x00007fff52202000 	/System/Library/Frameworks/AppKit.framework/Versions/C/AppKit
0x00007fff547ba000 	/System/Library/Frameworks/CoreData.framework/Versions/A/CoreData
0x00007fff73db4000 	/System/Library/PrivateFrameworks/RemoteViewServices.framework/Versions/A/RemoteViewServices
0x00007fff78409000 	/System/Library/PrivateFrameworks/UIFoundation.framework/Versions/A/UIFoundation
0x00007fff68dfe000 	/System/Library/PrivateFrameworks/DFRFoundation.framework/Versions/A/DFRFoundation
0x00007fff591e9000 	/System/Library/Frameworks/Metal.framework/Versions/A/Metal
0x00007fff68f9f000 	/System/Library/PrivateFrameworks/DesktopServicesPriv.framework/Versions/A/DesktopServicesPriv
0x00007fff7af86000 	/usr/lib/libenergytrace.dylib
0x00007fff7652d000 	/System/Library/PrivateFrameworks/SkyLight.framework/Versions/A/SkyLight
0x00007fff5507e000 	/System/Library/Frameworks/CoreGraphics.framework/Versions/A/CoreGraphics
0x00007fff7a37e000 	/usr/lib/libScreenReader.dylib
0x00007fff511c3000 	/System/Library/Frameworks/Accelerate.framework/Versions/A/Accelerate
0x00007fff57489000 	/System/Library/Frameworks/IOSurface.framework/Versions/A/IOSurface
0x00007fff535fb000 	/System/Library/Frameworks/AudioToolbox.framework/Versions/A/AudioToolbox
0x00007fff53888000 	/System/Library/Frameworks/AudioUnit.framework/Versions/A/AudioUnit
0x00007fff68e9a000 	/System/Library/PrivateFrameworks/DataDetectorsCore.framework/Versions/A/DataDetectorsCore
0x00007fff53f49000 	/System/Library/Frameworks/Carbon.framework/Versions/A/Frameworks/HIToolbox.framework/Versions/A/HIToolbox
0x00007fff7b0e0000 	/usr/lib/libicucore.A.dylib
0x00007fff5fd7e000 	/System/Library/Frameworks/QuartzCore.framework/Versions/A/QuartzCore
0x00007fff5432f000 	/System/Library/Frameworks/Carbon.framework/Versions/A/Frameworks/SpeechRecognition.framework/Versions/A/SpeechRecognition
0x00007fff7a4df000 	/usr/lib/libauto.dylib
0x00007fff7c25e000 	/usr/lib/libxml2.2.dylib
0x00007fff68a78000 	/System/Library/PrivateFrameworks/CoreUI.framework/Versions/A/CoreUI
0x00007fff54696000 	/System/Library/Frameworks/CoreAudio.framework/Versions/A/CoreAudio
0x00007fff56b4c000 	/System/Library/Frameworks/DiskArbitration.framework/Versions/A/DiskArbitration
0x00007fff7b354000 	/usr/lib/liblangid.dylib
0x00007fff70303000 	/System/Library/PrivateFrameworks/MultitouchSupport.framework/Versions/A/MultitouchSupport
0x00007fff573ec000 	/System/Library/Frameworks/IOKit.framework/Versions/A/IOKit
0x00007fff7a01b000 	/usr/lib/libDiagnosticMessagesClient.dylib
0x00007fff55d3c000 	/System/Library/Frameworks/CoreServices.framework/Versions/A/CoreServices
0x00007fff71d9d000 	/System/Library/PrivateFrameworks/PerformanceAnalysis.framework/Versions/A/PerformanceAnalysis
0x00007fff5ef28000 	/System/Library/Frameworks/OpenGL.framework/Versions/A/OpenGL
0x00007fff54450000 	/System/Library/Frameworks/ColorSync.framework/Versions/A/ColorSync
0x00007fff5568d000 	/System/Library/Frameworks/CoreImage.framework/Versions/A/CoreImage
0x00007fff566bd000 	/System/Library/Frameworks/CoreText.framework/Versions/A/CoreText
0x00007fff574e7000 	/System/Library/Frameworks/ImageIO.framework/Versions/A/ImageIO
0x00007fff652d1000 	/System/Library/PrivateFrameworks/Backup.framework/Versions/A/Backup
0x00007fff7a42f000 	/usr/lib/libarchive.2.dylib
0x00007fff53b9d000 	/System/Library/Frameworks/CFNetwork.framework/Versions/A/CFNetwork
0x00007fff60f7b000 	/System/Library/Frameworks/SystemConfiguration.framework/Versions/A/SystemConfiguration
0x00007fff79f44000 	/usr/lib/libCRFSuite.dylib
0x00007fff7a5b7000 	/usr/lib/libc++.1.dylib
0x00007fff7a60e000 	/usr/lib/libc++abi.dylib
0x00007fff7c41f000 	/usr/lib/system/libcache.dylib
0x00007fff7c424000 	/usr/lib/system/libcommonCrypto.dylib
0x00007fff7c42f000 	/usr/lib/system/libcompiler_rt.dylib
0x00007fff7c437000 	/usr/lib/system/libcopyfile.dylib
0x00007fff7c440000 	/usr/lib/system/libcorecrypto.dylib
0x00007fff7c54d000 	/usr/lib/system/libdispatch.dylib
0x00007fff7c587000 	/usr/lib/system/libdyld.dylib
0x00007fff7c5a5000 	/usr/lib/system/libkeymgr.dylib
0x00007fff7c5b3000 	/usr/lib/system/liblaunch.dylib
0x00007fff7c5b4000 	/usr/lib/system/libmacho.dylib
0x00007fff7c5b9000 	/usr/lib/system/libquarantine.dylib
0x00007fff7c5bc000 	/usr/lib/system/libremovefile.dylib
0x00007fff7c5be000 	/usr/lib/system/libsystem_asl.dylib
0x00007fff7c5d6000 	/usr/lib/system/libsystem_blocks.dylib
0x00007fff7c5d7000 	/usr/lib/system/libsystem_c.dylib
0x00007fff7c661000 	/usr/lib/system/libsystem_configuration.dylib
0x00007fff7c665000 	/usr/lib/system/libsystem_coreservices.dylib
0x00007fff7c669000 	/usr/lib/system/libsystem_darwin.dylib
0x00007fff7c66b000 	/usr/lib/system/libsystem_dnssd.dylib
0x00007fff7c672000 	/usr/lib/system/libsystem_info.dylib
0x00007fff7c6e2000 	/usr/lib/system/libsystem_m.dylib
0x00007fff7c72e000 	/usr/lib/system/libsystem_malloc.dylib
0x00007fff7c74e000 	/usr/lib/system/libsystem_network.dylib
0x00007fff7c7f3000 	/usr/lib/system/libsystem_networkextension.dylib
0x00007fff7c7fe000 	/usr/lib/system/libsystem_notify.dylib
0x00007fff7c81c000 	/usr/lib/system/libsystem_sandbox.dylib
0x00007fff7c820000 	/usr/lib/system/libsystem_secinit.dylib
0x00007fff7c6bc000 	/usr/lib/system/libsystem_kernel.dylib
0x00007fff7c808000 	/usr/lib/system/libsystem_platform.dylib
0x00007fff7c810000 	/usr/lib/system/libsystem_pthread.dylib
0x00007fff7c822000 	/usr/lib/system/libsystem_symptoms.dylib
0x00007fff7c82a000 	/usr/lib/system/libsystem_trace.dylib
0x00007fff7c83f000 	/usr/lib/system/libunwind.dylib
0x00007fff7c845000 	/usr/lib/system/libxpc.dylib
0x00007fff79e71000 	/usr/lib/closure/libclosured.dylib
0x00007fff7a598000 	/usr/lib/libbsm.0.dylib
0x00007fff7c5a6000 	/usr/lib/system/libkxld.dylib
0x00007fff7a255000 	/usr/lib/libOpenScriptingUtil.dylib
0x00007fff7a908000 	/usr/lib/libcoretls.dylib
0x00007fff7a921000 	/usr/lib/libcoretls_cfhelpers.dylib
0x00007fff7bd85000 	/usr/lib/libpam.2.dylib
0x00007fff7beab000 	/usr/lib/libsqlite3.dylib
0x00007fff7c24d000 	/usr/lib/libxar.1.dylib
0x00007fff7a5a9000 	/usr/lib/libbz2.1.0.dylib
0x00007fff7b356000 	/usr/lib/liblzma.5.dylib
0x00007fff7b837000 	/usr/lib/libnetwork.dylib
0x00007fff7a418000 	/usr/lib/libapple_nghttp2.dylib
0x00007fff7bd8c000 	/usr/lib/libpcap.A.dylib
0x00007fff7a4e0000 	/usr/lib/libboringssl.dylib
0x00007fff7c20f000 	/usr/lib/libusrtcp.dylib
0x00007fff7a417000 	/usr/lib/libapple_crypto.dylib
0x00007fff560bf000 	/System/Library/Frameworks/CoreServices.framework/Versions/A/Frameworks/FSEvents.framework/Versions/A/FSEvents
0x00007fff55db2000 	/System/Library/Frameworks/CoreServices.framework/Versions/A/Frameworks/CarbonCore.framework/Versions/A/CarbonCore
0x00007fff56281000 	/System/Library/Frameworks/CoreServices.framework/Versions/A/Frameworks/Metadata.framework/Versions/A/Metadata
0x00007fff56331000 	/System/Library/Frameworks/CoreServices.framework/Versions/A/Frameworks/OSServices.framework/Versions/A/OSServices
0x00007fff5638f000 	/System/Library/Frameworks/CoreServices.framework/Versions/A/Frameworks/SearchKit.framework/Versions/A/SearchKit
0x00007fff55d3d000 	/System/Library/Frameworks/CoreServices.framework/Versions/A/Frameworks/AE.framework/Versions/A/AE
0x00007fff560c8000 	/System/Library/Frameworks/CoreServices.framework/Versions/A/Frameworks/LaunchServices.framework/Versions/A/LaunchServices
0x00007fff5608a000 	/System/Library/Frameworks/CoreServices.framework/Versions/A/Frameworks/DictionaryServices.framework/Versions/A/DictionaryServices
0x00007fff563fe000 	/System/Library/Frameworks/CoreServices.framework/Versions/A/Frameworks/SharedFileList.framework/Versions/A/SharedFileList
0x00007fff5a3b5000 	/System/Library/Frameworks/NetFS.framework/Versions/A/NetFS
0x00007fff70590000 	/System/Library/PrivateFrameworks/NetAuth.framework/Versions/A/NetAuth
0x00007fff79d0b000 	/System/Library/PrivateFrameworks/login.framework/Versions/A/Frameworks/loginsupport.framework/Versions/A/loginsupport
0x00007fff7808d000 	/System/Library/PrivateFrameworks/TCC.framework/Versions/A/TCC
0x00007fff7b437000 	/usr/lib/libmecabra.dylib
0x00007fff530b2000 	/System/Library/Frameworks/ApplicationServices.framework/Versions/A/Frameworks/ATS.framework/Versions/A/ATS
0x00007fff53460000 	/System/Library/Frameworks/ApplicationServices.framework/Versions/A/Frameworks/ColorSyncLegacy.framework/Versions/A/ColorSyncLegacy
0x00007fff53504000 	/System/Library/Frameworks/ApplicationServices.framework/Versions/A/Frameworks/HIServices.framework/Versions/A/HIServices
0x00007fff53557000 	/System/Library/Frameworks/ApplicationServices.framework/Versions/A/Frameworks/LangAnalysis.framework/Versions/A/LangAnalysis
0x00007fff53566000 	/System/Library/Frameworks/ApplicationServices.framework/Versions/A/Frameworks/PrintCore.framework/Versions/A/PrintCore
0x00007fff535b3000 	/System/Library/Frameworks/ApplicationServices.framework/Versions/A/Frameworks/QD.framework/Versions/A/QD
0x00007fff535ee000 	/System/Library/Frameworks/ApplicationServices.framework/Versions/A/Frameworks/SpeechSynthesis.framework/Versions/A/SpeechSynthesis
0x00007fff54b0f000 	/System/Library/Frameworks/CoreDisplay.framework/Versions/A/CoreDisplay
0x00007fff511db000 	/System/Library/Frameworks/Accelerate.framework/Versions/A/Frameworks/vImage.framework/Versions/A/vImage
0x00007fff51f12000 	/System/Library/Frameworks/Accelerate.framework/Versions/A/Frameworks/vecLib.framework/Versions/A/vecLib
0x00007fff51cb4000 	/System/Library/Frameworks/Accelerate.framework/Versions/A/Frameworks/vecLib.framework/Versions/A/libvDSP.dylib
0x00007fff51835000 	/System/Library/Frameworks/Accelerate.framework/Versions/A/Frameworks/vecLib.framework/Versions/A/libBNNS.dylib
0x00007fff51c3b000 	/System/Library/Frameworks/Accelerate.framework/Versions/A/Frameworks/vecLib.framework/Versions/A/libQuadrature.dylib
0x00007fff51e61000 	/System/Library/Frameworks/Accelerate.framework/Versions/A/Frameworks/vecLib.framework/Versions/A/libvMisc.dylib
0x00007fff51864000 	/System/Library/Frameworks/Accelerate.framework/Versions/A/Frameworks/vecLib.framework/Versions/A/libLAPACK.dylib
0x00007fff516da000 	/System/Library/Frameworks/Accelerate.framework/Versions/A/Frameworks/vecLib.framework/Versions/A/libBLAS.dylib
0x00007fff51c25000 	/System/Library/Frameworks/Accelerate.framework/Versions/A/Frameworks/vecLib.framework/Versions/A/libLinearAlgebra.dylib
0x00007fff51c41000 	/System/Library/Frameworks/Accelerate.framework/Versions/A/Frameworks/vecLib.framework/Versions/A/libSparse.dylib
0x00007fff51ca0000 	/System/Library/Frameworks/Accelerate.framework/Versions/A/Frameworks/vecLib.framework/Versions/A/libSparseBLAS.dylib
0x00007fff6ec32000 	/System/Library/PrivateFrameworks/IOAccelerator.framework/Versions/A/IOAccelerator
0x00007fff6ec3d000 	/System/Library/PrivateFrameworks/IOPresentment.framework/Versions/A/IOPresentment
0x00007fff68e10000 	/System/Library/PrivateFrameworks/DSExternalDisplay.framework/Versions/A/DSExternalDisplay
0x00007fff5e3aa000 	/System/Library/Frameworks/OpenGL.framework/Versions/A/Libraries/libCoreFSCache.dylib
0x00007fff5680c000 	/System/Library/Frameworks/CoreVideo.framework/Versions/A/CoreVideo
0x00007fff6e285000 	/System/Library/PrivateFrameworks/GraphVisualizer.framework/Versions/A/GraphVisualizer
0x00007fff593ac000 	/System/Library/Frameworks/MetalPerformanceShaders.framework/Versions/A/MetalPerformanceShaders
0x00007fff7a053000 	/usr/lib/libFosl_dynamic.dylib
0x00007fff69e43000 	/System/Library/PrivateFrameworks/FaceCore.framework/Versions/A/FaceCore
0x00007fff5d1b2000 	/System/Library/Frameworks/OpenCL.framework/Versions/A/OpenCL
0x00007fff7a645000 	/usr/lib/libcompression.dylib
0x00007fff531b1000 	/System/Library/Frameworks/ApplicationServices.framework/Versions/A/Frameworks/ATS.framework/Versions/A/Resources/libFontParser.dylib
0x00007fff532d4000 	/System/Library/Frameworks/ApplicationServices.framework/Versions/A/Frameworks/ATS.framework/Versions/A/Resources/libFontRegistry.dylib
0x00007fff5774c000 	/System/Library/Frameworks/ImageIO.framework/Versions/A/Resources/libJPEG.dylib
0x00007fff57a75000 	/System/Library/Frameworks/ImageIO.framework/Versions/A/Resources/libTIFF.dylib
0x00007fff57a4b000 	/System/Library/Frameworks/ImageIO.framework/Versions/A/Resources/libPng.dylib
0x00007fff5765f000 	/System/Library/Frameworks/ImageIO.framework/Versions/A/Resources/libGIF.dylib
0x00007fff57664000 	/System/Library/Frameworks/ImageIO.framework/Versions/A/Resources/libJP2.dylib
0x00007fff57a72000 	/System/Library/Frameworks/ImageIO.framework/Versions/A/Resources/libRadiance.dylib
0x00007fff64a32000 	/System/Library/PrivateFrameworks/AppleJPEG.framework/Versions/A/AppleJPEG
0x00007fff7007d000 	/System/Library/PrivateFrameworks/MetalTools.framework/Versions/A/MetalTools
0x00007fff59285000 	/System/Library/Frameworks/MetalPerformanceShaders.framework/Frameworks/MPSCore.framework/Versions/A/MPSCore
0x00007fff5929b000 	/System/Library/Frameworks/MetalPerformanceShaders.framework/Frameworks/MPSImage.framework/Versions/A/MPSImage
0x00007fff59307000 	/System/Library/Frameworks/MetalPerformanceShaders.framework/Frameworks/MPSMatrix.framework/Versions/A/MPSMatrix
0x00007fff5932b000 	/System/Library/Frameworks/MetalPerformanceShaders.framework/Frameworks/MPSNeuralNetwork.framework/Versions/A/MPSNeuralNetwork
0x00007fff5e572000 	/System/Library/Frameworks/OpenGL.framework/Versions/A/Libraries/libGLU.dylib
0x00007fff5e3b4000 	/System/Library/Frameworks/OpenGL.framework/Versions/A/Libraries/libGFXShared.dylib
0x00007fff5e3bd000 	/System/Library/Frameworks/OpenGL.framework/Versions/A/Libraries/libGL.dylib
0x00007fff5e3c9000 	/System/Library/Frameworks/OpenGL.framework/Versions/A/Libraries/libGLImage.dylib
0x00007fff5e3a7000 	/System/Library/Frameworks/OpenGL.framework/Versions/A/Libraries/libCVMSPluginSupport.dylib
0x00007fff5e3af000 	/System/Library/Frameworks/OpenGL.framework/Versions/A/Libraries/libCoreVMClient.dylib
0x00007fff7adf2000 	/usr/lib/libcups.2.dylib
0x00007fff58851000 	/System/Library/Frameworks/Kerberos.framework/Versions/A/Kerberos
0x00007fff57147000 	/System/Library/Frameworks/GSS.framework/Versions/A/GSS
0x00007fff7be3f000 	/usr/lib/libresolv.9.dylib
0x00007fff7afee000 	/usr/lib/libiconv.2.dylib
0x00007fff6e30c000 	/System/Library/PrivateFrameworks/Heimdal.framework/Versions/A/Heimdal
0x00007fff7afbd000 	/usr/lib/libheimdal-asn1.dylib
0x00007fff5d21d000 	/System/Library/Frameworks/OpenDirectory.framework/Versions/A/OpenDirectory
0x00007fff66ce8000 	/System/Library/PrivateFrameworks/CommonAuth.framework/Versions/A/CommonAuth
0x00007fff5d200000 	/System/Library/Frameworks/OpenDirectory.framework/Versions/A/Frameworks/CFOpenDirectory.framework/Versions/A/CFOpenDirectory
0x00007fff60b17000 	/System/Library/Frameworks/SecurityFoundation.framework/Versions/A/SecurityFoundation
0x00007fff63c1e000 	/System/Library/PrivateFrameworks/APFS.framework/Versions/A/APFS
0x00007fff7c249000 	/usr/lib/libutil.dylib
0x00007fff64ab5000 	/System/Library/PrivateFrameworks/AppleSauce.framework/Versions/A/AppleSauce
0x00007fff6f414000 	/System/Library/PrivateFrameworks/LinguisticData.framework/Versions/A/LinguisticData
0x00007fff7b370000 	/usr/lib/libmarisa.dylib
0x00007fff6f3ce000 	/System/Library/PrivateFrameworks/Lexicon.framework/Versions/A/Lexicon
0x00007fff79f7e000 	/usr/lib/libChineseTokenizer.dylib
0x00007fff7a634000 	/usr/lib/libcmph.dylib
0x00007fff6f2d8000 	/System/Library/PrivateFrameworks/LanguageModeling.framework/Versions/A/LanguageModeling
0x00007fff676fe000 	/System/Library/PrivateFrameworks/CoreEmoji.framework/Versions/A/CoreEmoji
0x00007fff60bd3000 	/System/Library/Frameworks/ServiceManagement.framework/Versions/A/ServiceManagement
0x00007fff652c9000 	/System/Library/PrivateFrameworks/BackgroundTaskManagement.framework/Versions/A/BackgroundTaskManagement
0x00007fff7c346000 	/usr/lib/libxslt.1.dylib
0x00007fff54259000 	/System/Library/Frameworks/Carbon.framework/Versions/A/Frameworks/Ink.framework/Versions/A/Ink
0x00007fff782a1000 	/System/Library/PrivateFrameworks/TextureIO.framework/Versions/A/TextureIO
0x00007fff7a45a000 	/usr/lib/libate.dylib
0x00007fff68d72000 	/System/Library/PrivateFrameworks/CrashReporterSupport.framework/Versions/A/CrashReporterSupport
0x00007fff756f4000 	/System/Library/PrivateFrameworks/Sharing.framework/Versions/A/Sharing
0x00007fff6f01e000 	/System/Library/PrivateFrameworks/IconServices.framework/Versions/A/IconServices
0x00007fff73bb9000 	/System/Library/PrivateFrameworks/ProtocolBuffer.framework/Versions/A/ProtocolBuffer
0x00007fff648bd000 	/System/Library/PrivateFrameworks/Apple80211.framework/Versions/A/Apple80211
0x00007fff56847000 	/System/Library/Frameworks/CoreWLAN.framework/Versions/A/CoreWLAN
0x00007fff68bad000 	/System/Library/PrivateFrameworks/CoreUtils.framework/Versions/A/CoreUtils
0x00007fff57289000 	/System/Library/Frameworks/IOBluetooth.framework/Versions/A/IOBluetooth
0x00007fff68d0d000 	/System/Library/PrivateFrameworks/CoreWiFi.framework/Versions/A/CoreWiFi
0x00007fff54790000 	/System/Library/Frameworks/CoreBluetooth.framework/Versions/A/CoreBluetooth
0x00007fff7582f000 	/System/Library/PrivateFrameworks/SignpostNotification.framework/Versions/A/SignpostNotification
0x00007fff68f5e000 	/System/Library/PrivateFrameworks/DebugSymbols.framework/Versions/A/DebugSymbols
0x00007fff68964000 	/System/Library/PrivateFrameworks/CoreSymbolication.framework/Versions/A/CoreSymbolication
0x00007fff77b17000 	/System/Library/PrivateFrameworks/Symbolication.framework/Versions/A/Symbolication
0x00007fff648e7000 	/System/Library/PrivateFrameworks/AppleFSCompression.framework/Versions/A/AppleFSCompression
0x00007fff76f78000 	/System/Library/PrivateFrameworks/SpeechRecognitionCore.framework/Versions/A/SpeechRecognitionCore
0x000000010d800000 	/Applications/AnyLogic.app/Contents/jre/lib/server/libjvm.dylib
0x00007fff7c140000 	/usr/lib/libstdc++.6.0.9.dylib
0x000000010cee0000 	/Applications/AnyLogic.app/Contents/jre/lib/libverify.dylib
0x000000010ceed000 	/Applications/AnyLogic.app/Contents/jre/lib/libjava.dylib
0x000000010cf6b000 	/Applications/AnyLogic.app/Contents/jre/lib/libzip.dylib
0x000000010cf73000 	/Applications/AnyLogic.app/Contents/jre/lib/libjimage.dylib
0x000000010cfd9000 	/Applications/AnyLogic.app/Contents/jre/lib/libnio.dylib
0x000000010cfe9000 	/Applications/AnyLogic.app/Contents/jre/lib/./libnet.dylib
0x0000000128ad1000 	/Applications/AnyLogic.app/Contents/jre/lib/libawt.dylib
0x0000000128b76000 	/Applications/AnyLogic.app/Contents/jre/lib/./libmlib_image.dylib
0x00007fff5883a000 	/System/Library/Frameworks/JavaVM.framework/Versions/A/Frameworks/JavaNativeFoundation.framework/Versions/A/JavaNativeFoundation
0x00007fff58843000 	/System/Library/Frameworks/JavaVM.framework/Versions/A/Frameworks/JavaRuntimeSupport.framework/Versions/A/JavaRuntimeSupport
0x00007fff5884c000 	/System/Library/Frameworks/JavaVM.framework/Versions/A/JavaVM
0x00007fff6f1db000 	/System/Library/PrivateFrameworks/JavaLaunching.framework/Versions/A/JavaLaunching
0x00007fff53f44000 	/System/Library/Frameworks/Carbon.framework/Versions/A/Carbon
0x00007fff53f45000 	/System/Library/Frameworks/Carbon.framework/Versions/A/Frameworks/CommonPanels.framework/Versions/A/CommonPanels
0x00007fff5424f000 	/System/Library/Frameworks/Carbon.framework/Versions/A/Frameworks/Help.framework/Versions/A/Help
0x00007fff54253000 	/System/Library/Frameworks/Carbon.framework/Versions/A/Frameworks/ImageCapture.framework/Versions/A/ImageCapture
0x00007fff542ef000 	/System/Library/Frameworks/Carbon.framework/Versions/A/Frameworks/OpenScripting.framework/Versions/A/OpenScripting
0x00007fff5432a000 	/System/Library/Frameworks/Carbon.framework/Versions/A/Frameworks/Print.framework/Versions/A/Print
0x00007fff5432c000 	/System/Library/Frameworks/Carbon.framework/Versions/A/Frameworks/SecurityHI.framework/Versions/A/SecurityHI
0x0000000128be4000 	/Applications/AnyLogic.app/Contents/jre/lib/libawt_lwawt.dylib
0x0000000128ca4000 	/Applications/AnyLogic.app/Contents/jre/lib/./libosxapp.dylib
0x00007fff56ceb000 	/System/Library/Frameworks/ExceptionHandling.framework/Versions/A/ExceptionHandling
0x0000000128e2a000 	/Applications/AnyLogic.app/Contents/jre/lib/libfontmanager.dylib
0x00007fff685e4000 	/System/Library/PrivateFrameworks/CoreServicesInternal.framework/Versions/A/CoreServicesInternal
0x00007fff4d304000 	/System/Library/CoreServices/RawCamera.bundle/Contents/MacOS/RawCamera
0x00007fff700ee000 	/System/Library/PrivateFrameworks/MobileAsset.framework/Versions/A/MobileAsset
0x00007fff7741e000 	/System/Library/PrivateFrameworks/StreamingZip.framework/Versions/A/StreamingZip
0x00007fff58bcc000 	/System/Library/Frameworks/MediaToolbox.framework/Versions/A/MediaToolbox
0x00007fff67363000 	/System/Library/PrivateFrameworks/CoreAVCHD.framework/Versions/A/CoreAVCHD
0x00007fff58b22000 	/System/Library/Frameworks/MediaAccessibility.framework/Versions/A/MediaAccessibility
0x00007fff6fc3f000 	/System/Library/PrivateFrameworks/Mangrove.framework/Versions/A/Mangrove
0x00007fff55c0b000 	/System/Library/Frameworks/CoreMedia.framework/Versions/A/CoreMedia
0x00007fff611a0000 	/System/Library/Frameworks/VideoToolbox.framework/Versions/A/VideoToolbox
0x00007fff66f82000 	/System/Library/PrivateFrameworks/CoreAUC.framework/Versions/A/CoreAUC
0x00007fff7bea9000 	/usr/lib/libspindump.dylib
0x00007fff7aeca000 	/usr/lib/libdscsym.dylib
0x00007fff64baa000 	/System/Library/PrivateFrameworks/AppleVA.framework/Versions/A/AppleVA
0x00007fff511c4000 	/System/Library/Frameworks/Accelerate.framework/Versions/A/Frameworks/vImage.framework/Versions/A/Libraries/libCGInterfaces.dylib
0x00007fff533c3000 	/System/Library/Frameworks/ApplicationServices.framework/Versions/A/Frameworks/ATS.framework/Versions/A/Resources/libTrueTypeScaler.dylib
0x00007fff5ef37000 	/System/Library/Frameworks/OpenGL.framework/Versions/A/Resources/GLEngine.bundle/GLEngine
0x00007fff5e405000 	/System/Library/Frameworks/OpenGL.framework/Versions/A/Libraries/libGLProgrammability.dylib
0x000000012c4b5000 	/System/Library/Extensions/AppleIntelKBLGraphicsGLDriver.bundle/Contents/MacOS/AppleIntelKBLGraphicsGLDriver
0x00007fff6d539000 	/System/Library/PrivateFrameworks/GPUSupport.framework/Versions/A/Libraries/libGPUSupportMercury.dylib
0x00007fff5f0cf000 	/System/Library/Frameworks/OpenGL.framework/Versions/A/Resources/GLRendererFloat.bundle/GLRendererFloat
0x00007fff5d1a9000 	/System/Library/Frameworks/OpenCL.framework/Versions/A/Libraries/libcldcpuengine.dylib
0x00007fff7aabb000 	/usr/lib/libcrypto.35.dylib
0x00007fff78402000 	/System/Library/PrivateFrameworks/TrustEvaluationAgent.framework/Versions/A/TrustEvaluationAgent
0x00007fff4ec1b000 	/System/Library/Extensions/AppleIntelKBLGraphicsMTLDriver.bundle/Contents/MacOS/AppleIntelKBLGraphicsMTLDriver
0x00007fff6bed9000 	/System/Library/PrivateFrameworks/GPUCompiler.framework/Versions/3802/Libraries/libmetal_timestamp.dylib
0x0000000128a92000 	/Applications/AnyLogic.app/Contents/jre/lib/libosxui.dylib
0x00007fff79281000 	/System/Library/PrivateFrameworks/ViewBridge.framework/Versions/A/ViewBridge
0x000000012a9f7000 	/Applications/AnyLogic.app/Contents/Resources/Java/plugins/org.j3d.opengl.swt.carbon.osx_0.7.0/libgluegen-rt.jnilib
0x000000012f4d0000 	/Applications/AnyLogic.app/Contents/Resources/Java/plugins/org.j3d.opengl.swt.carbon.osx_0.7.0/libnativewindow_awt.jnilib
0x000000012f4d3000 	/Applications/AnyLogic.app/Contents/jre/lib/libjawt.dylib
0x000000012fa64000 	/Applications/AnyLogic.app/Contents/Resources/Java/plugins/org.j3d.opengl.swt.carbon.osx_0.7.0/libnativewindow_macosx.jnilib
0x000000015bfec000 	/Applications/AnyLogic.app/Contents/Resources/Java/plugins/org.j3d.opengl.swt.carbon.osx_0.7.0/libjogl_desktop.jnilib

VM Arguments:
jvm_args: -Xmx512m -Dnativewindow.awt.nohidpi=true -DlanguageId_xjal=en0p0goz -DFlowchartCountersVisible_xjal=true -DTileCachePath_xjal=/Applications/AnyLogic.app/Contents/Resources/Java/plugins/com.anylogic.gis_8.2.3.201712291404/tiles -DFlowchartPortStateAnimated_xjal=true -DuseProxy_xjal=false -Djava.library.path=/Applications/AnyLogic.app/Contents/Resources/Java/plugins/org.j3d.opengl.swt.carbon.osx_0.7.0:/Applications/AnyLogic.app/Contents/Resources/Java/plugins/org.j3d.opengl.swt.carbon.osx_0.7.0 -Dfile.encoding=UTF-8 
java_command: com.anylogic.ms.MS project1.Simulation 1836102
java_class_path (initial): /Users/crazylurtmain/.AnyLogicPLE/Workspace8/Project1_BUILD/classes:/Applications/AnyLogic.app/Contents/Resources/Java/plugins/com.anylogic.engine_8.2.3.201712291404/com.anylogic.engine.jar:/Applications/AnyLogic.app/Contents/Resources/Java/plugins/com.anylogic.engine_8.2.3.201712291404/com.anylogic.engine.al3d.jar:/Applications/AnyLogic.app/Contents/Resources/Java/plugins/com.anylogic.engine_8.2.3.201712291404/com.anylogic.engine.resources.jar:/Applications/AnyLogic.app/Contents/Resources/Java/plugins/com.anylogic.engine_8.2.3.201712291404/com.anylogic.engine.nl.jar:/Applications/AnyLogic.app/Contents/Resources/Java/plugins/com.anylogic.optimizer_8.2.3.201712291404/lib/OptQuest.jar:/Applications/AnyLogic.app/Contents/Resources/Java/plugins/com.anylogic.third_party_libraries_8.2.3.201712291404/lib/database/hsqldb.jar:/Applications/AnyLogic.app/Contents/Resources/Java/plugins/com.anylogic.third_party_libraries_8.2.3.201712291404/lib/database/querydsl/querydsl-core-3.6.3.jar:/Applications/AnyLogic.app/Contents/Resources/Java/plugins/com.anylogic.third_party_libraries_8.2.3.201712291404/lib/database/querydsl/querydsl-sql-codegen-3.6.3.jar:/Applications/AnyLogic.app/Contents/Resources/Java/plugins/com.anylogic.third_party_libraries_8.2.3.201712291404/lib/database/querydsl/querydsl-sql-3.6.3.jar:/Applications/AnyLogic.app/Contents/Resources/Java/plugins/com.anylogic.core_8.2.3.201712291404/com.anylogic.ms.jar:/Applications/AnyLogic.app/Contents/Resources/Java/plugins/com.anylogic.process_modeling_library_8.2.3.201712291404/lib/ProcessModelingLibrary.jar:/Applications/AnyLogic.app/Contents/Resources/Java/plugins/com.anylogic.pedestrian_library_8.2.3.201712291404/lib/PedestrianLibrary.jar:/Applications/AnyLogic.app/Contents/Resources/Java/plugins/com.anylogic.rail_library_8.2.3.201712291404/lib/RailLibrary.jar:/Applications/AnyLogic.app/Contents/Resources/Java/plugins/com.anylogic.graphics3d_8.2.3.201712291404/lib/javax.vecmath_1.5.0.jar:/Appli
Launcher Type: SUN_STANDARD

Logging:
Log output configuration:
#0: stdout all=warning uptime,level,tags
#1: stderr all=off uptime,level,tags

Environment Variables:
PATH=/usr/bin:/bin:/usr/sbin:/sbin
SHELL=/bin/bash

Signal Handlers:
SIGSEGV: [libjvm.dylib+0x73e2dc], sa_mask[0]=11111111011111110111111111111111, sa_flags=SA_ONSTACK|SA_RESTART|SA_SIGINFO
SIGBUS: [libjvm.dylib+0x73e2dc], sa_mask[0]=11111111011111110111111111111111, sa_flags=SA_RESTART|SA_SIGINFO
SIGFPE: [libjvm.dylib+0x73e2dc], sa_mask[0]=11111111011111110111111111111111, sa_flags=SA_RESTART|SA_SIGINFO
SIGPIPE: [libjvm.dylib+0x5f15ac], sa_mask[0]=11111111011111110111111111111111, sa_flags=SA_RESTART|SA_SIGINFO
SIGXFSZ: [libjvm.dylib+0x5f15ac], sa_mask[0]=11111111011111110111111111111111, sa_flags=SA_RESTART|SA_SIGINFO
SIGILL: [libjvm.dylib+0x73e2dc], sa_mask[0]=11111111011111110111111111111111, sa_flags=SA_RESTART|SA_SIGINFO
SIGUSR2: [libjvm.dylib+0x5f1e3c], sa_mask[0]=00100000000000000000000000000000, sa_flags=SA_RESTART|SA_SIGINFO
SIGHUP: [libjvm.dylib+0x5f0679], sa_mask[0]=11111111011111110111111111111111, sa_flags=SA_RESTART|SA_SIGINFO
SIGINT: [libjvm.dylib+0x5f0679], sa_mask[0]=11111111011111110111111111111111, sa_flags=SA_RESTART|SA_SIGINFO
SIGTERM: [libjvm.dylib+0x5f0679], sa_mask[0]=11111111011111110111111111111111, sa_flags=SA_RESTART|SA_SIGINFO
SIGQUIT: [libjvm.dylib+0x5f0679], sa_mask[0]=11111111011111110111111111111111, sa_flags=SA_RESTART|SA_SIGINFO


---------------  S Y S T E M  ---------------

OS:uname:Darwin 17.4.0 Darwin Kernel Version 17.4.0: Sun Dec 17 09:19:54 PST 2017; root:xnu-4570.41.2~1/RELEASE_X86_64 x86_64
rlimit: STACK 8192k, CORE 0k, NPROC 1418, NOFILE 10240, AS infinity
load average:2.37 2.33 2.07

CPU:total 4 (initial active 4) (2 cores per cpu, 2 threads per core) family 6 model 142 stepping 9, cmov, cx8, fxsr, mmx, sse, sse2, sse3, ssse3, sse4.1, sse4.2, popcnt, avx, avx2, aes, clmul, erms, rtm, 3dnowpref, lzcnt, ht, tsc, tscinvbit, bmi1, bmi2, adx, fma

Memory: 4k page, physical 16777216k(2091112k free)

vm_info: Java HotSpot(TM) 64-Bit Server VM (9.0.1+11) for bsd-amd64 JRE (9.0.1+11), built on Sep 28 2017 03:49:57 by "mach5one" with gcc 4.2.1 Compatible Apple LLVM 6.1.0 (clang-602.0.49)

END.
